2025-12-27 19:19:14,309 - controllers.daq_keithley_controller - INFO - NI-DAQ tasks initialized successfully
2025-12-27 19:19:14,330 - controllers.daq_keithley_controller - ERROR - Error initializing Keithley: VI_ERROR_RSRC_NFOUND (-1073807343): Insufficient location information or the requested device or resource is not present in the system.
2025-12-27 19:19:14,348 - controllers.device_controller - INFO - DAQ: Connected to Dev1
2025-12-27 19:19:14,441 - controllers.device_controller - ERROR - Keithley: Device USB0::0x05E6::0x6500::04645387::INSTR not found. Available devices: (ASRL3::INSTR, ASRL5::INSTR, ASRL6::INSTR, ASRL7::INSTR, ASRL8::INSTR, ASRL10::INSTR, ASRL12::INSTR, ASRL13::INSTR, ASRL14::INSTR, ASRL15::INSTR, ASRL16::INSTR)
2025-12-27 19:19:14,445 - controllers.device_controller - INFO - DAQ analog input initialized
2025-12-27 19:19:14,448 - controllers.device_controller - INFO - DAQ analog output initialized
2025-12-27 19:19:14,448 - controllers.device_controller - ERROR - Keithley not available - cannot initialize
2025-12-27 19:19:14,596 - gui.flash_sinter_gui - INFO - Apply Parameters and Change Condition buttons disabled
2025-12-27 19:19:19,782 - gui.flash_sinter_gui - ERROR - Could not open COM port: could not open port 'COM12': OSError(22, 'The semaphore timeout period has expired.', None, 121)
2025-12-27 19:19:19,782 - controllers.device_controller - INFO - Set voltage limit to 12.0V, current limit to 160.0mA (not applied yet)
2025-12-27 19:19:19,782 - gui.flash_sinter_gui - INFO - Initial parameters set: 0.4, 1.6, 1.0, 30.0, 100.0, Hold Time: 60.0s
2025-12-27 19:19:19,782 - gui.flash_sinter_gui - INFO - Initial voltage: 12.00V, current: 160.00mA
2025-12-27 19:19:28,346 - gui.flash_sinter_gui - INFO - Selected file for saving: C:/Users/user/Desktop/working code - Copy/data/experiment_data_20251227_191926.txt
2025-12-27 19:19:29,949 - gui.flash_sinter_gui - INFO - Apply Parameters and Change Condition buttons enabled
2025-12-27 19:19:29,950 - gui.flash_sinter_gui - INFO - Neumorphic start button activated
2025-12-27 19:19:29,950 - gui.flash_sinter_gui - INFO - Data will be saved to: C:/Users/user/Desktop/working code - Copy/data/experiment_data_20251227_191926.txt
2025-12-27 19:19:29,951 - controllers.device_controller - INFO - Set voltage limit to 12.0V, current limit to 160.0mA (not applied yet)
2025-12-27 19:19:29,951 - gui.flash_sinter_gui - INFO - Updated parameters: 0.4, 1.6, 1.0, 30.0, 100.0, Hold Time: 60.0s
2025-12-27 19:19:29,952 - gui.flash_sinter_gui - INFO - Calculated voltage: 12.00V, current: 160.00mA
2025-12-27 19:19:35,527 - controllers.device_controller - INFO - DAQ: Connected to Dev1
2025-12-27 19:19:35,613 - controllers.device_controller - ERROR - Keithley: Device USB0::0x05E6::0x6500::04645387::INSTR not found. Available devices: (ASRL3::INSTR, ASRL5::INSTR, ASRL6::INSTR, ASRL7::INSTR, ASRL8::INSTR, ASRL10::INSTR, ASRL12::INSTR, ASRL13::INSTR, ASRL14::INSTR, ASRL15::INSTR, ASRL16::INSTR)
2025-12-27 19:19:42,122 - gui.flash_sinter_gui - ERROR - Device connection error prevented start: Keithley not connected: Device USB0::0x05E6::0x6500::04645387::INSTR not found. Available devices: (ASRL3::INSTR, ASRL5::INSTR, ASRL6::INSTR, ASRL7::INSTR, ASRL8::INSTR, ASRL10::INSTR, ASRL12::INSTR, ASRL13::INSTR, ASRL14::INSTR, ASRL15::INSTR, ASRL16::INSTR)
2025-12-27 19:19:45,153 - controllers.device_controller - INFO - Stopping process
2025-12-27 19:19:45,155 - controllers.daq_keithley_controller - DEBUG - Set DAQ outputs - V: 0.00V->(0.000V), I: 0.00mA->(0.000V)
2025-12-27 19:19:45,156 - controllers.daq_keithley_controller - DEBUG - MATLAB equivalent would be: V->(0.000V), I->(0.000V)
2025-12-27 19:19:45,156 - controllers.device_controller - DEBUG - Set DAQ outputs - V: 0.00V, I: 0.00mA
2025-12-27 19:19:45,158 - controllers.device_controller - INFO - Device connections closed
2025-12-27 19:19:45,212 - gui.flash_sinter_gui - INFO - Application closed and resources cleaned up
