2025-06-27 17:44:57,677 - gui.flash_sinter_gui - INFO - Apply Parameters and Change Condition buttons disabled
2025-06-27 17:44:59,679 - gui.flash_sinter_gui - INFO - Serial connection established with Arduino on COM11
2025-06-27 17:44:59,681 - gui.flash_sinter_gui - INFO - Initial parameters set: 0.4, 1.6, 1.0, 30.0, 100.0, Hold Time: 60.0s
2025-06-27 17:44:59,681 - gui.flash_sinter_gui - INFO - Initial voltage: 12.00V, current: 160.00mA
2025-06-27 17:45:06,902 - gui.flash_sinter_gui - INFO - Camera properties: FPS=30.00003000003, Resolution=640x480
2025-06-27 17:45:07,014 - gui.flash_sinter_gui - INFO - Camera initialized successfully with FPS: 30.00003000003, Resolution: 640.0x480.0
2025-06-27 17:45:07,015 - gui.flash_sinter_gui - INFO - Camera loaded successfully - button changed to red
2025-06-27 17:45:56,217 - gui.flash_sinter_gui - INFO - Selected file for saving: C:/Users/user/Desktop/Rohith/40_YSZ_NiOH_IST_100mAmm2_200VCM_1.txt
2025-06-27 17:45:57,728 - gui.flash_sinter_gui - INFO - Apply Parameters and Change Condition buttons enabled
2025-06-27 17:45:57,728 - gui.flash_sinter_gui - INFO - Neumorphic start button activated
2025-06-27 17:45:57,728 - gui.flash_sinter_gui - INFO - Data will be saved to: C:/Users/user/Desktop/Rohith/40_YSZ_NiOH_IST_100mAmm2_200VCM_1.txt
2025-06-27 17:45:57,728 - gui.flash_sinter_gui - INFO - Updated parameters: 0.4, 1.6, 1.0, 30.0, 100.0, Hold Time: 60.0s
2025-06-27 17:45:57,728 - gui.flash_sinter_gui - INFO - Calculated voltage: 12.00V, current: 160.00mA
2025-06-27 17:46:18,078 - gui.flash_sinter_gui - INFO - Updated parameters: 1.5, 3.5, 1.6, 200.0, 100.0, Hold Time: 60.0s
2025-06-27 17:46:18,079 - gui.flash_sinter_gui - INFO - Calculated voltage: 300.00V, current: 560.00mA
2025-06-27 18:58:01,563 - gui.flash_sinter_gui - INFO - Started recording video to C:/Users/user/Desktop/Rohith/40_YSZ_NiOH_IST_sample1.avi
2025-06-27 19:09:09,363 - gui.flash_sinter_gui - INFO - Started process with V=300.0V, I=560.0mA
2025-06-27 19:09:09,364 - gui.flash_sinter_gui - INFO - Started saving data to C:/Users/user/Desktop/Rohith/40_YSZ_NiOH_IST_100mAmm2_200VCM_1.txt
2025-06-27 19:09:10,326 - gui.flash_sinter_gui - INFO - Added initial origin point (0,0) for clean graph start
2025-06-27 19:09:10,327 - gui.flash_sinter_gui - INFO - Power supply in CV Mode
2025-06-27 19:09:10,417 - gui.flash_sinter_gui - INFO - Power supply in CV Mode
2025-06-27 19:09:11,391 - gui.flash_sinter_gui - INFO - Power supply in CV Mode
2025-06-27 19:09:11,481 - gui.flash_sinter_gui - INFO - Power supply in CV Mode
2025-06-27 19:09:11,601 - gui.flash_sinter_gui - INFO - Power supply in CV Mode
2025-06-27 19:09:11,712 - gui.flash_sinter_gui - INFO - Power supply in CV Mode
2025-06-27 19:09:11,842 - gui.flash_sinter_gui - INFO - Power supply in CV Mode
2025-06-27 19:09:11,932 - gui.flash_sinter_gui - INFO - Power supply in CV Mode
2025-06-27 19:09:12,033 - gui.flash_sinter_gui - INFO - Power supply in CV Mode
2025-06-27 19:09:12,124 - gui.flash_sinter_gui - INFO - Power supply in CV Mode
2025-06-27 19:09:12,221 - gui.flash_sinter_gui - INFO - Power supply in CV Mode
2025-06-27 19:09:12,331 - gui.flash_sinter_gui - INFO - Power supply in CV Mode
2025-06-27 19:09:12,433 - gui.flash_sinter_gui - INFO - Power supply in CV Mode
2025-06-27 19:09:12,523 - gui.flash_sinter_gui - INFO - Power supply in CV Mode
2025-06-27 19:09:12,623 - gui.flash_sinter_gui - INFO - Power supply in CV Mode
2025-06-27 19:09:12,714 - gui.flash_sinter_gui - INFO - Power supply in CV Mode
2025-06-27 19:09:12,837 - gui.flash_sinter_gui - INFO - Power supply in CV Mode
2025-06-27 19:09:12,928 - gui.flash_sinter_gui - INFO - Power supply in CV Mode
2025-06-27 19:09:13,024 - gui.flash_sinter_gui - INFO - Power supply in CV Mode
2025-06-27 19:09:13,112 - gui.flash_sinter_gui - INFO - Power supply in CV Mode
2025-06-27 19:09:13,212 - gui.flash_sinter_gui - INFO - Power supply in CV Mode
2025-06-27 19:09:13,325 - gui.flash_sinter_gui - INFO - Power supply in CV Mode
2025-06-27 19:09:13,429 - gui.flash_sinter_gui - INFO - Power supply in CV Mode
2025-06-27 19:09:13,516 - gui.flash_sinter_gui - INFO - Power supply in CV Mode
2025-06-27 19:09:13,615 - gui.flash_sinter_gui - INFO - Power supply in CV Mode
2025-06-27 19:09:13,707 - gui.flash_sinter_gui - INFO - Power supply in CV Mode
2025-06-27 19:09:13,828 - gui.flash_sinter_gui - INFO - Power supply in CV Mode
2025-06-27 19:09:13,919 - gui.flash_sinter_gui - INFO - Power supply in CV Mode
2025-06-27 19:09:14,025 - gui.flash_sinter_gui - INFO - Power supply in CV Mode
2025-06-27 19:09:14,117 - gui.flash_sinter_gui - INFO - Power supply in CV Mode
2025-06-27 19:09:14,214 - gui.flash_sinter_gui - INFO - Power supply in CV Mode
2025-06-27 19:09:14,328 - gui.flash_sinter_gui - INFO - Power supply in CV Mode
2025-06-27 19:09:14,430 - gui.flash_sinter_gui - INFO - Power supply in CV Mode
2025-06-27 19:09:14,521 - gui.flash_sinter_gui - INFO - Power supply in CV Mode
2025-06-27 19:09:14,625 - gui.flash_sinter_gui - INFO - Power supply in CV Mode
2025-06-27 19:09:14,716 - gui.flash_sinter_gui - INFO - Power supply in CV Mode
2025-06-27 19:09:14,837 - gui.flash_sinter_gui - INFO - Power supply in CV Mode
2025-06-27 19:09:14,926 - gui.flash_sinter_gui - INFO - Power supply in CV Mode
2025-06-27 19:09:15,034 - gui.flash_sinter_gui - INFO - Power supply in CV Mode
2025-06-27 19:09:15,132 - gui.flash_sinter_gui - INFO - Power supply in CV Mode
2025-06-27 19:09:15,232 - gui.flash_sinter_gui - INFO - Power supply in CV Mode
2025-06-27 19:09:15,347 - gui.flash_sinter_gui - INFO - Power supply in CV Mode
2025-06-27 19:09:15,444 - gui.flash_sinter_gui - INFO - Power supply in CV Mode
2025-06-27 19:09:15,537 - gui.flash_sinter_gui - INFO - Power supply in CV Mode
2025-06-27 19:09:15,643 - gui.flash_sinter_gui - INFO - Power supply in CV Mode
2025-06-27 19:09:15,736 - gui.flash_sinter_gui - INFO - Power supply in CV Mode
2025-06-27 19:09:15,854 - gui.flash_sinter_gui - INFO - Power supply in CV Mode
2025-06-27 19:09:15,944 - gui.flash_sinter_gui - INFO - Power supply in CV Mode
2025-06-27 19:09:16,044 - gui.flash_sinter_gui - INFO - Power supply in CV Mode
2025-06-27 19:09:16,134 - gui.flash_sinter_gui - INFO - Power supply in CV Mode
2025-06-27 19:09:16,233 - gui.flash_sinter_gui - INFO - Power supply in CV Mode
2025-06-27 19:09:16,360 - gui.flash_sinter_gui - INFO - Power supply in CV Mode
2025-06-27 19:09:16,459 - gui.flash_sinter_gui - INFO - Power supply in CV Mode
2025-06-27 19:09:16,552 - gui.flash_sinter_gui - INFO - Power supply in CV Mode
2025-06-27 19:09:16,648 - gui.flash_sinter_gui - INFO - Power supply in CV Mode
2025-06-27 19:09:16,753 - gui.flash_sinter_gui - INFO - Power supply in CV Mode
2025-06-27 19:09:16,874 - gui.flash_sinter_gui - INFO - Power supply in CV Mode
2025-06-27 19:09:16,965 - gui.flash_sinter_gui - INFO - Power supply in CV Mode
2025-06-27 19:09:17,079 - gui.flash_sinter_gui - INFO - Power supply in CV Mode
2025-06-27 19:09:17,168 - gui.flash_sinter_gui - INFO - Power supply in CV Mode
2025-06-27 19:09:17,262 - gui.flash_sinter_gui - INFO - Power supply in CV Mode
2025-06-27 19:09:17,377 - gui.flash_sinter_gui - INFO - Power supply in CV Mode
2025-06-27 19:09:17,475 - gui.flash_sinter_gui - INFO - Power supply in CV Mode
2025-06-27 19:09:17,565 - gui.flash_sinter_gui - INFO - Power supply in CV Mode
2025-06-27 19:09:17,659 - gui.flash_sinter_gui - INFO - Power supply in CV Mode
2025-06-27 19:09:17,752 - gui.flash_sinter_gui - INFO - Power supply in CV Mode
2025-06-27 19:09:17,872 - gui.flash_sinter_gui - INFO - Power supply in CV Mode
2025-06-27 19:09:17,978 - gui.flash_sinter_gui - INFO - Power supply in CV Mode
2025-06-27 19:09:18,082 - gui.flash_sinter_gui - INFO - Power supply in CV Mode
2025-06-27 19:09:18,173 - gui.flash_sinter_gui - INFO - Power supply in CV Mode
2025-06-27 19:09:18,273 - gui.flash_sinter_gui - INFO - Power supply in CV Mode
2025-06-27 19:09:18,387 - gui.flash_sinter_gui - INFO - Power supply in CV Mode
2025-06-27 19:09:18,493 - gui.flash_sinter_gui - INFO - Power supply in CV Mode
2025-06-27 19:09:18,586 - gui.flash_sinter_gui - INFO - Power supply in CV Mode
2025-06-27 19:09:18,689 - gui.flash_sinter_gui - INFO - Power supply in CV Mode
2025-06-27 19:09:18,778 - gui.flash_sinter_gui - INFO - Power supply in CV Mode
2025-06-27 19:09:18,905 - gui.flash_sinter_gui - INFO - Power supply in CV Mode
2025-06-27 19:09:18,997 - gui.flash_sinter_gui - INFO - Power supply in CV Mode
2025-06-27 19:09:19,099 - gui.flash_sinter_gui - INFO - Power supply in CV Mode
2025-06-27 19:09:19,192 - gui.flash_sinter_gui - INFO - Power supply in CV Mode
2025-06-27 19:09:19,291 - gui.flash_sinter_gui - INFO - Power supply in CV Mode
2025-06-27 19:09:19,407 - gui.flash_sinter_gui - INFO - Power supply in CV Mode
2025-06-27 19:09:19,504 - gui.flash_sinter_gui - INFO - Power supply in CV Mode
2025-06-27 19:09:19,595 - gui.flash_sinter_gui - INFO - Power supply in CV Mode
2025-06-27 19:09:19,707 - gui.flash_sinter_gui - INFO - Power supply in CV Mode
2025-06-27 19:09:19,794 - gui.flash_sinter_gui - INFO - Power supply in CV Mode
2025-06-27 19:09:19,922 - gui.flash_sinter_gui - INFO - Power supply in CV Mode
2025-06-27 19:09:20,025 - gui.flash_sinter_gui - INFO - Power supply in CV Mode
2025-06-27 19:09:20,134 - gui.flash_sinter_gui - INFO - Power supply in CV Mode
2025-06-27 19:09:20,225 - gui.flash_sinter_gui - INFO - Power supply in CV Mode
2025-06-27 19:09:20,323 - gui.flash_sinter_gui - INFO - Power supply in CV Mode
2025-06-27 19:09:20,436 - gui.flash_sinter_gui - INFO - Power supply in CV Mode
2025-06-27 19:09:20,534 - gui.flash_sinter_gui - INFO - Power supply in CV Mode
2025-06-27 19:09:20,626 - gui.flash_sinter_gui - INFO - Power supply in CV Mode
2025-06-27 19:09:20,723 - gui.flash_sinter_gui - INFO - Power supply in CV Mode
2025-06-27 19:09:20,816 - gui.flash_sinter_gui - INFO - Power supply in CV Mode
2025-06-27 19:09:20,936 - gui.flash_sinter_gui - INFO - Power supply in CV Mode
2025-06-27 19:09:21,026 - gui.flash_sinter_gui - INFO - Power supply in CV Mode
2025-06-27 19:09:21,126 - gui.flash_sinter_gui - INFO - Power supply in CV Mode
2025-06-27 19:09:21,217 - gui.flash_sinter_gui - INFO - Power supply in CV Mode
2025-06-27 19:09:21,315 - gui.flash_sinter_gui - INFO - Power supply in CV Mode
2025-06-27 19:09:21,431 - gui.flash_sinter_gui - INFO - Power supply in CV Mode
2025-06-27 19:09:21,540 - gui.flash_sinter_gui - INFO - Power supply in CV Mode
2025-06-27 19:09:21,649 - gui.flash_sinter_gui - INFO - Power supply in CV Mode
2025-06-27 19:09:21,743 - gui.flash_sinter_gui - INFO - Power supply in CV Mode
2025-06-27 19:09:21,844 - gui.flash_sinter_gui - INFO - Power supply in CV Mode
2025-06-27 19:09:21,977 - gui.flash_sinter_gui - INFO - Power supply in CV Mode
2025-06-27 19:09:22,080 - gui.flash_sinter_gui - INFO - Power supply in CV Mode
2025-06-27 19:09:22,179 - gui.flash_sinter_gui - INFO - Power supply in CV Mode
2025-06-27 19:09:22,272 - gui.flash_sinter_gui - INFO - Power supply in CV Mode
2025-06-27 19:09:22,383 - gui.flash_sinter_gui - INFO - Power supply in CV Mode
2025-06-27 19:09:22,497 - gui.flash_sinter_gui - INFO - Power supply in CV Mode
2025-06-27 19:09:22,599 - gui.flash_sinter_gui - INFO - Power supply in CV Mode
2025-06-27 19:09:22,693 - gui.flash_sinter_gui - INFO - Power supply in CV Mode
2025-06-27 19:09:22,810 - gui.flash_sinter_gui - INFO - Power supply in CV Mode
2025-06-27 19:09:22,901 - gui.flash_sinter_gui - INFO - Power supply in CV Mode
2025-06-27 19:09:23,035 - gui.flash_sinter_gui - INFO - Power supply in CV Mode
2025-06-27 19:09:23,127 - gui.flash_sinter_gui - INFO - Power supply in CV Mode
2025-06-27 19:09:23,224 - gui.flash_sinter_gui - INFO - Power supply in CV Mode
2025-06-27 19:09:23,316 - gui.flash_sinter_gui - INFO - Power supply in CV Mode
2025-06-27 19:09:23,414 - gui.flash_sinter_gui - INFO - Power supply in CV Mode
2025-06-27 19:09:23,527 - gui.flash_sinter_gui - INFO - Power supply in CV Mode
2025-06-27 19:09:23,635 - gui.flash_sinter_gui - INFO - Power supply in CV Mode
2025-06-27 19:09:23,724 - gui.flash_sinter_gui - INFO - Power supply in CV Mode
2025-06-27 19:09:23,822 - gui.flash_sinter_gui - INFO - Power supply in CV Mode
2025-06-27 19:09:23,913 - gui.flash_sinter_gui - INFO - Power supply in CV Mode
2025-06-27 19:09:24,030 - gui.flash_sinter_gui - INFO - Power supply in CV Mode
2025-06-27 19:09:24,118 - gui.flash_sinter_gui - INFO - Power supply in CV Mode
2025-06-27 19:09:24,218 - gui.flash_sinter_gui - INFO - Power supply in CV Mode
2025-06-27 19:09:24,308 - gui.flash_sinter_gui - INFO - Power supply in CV Mode
2025-06-27 19:09:24,411 - gui.flash_sinter_gui - INFO - Power supply in CV Mode
2025-06-27 19:09:24,520 - gui.flash_sinter_gui - INFO - Power supply in CV Mode
2025-06-27 19:09:24,632 - gui.flash_sinter_gui - INFO - Power supply in CV Mode
2025-06-27 19:09:24,737 - gui.flash_sinter_gui - INFO - Power supply in CV Mode
2025-06-27 19:09:24,831 - gui.flash_sinter_gui - INFO - Power supply in CV Mode
2025-06-27 19:09:24,924 - gui.flash_sinter_gui - INFO - Power supply in CV Mode
2025-06-27 19:09:25,045 - gui.flash_sinter_gui - INFO - Power supply in CV Mode
2025-06-27 19:09:25,136 - gui.flash_sinter_gui - INFO - Power supply in CV Mode
2025-06-27 19:09:25,233 - gui.flash_sinter_gui - INFO - Power supply in CV Mode
2025-06-27 19:09:25,323 - gui.flash_sinter_gui - INFO - Power supply in CV Mode
2025-06-27 19:09:25,421 - gui.flash_sinter_gui - INFO - Power supply in CV Mode
2025-06-27 19:09:25,544 - gui.flash_sinter_gui - INFO - Power supply in CV Mode
2025-06-27 19:09:25,645 - gui.flash_sinter_gui - INFO - Power supply in CV Mode
2025-06-27 19:09:25,733 - gui.flash_sinter_gui - INFO - Power supply in CV Mode
2025-06-27 19:09:25,831 - gui.flash_sinter_gui - INFO - Power supply in CV Mode
2025-06-27 19:09:25,926 - gui.flash_sinter_gui - INFO - Power supply in CV Mode
2025-06-27 19:09:26,043 - gui.flash_sinter_gui - INFO - Power supply in CV Mode
2025-06-27 19:09:26,131 - gui.flash_sinter_gui - INFO - Power supply in CV Mode
2025-06-27 19:09:26,241 - gui.flash_sinter_gui - INFO - Power supply in CV Mode
2025-06-27 19:09:26,332 - gui.flash_sinter_gui - INFO - Power supply in CV Mode
2025-06-27 19:09:26,434 - gui.flash_sinter_gui - INFO - Power supply in CV Mode
2025-06-27 19:09:26,546 - gui.flash_sinter_gui - INFO - Power supply in CV Mode
2025-06-27 19:09:26,645 - gui.flash_sinter_gui - INFO - Power supply in CV Mode
2025-06-27 19:09:26,735 - gui.flash_sinter_gui - INFO - Power supply in CV Mode
2025-06-27 19:09:26,838 - gui.flash_sinter_gui - INFO - Power supply in CV Mode
2025-06-27 19:09:26,927 - gui.flash_sinter_gui - INFO - Power supply in CV Mode
2025-06-27 19:09:27,047 - gui.flash_sinter_gui - INFO - Power supply in CV Mode
2025-06-27 19:09:27,135 - gui.flash_sinter_gui - INFO - Power supply in CV Mode
2025-06-27 19:09:27,235 - gui.flash_sinter_gui - INFO - Power supply in CV Mode
2025-06-27 19:09:27,338 - gui.flash_sinter_gui - INFO - Power supply in CV Mode
2025-06-27 19:09:27,435 - gui.flash_sinter_gui - INFO - Power supply in CV Mode
2025-06-27 19:09:27,561 - gui.flash_sinter_gui - INFO - Power supply in CV Mode
2025-06-27 19:09:27,672 - gui.flash_sinter_gui - INFO - Power supply in CV Mode
2025-06-27 19:09:27,763 - gui.flash_sinter_gui - INFO - Power supply in CV Mode
2025-06-27 19:09:27,878 - gui.flash_sinter_gui - INFO - Power supply in CV Mode
2025-06-27 19:09:27,982 - gui.flash_sinter_gui - INFO - Power supply in CV Mode
2025-06-27 19:09:28,102 - gui.flash_sinter_gui - INFO - Power supply in CV Mode
2025-06-27 19:09:28,188 - gui.flash_sinter_gui - INFO - Power supply in CV Mode
2025-06-27 19:09:28,287 - gui.flash_sinter_gui - INFO - Power supply in CV Mode
2025-06-27 19:09:28,376 - gui.flash_sinter_gui - INFO - Power supply in CV Mode
2025-06-27 19:09:28,474 - gui.flash_sinter_gui - INFO - Power supply in CV Mode
2025-06-27 19:09:28,599 - gui.flash_sinter_gui - INFO - Power supply in CV Mode
2025-06-27 19:09:28,707 - gui.flash_sinter_gui - INFO - Power supply in CV Mode
2025-06-27 19:09:28,811 - gui.flash_sinter_gui - INFO - Power supply in CV Mode
2025-06-27 19:09:28,908 - gui.flash_sinter_gui - INFO - Power supply in CV Mode
2025-06-27 19:09:28,998 - gui.flash_sinter_gui - INFO - Power supply in CV Mode
2025-06-27 19:09:29,132 - gui.flash_sinter_gui - INFO - Power supply in CV Mode
2025-06-27 19:09:29,220 - gui.flash_sinter_gui - INFO - Power supply in CV Mode
2025-06-27 19:09:29,318 - gui.flash_sinter_gui - INFO - Power supply in CV Mode
2025-06-27 19:09:29,404 - gui.flash_sinter_gui - INFO - Power supply in CV Mode
2025-06-27 19:09:29,514 - gui.flash_sinter_gui - INFO - Power supply in CV Mode
2025-06-27 19:09:29,625 - gui.flash_sinter_gui - INFO - Power supply in CV Mode
2025-06-27 19:09:29,723 - gui.flash_sinter_gui - INFO - Power supply in CV Mode
2025-06-27 19:09:29,826 - gui.flash_sinter_gui - INFO - Power supply in CV Mode
2025-06-27 19:09:29,926 - gui.flash_sinter_gui - INFO - Power supply in CV Mode
2025-06-27 19:09:30,017 - gui.flash_sinter_gui - INFO - Power supply in CV Mode
2025-06-27 19:09:30,137 - gui.flash_sinter_gui - INFO - Power supply in CV Mode
2025-06-27 19:09:30,223 - gui.flash_sinter_gui - INFO - Power supply in CV Mode
2025-06-27 19:09:30,333 - gui.flash_sinter_gui - INFO - Power supply in CV Mode
2025-06-27 19:09:30,421 - gui.flash_sinter_gui - INFO - Power supply in CV Mode
2025-06-27 19:09:30,518 - gui.flash_sinter_gui - INFO - Power supply in CV Mode
2025-06-27 19:09:30,628 - gui.flash_sinter_gui - INFO - Power supply in CV Mode
2025-06-27 19:09:30,729 - gui.flash_sinter_gui - INFO - Power supply in CV Mode
2025-06-27 19:09:30,817 - gui.flash_sinter_gui - INFO - Power supply in CV Mode
2025-06-27 19:09:30,928 - gui.flash_sinter_gui - INFO - Power supply in CV Mode
2025-06-27 19:09:31,018 - gui.flash_sinter_gui - INFO - Power supply in CV Mode
2025-06-27 19:09:31,141 - gui.flash_sinter_gui - INFO - Power supply in CV Mode
2025-06-27 19:09:31,229 - gui.flash_sinter_gui - INFO - Power supply in CV Mode
2025-06-27 19:09:31,328 - gui.flash_sinter_gui - INFO - Power supply in CV Mode
2025-06-27 19:09:31,422 - gui.flash_sinter_gui - INFO - Power supply in CV Mode
2025-06-27 19:09:31,524 - gui.flash_sinter_gui - INFO - Power supply in CV Mode
2025-06-27 19:09:31,635 - gui.flash_sinter_gui - INFO - Power supply in CV Mode
2025-06-27 19:09:31,734 - gui.flash_sinter_gui - INFO - Power supply in CV Mode
2025-06-27 19:09:31,824 - gui.flash_sinter_gui - INFO - Power supply in CV Mode
2025-06-27 19:09:31,934 - gui.flash_sinter_gui - INFO - Power supply in CV Mode
2025-06-27 19:09:32,024 - gui.flash_sinter_gui - INFO - Power supply in CV Mode
2025-06-27 19:09:32,147 - gui.flash_sinter_gui - INFO - Power supply in CV Mode
2025-06-27 19:09:32,238 - gui.flash_sinter_gui - INFO - Power supply in CV Mode
2025-06-27 19:09:32,330 - gui.flash_sinter_gui - INFO - Power supply in CV Mode
2025-06-27 19:09:32,432 - gui.flash_sinter_gui - INFO - Power supply in CV Mode
2025-06-27 19:09:32,524 - gui.flash_sinter_gui - INFO - Power supply in CV Mode
2025-06-27 19:09:32,636 - gui.flash_sinter_gui - INFO - Power supply in CV Mode
2025-06-27 19:09:32,733 - gui.flash_sinter_gui - INFO - Power supply in CV Mode
2025-06-27 19:09:32,826 - gui.flash_sinter_gui - INFO - Power supply in CV Mode
2025-06-27 19:09:32,933 - gui.flash_sinter_gui - INFO - Power supply in CV Mode
2025-06-27 19:09:33,027 - gui.flash_sinter_gui - INFO - Power supply in CV Mode
2025-06-27 19:09:33,156 - gui.flash_sinter_gui - INFO - Power supply in CV Mode
2025-06-27 19:09:33,242 - gui.flash_sinter_gui - INFO - Power supply in CV Mode
2025-06-27 19:09:33,348 - gui.flash_sinter_gui - INFO - Power supply in CV Mode
2025-06-27 19:09:33,449 - gui.flash_sinter_gui - INFO - Power supply in CV Mode
2025-06-27 19:09:33,548 - gui.flash_sinter_gui - INFO - Power supply in CV Mode
2025-06-27 19:09:33,660 - gui.flash_sinter_gui - INFO - Power supply in CV Mode
2025-06-27 19:09:33,772 - gui.flash_sinter_gui - INFO - Power supply in CV Mode
2025-06-27 19:09:33,862 - gui.flash_sinter_gui - INFO - Power supply in CV Mode
2025-06-27 19:09:33,971 - gui.flash_sinter_gui - INFO - Power supply in CV Mode
2025-06-27 19:09:34,063 - gui.flash_sinter_gui - INFO - Power supply in CV Mode
2025-06-27 19:09:34,200 - gui.flash_sinter_gui - INFO - Power supply in CV Mode
2025-06-27 19:09:34,291 - gui.flash_sinter_gui - INFO - Power supply in CV Mode
2025-06-27 19:09:34,386 - gui.flash_sinter_gui - INFO - Power supply in CV Mode
2025-06-27 19:09:34,476 - gui.flash_sinter_gui - INFO - Power supply in CV Mode
2025-06-27 19:09:34,571 - gui.flash_sinter_gui - INFO - Power supply in CV Mode
2025-06-27 19:09:34,685 - gui.flash_sinter_gui - INFO - Power supply in CV Mode
2025-06-27 19:09:34,783 - gui.flash_sinter_gui - INFO - Power supply in CV Mode
2025-06-27 19:09:34,879 - gui.flash_sinter_gui - INFO - Power supply in CV Mode
2025-06-27 19:09:34,991 - gui.flash_sinter_gui - INFO - Power supply in CV Mode
2025-06-27 19:09:35,082 - gui.flash_sinter_gui - INFO - Power supply in CV Mode
2025-06-27 19:09:35,201 - gui.flash_sinter_gui - INFO - Power supply in CV Mode
2025-06-27 19:09:35,293 - gui.flash_sinter_gui - INFO - Power supply in CV Mode
2025-06-27 19:09:35,395 - gui.flash_sinter_gui - INFO - Power supply in CV Mode
2025-06-27 19:09:35,486 - gui.flash_sinter_gui - INFO - Power supply in CV Mode
2025-06-27 19:09:35,600 - gui.flash_sinter_gui - INFO - Power supply in CV Mode
2025-06-27 19:09:35,716 - gui.flash_sinter_gui - INFO - Power supply in CV Mode
2025-06-27 19:09:35,818 - gui.flash_sinter_gui - INFO - Power supply in CV Mode
2025-06-27 19:09:35,908 - gui.flash_sinter_gui - INFO - Power supply in CV Mode
2025-06-27 19:09:36,012 - gui.flash_sinter_gui - INFO - Power supply in CV Mode
2025-06-27 19:09:36,102 - gui.flash_sinter_gui - INFO - Power supply in CV Mode
2025-06-27 19:09:36,235 - gui.flash_sinter_gui - INFO - Power supply in CV Mode
2025-06-27 19:09:36,325 - gui.flash_sinter_gui - INFO - Power supply in CV Mode
2025-06-27 19:09:36,422 - gui.flash_sinter_gui - INFO - Power supply in CV Mode
2025-06-27 19:09:36,511 - gui.flash_sinter_gui - INFO - Power supply in CV Mode
2025-06-27 19:09:36,610 - gui.flash_sinter_gui - INFO - Power supply in CV Mode
2025-06-27 19:09:36,721 - gui.flash_sinter_gui - INFO - Power supply in CV Mode
2025-06-27 19:09:36,821 - gui.flash_sinter_gui - INFO - Power supply in CV Mode
2025-06-27 19:09:36,910 - gui.flash_sinter_gui - INFO - Power supply in CV Mode
2025-06-27 19:09:37,009 - gui.flash_sinter_gui - INFO - Power supply in CV Mode
2025-06-27 19:09:37,115 - gui.flash_sinter_gui - INFO - Power supply in CV Mode
2025-06-27 19:09:37,248 - gui.flash_sinter_gui - INFO - Power supply in CV Mode
2025-06-27 19:09:37,339 - gui.flash_sinter_gui - INFO - Power supply in CV Mode
2025-06-27 19:09:37,450 - gui.flash_sinter_gui - INFO - Power supply in CV Mode
2025-06-27 19:09:37,543 - gui.flash_sinter_gui - INFO - Power supply in CV Mode
2025-06-27 19:09:37,645 - gui.flash_sinter_gui - INFO - Power supply in CV Mode
2025-06-27 19:09:37,757 - gui.flash_sinter_gui - INFO - Power supply in CV Mode
2025-06-27 19:09:37,855 - gui.flash_sinter_gui - INFO - Power supply in CV Mode
2025-06-27 19:09:37,945 - gui.flash_sinter_gui - INFO - Power supply in CV Mode
2025-06-27 19:09:38,055 - gui.flash_sinter_gui - INFO - Power supply in CV Mode
2025-06-27 19:09:38,145 - gui.flash_sinter_gui - INFO - Power supply in CV Mode
2025-06-27 19:09:38,279 - gui.flash_sinter_gui - INFO - Power supply in CV Mode
2025-06-27 19:09:38,371 - gui.flash_sinter_gui - INFO - Power supply in CV Mode
2025-06-27 19:09:38,475 - gui.flash_sinter_gui - INFO - Power supply in CV Mode
2025-06-27 19:09:38,564 - gui.flash_sinter_gui - INFO - Power supply in CV Mode
2025-06-27 19:09:38,679 - gui.flash_sinter_gui - INFO - Power supply in CV Mode
2025-06-27 19:09:38,794 - gui.flash_sinter_gui - INFO - Power supply in CV Mode
2025-06-27 19:09:38,907 - gui.flash_sinter_gui - INFO - Power supply in CV Mode
2025-06-27 19:09:38,995 - gui.flash_sinter_gui - INFO - Power supply in CV Mode
2025-06-27 19:09:39,109 - gui.flash_sinter_gui - INFO - Power supply in CV Mode
2025-06-27 19:09:39,202 - gui.flash_sinter_gui - INFO - Power supply in CV Mode
2025-06-27 19:09:39,341 - gui.flash_sinter_gui - INFO - Power supply in CV Mode
2025-06-27 19:09:39,433 - gui.flash_sinter_gui - INFO - Power supply in CV Mode
2025-06-27 19:09:39,541 - gui.flash_sinter_gui - INFO - Power supply in CV Mode
2025-06-27 19:09:39,632 - gui.flash_sinter_gui - INFO - Power supply in CV Mode
2025-06-27 19:09:39,749 - gui.flash_sinter_gui - INFO - Power supply in CV Mode
2025-06-27 19:09:39,862 - gui.flash_sinter_gui - INFO - Power supply in CV Mode
2025-06-27 19:09:39,978 - gui.flash_sinter_gui - INFO - Power supply in CV Mode
2025-06-27 19:09:40,069 - gui.flash_sinter_gui - INFO - Power supply in CV Mode
2025-06-27 19:09:40,172 - gui.flash_sinter_gui - INFO - Power supply in CV Mode
2025-06-27 19:09:40,282 - gui.flash_sinter_gui - INFO - Power supply in CV Mode
2025-06-27 19:09:40,419 - gui.flash_sinter_gui - INFO - Power supply in CV Mode
2025-06-27 19:09:40,520 - gui.flash_sinter_gui - INFO - Power supply in CV Mode
2025-06-27 19:09:40,623 - gui.flash_sinter_gui - INFO - Power supply in CV Mode
2025-06-27 19:09:40,713 - gui.flash_sinter_gui - INFO - Power supply in CV Mode
2025-06-27 19:09:40,817 - gui.flash_sinter_gui - INFO - Power supply in CV Mode
2025-06-27 19:09:40,929 - gui.flash_sinter_gui - INFO - Power supply in CV Mode
2025-06-27 19:09:41,050 - gui.flash_sinter_gui - INFO - Power supply in CV Mode
2025-06-27 19:09:41,143 - gui.flash_sinter_gui - INFO - Power supply in CV Mode
2025-06-27 19:09:41,251 - gui.flash_sinter_gui - INFO - Power supply in CV Mode
2025-06-27 19:09:41,342 - gui.flash_sinter_gui - INFO - Power supply in CV Mode
2025-06-27 19:09:41,466 - gui.flash_sinter_gui - INFO - Power supply in CV Mode
2025-06-27 19:09:41,554 - gui.flash_sinter_gui - INFO - Power supply in CV Mode
2025-06-27 19:09:41,672 - gui.flash_sinter_gui - INFO - Power supply in CV Mode
2025-06-27 19:09:41,763 - gui.flash_sinter_gui - INFO - Power supply in CV Mode
2025-06-27 19:09:41,885 - gui.flash_sinter_gui - INFO - Power supply in CV Mode
2025-06-27 19:09:42,013 - gui.flash_sinter_gui - INFO - Power supply in CV Mode
2025-06-27 19:09:42,139 - gui.flash_sinter_gui - INFO - Power supply in CV Mode
2025-06-27 19:09:42,230 - gui.flash_sinter_gui - INFO - Power supply in CV Mode
2025-06-27 19:09:42,354 - gui.flash_sinter_gui - INFO - Power supply in CV Mode
2025-06-27 19:09:42,444 - gui.flash_sinter_gui - INFO - Power supply in CV Mode
2025-06-27 19:09:42,588 - gui.flash_sinter_gui - INFO - Power supply in CV Mode
2025-06-27 19:09:42,680 - gui.flash_sinter_gui - INFO - Power supply in CV Mode
2025-06-27 19:09:42,804 - gui.flash_sinter_gui - INFO - Power supply in CV Mode
2025-06-27 19:09:42,895 - gui.flash_sinter_gui - INFO - Power supply in CV Mode
2025-06-27 19:09:43,019 - gui.flash_sinter_gui - INFO - Power supply in CV Mode
2025-06-27 19:09:43,131 - gui.flash_sinter_gui - INFO - Power supply in CV Mode
2025-06-27 19:09:43,261 - gui.flash_sinter_gui - INFO - Power supply in CV Mode
2025-06-27 19:09:43,350 - gui.flash_sinter_gui - INFO - Power supply in CV Mode
2025-06-27 19:09:43,463 - gui.flash_sinter_gui - INFO - Power supply in CV Mode
2025-06-27 19:09:43,555 - gui.flash_sinter_gui - INFO - Power supply in CV Mode
2025-06-27 19:09:43,687 - gui.flash_sinter_gui - INFO - Power supply in CV Mode
2025-06-27 19:09:43,779 - gui.flash_sinter_gui - INFO - Power supply in CV Mode
2025-06-27 19:09:43,894 - gui.flash_sinter_gui - INFO - Power supply in CV Mode
2025-06-27 19:09:43,985 - gui.flash_sinter_gui - INFO - Power supply in CV Mode
2025-06-27 19:09:44,115 - gui.flash_sinter_gui - INFO - Power supply in CV Mode
2025-06-27 19:09:44,226 - gui.flash_sinter_gui - INFO - Power supply in CV Mode
2025-06-27 19:09:44,358 - gui.flash_sinter_gui - INFO - Power supply in CV Mode
2025-06-27 19:09:44,445 - gui.flash_sinter_gui - INFO - Power supply in CV Mode
2025-06-27 19:09:44,582 - gui.flash_sinter_gui - INFO - Power supply in CV Mode
2025-06-27 19:09:44,671 - gui.flash_sinter_gui - INFO - Power supply in CV Mode
2025-06-27 19:09:44,822 - gui.flash_sinter_gui - INFO - Power supply in CV Mode
2025-06-27 19:09:44,914 - gui.flash_sinter_gui - INFO - Power supply in CV Mode
2025-06-27 19:09:45,031 - gui.flash_sinter_gui - INFO - Power supply in CV Mode
2025-06-27 19:09:45,120 - gui.flash_sinter_gui - INFO - Power supply in CV Mode
2025-06-27 19:09:45,256 - gui.flash_sinter_gui - INFO - Power supply in CV Mode
2025-06-27 19:09:45,367 - gui.flash_sinter_gui - INFO - Power supply in CV Mode
2025-06-27 19:09:45,500 - gui.flash_sinter_gui - INFO - Power supply in CV Mode
2025-06-27 19:09:45,589 - gui.flash_sinter_gui - INFO - Power supply in CV Mode
2025-06-27 19:09:45,720 - gui.flash_sinter_gui - INFO - Power supply in CV Mode
2025-06-27 19:09:45,826 - gui.flash_sinter_gui - INFO - Power supply in CV Mode
2025-06-27 19:09:45,978 - gui.flash_sinter_gui - INFO - Power supply in CV Mode
2025-06-27 19:09:46,067 - gui.flash_sinter_gui - INFO - Power supply in CV Mode
2025-06-27 19:09:46,203 - gui.flash_sinter_gui - INFO - Power supply in CV Mode
2025-06-27 19:09:46,291 - gui.flash_sinter_gui - INFO - Power supply in CV Mode
2025-06-27 19:09:46,430 - gui.flash_sinter_gui - INFO - Power supply in CV Mode
2025-06-27 19:09:46,559 - gui.flash_sinter_gui - INFO - Power supply in CV Mode
2025-06-27 19:09:46,701 - gui.flash_sinter_gui - INFO - Power supply in CV Mode
2025-06-27 19:09:46,804 - gui.flash_sinter_gui - INFO - Power supply in CV Mode
2025-06-27 19:09:46,946 - gui.flash_sinter_gui - INFO - Power supply in CV Mode
2025-06-27 19:09:47,039 - gui.flash_sinter_gui - INFO - Power supply in CV Mode
2025-06-27 19:09:47,192 - gui.flash_sinter_gui - INFO - Power supply in CV Mode
2025-06-27 19:09:47,281 - gui.flash_sinter_gui - INFO - Power supply in CV Mode
2025-06-27 19:09:47,420 - gui.flash_sinter_gui - INFO - Power supply in CV Mode
2025-06-27 19:09:47,511 - gui.flash_sinter_gui - INFO - Power supply in CV Mode
2025-06-27 19:09:47,635 - gui.flash_sinter_gui - INFO - Power supply in CV Mode
2025-06-27 19:09:47,743 - gui.flash_sinter_gui - INFO - Power supply in CV Mode
2025-06-27 19:09:47,879 - gui.flash_sinter_gui - INFO - Power supply in CV Mode
2025-06-27 19:09:47,988 - gui.flash_sinter_gui - INFO - Power supply in CV Mode
2025-06-27 19:09:48,133 - gui.flash_sinter_gui - INFO - Power supply in CV Mode
2025-06-27 19:09:48,225 - gui.flash_sinter_gui - INFO - Power supply in CV Mode
2025-06-27 19:09:48,378 - gui.flash_sinter_gui - INFO - Power supply in CV Mode
2025-06-27 19:09:48,470 - gui.flash_sinter_gui - INFO - Power supply in CV Mode
2025-06-27 19:09:48,617 - gui.flash_sinter_gui - INFO - Power supply in CV Mode
2025-06-27 19:09:48,717 - gui.flash_sinter_gui - INFO - Power supply in CV Mode
2025-06-27 19:09:48,864 - gui.flash_sinter_gui - INFO - Power supply in CV Mode
2025-06-27 19:09:48,956 - gui.flash_sinter_gui - INFO - Power supply in CV Mode
2025-06-27 19:09:49,120 - gui.flash_sinter_gui - INFO - Power supply in CV Mode
2025-06-27 19:09:49,213 - gui.flash_sinter_gui - INFO - Power supply in CV Mode
2025-06-27 19:09:49,360 - gui.flash_sinter_gui - INFO - Power supply in CV Mode
2025-06-27 19:09:49,447 - gui.flash_sinter_gui - INFO - Power supply in CV Mode
2025-06-27 19:09:49,599 - gui.flash_sinter_gui - INFO - Power supply in CV Mode
2025-06-27 19:09:49,700 - gui.flash_sinter_gui - INFO - Power supply in CV Mode
2025-06-27 19:09:49,848 - gui.flash_sinter_gui - INFO - Power supply in CV Mode
2025-06-27 19:09:49,951 - gui.flash_sinter_gui - INFO - Power supply in CV Mode
2025-06-27 19:09:50,095 - gui.flash_sinter_gui - INFO - Power supply in CV Mode
2025-06-27 19:09:50,185 - gui.flash_sinter_gui - INFO - Power supply in CV Mode
2025-06-27 19:09:50,354 - gui.flash_sinter_gui - INFO - Power supply in CV Mode
2025-06-27 19:09:50,443 - gui.flash_sinter_gui - INFO - Power supply in CV Mode
2025-06-27 19:09:50,602 - gui.flash_sinter_gui - INFO - Power supply in CV Mode
2025-06-27 19:09:50,691 - gui.flash_sinter_gui - INFO - Power supply in CV Mode
2025-06-27 19:09:50,825 - gui.flash_sinter_gui - INFO - Power supply in CV Mode
2025-06-27 19:09:50,930 - gui.flash_sinter_gui - INFO - Power supply in CV Mode
2025-06-27 19:09:51,085 - gui.flash_sinter_gui - INFO - Power supply in CV Mode
2025-06-27 19:09:51,187 - gui.flash_sinter_gui - INFO - Power supply in CV Mode
2025-06-27 19:09:51,336 - gui.flash_sinter_gui - INFO - Power supply in CV Mode
2025-06-27 19:09:51,424 - gui.flash_sinter_gui - INFO - Power supply in CV Mode
2025-06-27 19:09:51,574 - gui.flash_sinter_gui - INFO - Power supply in CV Mode
2025-06-27 19:09:51,679 - gui.flash_sinter_gui - INFO - Power supply in CV Mode
2025-06-27 19:09:51,831 - gui.flash_sinter_gui - INFO - Power supply in CV Mode
2025-06-27 19:09:51,921 - gui.flash_sinter_gui - INFO - Power supply in CV Mode
2025-06-27 19:09:52,074 - gui.flash_sinter_gui - INFO - Power supply in CV Mode
2025-06-27 19:09:52,161 - gui.flash_sinter_gui - INFO - Power supply in CV Mode
2025-06-27 19:09:52,319 - gui.flash_sinter_gui - INFO - Power supply in CV Mode
2025-06-27 19:09:52,406 - gui.flash_sinter_gui - INFO - Power supply in CV Mode
2025-06-27 19:09:52,564 - gui.flash_sinter_gui - INFO - Power supply in CV Mode
2025-06-27 19:09:52,656 - gui.flash_sinter_gui - INFO - Power supply in CV Mode
2025-06-27 19:09:52,815 - gui.flash_sinter_gui - INFO - Power supply in CV Mode
2025-06-27 19:09:52,919 - gui.flash_sinter_gui - INFO - Power supply in CV Mode
2025-06-27 19:09:53,075 - gui.flash_sinter_gui - INFO - Power supply in CV Mode
2025-06-27 19:09:53,163 - gui.flash_sinter_gui - INFO - Power supply in CV Mode
2025-06-27 19:09:53,317 - gui.flash_sinter_gui - INFO - Power supply in CV Mode
2025-06-27 19:09:53,422 - gui.flash_sinter_gui - INFO - Power supply in CV Mode
2025-06-27 19:09:53,565 - gui.flash_sinter_gui - INFO - Power supply in CV Mode
2025-06-27 19:09:53,655 - gui.flash_sinter_gui - INFO - Power supply in CV Mode
2025-06-27 19:09:53,818 - gui.flash_sinter_gui - INFO - Power supply in CV Mode
2025-06-27 19:09:53,908 - gui.flash_sinter_gui - INFO - Power supply in CV Mode
2025-06-27 19:09:54,064 - gui.flash_sinter_gui - INFO - Power supply in CV Mode
2025-06-27 19:09:54,152 - gui.flash_sinter_gui - INFO - Power supply in CV Mode
2025-06-27 19:09:54,317 - gui.flash_sinter_gui - INFO - Power supply in CV Mode
2025-06-27 19:09:54,421 - gui.flash_sinter_gui - INFO - Power supply in CV Mode
2025-06-27 19:09:54,578 - gui.flash_sinter_gui - INFO - Power supply in CV Mode
2025-06-27 19:09:54,666 - gui.flash_sinter_gui - INFO - Power supply in CV Mode
2025-06-27 19:09:54,829 - gui.flash_sinter_gui - INFO - Power supply in CV Mode
2025-06-27 19:09:54,931 - gui.flash_sinter_gui - INFO - Power supply in CV Mode
2025-06-27 19:09:55,083 - gui.flash_sinter_gui - INFO - Power supply in CV Mode
2025-06-27 19:09:55,174 - gui.flash_sinter_gui - INFO - Power supply in CV Mode
2025-06-27 19:09:55,328 - gui.flash_sinter_gui - INFO - Power supply in CV Mode
2025-06-27 19:09:55,419 - gui.flash_sinter_gui - INFO - Power supply in CV Mode
2025-06-27 19:09:55,585 - gui.flash_sinter_gui - INFO - Power supply in CV Mode
2025-06-27 19:09:55,687 - gui.flash_sinter_gui - INFO - Power supply in CV Mode
2025-06-27 19:09:55,848 - gui.flash_sinter_gui - INFO - Power supply in CV Mode
2025-06-27 19:09:55,939 - gui.flash_sinter_gui - INFO - Power supply in CV Mode
2025-06-27 19:09:56,117 - gui.flash_sinter_gui - INFO - Power supply in CV Mode
2025-06-27 19:09:56,206 - gui.flash_sinter_gui - INFO - Power supply in CV Mode
2025-06-27 19:09:56,367 - gui.flash_sinter_gui - INFO - Power supply in CV Mode
2025-06-27 19:09:56,477 - gui.flash_sinter_gui - INFO - Power supply in CV Mode
2025-06-27 19:09:56,648 - gui.flash_sinter_gui - INFO - Power supply in CV Mode
2025-06-27 19:09:56,759 - gui.flash_sinter_gui - INFO - Power supply in CV Mode
2025-06-27 19:09:56,930 - gui.flash_sinter_gui - INFO - Power supply in CV Mode
2025-06-27 19:09:57,023 - gui.flash_sinter_gui - INFO - Power supply in CV Mode
2025-06-27 19:09:57,185 - gui.flash_sinter_gui - INFO - Power supply in CV Mode
2025-06-27 19:09:57,275 - gui.flash_sinter_gui - INFO - Power supply in CV Mode
2025-06-27 19:09:57,441 - gui.flash_sinter_gui - INFO - Power supply in CV Mode
2025-06-27 19:09:57,533 - gui.flash_sinter_gui - INFO - Power supply in CV Mode
2025-06-27 19:09:57,699 - gui.flash_sinter_gui - INFO - Power supply in CV Mode
2025-06-27 19:09:57,791 - gui.flash_sinter_gui - INFO - Power supply in CV Mode
2025-06-27 19:09:57,965 - gui.flash_sinter_gui - INFO - Power supply in CV Mode
2025-06-27 19:09:58,054 - gui.flash_sinter_gui - INFO - Power supply in CV Mode
2025-06-27 19:09:58,221 - gui.flash_sinter_gui - INFO - Power supply in CV Mode
2025-06-27 19:09:58,328 - gui.flash_sinter_gui - INFO - Power supply in CV Mode
2025-06-27 19:09:58,502 - gui.flash_sinter_gui - INFO - Power supply in CV Mode
2025-06-27 19:09:58,592 - gui.flash_sinter_gui - INFO - Power supply in CV Mode
2025-06-27 19:09:58,749 - gui.flash_sinter_gui - INFO - Power supply in CV Mode
2025-06-27 19:09:58,842 - gui.flash_sinter_gui - INFO - Power supply in CV Mode
2025-06-27 19:09:59,020 - gui.flash_sinter_gui - INFO - Power supply in CV Mode
2025-06-27 19:09:59,123 - gui.flash_sinter_gui - INFO - Power supply in CV Mode
2025-06-27 19:09:59,298 - gui.flash_sinter_gui - INFO - Power supply in CV Mode
2025-06-27 19:09:59,402 - gui.flash_sinter_gui - INFO - Power supply in CV Mode
2025-06-27 19:09:59,568 - gui.flash_sinter_gui - INFO - Power supply in CV Mode
2025-06-27 19:09:59,674 - gui.flash_sinter_gui - INFO - Power supply in CV Mode
2025-06-27 19:09:59,843 - gui.flash_sinter_gui - INFO - Power supply in CV Mode
2025-06-27 19:09:59,937 - gui.flash_sinter_gui - INFO - Power supply in CV Mode
2025-06-27 19:10:00,109 - gui.flash_sinter_gui - INFO - Power supply in CV Mode
2025-06-27 19:10:00,200 - gui.flash_sinter_gui - INFO - Power supply in CV Mode
2025-06-27 19:10:00,368 - gui.flash_sinter_gui - INFO - Power supply in CV Mode
2025-06-27 19:10:00,459 - gui.flash_sinter_gui - INFO - Power supply in CV Mode
2025-06-27 19:10:00,629 - gui.flash_sinter_gui - INFO - Power supply in CV Mode
2025-06-27 19:10:00,718 - gui.flash_sinter_gui - INFO - Power supply in CV Mode
2025-06-27 19:10:00,889 - gui.flash_sinter_gui - INFO - Power supply in CV Mode
2025-06-27 19:10:00,975 - gui.flash_sinter_gui - INFO - Power supply in CV Mode
2025-06-27 19:10:01,148 - gui.flash_sinter_gui - INFO - Power supply in CV Mode
2025-06-27 19:10:01,240 - gui.flash_sinter_gui - INFO - Power supply in CV Mode
2025-06-27 19:10:01,418 - gui.flash_sinter_gui - INFO - Power supply in CV Mode
2025-06-27 19:10:01,524 - gui.flash_sinter_gui - INFO - Power supply in CV Mode
2025-06-27 19:10:01,705 - gui.flash_sinter_gui - INFO - Power supply in CV Mode
2025-06-27 19:10:01,796 - gui.flash_sinter_gui - INFO - Power supply in CV Mode
2025-06-27 19:10:01,974 - gui.flash_sinter_gui - INFO - Power supply in CV Mode
2025-06-27 19:10:02,062 - gui.flash_sinter_gui - INFO - Power supply in CV Mode
2025-06-27 19:10:02,249 - gui.flash_sinter_gui - INFO - Power supply in CV Mode
2025-06-27 19:10:02,341 - gui.flash_sinter_gui - INFO - Power supply in CV Mode
2025-06-27 19:10:02,514 - gui.flash_sinter_gui - INFO - Power supply in CV Mode
2025-06-27 19:10:02,605 - gui.flash_sinter_gui - INFO - Power supply in CV Mode
2025-06-27 19:10:02,792 - gui.flash_sinter_gui - INFO - Power supply in CV Mode
2025-06-27 19:10:02,883 - gui.flash_sinter_gui - INFO - Power supply in CV Mode
2025-06-27 19:10:03,071 - gui.flash_sinter_gui - INFO - Power supply in CV Mode
2025-06-27 19:10:03,163 - gui.flash_sinter_gui - INFO - Power supply in CV Mode
2025-06-27 19:10:03,354 - gui.flash_sinter_gui - INFO - Power supply in CV Mode
2025-06-27 19:10:03,445 - gui.flash_sinter_gui - INFO - Power supply in CV Mode
2025-06-27 19:10:03,634 - gui.flash_sinter_gui - INFO - Power supply in CV Mode
2025-06-27 19:10:03,723 - gui.flash_sinter_gui - INFO - Power supply in CV Mode
2025-06-27 19:10:03,908 - gui.flash_sinter_gui - INFO - Power supply in CV Mode
2025-06-27 19:10:03,999 - gui.flash_sinter_gui - INFO - Power supply in CV Mode
2025-06-27 19:10:04,185 - gui.flash_sinter_gui - INFO - Power supply in CV Mode
2025-06-27 19:10:04,275 - gui.flash_sinter_gui - INFO - Power supply in CV Mode
2025-06-27 19:10:04,459 - gui.flash_sinter_gui - INFO - Power supply in CV Mode
2025-06-27 19:10:04,549 - gui.flash_sinter_gui - INFO - Power supply in CV Mode
2025-06-27 19:10:04,738 - gui.flash_sinter_gui - INFO - Power supply in CV Mode
2025-06-27 19:10:04,841 - gui.flash_sinter_gui - INFO - Power supply in CV Mode
2025-06-27 19:10:05,029 - gui.flash_sinter_gui - INFO - Power supply in CV Mode
2025-06-27 19:10:05,130 - gui.flash_sinter_gui - INFO - Power supply in CV Mode
2025-06-27 19:10:05,319 - gui.flash_sinter_gui - INFO - Power supply in CV Mode
2025-06-27 19:10:05,412 - gui.flash_sinter_gui - INFO - Power supply in CV Mode
2025-06-27 19:10:05,604 - gui.flash_sinter_gui - INFO - Power supply in CV Mode
2025-06-27 19:10:05,696 - gui.flash_sinter_gui - INFO - Power supply in CV Mode
2025-06-27 19:10:05,888 - gui.flash_sinter_gui - INFO - Power supply in CV Mode
2025-06-27 19:10:05,976 - gui.flash_sinter_gui - INFO - Power supply in CV Mode
2025-06-27 19:10:06,158 - gui.flash_sinter_gui - INFO - Power supply in CV Mode
2025-06-27 19:10:06,265 - gui.flash_sinter_gui - INFO - Power supply in CV Mode
2025-06-27 19:10:06,456 - gui.flash_sinter_gui - INFO - Power supply in CV Mode
2025-06-27 19:10:06,558 - gui.flash_sinter_gui - INFO - Power supply in CV Mode
2025-06-27 19:10:06,750 - gui.flash_sinter_gui - INFO - Power supply in CV Mode
2025-06-27 19:10:06,841 - gui.flash_sinter_gui - INFO - Power supply in CV Mode
2025-06-27 19:10:07,032 - gui.flash_sinter_gui - INFO - Power supply in CV Mode
2025-06-27 19:10:07,121 - gui.flash_sinter_gui - INFO - Power supply in CV Mode
2025-06-27 19:10:07,310 - gui.flash_sinter_gui - INFO - Power supply in CV Mode
2025-06-27 19:10:07,399 - gui.flash_sinter_gui - INFO - Power supply in CV Mode
2025-06-27 19:10:07,593 - gui.flash_sinter_gui - INFO - Power supply in CV Mode
2025-06-27 19:10:07,685 - gui.flash_sinter_gui - INFO - Power supply in CV Mode
2025-06-27 19:10:07,878 - gui.flash_sinter_gui - INFO - Power supply in CV Mode
2025-06-27 19:10:07,966 - gui.flash_sinter_gui - INFO - Power supply in CV Mode
2025-06-27 19:10:08,162 - gui.flash_sinter_gui - INFO - Power supply in CV Mode
2025-06-27 19:10:08,250 - gui.flash_sinter_gui - INFO - Power supply in CV Mode
2025-06-27 19:10:08,447 - gui.flash_sinter_gui - INFO - Power supply in CV Mode
2025-06-27 19:10:08,536 - gui.flash_sinter_gui - INFO - Power supply in CV Mode
2025-06-27 19:10:08,728 - gui.flash_sinter_gui - INFO - Power supply in CV Mode
2025-06-27 19:10:08,818 - gui.flash_sinter_gui - INFO - Power supply in CV Mode
2025-06-27 19:10:09,007 - gui.flash_sinter_gui - INFO - Power supply in CV Mode
2025-06-27 19:10:09,099 - gui.flash_sinter_gui - INFO - Power supply in CV Mode
2025-06-27 19:10:09,298 - gui.flash_sinter_gui - INFO - Power supply in CV Mode
2025-06-27 19:10:09,385 - gui.flash_sinter_gui - INFO - Power supply in CV Mode
2025-06-27 19:10:09,581 - gui.flash_sinter_gui - INFO - Power supply in CV Mode
2025-06-27 19:10:09,671 - gui.flash_sinter_gui - INFO - Power supply in CV Mode
2025-06-27 19:10:09,721 - gui.flash_sinter_gui - ERROR - Invalid input values: 'charmap' codec can't encode character '\u2192' in position 40: character maps to <undefined>
2025-06-27 19:10:10,614 - gui.flash_sinter_gui - INFO - Power supply in CV Mode
2025-06-27 19:10:10,717 - gui.flash_sinter_gui - INFO - Power supply in CV Mode
2025-06-27 19:10:10,932 - gui.flash_sinter_gui - INFO - Power supply in CV Mode
2025-06-27 19:10:11,023 - gui.flash_sinter_gui - INFO - Power supply in CV Mode
2025-06-27 19:10:11,210 - gui.flash_sinter_gui - INFO - Power supply in CV Mode
2025-06-27 19:10:11,303 - gui.flash_sinter_gui - INFO - Power supply in CV Mode
2025-06-27 19:10:11,506 - gui.flash_sinter_gui - INFO - Power supply in CV Mode
2025-06-27 19:10:11,603 - gui.flash_sinter_gui - INFO - Power supply in CV Mode
2025-06-27 19:10:11,809 - gui.flash_sinter_gui - INFO - Power supply in CV Mode
2025-06-27 19:10:11,912 - gui.flash_sinter_gui - INFO - Power supply in CV Mode
2025-06-27 19:10:12,117 - gui.flash_sinter_gui - INFO - Power supply in CV Mode
2025-06-27 19:10:12,212 - gui.flash_sinter_gui - INFO - Power supply in CV Mode
2025-06-27 19:10:12,416 - gui.flash_sinter_gui - INFO - Power supply in CV Mode
2025-06-27 19:10:12,509 - gui.flash_sinter_gui - INFO - Power supply in CV Mode
2025-06-27 19:10:12,711 - gui.flash_sinter_gui - INFO - Power supply in CV Mode
2025-06-27 19:10:12,801 - gui.flash_sinter_gui - INFO - Power supply in CV Mode
2025-06-27 19:10:13,024 - gui.flash_sinter_gui - INFO - Power supply in CV Mode
2025-06-27 19:10:13,118 - gui.flash_sinter_gui - INFO - Power supply in CV Mode
2025-06-27 19:10:13,318 - gui.flash_sinter_gui - INFO - Power supply in CV Mode
2025-06-27 19:10:13,411 - gui.flash_sinter_gui - INFO - Power supply in CV Mode
2025-06-27 19:10:13,616 - gui.flash_sinter_gui - INFO - Power supply in CV Mode
2025-06-27 19:10:13,704 - gui.flash_sinter_gui - INFO - Power supply in CV Mode
2025-06-27 19:10:13,923 - gui.flash_sinter_gui - INFO - Power supply in CV Mode
2025-06-27 19:10:14,011 - gui.flash_sinter_gui - INFO - Power supply in CV Mode
2025-06-27 19:10:14,214 - gui.flash_sinter_gui - INFO - Power supply in CV Mode
2025-06-27 19:10:14,303 - gui.flash_sinter_gui - INFO - Power supply in CV Mode
2025-06-27 19:10:14,521 - gui.flash_sinter_gui - INFO - Power supply in CV Mode
2025-06-27 19:10:14,615 - gui.flash_sinter_gui - INFO - Power supply in CV Mode
2025-06-27 19:10:14,828 - gui.flash_sinter_gui - INFO - Power supply in CV Mode
2025-06-27 19:10:14,933 - gui.flash_sinter_gui - INFO - Power supply in CV Mode
2025-06-27 19:10:15,149 - gui.flash_sinter_gui - INFO - Power supply in CV Mode
2025-06-27 19:10:15,240 - gui.flash_sinter_gui - INFO - Power supply in CV Mode
2025-06-27 19:10:15,440 - gui.flash_sinter_gui - INFO - Power supply in CV Mode
2025-06-27 19:10:15,531 - gui.flash_sinter_gui - INFO - Power supply in CV Mode
2025-06-27 19:10:15,692 - gui.flash_sinter_gui - INFO - Apply Parameters and Change Condition buttons disabled
2025-06-27 19:10:15,693 - gui.flash_sinter_gui - INFO - Neumorphic start button reset to inactive state - acquisition stopped
2025-06-27 19:10:15,697 - gui.flash_sinter_gui - INFO - Stopped process
2025-06-27 19:10:15,697 - gui.flash_sinter_gui - INFO - Closed data file: None
2025-06-27 19:10:19,861 - gui.flash_sinter_gui - INFO - Video recording stopped
2025-06-27 19:10:24,224 - gui.flash_sinter_gui - INFO - Arduino response: Stepper motor control initialized
2025-06-27 19:10:24,304 - gui.flash_sinter_gui - INFO - Application closed and resources cleaned up
