2025-06-26 08:58:09,943 - gui.flash_sinter_gui - INFO - Apply Parameters and Change Condition buttons disabled
2025-06-26 08:58:11,946 - gui.flash_sinter_gui - INFO - Serial connection established with Arduino on COM11
2025-06-26 08:58:11,947 - gui.flash_sinter_gui - INFO - Initial parameters set: 0.4, 1.6, 1.0, 30.0, 100.0, Flash Time: 60.0s
2025-06-26 08:58:11,947 - gui.flash_sinter_gui - INFO - Initial voltage: 12.00V, current: 160.00mA
2025-06-26 08:58:16,968 - gui.flash_sinter_gui - INFO - Selected file for saving: C:/Users/user/Desktop/DEVA/flash control_sci_25-06-2025_/data/experiment_data_20250626_085815.txt
2025-06-26 08:58:17,721 - gui.flash_sinter_gui - INFO - Apply Parameters and Change Condition buttons enabled
2025-06-26 08:58:17,721 - gui.flash_sinter_gui - INFO - Neumorphic start button activated
2025-06-26 08:58:17,721 - gui.flash_sinter_gui - INFO - Data will be saved to: C:/Users/user/Desktop/DEVA/flash control_sci_25-06-2025_/data/experiment_data_20250626_085815.txt
2025-06-26 08:58:17,722 - gui.flash_sinter_gui - INFO - Updated parameters: 0.4, 1.6, 1.0, 30.0, 100.0, Flash Time: 60.0s
2025-06-26 08:58:17,722 - gui.flash_sinter_gui - INFO - Calculated voltage: 12.00V, current: 160.00mA
2025-06-26 08:58:21,791 - gui.flash_sinter_gui - ERROR - Device connection error prevented start: Keithley not connected: Device USB0::0x05E6::0x6500::04645387::INSTR not found. Available devices: (ASRL11::INSTR)
2025-06-26 08:58:33,975 - gui.flash_sinter_gui - ERROR - Device connection error prevented start: Keithley not connected: Device USB0::0x05E6::0x6500::04645387::INSTR not found. Available devices: (ASRL11::INSTR)
2025-06-26 09:02:02,828 - gui.flash_sinter_gui - INFO - Started process with V=12.0V, I=160.0mA
2025-06-26 09:02:02,829 - gui.flash_sinter_gui - INFO - Started saving data to C:/Users/user/Desktop/DEVA/flash control_sci_25-06-2025_/data/experiment_data_20250626_085815.txt
2025-06-26 09:02:02,895 - gui.flash_sinter_gui - WARNING - Skipping invalid readings
2025-06-26 09:02:02,989 - gui.flash_sinter_gui - WARNING - Skipping invalid readings
2025-06-26 09:02:03,068 - gui.flash_sinter_gui - WARNING - Skipping invalid readings
2025-06-26 09:02:03,136 - gui.flash_sinter_gui - WARNING - Skipping invalid readings
2025-06-26 09:02:03,218 - gui.flash_sinter_gui - WARNING - Skipping invalid readings
2025-06-26 09:02:03,288 - gui.flash_sinter_gui - WARNING - Skipping invalid readings
2025-06-26 09:02:03,380 - gui.flash_sinter_gui - WARNING - Skipping invalid readings
2025-06-26 09:02:03,450 - gui.flash_sinter_gui - WARNING - Skipping invalid readings
2025-06-26 09:02:03,539 - gui.flash_sinter_gui - WARNING - Skipping invalid readings
2025-06-26 09:02:03,621 - gui.flash_sinter_gui - WARNING - Skipping invalid readings
2025-06-26 09:02:03,710 - gui.flash_sinter_gui - WARNING - Skipping invalid readings
2025-06-26 09:02:03,785 - gui.flash_sinter_gui - WARNING - Skipping invalid readings
2025-06-26 09:02:03,870 - gui.flash_sinter_gui - WARNING - Skipping invalid readings
2025-06-26 09:02:03,945 - gui.flash_sinter_gui - WARNING - Skipping invalid readings
2025-06-26 09:02:04,030 - gui.flash_sinter_gui - WARNING - Skipping invalid readings
2025-06-26 09:02:04,101 - gui.flash_sinter_gui - WARNING - Skipping invalid readings
2025-06-26 09:02:04,171 - gui.flash_sinter_gui - WARNING - Skipping invalid readings
2025-06-26 09:02:04,243 - gui.flash_sinter_gui - WARNING - Skipping invalid readings
2025-06-26 09:02:04,329 - gui.flash_sinter_gui - WARNING - Skipping invalid readings
2025-06-26 09:02:04,419 - gui.flash_sinter_gui - WARNING - Skipping invalid readings
2025-06-26 09:02:04,495 - gui.flash_sinter_gui - WARNING - Skipping invalid readings
2025-06-26 09:02:04,574 - gui.flash_sinter_gui - WARNING - Skipping invalid readings
2025-06-26 09:02:04,647 - gui.flash_sinter_gui - WARNING - Skipping invalid readings
2025-06-26 09:02:04,721 - gui.flash_sinter_gui - WARNING - Skipping invalid readings
2025-06-26 09:02:04,798 - gui.flash_sinter_gui - WARNING - Skipping invalid readings
2025-06-26 09:02:04,866 - gui.flash_sinter_gui - WARNING - Skipping invalid readings
2025-06-26 09:02:04,961 - gui.flash_sinter_gui - WARNING - Skipping invalid readings
2025-06-26 09:02:05,049 - gui.flash_sinter_gui - WARNING - Skipping invalid readings
2025-06-26 09:02:05,121 - gui.flash_sinter_gui - WARNING - Skipping invalid readings
2025-06-26 09:02:05,197 - gui.flash_sinter_gui - WARNING - Skipping invalid readings
2025-06-26 09:02:05,273 - gui.flash_sinter_gui - WARNING - Skipping invalid readings
2025-06-26 09:02:05,361 - gui.flash_sinter_gui - WARNING - Skipping invalid readings
2025-06-26 09:02:05,449 - gui.flash_sinter_gui - WARNING - Skipping invalid readings
2025-06-26 09:02:05,539 - gui.flash_sinter_gui - WARNING - Skipping invalid readings
2025-06-26 09:02:05,620 - gui.flash_sinter_gui - WARNING - Skipping invalid readings
2025-06-26 09:02:05,699 - gui.flash_sinter_gui - WARNING - Skipping invalid readings
2025-06-26 09:02:05,790 - gui.flash_sinter_gui - WARNING - Skipping invalid readings
2025-06-26 09:02:05,881 - gui.flash_sinter_gui - WARNING - Skipping invalid readings
2025-06-26 09:02:05,970 - gui.flash_sinter_gui - WARNING - Skipping invalid readings
2025-06-26 09:02:06,041 - gui.flash_sinter_gui - WARNING - Skipping invalid readings
2025-06-26 09:02:06,120 - gui.flash_sinter_gui - WARNING - Skipping invalid readings
2025-06-26 09:02:06,206 - gui.flash_sinter_gui - WARNING - Skipping invalid readings
2025-06-26 09:02:06,283 - gui.flash_sinter_gui - WARNING - Skipping invalid readings
2025-06-26 09:02:06,370 - gui.flash_sinter_gui - WARNING - Skipping invalid readings
2025-06-26 09:02:06,441 - gui.flash_sinter_gui - WARNING - Skipping invalid readings
2025-06-26 09:02:06,518 - gui.flash_sinter_gui - WARNING - Skipping invalid readings
2025-06-26 09:02:06,599 - gui.flash_sinter_gui - WARNING - Skipping invalid readings
2025-06-26 09:02:06,673 - gui.flash_sinter_gui - WARNING - Skipping invalid readings
2025-06-26 09:02:06,748 - gui.flash_sinter_gui - WARNING - Skipping invalid readings
2025-06-26 09:02:06,816 - gui.flash_sinter_gui - WARNING - Skipping invalid readings
2025-06-26 09:02:06,900 - gui.flash_sinter_gui - WARNING - Skipping invalid readings
2025-06-26 09:02:06,991 - gui.flash_sinter_gui - WARNING - Skipping invalid readings
2025-06-26 09:02:07,080 - gui.flash_sinter_gui - WARNING - Skipping invalid readings
2025-06-26 09:02:07,170 - gui.flash_sinter_gui - WARNING - Skipping invalid readings
2025-06-26 09:02:07,248 - gui.flash_sinter_gui - WARNING - Skipping invalid readings
2025-06-26 09:02:07,324 - gui.flash_sinter_gui - WARNING - Skipping invalid readings
2025-06-26 09:02:07,394 - gui.flash_sinter_gui - WARNING - Skipping invalid readings
2025-06-26 09:02:07,470 - gui.flash_sinter_gui - WARNING - Skipping invalid readings
2025-06-26 09:02:07,548 - gui.flash_sinter_gui - WARNING - Skipping invalid readings
2025-06-26 09:02:07,622 - gui.flash_sinter_gui - WARNING - Skipping invalid readings
2025-06-26 09:02:07,711 - gui.flash_sinter_gui - WARNING - Skipping invalid readings
2025-06-26 09:02:07,799 - gui.flash_sinter_gui - WARNING - Skipping invalid readings
2025-06-26 09:02:07,881 - gui.flash_sinter_gui - WARNING - Skipping invalid readings
2025-06-26 09:02:07,952 - gui.flash_sinter_gui - WARNING - Skipping invalid readings
2025-06-26 09:02:08,029 - gui.flash_sinter_gui - WARNING - Skipping invalid readings
2025-06-26 09:02:08,108 - gui.flash_sinter_gui - WARNING - Skipping invalid readings
2025-06-26 09:02:08,190 - gui.flash_sinter_gui - WARNING - Skipping invalid readings
2025-06-26 09:02:08,269 - gui.flash_sinter_gui - WARNING - Skipping invalid readings
2025-06-26 09:02:08,343 - gui.flash_sinter_gui - WARNING - Skipping invalid readings
2025-06-26 09:02:08,451 - gui.flash_sinter_gui - WARNING - Skipping invalid readings
2025-06-26 09:02:08,522 - gui.flash_sinter_gui - WARNING - Skipping invalid readings
2025-06-26 09:02:08,611 - gui.flash_sinter_gui - WARNING - Skipping invalid readings
2025-06-26 09:02:08,700 - gui.flash_sinter_gui - WARNING - Skipping invalid readings
2025-06-26 09:02:08,771 - gui.flash_sinter_gui - WARNING - Skipping invalid readings
2025-06-26 09:02:08,860 - gui.flash_sinter_gui - WARNING - Skipping invalid readings
2025-06-26 09:02:08,927 - gui.flash_sinter_gui - WARNING - Skipping invalid readings
2025-06-26 09:02:09,004 - gui.flash_sinter_gui - WARNING - Skipping invalid readings
2025-06-26 09:02:09,089 - gui.flash_sinter_gui - WARNING - Skipping invalid readings
2025-06-26 09:02:09,156 - gui.flash_sinter_gui - WARNING - Skipping invalid readings
2025-06-26 09:02:09,224 - gui.flash_sinter_gui - WARNING - Skipping invalid readings
2025-06-26 09:02:09,310 - gui.flash_sinter_gui - WARNING - Skipping invalid readings
2025-06-26 09:02:09,398 - gui.flash_sinter_gui - WARNING - Skipping invalid readings
2025-06-26 09:02:09,474 - gui.flash_sinter_gui - WARNING - Skipping invalid readings
2025-06-26 09:02:09,545 - gui.flash_sinter_gui - WARNING - Skipping invalid readings
2025-06-26 09:02:09,630 - gui.flash_sinter_gui - WARNING - Skipping invalid readings
2025-06-26 09:02:09,702 - gui.flash_sinter_gui - WARNING - Skipping invalid readings
2025-06-26 09:02:09,788 - gui.flash_sinter_gui - WARNING - Skipping invalid readings
2025-06-26 09:02:09,863 - gui.flash_sinter_gui - WARNING - Skipping invalid readings
2025-06-26 09:02:09,947 - gui.flash_sinter_gui - WARNING - Skipping invalid readings
2025-06-26 09:02:10,040 - gui.flash_sinter_gui - WARNING - Skipping invalid readings
2025-06-26 09:02:10,131 - gui.flash_sinter_gui - WARNING - Skipping invalid readings
2025-06-26 09:02:10,206 - gui.flash_sinter_gui - WARNING - Skipping invalid readings
2025-06-26 09:02:10,286 - gui.flash_sinter_gui - WARNING - Skipping invalid readings
2025-06-26 09:02:10,367 - gui.flash_sinter_gui - WARNING - Skipping invalid readings
2025-06-26 09:02:10,445 - gui.flash_sinter_gui - WARNING - Skipping invalid readings
2025-06-26 09:02:10,537 - gui.flash_sinter_gui - WARNING - Skipping invalid readings
2025-06-26 09:02:10,620 - gui.flash_sinter_gui - WARNING - Skipping invalid readings
2025-06-26 09:02:10,709 - gui.flash_sinter_gui - WARNING - Skipping invalid readings
2025-06-26 09:02:10,786 - gui.flash_sinter_gui - WARNING - Skipping invalid readings
2025-06-26 09:02:10,863 - gui.flash_sinter_gui - WARNING - Skipping invalid readings
2025-06-26 09:02:10,947 - gui.flash_sinter_gui - WARNING - Skipping invalid readings
2025-06-26 09:02:11,017 - gui.flash_sinter_gui - WARNING - Skipping invalid readings
2025-06-26 09:02:11,111 - gui.flash_sinter_gui - WARNING - Skipping invalid readings
2025-06-26 09:02:11,200 - gui.flash_sinter_gui - WARNING - Skipping invalid readings
2025-06-26 09:02:11,273 - gui.flash_sinter_gui - WARNING - Skipping invalid readings
2025-06-26 09:02:11,360 - gui.flash_sinter_gui - WARNING - Skipping invalid readings
2025-06-26 09:02:11,431 - gui.flash_sinter_gui - WARNING - Skipping invalid readings
2025-06-26 09:02:11,520 - gui.flash_sinter_gui - WARNING - Skipping invalid readings
2025-06-26 09:02:11,595 - gui.flash_sinter_gui - WARNING - Skipping invalid readings
2025-06-26 09:02:11,670 - gui.flash_sinter_gui - WARNING - Skipping invalid readings
2025-06-26 09:02:11,749 - gui.flash_sinter_gui - WARNING - Skipping invalid readings
2025-06-26 09:02:11,829 - gui.flash_sinter_gui - WARNING - Skipping invalid readings
2025-06-26 09:02:11,918 - gui.flash_sinter_gui - WARNING - Skipping invalid readings
2025-06-26 09:02:12,011 - gui.flash_sinter_gui - WARNING - Skipping invalid readings
2025-06-26 09:02:12,090 - gui.flash_sinter_gui - WARNING - Skipping invalid readings
2025-06-26 09:02:12,160 - gui.flash_sinter_gui - WARNING - Skipping invalid readings
2025-06-26 09:02:12,240 - gui.flash_sinter_gui - WARNING - Skipping invalid readings
2025-06-26 09:02:12,306 - gui.flash_sinter_gui - WARNING - Skipping invalid readings
2025-06-26 09:02:12,372 - gui.flash_sinter_gui - WARNING - Skipping invalid readings
2025-06-26 09:02:12,452 - gui.flash_sinter_gui - WARNING - Skipping invalid readings
2025-06-26 09:02:12,539 - gui.flash_sinter_gui - WARNING - Skipping invalid readings
2025-06-26 09:02:12,612 - gui.flash_sinter_gui - WARNING - Skipping invalid readings
2025-06-26 09:02:12,692 - gui.flash_sinter_gui - WARNING - Skipping invalid readings
2025-06-26 09:02:12,771 - gui.flash_sinter_gui - WARNING - Skipping invalid readings
2025-06-26 09:02:12,849 - gui.flash_sinter_gui - WARNING - Skipping invalid readings
2025-06-26 09:02:12,940 - gui.flash_sinter_gui - WARNING - Skipping invalid readings
2025-06-26 09:02:13,012 - gui.flash_sinter_gui - WARNING - Skipping invalid readings
2025-06-26 09:02:13,099 - gui.flash_sinter_gui - WARNING - Skipping invalid readings
2025-06-26 09:02:13,191 - gui.flash_sinter_gui - WARNING - Skipping invalid readings
2025-06-26 09:02:13,269 - gui.flash_sinter_gui - WARNING - Skipping invalid readings
2025-06-26 09:02:13,345 - gui.flash_sinter_gui - WARNING - Skipping invalid readings
2025-06-26 09:02:13,425 - gui.flash_sinter_gui - WARNING - Skipping invalid readings
2025-06-26 09:02:13,509 - gui.flash_sinter_gui - WARNING - Skipping invalid readings
2025-06-26 09:02:13,587 - gui.flash_sinter_gui - WARNING - Skipping invalid readings
2025-06-26 09:02:13,680 - gui.flash_sinter_gui - WARNING - Skipping invalid readings
2025-06-26 09:02:13,753 - gui.flash_sinter_gui - WARNING - Skipping invalid readings
2025-06-26 09:02:13,839 - gui.flash_sinter_gui - WARNING - Skipping invalid readings
2025-06-26 09:02:13,930 - gui.flash_sinter_gui - WARNING - Skipping invalid readings
2025-06-26 09:02:14,004 - gui.flash_sinter_gui - WARNING - Skipping invalid readings
2025-06-26 09:02:14,090 - gui.flash_sinter_gui - WARNING - Skipping invalid readings
2025-06-26 09:02:14,170 - gui.flash_sinter_gui - WARNING - Skipping invalid readings
2025-06-26 09:02:14,249 - gui.flash_sinter_gui - WARNING - Skipping invalid readings
2025-06-26 09:02:14,330 - gui.flash_sinter_gui - WARNING - Skipping invalid readings
2025-06-26 09:02:14,403 - gui.flash_sinter_gui - WARNING - Skipping invalid readings
2025-06-26 09:02:14,500 - gui.flash_sinter_gui - WARNING - Skipping invalid readings
2025-06-26 09:02:14,591 - gui.flash_sinter_gui - WARNING - Skipping invalid readings
2025-06-26 09:02:14,665 - gui.flash_sinter_gui - WARNING - Skipping invalid readings
2025-06-26 09:02:14,749 - gui.flash_sinter_gui - WARNING - Skipping invalid readings
2025-06-26 09:02:14,818 - gui.flash_sinter_gui - WARNING - Skipping invalid readings
2025-06-26 09:02:14,900 - gui.flash_sinter_gui - WARNING - Skipping invalid readings
2025-06-26 09:02:14,989 - gui.flash_sinter_gui - WARNING - Skipping invalid readings
2025-06-26 09:02:15,062 - gui.flash_sinter_gui - WARNING - Skipping invalid readings
2025-06-26 09:02:15,150 - gui.flash_sinter_gui - WARNING - Skipping invalid readings
2025-06-26 09:02:15,226 - gui.flash_sinter_gui - WARNING - Skipping invalid readings
2025-06-26 09:02:15,295 - gui.flash_sinter_gui - WARNING - Skipping invalid readings
2025-06-26 09:02:15,380 - gui.flash_sinter_gui - WARNING - Skipping invalid readings
2025-06-26 09:02:15,469 - gui.flash_sinter_gui - WARNING - Skipping invalid readings
2025-06-26 09:02:15,556 - gui.flash_sinter_gui - WARNING - Skipping invalid readings
2025-06-26 09:02:15,640 - gui.flash_sinter_gui - WARNING - Skipping invalid readings
2025-06-26 09:02:15,729 - gui.flash_sinter_gui - WARNING - Skipping invalid readings
2025-06-26 09:02:15,821 - gui.flash_sinter_gui - WARNING - Skipping invalid readings
2025-06-26 09:02:15,910 - gui.flash_sinter_gui - WARNING - Skipping invalid readings
2025-06-26 09:02:16,000 - gui.flash_sinter_gui - WARNING - Skipping invalid readings
2025-06-26 09:02:16,073 - gui.flash_sinter_gui - WARNING - Skipping invalid readings
2025-06-26 09:02:16,149 - gui.flash_sinter_gui - WARNING - Skipping invalid readings
2025-06-26 09:02:16,240 - gui.flash_sinter_gui - WARNING - Skipping invalid readings
2025-06-26 09:02:16,320 - gui.flash_sinter_gui - WARNING - Skipping invalid readings
2025-06-26 09:02:16,393 - gui.flash_sinter_gui - WARNING - Skipping invalid readings
2025-06-26 09:02:16,465 - gui.flash_sinter_gui - WARNING - Skipping invalid readings
2025-06-26 09:02:16,550 - gui.flash_sinter_gui - WARNING - Skipping invalid readings
2025-06-26 09:02:16,630 - gui.flash_sinter_gui - WARNING - Skipping invalid readings
2025-06-26 09:02:16,720 - gui.flash_sinter_gui - WARNING - Skipping invalid readings
2025-06-26 09:02:16,799 - gui.flash_sinter_gui - WARNING - Skipping invalid readings
2025-06-26 09:02:16,866 - gui.flash_sinter_gui - WARNING - Skipping invalid readings
2025-06-26 09:02:16,934 - gui.flash_sinter_gui - WARNING - Skipping invalid readings
2025-06-26 09:02:17,019 - gui.flash_sinter_gui - WARNING - Skipping invalid readings
2025-06-26 09:02:17,086 - gui.flash_sinter_gui - WARNING - Skipping invalid readings
2025-06-26 09:02:17,171 - gui.flash_sinter_gui - WARNING - Skipping invalid readings
2025-06-26 09:02:17,248 - gui.flash_sinter_gui - WARNING - Skipping invalid readings
2025-06-26 09:02:17,340 - gui.flash_sinter_gui - WARNING - Skipping invalid readings
2025-06-26 09:02:17,413 - gui.flash_sinter_gui - WARNING - Skipping invalid readings
2025-06-26 09:02:17,498 - gui.flash_sinter_gui - WARNING - Skipping invalid readings
2025-06-26 09:02:17,574 - gui.flash_sinter_gui - WARNING - Skipping invalid readings
2025-06-26 09:02:17,658 - gui.flash_sinter_gui - WARNING - Skipping invalid readings
2025-06-26 09:02:17,739 - gui.flash_sinter_gui - WARNING - Skipping invalid readings
2025-06-26 09:02:17,757 - gui.flash_sinter_gui - INFO - Apply Parameters and Change Condition buttons disabled
2025-06-26 09:02:17,757 - gui.flash_sinter_gui - INFO - Neumorphic start button reset to inactive state - acquisition stopped
2025-06-26 09:02:17,760 - gui.flash_sinter_gui - INFO - Stopped process
2025-06-26 09:02:17,761 - gui.flash_sinter_gui - INFO - Closed data file: None
2025-06-26 09:02:21,691 - gui.flash_sinter_gui - INFO - Selected file for saving: C:/Users/user/Desktop/DEVA/flash control_sci_25-06-2025_/data/experiment_data_20250626_090220.txt
2025-06-26 09:02:22,749 - gui.flash_sinter_gui - INFO - Apply Parameters and Change Condition buttons enabled
2025-06-26 09:02:22,750 - gui.flash_sinter_gui - INFO - Neumorphic start button activated
2025-06-26 09:02:22,750 - gui.flash_sinter_gui - INFO - Data will be saved to: C:/Users/user/Desktop/DEVA/flash control_sci_25-06-2025_/data/experiment_data_20250626_090220.txt
2025-06-26 09:02:22,751 - gui.flash_sinter_gui - INFO - Updated parameters: 0.4, 1.6, 1.0, 30.0, 100.0, Flash Time: 60.0s
2025-06-26 09:02:22,751 - gui.flash_sinter_gui - INFO - Calculated voltage: 12.00V, current: 160.00mA
2025-06-26 09:02:24,135 - gui.flash_sinter_gui - INFO - Started process with V=12.0V, I=160.0mA
2025-06-26 09:02:24,136 - gui.flash_sinter_gui - INFO - Started saving data to C:/Users/user/Desktop/DEVA/flash control_sci_25-06-2025_/data/experiment_data_20250626_090220.txt
2025-06-26 09:02:24,156 - gui.flash_sinter_gui - WARNING - Skipping invalid readings
2025-06-26 09:02:24,244 - gui.flash_sinter_gui - WARNING - Skipping invalid readings
2025-06-26 09:02:24,328 - gui.flash_sinter_gui - WARNING - Skipping invalid readings
2025-06-26 09:02:24,420 - gui.flash_sinter_gui - WARNING - Skipping invalid readings
2025-06-26 09:02:24,487 - gui.flash_sinter_gui - WARNING - Skipping invalid readings
2025-06-26 09:02:24,568 - gui.flash_sinter_gui - WARNING - Skipping invalid readings
2025-06-26 09:02:24,660 - gui.flash_sinter_gui - WARNING - Skipping invalid readings
2025-06-26 09:02:24,733 - gui.flash_sinter_gui - WARNING - Skipping invalid readings
2025-06-26 09:02:24,804 - gui.flash_sinter_gui - WARNING - Skipping invalid readings
2025-06-26 09:02:24,889 - gui.flash_sinter_gui - WARNING - Skipping invalid readings
2025-06-26 09:02:24,970 - gui.flash_sinter_gui - WARNING - Skipping invalid readings
2025-06-26 09:02:25,044 - gui.flash_sinter_gui - WARNING - Skipping invalid readings
2025-06-26 09:02:25,115 - gui.flash_sinter_gui - WARNING - Skipping invalid readings
2025-06-26 09:02:25,184 - gui.flash_sinter_gui - WARNING - Skipping invalid readings
2025-06-26 09:02:25,253 - gui.flash_sinter_gui - WARNING - Skipping invalid readings
2025-06-26 09:02:25,341 - gui.flash_sinter_gui - WARNING - Skipping invalid readings
2025-06-26 09:02:25,414 - gui.flash_sinter_gui - WARNING - Skipping invalid readings
2025-06-26 09:02:25,484 - gui.flash_sinter_gui - WARNING - Skipping invalid readings
2025-06-26 09:02:25,580 - gui.flash_sinter_gui - WARNING - Skipping invalid readings
2025-06-26 09:02:25,669 - gui.flash_sinter_gui - WARNING - Skipping invalid readings
2025-06-26 09:02:25,752 - gui.flash_sinter_gui - WARNING - Skipping invalid readings
2025-06-26 09:02:25,830 - gui.flash_sinter_gui - WARNING - Skipping invalid readings
2025-06-26 09:02:25,917 - gui.flash_sinter_gui - WARNING - Skipping invalid readings
2025-06-26 09:02:25,993 - gui.flash_sinter_gui - WARNING - Skipping invalid readings
2025-06-26 09:02:26,069 - gui.flash_sinter_gui - WARNING - Skipping invalid readings
2025-06-26 09:02:26,161 - gui.flash_sinter_gui - WARNING - Skipping invalid readings
2025-06-26 09:02:26,234 - gui.flash_sinter_gui - WARNING - Skipping invalid readings
2025-06-26 09:02:26,331 - gui.flash_sinter_gui - WARNING - Skipping invalid readings
2025-06-26 09:02:26,419 - gui.flash_sinter_gui - WARNING - Skipping invalid readings
2025-06-26 09:02:26,501 - gui.flash_sinter_gui - WARNING - Skipping invalid readings
2025-06-26 09:02:26,589 - gui.flash_sinter_gui - WARNING - Skipping invalid readings
2025-06-26 09:02:26,688 - gui.flash_sinter_gui - WARNING - Skipping invalid readings
2025-06-26 09:02:26,770 - gui.flash_sinter_gui - WARNING - Skipping invalid readings
2025-06-26 09:02:26,859 - gui.flash_sinter_gui - WARNING - Skipping invalid readings
2025-06-26 09:02:26,932 - gui.flash_sinter_gui - WARNING - Skipping invalid readings
2025-06-26 09:02:27,030 - gui.flash_sinter_gui - WARNING - Skipping invalid readings
2025-06-26 09:02:27,120 - gui.flash_sinter_gui - WARNING - Skipping invalid readings
2025-06-26 09:02:27,208 - gui.flash_sinter_gui - WARNING - Skipping invalid readings
2025-06-26 09:02:27,290 - gui.flash_sinter_gui - WARNING - Skipping invalid readings
2025-06-26 09:02:27,363 - gui.flash_sinter_gui - WARNING - Skipping invalid readings
2025-06-26 09:02:27,448 - gui.flash_sinter_gui - WARNING - Skipping invalid readings
2025-06-26 09:02:27,540 - gui.flash_sinter_gui - WARNING - Skipping invalid readings
2025-06-26 09:02:27,629 - gui.flash_sinter_gui - WARNING - Skipping invalid readings
2025-06-26 09:02:27,729 - gui.flash_sinter_gui - WARNING - Skipping invalid readings
2025-06-26 09:02:27,808 - gui.flash_sinter_gui - WARNING - Skipping invalid readings
2025-06-26 09:02:27,885 - gui.flash_sinter_gui - WARNING - Skipping invalid readings
2025-06-26 09:02:27,980 - gui.flash_sinter_gui - WARNING - Skipping invalid readings
2025-06-26 09:02:28,080 - gui.flash_sinter_gui - WARNING - Skipping invalid readings
2025-06-26 09:02:28,180 - gui.flash_sinter_gui - WARNING - Skipping invalid readings
2025-06-26 09:02:28,270 - gui.flash_sinter_gui - WARNING - Skipping invalid readings
2025-06-26 09:02:28,359 - gui.flash_sinter_gui - WARNING - Skipping invalid readings
2025-06-26 09:02:28,449 - gui.flash_sinter_gui - WARNING - Skipping invalid readings
2025-06-26 09:02:28,523 - gui.flash_sinter_gui - WARNING - Skipping invalid readings
2025-06-26 09:02:28,617 - gui.flash_sinter_gui - WARNING - Skipping invalid readings
2025-06-26 09:02:28,700 - gui.flash_sinter_gui - WARNING - Skipping invalid readings
2025-06-26 09:02:28,780 - gui.flash_sinter_gui - WARNING - Skipping invalid readings
2025-06-26 09:02:28,854 - gui.flash_sinter_gui - WARNING - Skipping invalid readings
2025-06-26 09:02:28,934 - gui.flash_sinter_gui - WARNING - Skipping invalid readings
2025-06-26 09:02:29,019 - gui.flash_sinter_gui - WARNING - Skipping invalid readings
2025-06-26 09:02:29,110 - gui.flash_sinter_gui - WARNING - Skipping invalid readings
2025-06-26 09:02:29,198 - gui.flash_sinter_gui - WARNING - Skipping invalid readings
2025-06-26 09:02:29,273 - gui.flash_sinter_gui - WARNING - Skipping invalid readings
2025-06-26 09:02:29,360 - gui.flash_sinter_gui - WARNING - Skipping invalid readings
2025-06-26 09:02:29,450 - gui.flash_sinter_gui - WARNING - Skipping invalid readings
2025-06-26 09:02:29,531 - gui.flash_sinter_gui - WARNING - Skipping invalid readings
2025-06-26 09:02:29,609 - gui.flash_sinter_gui - WARNING - Skipping invalid readings
2025-06-26 09:02:29,690 - gui.flash_sinter_gui - WARNING - Skipping invalid readings
2025-06-26 09:02:29,765 - gui.flash_sinter_gui - WARNING - Skipping invalid readings
2025-06-26 09:02:29,850 - gui.flash_sinter_gui - WARNING - Skipping invalid readings
2025-06-26 09:02:29,930 - gui.flash_sinter_gui - WARNING - Skipping invalid readings
2025-06-26 09:02:30,010 - gui.flash_sinter_gui - WARNING - Skipping invalid readings
2025-06-26 09:02:30,100 - gui.flash_sinter_gui - WARNING - Skipping invalid readings
2025-06-26 09:02:30,174 - gui.flash_sinter_gui - WARNING - Skipping invalid readings
2025-06-26 09:02:30,269 - gui.flash_sinter_gui - WARNING - Skipping invalid readings
2025-06-26 09:02:30,351 - gui.flash_sinter_gui - WARNING - Skipping invalid readings
2025-06-26 09:02:30,430 - gui.flash_sinter_gui - WARNING - Skipping invalid readings
2025-06-26 09:02:30,505 - gui.flash_sinter_gui - WARNING - Skipping invalid readings
2025-06-26 09:02:30,601 - gui.flash_sinter_gui - WARNING - Skipping invalid readings
2025-06-26 09:02:30,678 - gui.flash_sinter_gui - WARNING - Skipping invalid readings
2025-06-26 09:02:30,769 - gui.flash_sinter_gui - WARNING - Skipping invalid readings
2025-06-26 09:02:30,850 - gui.flash_sinter_gui - WARNING - Skipping invalid readings
2025-06-26 09:02:30,928 - gui.flash_sinter_gui - WARNING - Skipping invalid readings
2025-06-26 09:02:31,019 - gui.flash_sinter_gui - WARNING - Skipping invalid readings
2025-06-26 09:02:31,121 - gui.flash_sinter_gui - WARNING - Skipping invalid readings
2025-06-26 09:02:31,193 - gui.flash_sinter_gui - WARNING - Skipping invalid readings
2025-06-26 09:02:31,289 - gui.flash_sinter_gui - WARNING - Skipping invalid readings
2025-06-26 09:02:31,362 - gui.flash_sinter_gui - WARNING - Skipping invalid readings
2025-06-26 09:02:31,440 - gui.flash_sinter_gui - WARNING - Skipping invalid readings
2025-06-26 09:02:31,529 - gui.flash_sinter_gui - WARNING - Skipping invalid readings
2025-06-26 09:02:31,631 - gui.flash_sinter_gui - WARNING - Skipping invalid readings
2025-06-26 09:02:31,702 - gui.flash_sinter_gui - WARNING - Skipping invalid readings
2025-06-26 09:02:31,776 - gui.flash_sinter_gui - WARNING - Skipping invalid readings
2025-06-26 09:02:31,857 - gui.flash_sinter_gui - WARNING - Skipping invalid readings
2025-06-26 09:02:31,958 - gui.flash_sinter_gui - WARNING - Skipping invalid readings
2025-06-26 09:02:32,039 - gui.flash_sinter_gui - WARNING - Skipping invalid readings
2025-06-26 09:02:32,130 - gui.flash_sinter_gui - WARNING - Skipping invalid readings
2025-06-26 09:02:32,216 - gui.flash_sinter_gui - WARNING - Skipping invalid readings
2025-06-26 09:02:32,300 - gui.flash_sinter_gui - WARNING - Skipping invalid readings
2025-06-26 09:02:32,380 - gui.flash_sinter_gui - WARNING - Skipping invalid readings
2025-06-26 09:02:32,455 - gui.flash_sinter_gui - WARNING - Skipping invalid readings
2025-06-26 09:02:32,525 - gui.flash_sinter_gui - WARNING - Skipping invalid readings
2025-06-26 09:02:32,609 - gui.flash_sinter_gui - WARNING - Skipping invalid readings
2025-06-26 09:02:32,690 - gui.flash_sinter_gui - WARNING - Skipping invalid readings
2025-06-26 09:02:32,778 - gui.flash_sinter_gui - WARNING - Skipping invalid readings
2025-06-26 09:02:32,866 - gui.flash_sinter_gui - WARNING - Skipping invalid readings
2025-06-26 09:02:32,945 - gui.flash_sinter_gui - WARNING - Skipping invalid readings
2025-06-26 09:02:33,029 - gui.flash_sinter_gui - WARNING - Skipping invalid readings
2025-06-26 09:02:33,109 - gui.flash_sinter_gui - WARNING - Skipping invalid readings
2025-06-26 09:02:33,190 - gui.flash_sinter_gui - WARNING - Skipping invalid readings
2025-06-26 09:02:33,268 - gui.flash_sinter_gui - WARNING - Skipping invalid readings
2025-06-26 09:02:33,347 - gui.flash_sinter_gui - WARNING - Skipping invalid readings
2025-06-26 09:02:33,440 - gui.flash_sinter_gui - WARNING - Skipping invalid readings
2025-06-26 09:02:33,530 - gui.flash_sinter_gui - WARNING - Skipping invalid readings
2025-06-26 09:02:33,618 - gui.flash_sinter_gui - WARNING - Skipping invalid readings
2025-06-26 09:02:33,699 - gui.flash_sinter_gui - WARNING - Skipping invalid readings
2025-06-26 09:02:33,779 - gui.flash_sinter_gui - WARNING - Skipping invalid readings
2025-06-26 09:02:33,853 - gui.flash_sinter_gui - WARNING - Skipping invalid readings
2025-06-26 09:02:33,940 - gui.flash_sinter_gui - WARNING - Skipping invalid readings
2025-06-26 09:02:34,013 - gui.flash_sinter_gui - WARNING - Skipping invalid readings
2025-06-26 09:02:34,102 - gui.flash_sinter_gui - WARNING - Skipping invalid readings
2025-06-26 09:02:34,189 - gui.flash_sinter_gui - WARNING - Skipping invalid readings
2025-06-26 09:02:34,258 - gui.flash_sinter_gui - WARNING - Skipping invalid readings
2025-06-26 09:02:34,343 - gui.flash_sinter_gui - WARNING - Skipping invalid readings
2025-06-26 09:02:34,430 - gui.flash_sinter_gui - WARNING - Skipping invalid readings
2025-06-26 09:02:34,500 - gui.flash_sinter_gui - WARNING - Skipping invalid readings
2025-06-26 09:02:34,568 - gui.flash_sinter_gui - WARNING - Skipping invalid readings
2025-06-26 09:02:34,644 - gui.flash_sinter_gui - WARNING - Skipping invalid readings
2025-06-26 09:02:34,730 - gui.flash_sinter_gui - WARNING - Skipping invalid readings
2025-06-26 09:02:34,808 - gui.flash_sinter_gui - WARNING - Skipping invalid readings
2025-06-26 09:02:34,877 - gui.flash_sinter_gui - WARNING - Skipping invalid readings
2025-06-26 09:02:34,970 - gui.flash_sinter_gui - WARNING - Skipping invalid readings
2025-06-26 09:02:35,044 - gui.flash_sinter_gui - WARNING - Skipping invalid readings
2025-06-26 09:02:35,117 - gui.flash_sinter_gui - WARNING - Skipping invalid readings
2025-06-26 09:02:35,201 - gui.flash_sinter_gui - WARNING - Skipping invalid readings
2025-06-26 09:02:35,299 - gui.flash_sinter_gui - WARNING - Skipping invalid readings
2025-06-26 09:02:35,373 - gui.flash_sinter_gui - WARNING - Skipping invalid readings
2025-06-26 09:02:35,461 - gui.flash_sinter_gui - WARNING - Skipping invalid readings
2025-06-26 09:02:35,547 - gui.flash_sinter_gui - WARNING - Skipping invalid readings
2025-06-26 09:02:35,629 - gui.flash_sinter_gui - WARNING - Skipping invalid readings
2025-06-26 09:02:35,706 - gui.flash_sinter_gui - WARNING - Skipping invalid readings
2025-06-26 09:02:35,790 - gui.flash_sinter_gui - WARNING - Skipping invalid readings
2025-06-26 09:02:35,868 - gui.flash_sinter_gui - WARNING - Skipping invalid readings
2025-06-26 09:02:35,869 - gui.flash_sinter_gui - INFO - Apply Parameters and Change Condition buttons disabled
2025-06-26 09:02:35,869 - gui.flash_sinter_gui - INFO - Neumorphic start button reset to inactive state - acquisition stopped
2025-06-26 09:02:35,873 - gui.flash_sinter_gui - INFO - Stopped process
2025-06-26 09:02:35,873 - gui.flash_sinter_gui - INFO - Closed data file: None
2025-06-26 09:02:39,688 - gui.flash_sinter_gui - INFO - Arduino response: Stepper motor control initialized
2025-06-26 09:02:39,786 - gui.flash_sinter_gui - INFO - Application closed and resources cleaned up
