2025-06-26 08:58:08,797 - controllers.daq_keithley_controller - INFO - NI-DAQ tasks initialized successfully
2025-06-26 08:58:09,340 - controllers.daq_keithley_controller - ERROR - Error initializing Keithley: VI_ERROR_RSRC_NFOUND (-1073807343): Insufficient location information or the requested device or resource is not present in the system.
2025-06-26 08:58:09,405 - controllers.device_controller - INFO - DAQ: Connected to Dev1
2025-06-26 08:58:09,648 - controllers.device_controller - ERROR - Keithley: Device USB0::0x05E6::0x6500::04645387::INSTR not found. Available devices: (ASRL11::INSTR)
2025-06-26 08:58:09,650 - controllers.device_controller - INFO - DAQ analog input initialized
2025-06-26 08:58:09,652 - controllers.device_controller - INFO - DAQ analog output initialized
2025-06-26 08:58:09,652 - controllers.device_controller - ERROR - Keithley not available - cannot initialize
2025-06-26 08:58:11,947 - controllers.device_controller - INFO - Set voltage limit to 12.0V, current limit to 160.0mA (not applied yet)
2025-06-26 08:58:17,721 - controllers.device_controller - INFO - Set voltage limit to 12.0V, current limit to 160.0mA (not applied yet)
2025-06-26 08:58:20,377 - controllers.device_controller - INFO - DAQ: Connected to Dev1
2025-06-26 08:58:20,457 - controllers.device_controller - ERROR - Keithley: Device USB0::0x05E6::0x6500::04645387::INSTR not found. Available devices: (ASRL11::INSTR)
2025-06-26 08:58:23,240 - controllers.device_controller - INFO - DAQ: Connected to Dev1
2025-06-26 08:58:23,248 - controllers.device_controller - ERROR - Keithley: Device USB0::0x05E6::0x6500::04645387::INSTR not found. Available devices: (ASRL11::INSTR)
2025-06-26 09:02:02,736 - controllers.device_controller - INFO - DAQ: Connected to Dev1
2025-06-26 09:02:02,823 - controllers.device_controller - INFO - Keithley: Connected to USB0::0x05E6::0x6500::04645387::INSTR
2025-06-26 09:02:02,824 - controllers.device_controller - INFO - Starting process
2025-06-26 09:02:02,824 - controllers.device_controller - INFO - Reset CV/CC tracking - starting in CV mode
2025-06-26 09:02:02,825 - controllers.device_controller - INFO - Set voltage limit to 12.0V, current limit to 160.0mA (not applied yet)
2025-06-26 09:02:02,827 - controllers.daq_keithley_controller - DEBUG - Set DAQ outputs - V: 12.00V->(0.200V), I: 160.00mA->(0.400V)
2025-06-26 09:02:02,827 - controllers.daq_keithley_controller - DEBUG - MATLAB equivalent would be: V->(0.200V), I->(0.400V)
2025-06-26 09:02:02,828 - controllers.device_controller - INFO - Applied voltage limit: 12.0V, current limit: 160.0mA
2025-06-26 09:02:02,828 - controllers.device_controller - INFO - Process started - V: 12.0V, I: 160.0mA (CV mode)
2025-06-26 09:02:02,893 - controllers.device_controller - DEBUG - [DAQ] Raw: [0.1912511817274698, 0.1912511817274698], Mean: 0.1913 V, Scaled: 11.48 V
2025-06-26 09:02:02,895 - controllers.device_controller - ERROR - Keithley not available
2025-06-26 09:02:02,987 - controllers.device_controller - DEBUG - [DAQ] Raw: [0.20143970019122648, 0.20143970019122648], Mean: 0.2014 V, Scaled: 12.09 V
2025-06-26 09:02:02,989 - controllers.device_controller - ERROR - Keithley not available
2025-06-26 09:02:03,065 - controllers.device_controller - DEBUG - [DAQ] Raw: [0.20143970019122648, 0.20143970019122648], Mean: 0.2014 V, Scaled: 12.09 V
2025-06-26 09:02:03,067 - controllers.device_controller - ERROR - Keithley not available
2025-06-26 09:02:03,135 - controllers.device_controller - DEBUG - [DAQ] Raw: [0.20143970019122648, 0.20143970019122648], Mean: 0.2014 V, Scaled: 12.09 V
2025-06-26 09:02:03,136 - controllers.device_controller - ERROR - Keithley not available
2025-06-26 09:02:03,215 - controllers.device_controller - DEBUG - [DAQ] Raw: [0.20143970019122648, 0.20143970019122648], Mean: 0.2014 V, Scaled: 12.09 V
2025-06-26 09:02:03,217 - controllers.device_controller - ERROR - Keithley not available
2025-06-26 09:02:03,286 - controllers.device_controller - DEBUG - [DAQ] Raw: [0.1912511817274698, 0.20143970019122648], Mean: 0.1963 V, Scaled: 11.78 V
2025-06-26 09:02:03,288 - controllers.device_controller - ERROR - Keithley not available
2025-06-26 09:02:03,377 - controllers.device_controller - DEBUG - [DAQ] Raw: [0.1912511817274698, 0.21162821865498316], Mean: 0.2014 V, Scaled: 12.09 V
2025-06-26 09:02:03,380 - controllers.device_controller - ERROR - Keithley not available
2025-06-26 09:02:03,449 - controllers.device_controller - DEBUG - [DAQ] Raw: [0.20143970019122648, 0.1912511817274698], Mean: 0.1963 V, Scaled: 11.78 V
2025-06-26 09:02:03,450 - controllers.device_controller - ERROR - Keithley not available
2025-06-26 09:02:03,537 - controllers.device_controller - DEBUG - [DAQ] Raw: [0.1912511817274698, 0.1912511817274698], Mean: 0.1913 V, Scaled: 11.48 V
2025-06-26 09:02:03,539 - controllers.device_controller - ERROR - Keithley not available
2025-06-26 09:02:03,618 - controllers.device_controller - DEBUG - [DAQ] Raw: [0.20143970019122648, 0.20143970019122648], Mean: 0.2014 V, Scaled: 12.09 V
2025-06-26 09:02:03,620 - controllers.device_controller - ERROR - Keithley not available
2025-06-26 09:02:03,707 - controllers.device_controller - DEBUG - [DAQ] Raw: [0.20143970019122648, 0.20143970019122648], Mean: 0.2014 V, Scaled: 12.09 V
2025-06-26 09:02:03,709 - controllers.device_controller - ERROR - Keithley not available
2025-06-26 09:02:03,785 - controllers.device_controller - DEBUG - [DAQ] Raw: [0.20143970019122648, 0.1912511817274698], Mean: 0.1963 V, Scaled: 11.78 V
2025-06-26 09:02:03,785 - controllers.device_controller - ERROR - Keithley not available
2025-06-26 09:02:03,867 - controllers.device_controller - DEBUG - [DAQ] Raw: [0.1912511817274698, 0.20143970019122648], Mean: 0.1963 V, Scaled: 11.78 V
2025-06-26 09:02:03,869 - controllers.device_controller - ERROR - Keithley not available
2025-06-26 09:02:03,943 - controllers.device_controller - DEBUG - [DAQ] Raw: [0.20143970019122648, 0.20143970019122648], Mean: 0.2014 V, Scaled: 12.09 V
2025-06-26 09:02:03,944 - controllers.device_controller - ERROR - Keithley not available
2025-06-26 09:02:04,027 - controllers.device_controller - DEBUG - [DAQ] Raw: [0.1912511817274698, 0.21162821865498316], Mean: 0.2014 V, Scaled: 12.09 V
2025-06-26 09:02:04,029 - controllers.device_controller - ERROR - Keithley not available
2025-06-26 09:02:04,100 - controllers.device_controller - DEBUG - [DAQ] Raw: [0.1912511817274698, 0.20143970019122648], Mean: 0.1963 V, Scaled: 11.78 V
2025-06-26 09:02:04,100 - controllers.device_controller - ERROR - Keithley not available
2025-06-26 09:02:04,170 - controllers.device_controller - DEBUG - [DAQ] Raw: [0.20143970019122648, 0.18106266326371312], Mean: 0.1913 V, Scaled: 11.48 V
2025-06-26 09:02:04,171 - controllers.device_controller - ERROR - Keithley not available
2025-06-26 09:02:04,242 - controllers.device_controller - DEBUG - [DAQ] Raw: [0.20143970019122648, 0.1912511817274698], Mean: 0.1963 V, Scaled: 11.78 V
2025-06-26 09:02:04,243 - controllers.device_controller - ERROR - Keithley not available
2025-06-26 09:02:04,327 - controllers.device_controller - DEBUG - [DAQ] Raw: [0.1912511817274698, 0.1912511817274698], Mean: 0.1913 V, Scaled: 11.48 V
2025-06-26 09:02:04,329 - controllers.device_controller - ERROR - Keithley not available
2025-06-26 09:02:04,417 - controllers.device_controller - DEBUG - [DAQ] Raw: [0.20143970019122648, 0.1912511817274698], Mean: 0.1963 V, Scaled: 11.78 V
2025-06-26 09:02:04,419 - controllers.device_controller - ERROR - Keithley not available
2025-06-26 09:02:04,494 - controllers.device_controller - DEBUG - [DAQ] Raw: [0.20143970019122648, 0.20143970019122648], Mean: 0.2014 V, Scaled: 12.09 V
2025-06-26 09:02:04,494 - controllers.device_controller - ERROR - Keithley not available
2025-06-26 09:02:04,572 - controllers.device_controller - DEBUG - [DAQ] Raw: [0.20143970019122648, 0.20143970019122648], Mean: 0.2014 V, Scaled: 12.09 V
2025-06-26 09:02:04,573 - controllers.device_controller - ERROR - Keithley not available
2025-06-26 09:02:04,645 - controllers.device_controller - DEBUG - [DAQ] Raw: [0.20143970019122648, 0.20143970019122648], Mean: 0.2014 V, Scaled: 12.09 V
2025-06-26 09:02:04,646 - controllers.device_controller - ERROR - Keithley not available
2025-06-26 09:02:04,719 - controllers.device_controller - DEBUG - [DAQ] Raw: [0.1912511817274698, 0.1912511817274698], Mean: 0.1913 V, Scaled: 11.48 V
2025-06-26 09:02:04,720 - controllers.device_controller - ERROR - Keithley not available
2025-06-26 09:02:04,796 - controllers.device_controller - DEBUG - [DAQ] Raw: [0.20143970019122648, 0.20143970019122648], Mean: 0.2014 V, Scaled: 12.09 V
2025-06-26 09:02:04,797 - controllers.device_controller - ERROR - Keithley not available
2025-06-26 09:02:04,865 - controllers.device_controller - DEBUG - [DAQ] Raw: [0.1912511817274698, 0.1912511817274698], Mean: 0.1913 V, Scaled: 11.48 V
2025-06-26 09:02:04,866 - controllers.device_controller - ERROR - Keithley not available
2025-06-26 09:02:04,958 - controllers.device_controller - DEBUG - [DAQ] Raw: [0.20143970019122648, 0.20143970019122648], Mean: 0.2014 V, Scaled: 12.09 V
2025-06-26 09:02:04,960 - controllers.device_controller - ERROR - Keithley not available
2025-06-26 09:02:05,046 - controllers.device_controller - DEBUG - [DAQ] Raw: [0.1912511817274698, 0.1912511817274698], Mean: 0.1913 V, Scaled: 11.48 V
2025-06-26 09:02:05,048 - controllers.device_controller - ERROR - Keithley not available
2025-06-26 09:02:05,119 - controllers.device_controller - DEBUG - [DAQ] Raw: [0.1912511817274698, 0.1912511817274698], Mean: 0.1913 V, Scaled: 11.48 V
2025-06-26 09:02:05,120 - controllers.device_controller - ERROR - Keithley not available
2025-06-26 09:02:05,196 - controllers.device_controller - DEBUG - [DAQ] Raw: [0.20143970019122648, 0.1912511817274698], Mean: 0.1963 V, Scaled: 11.78 V
2025-06-26 09:02:05,197 - controllers.device_controller - ERROR - Keithley not available
2025-06-26 09:02:05,271 - controllers.device_controller - DEBUG - [DAQ] Raw: [0.20143970019122648, 0.20143970019122648], Mean: 0.2014 V, Scaled: 12.09 V
2025-06-26 09:02:05,273 - controllers.device_controller - ERROR - Keithley not available
2025-06-26 09:02:05,357 - controllers.device_controller - DEBUG - [DAQ] Raw: [0.1912511817274698, 0.1912511817274698], Mean: 0.1913 V, Scaled: 11.48 V
2025-06-26 09:02:05,360 - controllers.device_controller - ERROR - Keithley not available
2025-06-26 09:02:05,447 - controllers.device_controller - DEBUG - [DAQ] Raw: [0.20143970019122648, 0.1912511817274698], Mean: 0.1963 V, Scaled: 11.78 V
2025-06-26 09:02:05,448 - controllers.device_controller - ERROR - Keithley not available
2025-06-26 09:02:05,537 - controllers.device_controller - DEBUG - [DAQ] Raw: [0.1912511817274698, 0.20143970019122648], Mean: 0.1963 V, Scaled: 11.78 V
2025-06-26 09:02:05,539 - controllers.device_controller - ERROR - Keithley not available
2025-06-26 09:02:05,617 - controllers.device_controller - DEBUG - [DAQ] Raw: [0.21162821865498316, 0.20143970019122648], Mean: 0.2065 V, Scaled: 12.39 V
2025-06-26 09:02:05,619 - controllers.device_controller - ERROR - Keithley not available
2025-06-26 09:02:05,697 - controllers.device_controller - DEBUG - [DAQ] Raw: [0.20143970019122648, 0.20143970019122648], Mean: 0.2014 V, Scaled: 12.09 V
2025-06-26 09:02:05,699 - controllers.device_controller - ERROR - Keithley not available
2025-06-26 09:02:05,788 - controllers.device_controller - DEBUG - [DAQ] Raw: [0.20143970019122648, 0.20143970019122648], Mean: 0.2014 V, Scaled: 12.09 V
2025-06-26 09:02:05,790 - controllers.device_controller - ERROR - Keithley not available
2025-06-26 09:02:05,878 - controllers.device_controller - DEBUG - [DAQ] Raw: [0.20143970019122648, 0.20143970019122648], Mean: 0.2014 V, Scaled: 12.09 V
2025-06-26 09:02:05,881 - controllers.device_controller - ERROR - Keithley not available
2025-06-26 09:02:05,967 - controllers.device_controller - DEBUG - [DAQ] Raw: [0.22181673711873628, 0.20143970019122648], Mean: 0.2116 V, Scaled: 12.70 V
2025-06-26 09:02:05,969 - controllers.device_controller - ERROR - Keithley not available
2025-06-26 09:02:06,039 - controllers.device_controller - DEBUG - [DAQ] Raw: [0.20143970019122648, 0.20143970019122648], Mean: 0.2014 V, Scaled: 12.09 V
2025-06-26 09:02:06,040 - controllers.device_controller - ERROR - Keithley not available
2025-06-26 09:02:06,117 - controllers.device_controller - DEBUG - [DAQ] Raw: [0.20143970019122648, 0.20143970019122648], Mean: 0.2014 V, Scaled: 12.09 V
2025-06-26 09:02:06,120 - controllers.device_controller - ERROR - Keithley not available
2025-06-26 09:02:06,206 - controllers.device_controller - DEBUG - [DAQ] Raw: [0.20143970019122648, 0.1912511817274698], Mean: 0.1963 V, Scaled: 11.78 V
2025-06-26 09:02:06,206 - controllers.device_controller - ERROR - Keithley not available
2025-06-26 09:02:06,282 - controllers.device_controller - DEBUG - [DAQ] Raw: [0.1912511817274698, 0.20143970019122648], Mean: 0.1963 V, Scaled: 11.78 V
2025-06-26 09:02:06,283 - controllers.device_controller - ERROR - Keithley not available
2025-06-26 09:02:06,367 - controllers.device_controller - DEBUG - [DAQ] Raw: [0.1912511817274698, 0.1912511817274698], Mean: 0.1913 V, Scaled: 11.48 V
2025-06-26 09:02:06,369 - controllers.device_controller - ERROR - Keithley not available
2025-06-26 09:02:06,439 - controllers.device_controller - DEBUG - [DAQ] Raw: [0.20143970019122648, 0.20143970019122648], Mean: 0.2014 V, Scaled: 12.09 V
2025-06-26 09:02:06,441 - controllers.device_controller - ERROR - Keithley not available
2025-06-26 09:02:06,517 - controllers.device_controller - DEBUG - [DAQ] Raw: [0.20143970019122648, 0.1912511817274698], Mean: 0.1963 V, Scaled: 11.78 V
2025-06-26 09:02:06,518 - controllers.device_controller - ERROR - Keithley not available
2025-06-26 09:02:06,598 - controllers.device_controller - DEBUG - [DAQ] Raw: [0.20143970019122648, 0.20143970019122648], Mean: 0.2014 V, Scaled: 12.09 V
2025-06-26 09:02:06,599 - controllers.device_controller - ERROR - Keithley not available
2025-06-26 09:02:06,672 - controllers.device_controller - DEBUG - [DAQ] Raw: [0.20143970019122648, 0.20143970019122648], Mean: 0.2014 V, Scaled: 12.09 V
2025-06-26 09:02:06,673 - controllers.device_controller - ERROR - Keithley not available
2025-06-26 09:02:06,746 - controllers.device_controller - DEBUG - [DAQ] Raw: [0.1912511817274698, 0.20143970019122648], Mean: 0.1963 V, Scaled: 11.78 V
2025-06-26 09:02:06,747 - controllers.device_controller - ERROR - Keithley not available
2025-06-26 09:02:06,815 - controllers.device_controller - DEBUG - [DAQ] Raw: [0.20143970019122648, 0.20143970019122648], Mean: 0.2014 V, Scaled: 12.09 V
2025-06-26 09:02:06,816 - controllers.device_controller - ERROR - Keithley not available
2025-06-26 09:02:06,898 - controllers.device_controller - DEBUG - [DAQ] Raw: [0.1912511817274698, 0.1912511817274698], Mean: 0.1913 V, Scaled: 11.48 V
2025-06-26 09:02:06,899 - controllers.device_controller - ERROR - Keithley not available
2025-06-26 09:02:06,987 - controllers.device_controller - DEBUG - [DAQ] Raw: [0.20143970019122648, 0.20143970019122648], Mean: 0.2014 V, Scaled: 12.09 V
2025-06-26 09:02:06,990 - controllers.device_controller - ERROR - Keithley not available
2025-06-26 09:02:07,078 - controllers.device_controller - DEBUG - [DAQ] Raw: [0.20143970019122648, 0.20143970019122648], Mean: 0.2014 V, Scaled: 12.09 V
2025-06-26 09:02:07,079 - controllers.device_controller - ERROR - Keithley not available
2025-06-26 09:02:07,166 - controllers.device_controller - DEBUG - [DAQ] Raw: [0.20143970019122648, 0.1912511817274698], Mean: 0.1963 V, Scaled: 11.78 V
2025-06-26 09:02:07,169 - controllers.device_controller - ERROR - Keithley not available
2025-06-26 09:02:07,246 - controllers.device_controller - DEBUG - [DAQ] Raw: [0.20143970019122648, 0.20143970019122648], Mean: 0.2014 V, Scaled: 12.09 V
2025-06-26 09:02:07,248 - controllers.device_controller - ERROR - Keithley not available
2025-06-26 09:02:07,322 - controllers.device_controller - DEBUG - [DAQ] Raw: [0.1912511817274698, 0.20143970019122648], Mean: 0.1963 V, Scaled: 11.78 V
2025-06-26 09:02:07,324 - controllers.device_controller - ERROR - Keithley not available
2025-06-26 09:02:07,392 - controllers.device_controller - DEBUG - [DAQ] Raw: [0.1912511817274698, 0.20143970019122648], Mean: 0.1963 V, Scaled: 11.78 V
2025-06-26 09:02:07,393 - controllers.device_controller - ERROR - Keithley not available
2025-06-26 09:02:07,467 - controllers.device_controller - DEBUG - [DAQ] Raw: [0.1912511817274698, 0.22181673711873628], Mean: 0.2065 V, Scaled: 12.39 V
2025-06-26 09:02:07,469 - controllers.device_controller - ERROR - Keithley not available
2025-06-26 09:02:07,546 - controllers.device_controller - DEBUG - [DAQ] Raw: [0.1912511817274698, 0.1912511817274698], Mean: 0.1913 V, Scaled: 11.48 V
2025-06-26 09:02:07,547 - controllers.device_controller - ERROR - Keithley not available
2025-06-26 09:02:07,621 - controllers.device_controller - DEBUG - [DAQ] Raw: [0.1912511817274698, 0.1912511817274698], Mean: 0.1913 V, Scaled: 11.48 V
2025-06-26 09:02:07,622 - controllers.device_controller - ERROR - Keithley not available
2025-06-26 09:02:07,707 - controllers.device_controller - DEBUG - [DAQ] Raw: [0.1912511817274698, 0.21162821865498316], Mean: 0.2014 V, Scaled: 12.09 V
2025-06-26 09:02:07,710 - controllers.device_controller - ERROR - Keithley not available
2025-06-26 09:02:07,797 - controllers.device_controller - DEBUG - [DAQ] Raw: [0.20143970019122648, 0.20143970019122648], Mean: 0.2014 V, Scaled: 12.09 V
2025-06-26 09:02:07,799 - controllers.device_controller - ERROR - Keithley not available
2025-06-26 09:02:07,877 - controllers.device_controller - DEBUG - [DAQ] Raw: [0.1912511817274698, 0.20143970019122648], Mean: 0.1963 V, Scaled: 11.78 V
2025-06-26 09:02:07,880 - controllers.device_controller - ERROR - Keithley not available
2025-06-26 09:02:07,951 - controllers.device_controller - DEBUG - [DAQ] Raw: [0.21162821865498316, 0.20143970019122648], Mean: 0.2065 V, Scaled: 12.39 V
2025-06-26 09:02:07,952 - controllers.device_controller - ERROR - Keithley not available
2025-06-26 09:02:08,027 - controllers.device_controller - DEBUG - [DAQ] Raw: [0.1912511817274698, 0.1912511817274698], Mean: 0.1913 V, Scaled: 11.48 V
2025-06-26 09:02:08,029 - controllers.device_controller - ERROR - Keithley not available
2025-06-26 09:02:08,106 - controllers.device_controller - DEBUG - [DAQ] Raw: [0.20143970019122648, 0.20143970019122648], Mean: 0.2014 V, Scaled: 12.09 V
2025-06-26 09:02:08,108 - controllers.device_controller - ERROR - Keithley not available
2025-06-26 09:02:08,188 - controllers.device_controller - DEBUG - [DAQ] Raw: [0.20143970019122648, 0.20143970019122648], Mean: 0.2014 V, Scaled: 12.09 V
2025-06-26 09:02:08,189 - controllers.device_controller - ERROR - Keithley not available
2025-06-26 09:02:08,268 - controllers.device_controller - DEBUG - [DAQ] Raw: [0.20143970019122648, 0.1912511817274698], Mean: 0.1963 V, Scaled: 11.78 V
2025-06-26 09:02:08,269 - controllers.device_controller - ERROR - Keithley not available
2025-06-26 09:02:08,341 - controllers.device_controller - DEBUG - [DAQ] Raw: [0.21162821865498316, 0.20143970019122648], Mean: 0.2065 V, Scaled: 12.39 V
2025-06-26 09:02:08,343 - controllers.device_controller - ERROR - Keithley not available
2025-06-26 09:02:08,448 - controllers.device_controller - DEBUG - [DAQ] Raw: [0.20143970019122648, 0.1912511817274698], Mean: 0.1963 V, Scaled: 11.78 V
2025-06-26 09:02:08,451 - controllers.device_controller - ERROR - Keithley not available
2025-06-26 09:02:08,520 - controllers.device_controller - DEBUG - [DAQ] Raw: [0.20143970019122648, 0.20143970019122648], Mean: 0.2014 V, Scaled: 12.09 V
2025-06-26 09:02:08,521 - controllers.device_controller - ERROR - Keithley not available
2025-06-26 09:02:08,608 - controllers.device_controller - DEBUG - [DAQ] Raw: [0.1912511817274698, 0.20143970019122648], Mean: 0.1963 V, Scaled: 11.78 V
2025-06-26 09:02:08,610 - controllers.device_controller - ERROR - Keithley not available
2025-06-26 09:02:08,698 - controllers.device_controller - DEBUG - [DAQ] Raw: [0.1912511817274698, 0.1912511817274698], Mean: 0.1913 V, Scaled: 11.48 V
2025-06-26 09:02:08,700 - controllers.device_controller - ERROR - Keithley not available
2025-06-26 09:02:08,770 - controllers.device_controller - DEBUG - [DAQ] Raw: [0.20143970019122648, 0.1912511817274698], Mean: 0.1963 V, Scaled: 11.78 V
2025-06-26 09:02:08,771 - controllers.device_controller - ERROR - Keithley not available
2025-06-26 09:02:08,857 - controllers.device_controller - DEBUG - [DAQ] Raw: [0.1912511817274698, 0.1912511817274698], Mean: 0.1913 V, Scaled: 11.48 V
2025-06-26 09:02:08,859 - controllers.device_controller - ERROR - Keithley not available
2025-06-26 09:02:08,925 - controllers.device_controller - DEBUG - [DAQ] Raw: [0.1912511817274698, 0.1912511817274698], Mean: 0.1913 V, Scaled: 11.48 V
2025-06-26 09:02:08,927 - controllers.device_controller - ERROR - Keithley not available
2025-06-26 09:02:09,002 - controllers.device_controller - DEBUG - [DAQ] Raw: [0.1912511817274698, 0.20143970019122648], Mean: 0.1963 V, Scaled: 11.78 V
2025-06-26 09:02:09,004 - controllers.device_controller - ERROR - Keithley not available
2025-06-26 09:02:09,087 - controllers.device_controller - DEBUG - [DAQ] Raw: [0.1912511817274698, 0.20143970019122648], Mean: 0.1963 V, Scaled: 11.78 V
2025-06-26 09:02:09,089 - controllers.device_controller - ERROR - Keithley not available
2025-06-26 09:02:09,155 - controllers.device_controller - DEBUG - [DAQ] Raw: [0.20143970019122648, 0.21162821865498316], Mean: 0.2065 V, Scaled: 12.39 V
2025-06-26 09:02:09,156 - controllers.device_controller - ERROR - Keithley not available
2025-06-26 09:02:09,223 - controllers.device_controller - DEBUG - [DAQ] Raw: [0.20143970019122648, 0.1912511817274698], Mean: 0.1963 V, Scaled: 11.78 V
2025-06-26 09:02:09,224 - controllers.device_controller - ERROR - Keithley not available
2025-06-26 09:02:09,308 - controllers.device_controller - DEBUG - [DAQ] Raw: [0.20143970019122648, 0.20143970019122648], Mean: 0.2014 V, Scaled: 12.09 V
2025-06-26 09:02:09,309 - controllers.device_controller - ERROR - Keithley not available
2025-06-26 09:02:09,396 - controllers.device_controller - DEBUG - [DAQ] Raw: [0.1912511817274698, 0.1912511817274698], Mean: 0.1913 V, Scaled: 11.48 V
2025-06-26 09:02:09,398 - controllers.device_controller - ERROR - Keithley not available
2025-06-26 09:02:09,473 - controllers.device_controller - DEBUG - [DAQ] Raw: [0.1912511817274698, 0.20143970019122648], Mean: 0.1963 V, Scaled: 11.78 V
2025-06-26 09:02:09,474 - controllers.device_controller - ERROR - Keithley not available
2025-06-26 09:02:09,544 - controllers.device_controller - DEBUG - [DAQ] Raw: [0.20143970019122648, 0.20143970019122648], Mean: 0.2014 V, Scaled: 12.09 V
2025-06-26 09:02:09,544 - controllers.device_controller - ERROR - Keithley not available
2025-06-26 09:02:09,628 - controllers.device_controller - DEBUG - [DAQ] Raw: [0.20143970019122648, 0.20143970019122648], Mean: 0.2014 V, Scaled: 12.09 V
2025-06-26 09:02:09,629 - controllers.device_controller - ERROR - Keithley not available
2025-06-26 09:02:09,701 - controllers.device_controller - DEBUG - [DAQ] Raw: [0.20143970019122648, 0.20143970019122648], Mean: 0.2014 V, Scaled: 12.09 V
2025-06-26 09:02:09,702 - controllers.device_controller - ERROR - Keithley not available
2025-06-26 09:02:09,786 - controllers.device_controller - DEBUG - [DAQ] Raw: [0.1912511817274698, 0.20143970019122648], Mean: 0.1963 V, Scaled: 11.78 V
2025-06-26 09:02:09,787 - controllers.device_controller - ERROR - Keithley not available
2025-06-26 09:02:09,862 - controllers.device_controller - DEBUG - [DAQ] Raw: [0.20143970019122648, 0.20143970019122648], Mean: 0.2014 V, Scaled: 12.09 V
2025-06-26 09:02:09,863 - controllers.device_controller - ERROR - Keithley not available
2025-06-26 09:02:09,945 - controllers.device_controller - DEBUG - [DAQ] Raw: [0.1912511817274698, 0.1912511817274698], Mean: 0.1913 V, Scaled: 11.48 V
2025-06-26 09:02:09,947 - controllers.device_controller - ERROR - Keithley not available
2025-06-26 09:02:10,037 - controllers.device_controller - DEBUG - [DAQ] Raw: [0.20143970019122648, 0.20143970019122648], Mean: 0.2014 V, Scaled: 12.09 V
2025-06-26 09:02:10,039 - controllers.device_controller - ERROR - Keithley not available
2025-06-26 09:02:10,128 - controllers.device_controller - DEBUG - [DAQ] Raw: [0.20143970019122648, 0.20143970019122648], Mean: 0.2014 V, Scaled: 12.09 V
2025-06-26 09:02:10,131 - controllers.device_controller - ERROR - Keithley not available
2025-06-26 09:02:10,205 - controllers.device_controller - DEBUG - [DAQ] Raw: [0.20143970019122648, 0.1912511817274698], Mean: 0.1963 V, Scaled: 11.78 V
2025-06-26 09:02:10,206 - controllers.device_controller - ERROR - Keithley not available
2025-06-26 09:02:10,286 - controllers.device_controller - DEBUG - [DAQ] Raw: [0.1912511817274698, 0.20143970019122648], Mean: 0.1963 V, Scaled: 11.78 V
2025-06-26 09:02:10,286 - controllers.device_controller - ERROR - Keithley not available
2025-06-26 09:02:10,366 - controllers.device_controller - DEBUG - [DAQ] Raw: [0.20143970019122648, 0.1912511817274698], Mean: 0.1963 V, Scaled: 11.78 V
2025-06-26 09:02:10,366 - controllers.device_controller - ERROR - Keithley not available
2025-06-26 09:02:10,444 - controllers.device_controller - DEBUG - [DAQ] Raw: [0.20143970019122648, 0.1912511817274698], Mean: 0.1963 V, Scaled: 11.78 V
2025-06-26 09:02:10,445 - controllers.device_controller - ERROR - Keithley not available
2025-06-26 09:02:10,536 - controllers.device_controller - DEBUG - [DAQ] Raw: [0.1912511817274698, 0.20143970019122648], Mean: 0.1963 V, Scaled: 11.78 V
2025-06-26 09:02:10,537 - controllers.device_controller - ERROR - Keithley not available
2025-06-26 09:02:10,618 - controllers.device_controller - DEBUG - [DAQ] Raw: [0.20143970019122648, 0.20143970019122648], Mean: 0.2014 V, Scaled: 12.09 V
2025-06-26 09:02:10,619 - controllers.device_controller - ERROR - Keithley not available
2025-06-26 09:02:10,706 - controllers.device_controller - DEBUG - [DAQ] Raw: [0.20143970019122648, 0.20143970019122648], Mean: 0.2014 V, Scaled: 12.09 V
2025-06-26 09:02:10,709 - controllers.device_controller - ERROR - Keithley not available
2025-06-26 09:02:10,785 - controllers.device_controller - DEBUG - [DAQ] Raw: [0.1912511817274698, 0.20143970019122648], Mean: 0.1963 V, Scaled: 11.78 V
2025-06-26 09:02:10,786 - controllers.device_controller - ERROR - Keithley not available
2025-06-26 09:02:10,861 - controllers.device_controller - DEBUG - [DAQ] Raw: [0.1912511817274698, 0.1912511817274698], Mean: 0.1913 V, Scaled: 11.48 V
2025-06-26 09:02:10,862 - controllers.device_controller - ERROR - Keithley not available
2025-06-26 09:02:10,946 - controllers.device_controller - DEBUG - [DAQ] Raw: [0.1912511817274698, 0.20143970019122648], Mean: 0.1963 V, Scaled: 11.78 V
2025-06-26 09:02:10,947 - controllers.device_controller - ERROR - Keithley not available
2025-06-26 09:02:11,015 - controllers.device_controller - DEBUG - [DAQ] Raw: [0.20143970019122648, 0.1912511817274698], Mean: 0.1963 V, Scaled: 11.78 V
2025-06-26 09:02:11,017 - controllers.device_controller - ERROR - Keithley not available
2025-06-26 09:02:11,108 - controllers.device_controller - DEBUG - [DAQ] Raw: [0.20143970019122648, 0.20143970019122648], Mean: 0.2014 V, Scaled: 12.09 V
2025-06-26 09:02:11,110 - controllers.device_controller - ERROR - Keithley not available
2025-06-26 09:02:11,197 - controllers.device_controller - DEBUG - [DAQ] Raw: [0.20143970019122648, 0.21162821865498316], Mean: 0.2065 V, Scaled: 12.39 V
2025-06-26 09:02:11,199 - controllers.device_controller - ERROR - Keithley not available
2025-06-26 09:02:11,271 - controllers.device_controller - DEBUG - [DAQ] Raw: [0.1912511817274698, 0.1912511817274698], Mean: 0.1913 V, Scaled: 11.48 V
2025-06-26 09:02:11,272 - controllers.device_controller - ERROR - Keithley not available
2025-06-26 09:02:11,358 - controllers.device_controller - DEBUG - [DAQ] Raw: [0.1912511817274698, 0.1912511817274698], Mean: 0.1913 V, Scaled: 11.48 V
2025-06-26 09:02:11,359 - controllers.device_controller - ERROR - Keithley not available
2025-06-26 09:02:11,429 - controllers.device_controller - DEBUG - [DAQ] Raw: [0.1912511817274698, 0.20143970019122648], Mean: 0.1963 V, Scaled: 11.78 V
2025-06-26 09:02:11,431 - controllers.device_controller - ERROR - Keithley not available
2025-06-26 09:02:11,518 - controllers.device_controller - DEBUG - [DAQ] Raw: [0.20143970019122648, 0.1912511817274698], Mean: 0.1963 V, Scaled: 11.78 V
2025-06-26 09:02:11,519 - controllers.device_controller - ERROR - Keithley not available
2025-06-26 09:02:11,591 - controllers.device_controller - DEBUG - [DAQ] Raw: [0.20143970019122648, 0.1912511817274698], Mean: 0.1963 V, Scaled: 11.78 V
2025-06-26 09:02:11,594 - controllers.device_controller - ERROR - Keithley not available
2025-06-26 09:02:11,668 - controllers.device_controller - DEBUG - [DAQ] Raw: [0.21162821865498316, 0.20143970019122648], Mean: 0.2065 V, Scaled: 12.39 V
2025-06-26 09:02:11,670 - controllers.device_controller - ERROR - Keithley not available
2025-06-26 09:02:11,746 - controllers.device_controller - DEBUG - [DAQ] Raw: [0.1912511817274698, 0.1912511817274698], Mean: 0.1913 V, Scaled: 11.48 V
2025-06-26 09:02:11,748 - controllers.device_controller - ERROR - Keithley not available
2025-06-26 09:02:11,827 - controllers.device_controller - DEBUG - [DAQ] Raw: [0.1912511817274698, 0.20143970019122648], Mean: 0.1963 V, Scaled: 11.78 V
2025-06-26 09:02:11,828 - controllers.device_controller - ERROR - Keithley not available
2025-06-26 09:02:11,917 - controllers.device_controller - DEBUG - [DAQ] Raw: [0.20143970019122648, 0.20143970019122648], Mean: 0.2014 V, Scaled: 12.09 V
2025-06-26 09:02:11,918 - controllers.device_controller - ERROR - Keithley not available
2025-06-26 09:02:12,008 - controllers.device_controller - DEBUG - [DAQ] Raw: [0.1912511817274698, 0.1912511817274698], Mean: 0.1913 V, Scaled: 11.48 V
2025-06-26 09:02:12,010 - controllers.device_controller - ERROR - Keithley not available
2025-06-26 09:02:12,087 - controllers.device_controller - DEBUG - [DAQ] Raw: [0.20143970019122648, 0.21162821865498316], Mean: 0.2065 V, Scaled: 12.39 V
2025-06-26 09:02:12,089 - controllers.device_controller - ERROR - Keithley not available
2025-06-26 09:02:12,159 - controllers.device_controller - DEBUG - [DAQ] Raw: [0.20143970019122648, 0.1912511817274698], Mean: 0.1963 V, Scaled: 11.78 V
2025-06-26 09:02:12,160 - controllers.device_controller - ERROR - Keithley not available
2025-06-26 09:02:12,237 - controllers.device_controller - DEBUG - [DAQ] Raw: [0.1912511817274698, 0.20143970019122648], Mean: 0.1963 V, Scaled: 11.78 V
2025-06-26 09:02:12,239 - controllers.device_controller - ERROR - Keithley not available
2025-06-26 09:02:12,305 - controllers.device_controller - DEBUG - [DAQ] Raw: [0.20143970019122648, 0.1912511817274698], Mean: 0.1963 V, Scaled: 11.78 V
2025-06-26 09:02:12,306 - controllers.device_controller - ERROR - Keithley not available
2025-06-26 09:02:12,371 - controllers.device_controller - DEBUG - [DAQ] Raw: [0.1912511817274698, 0.20143970019122648], Mean: 0.1963 V, Scaled: 11.78 V
2025-06-26 09:02:12,372 - controllers.device_controller - ERROR - Keithley not available
2025-06-26 09:02:12,450 - controllers.device_controller - DEBUG - [DAQ] Raw: [0.20143970019122648, 0.1912511817274698], Mean: 0.1963 V, Scaled: 11.78 V
2025-06-26 09:02:12,451 - controllers.device_controller - ERROR - Keithley not available
2025-06-26 09:02:12,537 - controllers.device_controller - DEBUG - [DAQ] Raw: [0.20143970019122648, 0.1912511817274698], Mean: 0.1963 V, Scaled: 11.78 V
2025-06-26 09:02:12,538 - controllers.device_controller - ERROR - Keithley not available
2025-06-26 09:02:12,611 - controllers.device_controller - DEBUG - [DAQ] Raw: [0.20143970019122648, 0.1912511817274698], Mean: 0.1963 V, Scaled: 11.78 V
2025-06-26 09:02:12,612 - controllers.device_controller - ERROR - Keithley not available
2025-06-26 09:02:12,691 - controllers.device_controller - DEBUG - [DAQ] Raw: [0.1912511817274698, 0.20143970019122648], Mean: 0.1963 V, Scaled: 11.78 V
2025-06-26 09:02:12,692 - controllers.device_controller - ERROR - Keithley not available
2025-06-26 09:02:12,769 - controllers.device_controller - DEBUG - [DAQ] Raw: [0.20143970019122648, 0.20143970019122648], Mean: 0.2014 V, Scaled: 12.09 V
2025-06-26 09:02:12,771 - controllers.device_controller - ERROR - Keithley not available
2025-06-26 09:02:12,847 - controllers.device_controller - DEBUG - [DAQ] Raw: [0.20143970019122648, 0.20143970019122648], Mean: 0.2014 V, Scaled: 12.09 V
2025-06-26 09:02:12,848 - controllers.device_controller - ERROR - Keithley not available
2025-06-26 09:02:12,937 - controllers.device_controller - DEBUG - [DAQ] Raw: [0.20143970019122648, 0.20143970019122648], Mean: 0.2014 V, Scaled: 12.09 V
2025-06-26 09:02:12,939 - controllers.device_controller - ERROR - Keithley not available
2025-06-26 09:02:13,010 - controllers.device_controller - DEBUG - [DAQ] Raw: [0.1912511817274698, 0.20143970019122648], Mean: 0.1963 V, Scaled: 11.78 V
2025-06-26 09:02:13,011 - controllers.device_controller - ERROR - Keithley not available
2025-06-26 09:02:13,097 - controllers.device_controller - DEBUG - [DAQ] Raw: [0.1912511817274698, 0.1912511817274698], Mean: 0.1913 V, Scaled: 11.48 V
2025-06-26 09:02:13,099 - controllers.device_controller - ERROR - Keithley not available
2025-06-26 09:02:13,188 - controllers.device_controller - DEBUG - [DAQ] Raw: [0.20143970019122648, 0.1912511817274698], Mean: 0.1963 V, Scaled: 11.78 V
2025-06-26 09:02:13,190 - controllers.device_controller - ERROR - Keithley not available
2025-06-26 09:02:13,266 - controllers.device_controller - DEBUG - [DAQ] Raw: [0.20143970019122648, 0.20143970019122648], Mean: 0.2014 V, Scaled: 12.09 V
2025-06-26 09:02:13,268 - controllers.device_controller - ERROR - Keithley not available
2025-06-26 09:02:13,344 - controllers.device_controller - DEBUG - [DAQ] Raw: [0.21162821865498316, 0.20143970019122648], Mean: 0.2065 V, Scaled: 12.39 V
2025-06-26 09:02:13,345 - controllers.device_controller - ERROR - Keithley not available
2025-06-26 09:02:13,423 - controllers.device_controller - DEBUG - [DAQ] Raw: [0.20143970019122648, 0.22181673711873628], Mean: 0.2116 V, Scaled: 12.70 V
2025-06-26 09:02:13,424 - controllers.device_controller - ERROR - Keithley not available
2025-06-26 09:02:13,507 - controllers.device_controller - DEBUG - [DAQ] Raw: [0.22181673711873628, 0.21162821865498316], Mean: 0.2167 V, Scaled: 13.00 V
2025-06-26 09:02:13,509 - controllers.device_controller - ERROR - Keithley not available
2025-06-26 09:02:13,583 - controllers.device_controller - DEBUG - [DAQ] Raw: [0.21162821865498316, 0.21162821865498316], Mean: 0.2116 V, Scaled: 12.70 V
2025-06-26 09:02:13,586 - controllers.device_controller - ERROR - Keithley not available
2025-06-26 09:02:13,678 - controllers.device_controller - DEBUG - [DAQ] Raw: [0.20143970019122648, 0.21162821865498316], Mean: 0.2065 V, Scaled: 12.39 V
2025-06-26 09:02:13,679 - controllers.device_controller - ERROR - Keithley not available
2025-06-26 09:02:13,752 - controllers.device_controller - DEBUG - [DAQ] Raw: [0.20143970019122648, 0.1912511817274698], Mean: 0.1963 V, Scaled: 11.78 V
2025-06-26 09:02:13,753 - controllers.device_controller - ERROR - Keithley not available
2025-06-26 09:02:13,837 - controllers.device_controller - DEBUG - [DAQ] Raw: [0.20143970019122648, 0.20143970019122648], Mean: 0.2014 V, Scaled: 12.09 V
2025-06-26 09:02:13,838 - controllers.device_controller - ERROR - Keithley not available
2025-06-26 09:02:13,927 - controllers.device_controller - DEBUG - [DAQ] Raw: [0.20143970019122648, 0.20143970019122648], Mean: 0.2014 V, Scaled: 12.09 V
2025-06-26 09:02:13,929 - controllers.device_controller - ERROR - Keithley not available
2025-06-26 09:02:14,003 - controllers.device_controller - DEBUG - [DAQ] Raw: [0.20143970019122648, 0.1912511817274698], Mean: 0.1963 V, Scaled: 11.78 V
2025-06-26 09:02:14,004 - controllers.device_controller - ERROR - Keithley not available
2025-06-26 09:02:14,087 - controllers.device_controller - DEBUG - [DAQ] Raw: [0.20143970019122648, 0.20143970019122648], Mean: 0.2014 V, Scaled: 12.09 V
2025-06-26 09:02:14,090 - controllers.device_controller - ERROR - Keithley not available
2025-06-26 09:02:14,167 - controllers.device_controller - DEBUG - [DAQ] Raw: [0.20143970019122648, 0.1912511817274698], Mean: 0.1963 V, Scaled: 11.78 V
2025-06-26 09:02:14,169 - controllers.device_controller - ERROR - Keithley not available
2025-06-26 09:02:14,247 - controllers.device_controller - DEBUG - [DAQ] Raw: [0.20143970019122648, 0.1912511817274698], Mean: 0.1963 V, Scaled: 11.78 V
2025-06-26 09:02:14,248 - controllers.device_controller - ERROR - Keithley not available
2025-06-26 09:02:14,327 - controllers.device_controller - DEBUG - [DAQ] Raw: [0.1912511817274698, 0.20143970019122648], Mean: 0.1963 V, Scaled: 11.78 V
2025-06-26 09:02:14,329 - controllers.device_controller - ERROR - Keithley not available
2025-06-26 09:02:14,401 - controllers.device_controller - DEBUG - [DAQ] Raw: [0.1912511817274698, 0.1912511817274698], Mean: 0.1913 V, Scaled: 11.48 V
2025-06-26 09:02:14,403 - controllers.device_controller - ERROR - Keithley not available
2025-06-26 09:02:14,498 - controllers.device_controller - DEBUG - [DAQ] Raw: [0.20143970019122648, 0.20143970019122648], Mean: 0.2014 V, Scaled: 12.09 V
2025-06-26 09:02:14,500 - controllers.device_controller - ERROR - Keithley not available
2025-06-26 09:02:14,589 - controllers.device_controller - DEBUG - [DAQ] Raw: [0.20143970019122648, 0.1912511817274698], Mean: 0.1963 V, Scaled: 11.78 V
2025-06-26 09:02:14,591 - controllers.device_controller - ERROR - Keithley not available
2025-06-26 09:02:14,663 - controllers.device_controller - DEBUG - [DAQ] Raw: [0.21162821865498316, 0.20143970019122648], Mean: 0.2065 V, Scaled: 12.39 V
2025-06-26 09:02:14,664 - controllers.device_controller - ERROR - Keithley not available
2025-06-26 09:02:14,747 - controllers.device_controller - DEBUG - [DAQ] Raw: [0.21162821865498316, 0.21162821865498316], Mean: 0.2116 V, Scaled: 12.70 V
2025-06-26 09:02:14,748 - controllers.device_controller - ERROR - Keithley not available
2025-06-26 09:02:14,816 - controllers.device_controller - DEBUG - [DAQ] Raw: [0.1912511817274698, 0.1912511817274698], Mean: 0.1913 V, Scaled: 11.48 V
2025-06-26 09:02:14,817 - controllers.device_controller - ERROR - Keithley not available
2025-06-26 09:02:14,898 - controllers.device_controller - DEBUG - [DAQ] Raw: [0.1912511817274698, 0.1912511817274698], Mean: 0.1913 V, Scaled: 11.48 V
2025-06-26 09:02:14,900 - controllers.device_controller - ERROR - Keithley not available
2025-06-26 09:02:14,987 - controllers.device_controller - DEBUG - [DAQ] Raw: [0.20143970019122648, 0.1912511817274698], Mean: 0.1963 V, Scaled: 11.78 V
2025-06-26 09:02:14,989 - controllers.device_controller - ERROR - Keithley not available
2025-06-26 09:02:15,061 - controllers.device_controller - DEBUG - [DAQ] Raw: [0.1912511817274698, 0.20143970019122648], Mean: 0.1963 V, Scaled: 11.78 V
2025-06-26 09:02:15,062 - controllers.device_controller - ERROR - Keithley not available
2025-06-26 09:02:15,147 - controllers.device_controller - DEBUG - [DAQ] Raw: [0.17087414479995644, 0.21162821865498316], Mean: 0.1913 V, Scaled: 11.48 V
2025-06-26 09:02:15,149 - controllers.device_controller - ERROR - Keithley not available
2025-06-26 09:02:15,225 - controllers.device_controller - DEBUG - [DAQ] Raw: [0.1912511817274698, 0.20143970019122648], Mean: 0.1963 V, Scaled: 11.78 V
2025-06-26 09:02:15,226 - controllers.device_controller - ERROR - Keithley not available
2025-06-26 09:02:15,294 - controllers.device_controller - DEBUG - [DAQ] Raw: [0.1912511817274698, 0.1912511817274698], Mean: 0.1913 V, Scaled: 11.48 V
2025-06-26 09:02:15,295 - controllers.device_controller - ERROR - Keithley not available
2025-06-26 09:02:15,377 - controllers.device_controller - DEBUG - [DAQ] Raw: [0.1912511817274698, 0.20143970019122648], Mean: 0.1963 V, Scaled: 11.78 V
2025-06-26 09:02:15,379 - controllers.device_controller - ERROR - Keithley not available
2025-06-26 09:02:15,467 - controllers.device_controller - DEBUG - [DAQ] Raw: [0.20143970019122648, 0.1912511817274698], Mean: 0.1963 V, Scaled: 11.78 V
2025-06-26 09:02:15,469 - controllers.device_controller - ERROR - Keithley not available
2025-06-26 09:02:15,554 - controllers.device_controller - DEBUG - [DAQ] Raw: [0.21162821865498316, 0.20143970019122648], Mean: 0.2065 V, Scaled: 12.39 V
2025-06-26 09:02:15,555 - controllers.device_controller - ERROR - Keithley not available
2025-06-26 09:02:15,637 - controllers.device_controller - DEBUG - [DAQ] Raw: [0.1912511817274698, 0.20143970019122648], Mean: 0.1963 V, Scaled: 11.78 V
2025-06-26 09:02:15,639 - controllers.device_controller - ERROR - Keithley not available
2025-06-26 09:02:15,727 - controllers.device_controller - DEBUG - [DAQ] Raw: [0.1912511817274698, 0.20143970019122648], Mean: 0.1963 V, Scaled: 11.78 V
2025-06-26 09:02:15,729 - controllers.device_controller - ERROR - Keithley not available
2025-06-26 09:02:15,818 - controllers.device_controller - DEBUG - [DAQ] Raw: [0.20143970019122648, 0.20143970019122648], Mean: 0.2014 V, Scaled: 12.09 V
2025-06-26 09:02:15,820 - controllers.device_controller - ERROR - Keithley not available
2025-06-26 09:02:15,908 - controllers.device_controller - DEBUG - [DAQ] Raw: [0.20143970019122648, 0.20143970019122648], Mean: 0.2014 V, Scaled: 12.09 V
2025-06-26 09:02:15,910 - controllers.device_controller - ERROR - Keithley not available
2025-06-26 09:02:15,997 - controllers.device_controller - DEBUG - [DAQ] Raw: [0.20143970019122648, 0.1912511817274698], Mean: 0.1963 V, Scaled: 11.78 V
2025-06-26 09:02:15,999 - controllers.device_controller - ERROR - Keithley not available
2025-06-26 09:02:16,070 - controllers.device_controller - DEBUG - [DAQ] Raw: [0.20143970019122648, 0.1912511817274698], Mean: 0.1963 V, Scaled: 11.78 V
2025-06-26 09:02:16,072 - controllers.device_controller - ERROR - Keithley not available
2025-06-26 09:02:16,147 - controllers.device_controller - DEBUG - [DAQ] Raw: [0.20143970019122648, 0.20143970019122648], Mean: 0.2014 V, Scaled: 12.09 V
2025-06-26 09:02:16,148 - controllers.device_controller - ERROR - Keithley not available
2025-06-26 09:02:16,238 - controllers.device_controller - DEBUG - [DAQ] Raw: [0.1912511817274698, 0.20143970019122648], Mean: 0.1963 V, Scaled: 11.78 V
2025-06-26 09:02:16,239 - controllers.device_controller - ERROR - Keithley not available
2025-06-26 09:02:16,317 - controllers.device_controller - DEBUG - [DAQ] Raw: [0.20143970019122648, 0.20143970019122648], Mean: 0.2014 V, Scaled: 12.09 V
2025-06-26 09:02:16,320 - controllers.device_controller - ERROR - Keithley not available
2025-06-26 09:02:16,392 - controllers.device_controller - DEBUG - [DAQ] Raw: [0.20143970019122648, 0.21162821865498316], Mean: 0.2065 V, Scaled: 12.39 V
2025-06-26 09:02:16,393 - controllers.device_controller - ERROR - Keithley not available
2025-06-26 09:02:16,463 - controllers.device_controller - DEBUG - [DAQ] Raw: [0.20143970019122648, 0.20143970019122648], Mean: 0.2014 V, Scaled: 12.09 V
2025-06-26 09:02:16,465 - controllers.device_controller - ERROR - Keithley not available
2025-06-26 09:02:16,548 - controllers.device_controller - DEBUG - [DAQ] Raw: [0.20143970019122648, 0.21162821865498316], Mean: 0.2065 V, Scaled: 12.39 V
2025-06-26 09:02:16,550 - controllers.device_controller - ERROR - Keithley not available
2025-06-26 09:02:16,627 - controllers.device_controller - DEBUG - [DAQ] Raw: [0.20143970019122648, 0.1912511817274698], Mean: 0.1963 V, Scaled: 11.78 V
2025-06-26 09:02:16,629 - controllers.device_controller - ERROR - Keithley not available
2025-06-26 09:02:16,717 - controllers.device_controller - DEBUG - [DAQ] Raw: [0.1912511817274698, 0.20143970019122648], Mean: 0.1963 V, Scaled: 11.78 V
2025-06-26 09:02:16,719 - controllers.device_controller - ERROR - Keithley not available
2025-06-26 09:02:16,797 - controllers.device_controller - DEBUG - [DAQ] Raw: [0.1912511817274698, 0.20143970019122648], Mean: 0.1963 V, Scaled: 11.78 V
2025-06-26 09:02:16,799 - controllers.device_controller - ERROR - Keithley not available
2025-06-26 09:02:16,865 - controllers.device_controller - DEBUG - [DAQ] Raw: [0.21162821865498316, 0.20143970019122648], Mean: 0.2065 V, Scaled: 12.39 V
2025-06-26 09:02:16,866 - controllers.device_controller - ERROR - Keithley not available
2025-06-26 09:02:16,933 - controllers.device_controller - DEBUG - [DAQ] Raw: [0.20143970019122648, 0.1912511817274698], Mean: 0.1963 V, Scaled: 11.78 V
2025-06-26 09:02:16,934 - controllers.device_controller - ERROR - Keithley not available
2025-06-26 09:02:17,017 - controllers.device_controller - DEBUG - [DAQ] Raw: [0.20143970019122648, 0.20143970019122648], Mean: 0.2014 V, Scaled: 12.09 V
2025-06-26 09:02:17,019 - controllers.device_controller - ERROR - Keithley not available
2025-06-26 09:02:17,085 - controllers.device_controller - DEBUG - [DAQ] Raw: [0.1912511817274698, 0.1912511817274698], Mean: 0.1913 V, Scaled: 11.48 V
2025-06-26 09:02:17,086 - controllers.device_controller - ERROR - Keithley not available
2025-06-26 09:02:17,169 - controllers.device_controller - DEBUG - [DAQ] Raw: [0.1912511817274698, 0.1912511817274698], Mean: 0.1913 V, Scaled: 11.48 V
2025-06-26 09:02:17,171 - controllers.device_controller - ERROR - Keithley not available
2025-06-26 09:02:17,246 - controllers.device_controller - DEBUG - [DAQ] Raw: [0.20143970019122648, 0.20143970019122648], Mean: 0.2014 V, Scaled: 12.09 V
2025-06-26 09:02:17,247 - controllers.device_controller - ERROR - Keithley not available
2025-06-26 09:02:17,337 - controllers.device_controller - DEBUG - [DAQ] Raw: [0.20143970019122648, 0.1912511817274698], Mean: 0.1963 V, Scaled: 11.78 V
2025-06-26 09:02:17,339 - controllers.device_controller - ERROR - Keithley not available
2025-06-26 09:02:17,412 - controllers.device_controller - DEBUG - [DAQ] Raw: [0.20143970019122648, 0.1912511817274698], Mean: 0.1963 V, Scaled: 11.78 V
2025-06-26 09:02:17,413 - controllers.device_controller - ERROR - Keithley not available
2025-06-26 09:02:17,496 - controllers.device_controller - DEBUG - [DAQ] Raw: [0.20143970019122648, 0.20143970019122648], Mean: 0.2014 V, Scaled: 12.09 V
2025-06-26 09:02:17,498 - controllers.device_controller - ERROR - Keithley not available
2025-06-26 09:02:17,571 - controllers.device_controller - DEBUG - [DAQ] Raw: [0.20143970019122648, 0.20143970019122648], Mean: 0.2014 V, Scaled: 12.09 V
2025-06-26 09:02:17,573 - controllers.device_controller - ERROR - Keithley not available
2025-06-26 09:02:17,657 - controllers.device_controller - DEBUG - [DAQ] Raw: [0.1912511817274698, 0.20143970019122648], Mean: 0.1963 V, Scaled: 11.78 V
2025-06-26 09:02:17,658 - controllers.device_controller - ERROR - Keithley not available
2025-06-26 09:02:17,737 - controllers.device_controller - DEBUG - [DAQ] Raw: [0.20143970019122648, 0.1912511817274698], Mean: 0.1963 V, Scaled: 11.78 V
2025-06-26 09:02:17,738 - controllers.device_controller - ERROR - Keithley not available
2025-06-26 09:02:17,758 - controllers.device_controller - INFO - Stopping process
2025-06-26 09:02:17,760 - controllers.daq_keithley_controller - DEBUG - Set DAQ outputs - V: 0.00V->(0.000V), I: 0.00mA->(0.000V)
2025-06-26 09:02:17,760 - controllers.daq_keithley_controller - DEBUG - MATLAB equivalent would be: V->(0.000V), I->(0.000V)
2025-06-26 09:02:17,760 - controllers.device_controller - DEBUG - Set DAQ outputs - V: 0.00V, I: 0.00mA
2025-06-26 09:02:22,751 - controllers.device_controller - INFO - Set voltage limit to 12.0V, current limit to 160.0mA (not applied yet)
2025-06-26 09:02:24,053 - controllers.device_controller - INFO - DAQ: Connected to Dev1
2025-06-26 09:02:24,132 - controllers.device_controller - INFO - Keithley: Connected to USB0::0x05E6::0x6500::04645387::INSTR
2025-06-26 09:02:24,132 - controllers.device_controller - INFO - Starting process
2025-06-26 09:02:24,132 - controllers.device_controller - INFO - Reset CV/CC tracking - starting in CV mode
2025-06-26 09:02:24,133 - controllers.device_controller - INFO - Set voltage limit to 12.0V, current limit to 160.0mA (not applied yet)
2025-06-26 09:02:24,134 - controllers.daq_keithley_controller - DEBUG - Set DAQ outputs - V: 12.00V->(0.200V), I: 160.00mA->(0.400V)
2025-06-26 09:02:24,135 - controllers.daq_keithley_controller - DEBUG - MATLAB equivalent would be: V->(0.200V), I->(0.400V)
2025-06-26 09:02:24,135 - controllers.device_controller - INFO - Applied voltage limit: 12.0V, current limit: 160.0mA
2025-06-26 09:02:24,135 - controllers.device_controller - INFO - Process started - V: 12.0V, I: 160.0mA (CV mode)
2025-06-26 09:02:24,155 - controllers.device_controller - DEBUG - [DAQ] Raw: [0.1912511817274698, 0.20143970019122648], Mean: 0.1963 V, Scaled: 11.78 V
2025-06-26 09:02:24,156 - controllers.device_controller - ERROR - Keithley not available
2025-06-26 09:02:24,241 - controllers.device_controller - DEBUG - [DAQ] Raw: [0.20143970019122648, 0.21162821865498316], Mean: 0.2065 V, Scaled: 12.39 V
2025-06-26 09:02:24,243 - controllers.device_controller - ERROR - Keithley not available
2025-06-26 09:02:24,327 - controllers.device_controller - DEBUG - [DAQ] Raw: [0.20143970019122648, 0.20143970019122648], Mean: 0.2014 V, Scaled: 12.09 V
2025-06-26 09:02:24,328 - controllers.device_controller - ERROR - Keithley not available
2025-06-26 09:02:24,417 - controllers.device_controller - DEBUG - [DAQ] Raw: [0.20143970019122648, 0.1912511817274698], Mean: 0.1963 V, Scaled: 11.78 V
2025-06-26 09:02:24,419 - controllers.device_controller - ERROR - Keithley not available
2025-06-26 09:02:24,486 - controllers.device_controller - DEBUG - [DAQ] Raw: [0.20143970019122648, 0.1912511817274698], Mean: 0.1963 V, Scaled: 11.78 V
2025-06-26 09:02:24,487 - controllers.device_controller - ERROR - Keithley not available
2025-06-26 09:02:24,566 - controllers.device_controller - DEBUG - [DAQ] Raw: [0.20143970019122648, 0.20143970019122648], Mean: 0.2014 V, Scaled: 12.09 V
2025-06-26 09:02:24,567 - controllers.device_controller - ERROR - Keithley not available
2025-06-26 09:02:24,658 - controllers.device_controller - DEBUG - [DAQ] Raw: [0.20143970019122648, 0.1912511817274698], Mean: 0.1963 V, Scaled: 11.78 V
2025-06-26 09:02:24,660 - controllers.device_controller - ERROR - Keithley not available
2025-06-26 09:02:24,732 - controllers.device_controller - DEBUG - [DAQ] Raw: [0.20143970019122648, 0.20143970019122648], Mean: 0.2014 V, Scaled: 12.09 V
2025-06-26 09:02:24,733 - controllers.device_controller - ERROR - Keithley not available
2025-06-26 09:02:24,803 - controllers.device_controller - DEBUG - [DAQ] Raw: [0.20143970019122648, 0.20143970019122648], Mean: 0.2014 V, Scaled: 12.09 V
2025-06-26 09:02:24,804 - controllers.device_controller - ERROR - Keithley not available
2025-06-26 09:02:24,887 - controllers.device_controller - DEBUG - [DAQ] Raw: [0.20143970019122648, 0.1912511817274698], Mean: 0.1963 V, Scaled: 11.78 V
2025-06-26 09:02:24,888 - controllers.device_controller - ERROR - Keithley not available
2025-06-26 09:02:24,967 - controllers.device_controller - DEBUG - [DAQ] Raw: [0.20143970019122648, 0.1912511817274698], Mean: 0.1963 V, Scaled: 11.78 V
2025-06-26 09:02:24,969 - controllers.device_controller - ERROR - Keithley not available
2025-06-26 09:02:25,042 - controllers.device_controller - DEBUG - [DAQ] Raw: [0.20143970019122648, 0.20143970019122648], Mean: 0.2014 V, Scaled: 12.09 V
2025-06-26 09:02:25,044 - controllers.device_controller - ERROR - Keithley not available
2025-06-26 09:02:25,113 - controllers.device_controller - DEBUG - [DAQ] Raw: [0.20143970019122648, 0.20143970019122648], Mean: 0.2014 V, Scaled: 12.09 V
2025-06-26 09:02:25,114 - controllers.device_controller - ERROR - Keithley not available
2025-06-26 09:02:25,183 - controllers.device_controller - DEBUG - [DAQ] Raw: [0.1912511817274698, 0.21162821865498316], Mean: 0.2014 V, Scaled: 12.09 V
2025-06-26 09:02:25,184 - controllers.device_controller - ERROR - Keithley not available
2025-06-26 09:02:25,251 - controllers.device_controller - DEBUG - [DAQ] Raw: [0.21162821865498316, 0.20143970019122648], Mean: 0.2065 V, Scaled: 12.39 V
2025-06-26 09:02:25,253 - controllers.device_controller - ERROR - Keithley not available
2025-06-26 09:02:25,338 - controllers.device_controller - DEBUG - [DAQ] Raw: [0.20143970019122648, 0.20143970019122648], Mean: 0.2014 V, Scaled: 12.09 V
2025-06-26 09:02:25,340 - controllers.device_controller - ERROR - Keithley not available
2025-06-26 09:02:25,412 - controllers.device_controller - DEBUG - [DAQ] Raw: [0.1912511817274698, 0.20143970019122648], Mean: 0.1963 V, Scaled: 11.78 V
2025-06-26 09:02:25,413 - controllers.device_controller - ERROR - Keithley not available
2025-06-26 09:02:25,482 - controllers.device_controller - DEBUG - [DAQ] Raw: [0.20143970019122648, 0.1912511817274698], Mean: 0.1963 V, Scaled: 11.78 V
2025-06-26 09:02:25,483 - controllers.device_controller - ERROR - Keithley not available
2025-06-26 09:02:25,577 - controllers.device_controller - DEBUG - [DAQ] Raw: [0.20143970019122648, 0.20143970019122648], Mean: 0.2014 V, Scaled: 12.09 V
2025-06-26 09:02:25,579 - controllers.device_controller - ERROR - Keithley not available
2025-06-26 09:02:25,667 - controllers.device_controller - DEBUG - [DAQ] Raw: [0.20143970019122648, 0.20143970019122648], Mean: 0.2014 V, Scaled: 12.09 V
2025-06-26 09:02:25,669 - controllers.device_controller - ERROR - Keithley not available
2025-06-26 09:02:25,749 - controllers.device_controller - DEBUG - [DAQ] Raw: [0.20143970019122648, 0.20143970019122648], Mean: 0.2014 V, Scaled: 12.09 V
2025-06-26 09:02:25,751 - controllers.device_controller - ERROR - Keithley not available
2025-06-26 09:02:25,827 - controllers.device_controller - DEBUG - [DAQ] Raw: [0.1912511817274698, 0.1912511817274698], Mean: 0.1913 V, Scaled: 11.48 V
2025-06-26 09:02:25,829 - controllers.device_controller - ERROR - Keithley not available
2025-06-26 09:02:25,916 - controllers.device_controller - DEBUG - [DAQ] Raw: [0.20143970019122648, 0.20143970019122648], Mean: 0.2014 V, Scaled: 12.09 V
2025-06-26 09:02:25,917 - controllers.device_controller - ERROR - Keithley not available
2025-06-26 09:02:25,991 - controllers.device_controller - DEBUG - [DAQ] Raw: [0.20143970019122648, 0.1912511817274698], Mean: 0.1963 V, Scaled: 11.78 V
2025-06-26 09:02:25,993 - controllers.device_controller - ERROR - Keithley not available
2025-06-26 09:02:26,067 - controllers.device_controller - DEBUG - [DAQ] Raw: [0.20143970019122648, 0.21162821865498316], Mean: 0.2065 V, Scaled: 12.39 V
2025-06-26 09:02:26,068 - controllers.device_controller - ERROR - Keithley not available
2025-06-26 09:02:26,158 - controllers.device_controller - DEBUG - [DAQ] Raw: [0.20143970019122648, 0.20143970019122648], Mean: 0.2014 V, Scaled: 12.09 V
2025-06-26 09:02:26,160 - controllers.device_controller - ERROR - Keithley not available
2025-06-26 09:02:26,232 - controllers.device_controller - DEBUG - [DAQ] Raw: [0.1912511817274698, 0.20143970019122648], Mean: 0.1963 V, Scaled: 11.78 V
2025-06-26 09:02:26,234 - controllers.device_controller - ERROR - Keithley not available
2025-06-26 09:02:26,328 - controllers.device_controller - DEBUG - [DAQ] Raw: [0.21162821865498316, 0.20143970019122648], Mean: 0.2065 V, Scaled: 12.39 V
2025-06-26 09:02:26,331 - controllers.device_controller - ERROR - Keithley not available
2025-06-26 09:02:26,417 - controllers.device_controller - DEBUG - [DAQ] Raw: [0.1912511817274698, 0.20143970019122648], Mean: 0.1963 V, Scaled: 11.78 V
2025-06-26 09:02:26,419 - controllers.device_controller - ERROR - Keithley not available
2025-06-26 09:02:26,498 - controllers.device_controller - DEBUG - [DAQ] Raw: [0.20143970019122648, 0.20143970019122648], Mean: 0.2014 V, Scaled: 12.09 V
2025-06-26 09:02:26,500 - controllers.device_controller - ERROR - Keithley not available
2025-06-26 09:02:26,586 - controllers.device_controller - DEBUG - [DAQ] Raw: [0.20143970019122648, 0.1912511817274698], Mean: 0.1963 V, Scaled: 11.78 V
2025-06-26 09:02:26,588 - controllers.device_controller - ERROR - Keithley not available
2025-06-26 09:02:26,687 - controllers.device_controller - DEBUG - [DAQ] Raw: [0.20143970019122648, 0.1912511817274698], Mean: 0.1963 V, Scaled: 11.78 V
2025-06-26 09:02:26,688 - controllers.device_controller - ERROR - Keithley not available
2025-06-26 09:02:26,768 - controllers.device_controller - DEBUG - [DAQ] Raw: [0.20143970019122648, 0.20143970019122648], Mean: 0.2014 V, Scaled: 12.09 V
2025-06-26 09:02:26,770 - controllers.device_controller - ERROR - Keithley not available
2025-06-26 09:02:26,857 - controllers.device_controller - DEBUG - [DAQ] Raw: [0.21162821865498316, 0.20143970019122648], Mean: 0.2065 V, Scaled: 12.39 V
2025-06-26 09:02:26,859 - controllers.device_controller - ERROR - Keithley not available
2025-06-26 09:02:26,929 - controllers.device_controller - DEBUG - [DAQ] Raw: [0.20143970019122648, 0.1912511817274698], Mean: 0.1963 V, Scaled: 11.78 V
2025-06-26 09:02:26,931 - controllers.device_controller - ERROR - Keithley not available
2025-06-26 09:02:27,027 - controllers.device_controller - DEBUG - [DAQ] Raw: [0.1912511817274698, 0.20143970019122648], Mean: 0.1963 V, Scaled: 11.78 V
2025-06-26 09:02:27,029 - controllers.device_controller - ERROR - Keithley not available
2025-06-26 09:02:27,118 - controllers.device_controller - DEBUG - [DAQ] Raw: [0.1912511817274698, 0.1912511817274698], Mean: 0.1913 V, Scaled: 11.48 V
2025-06-26 09:02:27,120 - controllers.device_controller - ERROR - Keithley not available
2025-06-26 09:02:27,207 - controllers.device_controller - DEBUG - [DAQ] Raw: [0.1912511817274698, 0.20143970019122648], Mean: 0.1963 V, Scaled: 11.78 V
2025-06-26 09:02:27,208 - controllers.device_controller - ERROR - Keithley not available
2025-06-26 09:02:27,288 - controllers.device_controller - DEBUG - [DAQ] Raw: [0.1912511817274698, 0.20143970019122648], Mean: 0.1963 V, Scaled: 11.78 V
2025-06-26 09:02:27,290 - controllers.device_controller - ERROR - Keithley not available
2025-06-26 09:02:27,362 - controllers.device_controller - DEBUG - [DAQ] Raw: [0.20143970019122648, 0.20143970019122648], Mean: 0.2014 V, Scaled: 12.09 V
2025-06-26 09:02:27,363 - controllers.device_controller - ERROR - Keithley not available
2025-06-26 09:02:27,447 - controllers.device_controller - DEBUG - [DAQ] Raw: [0.1912511817274698, 0.1912511817274698], Mean: 0.1913 V, Scaled: 11.48 V
2025-06-26 09:02:27,448 - controllers.device_controller - ERROR - Keithley not available
2025-06-26 09:02:27,537 - controllers.device_controller - DEBUG - [DAQ] Raw: [0.20143970019122648, 0.20143970019122648], Mean: 0.2014 V, Scaled: 12.09 V
2025-06-26 09:02:27,539 - controllers.device_controller - ERROR - Keithley not available
2025-06-26 09:02:27,627 - controllers.device_controller - DEBUG - [DAQ] Raw: [0.20143970019122648, 0.1912511817274698], Mean: 0.1963 V, Scaled: 11.78 V
2025-06-26 09:02:27,629 - controllers.device_controller - ERROR - Keithley not available
2025-06-26 09:02:27,727 - controllers.device_controller - DEBUG - [DAQ] Raw: [0.21162821865498316, 0.20143970019122648], Mean: 0.2065 V, Scaled: 12.39 V
2025-06-26 09:02:27,729 - controllers.device_controller - ERROR - Keithley not available
2025-06-26 09:02:27,807 - controllers.device_controller - DEBUG - [DAQ] Raw: [0.1912511817274698, 0.1912511817274698], Mean: 0.1913 V, Scaled: 11.48 V
2025-06-26 09:02:27,808 - controllers.device_controller - ERROR - Keithley not available
2025-06-26 09:02:27,884 - controllers.device_controller - DEBUG - [DAQ] Raw: [0.1912511817274698, 0.1912511817274698], Mean: 0.1913 V, Scaled: 11.48 V
2025-06-26 09:02:27,884 - controllers.device_controller - ERROR - Keithley not available
2025-06-26 09:02:27,977 - controllers.device_controller - DEBUG - [DAQ] Raw: [0.20143970019122648, 0.1912511817274698], Mean: 0.1963 V, Scaled: 11.78 V
2025-06-26 09:02:27,979 - controllers.device_controller - ERROR - Keithley not available
2025-06-26 09:02:28,078 - controllers.device_controller - DEBUG - [DAQ] Raw: [0.20143970019122648, 0.20143970019122648], Mean: 0.2014 V, Scaled: 12.09 V
2025-06-26 09:02:28,079 - controllers.device_controller - ERROR - Keithley not available
2025-06-26 09:02:28,177 - controllers.device_controller - DEBUG - [DAQ] Raw: [0.20143970019122648, 0.1912511817274698], Mean: 0.1963 V, Scaled: 11.78 V
2025-06-26 09:02:28,180 - controllers.device_controller - ERROR - Keithley not available
2025-06-26 09:02:28,267 - controllers.device_controller - DEBUG - [DAQ] Raw: [0.20143970019122648, 0.20143970019122648], Mean: 0.2014 V, Scaled: 12.09 V
2025-06-26 09:02:28,269 - controllers.device_controller - ERROR - Keithley not available
2025-06-26 09:02:28,357 - controllers.device_controller - DEBUG - [DAQ] Raw: [0.1912511817274698, 0.1912511817274698], Mean: 0.1913 V, Scaled: 11.48 V
2025-06-26 09:02:28,359 - controllers.device_controller - ERROR - Keithley not available
2025-06-26 09:02:28,447 - controllers.device_controller - DEBUG - [DAQ] Raw: [0.1912511817274698, 0.20143970019122648], Mean: 0.1963 V, Scaled: 11.78 V
2025-06-26 09:02:28,449 - controllers.device_controller - ERROR - Keithley not available
2025-06-26 09:02:28,521 - controllers.device_controller - DEBUG - [DAQ] Raw: [0.20143970019122648, 0.1912511817274698], Mean: 0.1963 V, Scaled: 11.78 V
2025-06-26 09:02:28,523 - controllers.device_controller - ERROR - Keithley not available
2025-06-26 09:02:28,617 - controllers.device_controller - DEBUG - [DAQ] Raw: [0.20143970019122648, 0.20143970019122648], Mean: 0.2014 V, Scaled: 12.09 V
2025-06-26 09:02:28,617 - controllers.device_controller - ERROR - Keithley not available
2025-06-26 09:02:28,697 - controllers.device_controller - DEBUG - [DAQ] Raw: [0.1912511817274698, 0.20143970019122648], Mean: 0.1963 V, Scaled: 11.78 V
2025-06-26 09:02:28,699 - controllers.device_controller - ERROR - Keithley not available
2025-06-26 09:02:28,778 - controllers.device_controller - DEBUG - [DAQ] Raw: [0.20143970019122648, 0.20143970019122648], Mean: 0.2014 V, Scaled: 12.09 V
2025-06-26 09:02:28,779 - controllers.device_controller - ERROR - Keithley not available
2025-06-26 09:02:28,852 - controllers.device_controller - DEBUG - [DAQ] Raw: [0.20143970019122648, 0.20143970019122648], Mean: 0.2014 V, Scaled: 12.09 V
2025-06-26 09:02:28,853 - controllers.device_controller - ERROR - Keithley not available
2025-06-26 09:02:28,932 - controllers.device_controller - DEBUG - [DAQ] Raw: [0.1912511817274698, 0.1912511817274698], Mean: 0.1913 V, Scaled: 11.48 V
2025-06-26 09:02:28,934 - controllers.device_controller - ERROR - Keithley not available
2025-06-26 09:02:29,017 - controllers.device_controller - DEBUG - [DAQ] Raw: [0.22181673711873628, 0.20143970019122648], Mean: 0.2116 V, Scaled: 12.70 V
2025-06-26 09:02:29,018 - controllers.device_controller - ERROR - Keithley not available
2025-06-26 09:02:29,108 - controllers.device_controller - DEBUG - [DAQ] Raw: [0.1912511817274698, 0.21162821865498316], Mean: 0.2014 V, Scaled: 12.09 V
2025-06-26 09:02:29,109 - controllers.device_controller - ERROR - Keithley not available
2025-06-26 09:02:29,196 - controllers.device_controller - DEBUG - [DAQ] Raw: [0.20143970019122648, 0.20143970019122648], Mean: 0.2014 V, Scaled: 12.09 V
2025-06-26 09:02:29,198 - controllers.device_controller - ERROR - Keithley not available
2025-06-26 09:02:29,271 - controllers.device_controller - DEBUG - [DAQ] Raw: [0.1912511817274698, 0.20143970019122648], Mean: 0.1963 V, Scaled: 11.78 V
2025-06-26 09:02:29,272 - controllers.device_controller - ERROR - Keithley not available
2025-06-26 09:02:29,358 - controllers.device_controller - DEBUG - [DAQ] Raw: [0.1912511817274698, 0.1912511817274698], Mean: 0.1913 V, Scaled: 11.48 V
2025-06-26 09:02:29,360 - controllers.device_controller - ERROR - Keithley not available
2025-06-26 09:02:29,448 - controllers.device_controller - DEBUG - [DAQ] Raw: [0.20143970019122648, 0.20143970019122648], Mean: 0.2014 V, Scaled: 12.09 V
2025-06-26 09:02:29,450 - controllers.device_controller - ERROR - Keithley not available
2025-06-26 09:02:29,527 - controllers.device_controller - DEBUG - [DAQ] Raw: [0.20143970019122648, 0.20143970019122648], Mean: 0.2014 V, Scaled: 12.09 V
2025-06-26 09:02:29,530 - controllers.device_controller - ERROR - Keithley not available
2025-06-26 09:02:29,606 - controllers.device_controller - DEBUG - [DAQ] Raw: [0.20143970019122648, 0.21162821865498316], Mean: 0.2065 V, Scaled: 12.39 V
2025-06-26 09:02:29,608 - controllers.device_controller - ERROR - Keithley not available
2025-06-26 09:02:29,687 - controllers.device_controller - DEBUG - [DAQ] Raw: [0.20143970019122648, 0.21162821865498316], Mean: 0.2065 V, Scaled: 12.39 V
2025-06-26 09:02:29,689 - controllers.device_controller - ERROR - Keithley not available
2025-06-26 09:02:29,763 - controllers.device_controller - DEBUG - [DAQ] Raw: [0.20143970019122648, 0.1912511817274698], Mean: 0.1963 V, Scaled: 11.78 V
2025-06-26 09:02:29,765 - controllers.device_controller - ERROR - Keithley not available
2025-06-26 09:02:29,847 - controllers.device_controller - DEBUG - [DAQ] Raw: [0.1912511817274698, 0.21162821865498316], Mean: 0.2014 V, Scaled: 12.09 V
2025-06-26 09:02:29,850 - controllers.device_controller - ERROR - Keithley not available
2025-06-26 09:02:29,927 - controllers.device_controller - DEBUG - [DAQ] Raw: [0.1912511817274698, 0.1912511817274698], Mean: 0.1913 V, Scaled: 11.48 V
2025-06-26 09:02:29,929 - controllers.device_controller - ERROR - Keithley not available
2025-06-26 09:02:30,007 - controllers.device_controller - DEBUG - [DAQ] Raw: [0.1912511817274698, 0.20143970019122648], Mean: 0.1963 V, Scaled: 11.78 V
2025-06-26 09:02:30,009 - controllers.device_controller - ERROR - Keithley not available
2025-06-26 09:02:30,098 - controllers.device_controller - DEBUG - [DAQ] Raw: [0.21162821865498316, 0.1912511817274698], Mean: 0.2014 V, Scaled: 12.09 V
2025-06-26 09:02:30,100 - controllers.device_controller - ERROR - Keithley not available
2025-06-26 09:02:30,172 - controllers.device_controller - DEBUG - [DAQ] Raw: [0.1912511817274698, 0.1912511817274698], Mean: 0.1913 V, Scaled: 11.48 V
2025-06-26 09:02:30,173 - controllers.device_controller - ERROR - Keithley not available
2025-06-26 09:02:30,267 - controllers.device_controller - DEBUG - [DAQ] Raw: [0.21162821865498316, 0.20143970019122648], Mean: 0.2065 V, Scaled: 12.39 V
2025-06-26 09:02:30,268 - controllers.device_controller - ERROR - Keithley not available
2025-06-26 09:02:30,347 - controllers.device_controller - DEBUG - [DAQ] Raw: [0.1912511817274698, 0.1912511817274698], Mean: 0.1913 V, Scaled: 11.48 V
2025-06-26 09:02:30,350 - controllers.device_controller - ERROR - Keithley not available
2025-06-26 09:02:30,428 - controllers.device_controller - DEBUG - [DAQ] Raw: [0.1912511817274698, 0.20143970019122648], Mean: 0.1963 V, Scaled: 11.78 V
2025-06-26 09:02:30,430 - controllers.device_controller - ERROR - Keithley not available
2025-06-26 09:02:30,504 - controllers.device_controller - DEBUG - [DAQ] Raw: [0.20143970019122648, 0.20143970019122648], Mean: 0.2014 V, Scaled: 12.09 V
2025-06-26 09:02:30,505 - controllers.device_controller - ERROR - Keithley not available
2025-06-26 09:02:30,598 - controllers.device_controller - DEBUG - [DAQ] Raw: [0.20143970019122648, 0.20143970019122648], Mean: 0.2014 V, Scaled: 12.09 V
2025-06-26 09:02:30,600 - controllers.device_controller - ERROR - Keithley not available
2025-06-26 09:02:30,677 - controllers.device_controller - DEBUG - [DAQ] Raw: [0.20143970019122648, 0.1912511817274698], Mean: 0.1963 V, Scaled: 11.78 V
2025-06-26 09:02:30,677 - controllers.device_controller - ERROR - Keithley not available
2025-06-26 09:02:30,767 - controllers.device_controller - DEBUG - [DAQ] Raw: [0.20143970019122648, 0.20143970019122648], Mean: 0.2014 V, Scaled: 12.09 V
2025-06-26 09:02:30,769 - controllers.device_controller - ERROR - Keithley not available
2025-06-26 09:02:30,847 - controllers.device_controller - DEBUG - [DAQ] Raw: [0.1912511817274698, 0.1912511817274698], Mean: 0.1913 V, Scaled: 11.48 V
2025-06-26 09:02:30,849 - controllers.device_controller - ERROR - Keithley not available
2025-06-26 09:02:30,926 - controllers.device_controller - DEBUG - [DAQ] Raw: [0.21162821865498316, 0.20143970019122648], Mean: 0.2065 V, Scaled: 12.39 V
2025-06-26 09:02:30,928 - controllers.device_controller - ERROR - Keithley not available
2025-06-26 09:02:31,016 - controllers.device_controller - DEBUG - [DAQ] Raw: [0.20143970019122648, 0.20143970019122648], Mean: 0.2014 V, Scaled: 12.09 V
2025-06-26 09:02:31,018 - controllers.device_controller - ERROR - Keithley not available
2025-06-26 09:02:31,118 - controllers.device_controller - DEBUG - [DAQ] Raw: [0.20143970019122648, 0.22181673711873628], Mean: 0.2116 V, Scaled: 12.70 V
2025-06-26 09:02:31,120 - controllers.device_controller - ERROR - Keithley not available
2025-06-26 09:02:31,192 - controllers.device_controller - DEBUG - [DAQ] Raw: [0.20143970019122648, 0.20143970019122648], Mean: 0.2014 V, Scaled: 12.09 V
2025-06-26 09:02:31,193 - controllers.device_controller - ERROR - Keithley not available
2025-06-26 09:02:31,286 - controllers.device_controller - DEBUG - [DAQ] Raw: [0.20143970019122648, 0.1912511817274698], Mean: 0.1963 V, Scaled: 11.78 V
2025-06-26 09:02:31,289 - controllers.device_controller - ERROR - Keithley not available
2025-06-26 09:02:31,360 - controllers.device_controller - DEBUG - [DAQ] Raw: [0.20143970019122648, 0.20143970019122648], Mean: 0.2014 V, Scaled: 12.09 V
2025-06-26 09:02:31,362 - controllers.device_controller - ERROR - Keithley not available
2025-06-26 09:02:31,438 - controllers.device_controller - DEBUG - [DAQ] Raw: [0.20143970019122648, 0.20143970019122648], Mean: 0.2014 V, Scaled: 12.09 V
2025-06-26 09:02:31,440 - controllers.device_controller - ERROR - Keithley not available
2025-06-26 09:02:31,527 - controllers.device_controller - DEBUG - [DAQ] Raw: [0.20143970019122648, 0.20143970019122648], Mean: 0.2014 V, Scaled: 12.09 V
2025-06-26 09:02:31,528 - controllers.device_controller - ERROR - Keithley not available
2025-06-26 09:02:31,628 - controllers.device_controller - DEBUG - [DAQ] Raw: [0.20143970019122648, 0.20143970019122648], Mean: 0.2014 V, Scaled: 12.09 V
2025-06-26 09:02:31,630 - controllers.device_controller - ERROR - Keithley not available
2025-06-26 09:02:31,701 - controllers.device_controller - DEBUG - [DAQ] Raw: [0.21162821865498316, 0.20143970019122648], Mean: 0.2065 V, Scaled: 12.39 V
2025-06-26 09:02:31,702 - controllers.device_controller - ERROR - Keithley not available
2025-06-26 09:02:31,773 - controllers.device_controller - DEBUG - [DAQ] Raw: [0.1912511817274698, 0.1912511817274698], Mean: 0.1913 V, Scaled: 11.48 V
2025-06-26 09:02:31,775 - controllers.device_controller - ERROR - Keithley not available
2025-06-26 09:02:31,856 - controllers.device_controller - DEBUG - [DAQ] Raw: [0.20143970019122648, 0.20143970019122648], Mean: 0.2014 V, Scaled: 12.09 V
2025-06-26 09:02:31,857 - controllers.device_controller - ERROR - Keithley not available
2025-06-26 09:02:31,957 - controllers.device_controller - DEBUG - [DAQ] Raw: [0.20143970019122648, 0.20143970019122648], Mean: 0.2014 V, Scaled: 12.09 V
2025-06-26 09:02:31,957 - controllers.device_controller - ERROR - Keithley not available
2025-06-26 09:02:32,037 - controllers.device_controller - DEBUG - [DAQ] Raw: [0.21162821865498316, 0.20143970019122648], Mean: 0.2065 V, Scaled: 12.39 V
2025-06-26 09:02:32,039 - controllers.device_controller - ERROR - Keithley not available
2025-06-26 09:02:32,127 - controllers.device_controller - DEBUG - [DAQ] Raw: [0.1912511817274698, 0.1912511817274698], Mean: 0.1913 V, Scaled: 11.48 V
2025-06-26 09:02:32,129 - controllers.device_controller - ERROR - Keithley not available
2025-06-26 09:02:32,215 - controllers.device_controller - DEBUG - [DAQ] Raw: [0.20143970019122648, 0.20143970019122648], Mean: 0.2014 V, Scaled: 12.09 V
2025-06-26 09:02:32,216 - controllers.device_controller - ERROR - Keithley not available
2025-06-26 09:02:32,298 - controllers.device_controller - DEBUG - [DAQ] Raw: [0.1912511817274698, 0.1912511817274698], Mean: 0.1913 V, Scaled: 11.48 V
2025-06-26 09:02:32,299 - controllers.device_controller - ERROR - Keithley not available
2025-06-26 09:02:32,377 - controllers.device_controller - DEBUG - [DAQ] Raw: [0.20143970019122648, 0.20143970019122648], Mean: 0.2014 V, Scaled: 12.09 V
2025-06-26 09:02:32,379 - controllers.device_controller - ERROR - Keithley not available
2025-06-26 09:02:32,453 - controllers.device_controller - DEBUG - [DAQ] Raw: [0.20143970019122648, 0.1912511817274698], Mean: 0.1963 V, Scaled: 11.78 V
2025-06-26 09:02:32,454 - controllers.device_controller - ERROR - Keithley not available
2025-06-26 09:02:32,523 - controllers.device_controller - DEBUG - [DAQ] Raw: [0.1912511817274698, 0.21162821865498316], Mean: 0.2014 V, Scaled: 12.09 V
2025-06-26 09:02:32,524 - controllers.device_controller - ERROR - Keithley not available
2025-06-26 09:02:32,607 - controllers.device_controller - DEBUG - [DAQ] Raw: [0.20143970019122648, 0.1912511817274698], Mean: 0.1963 V, Scaled: 11.78 V
2025-06-26 09:02:32,608 - controllers.device_controller - ERROR - Keithley not available
2025-06-26 09:02:32,688 - controllers.device_controller - DEBUG - [DAQ] Raw: [0.20143970019122648, 0.20143970019122648], Mean: 0.2014 V, Scaled: 12.09 V
2025-06-26 09:02:32,690 - controllers.device_controller - ERROR - Keithley not available
2025-06-26 09:02:32,776 - controllers.device_controller - DEBUG - [DAQ] Raw: [0.20143970019122648, 0.1912511817274698], Mean: 0.1963 V, Scaled: 11.78 V
2025-06-26 09:02:32,777 - controllers.device_controller - ERROR - Keithley not available
2025-06-26 09:02:32,866 - controllers.device_controller - DEBUG - [DAQ] Raw: [0.1912511817274698, 0.1912511817274698], Mean: 0.1913 V, Scaled: 11.48 V
2025-06-26 09:02:32,866 - controllers.device_controller - ERROR - Keithley not available
2025-06-26 09:02:32,943 - controllers.device_controller - DEBUG - [DAQ] Raw: [0.1912511817274698, 0.1912511817274698], Mean: 0.1913 V, Scaled: 11.48 V
2025-06-26 09:02:32,944 - controllers.device_controller - ERROR - Keithley not available
2025-06-26 09:02:33,027 - controllers.device_controller - DEBUG - [DAQ] Raw: [0.20143970019122648, 0.1912511817274698], Mean: 0.1963 V, Scaled: 11.78 V
2025-06-26 09:02:33,029 - controllers.device_controller - ERROR - Keithley not available
2025-06-26 09:02:33,107 - controllers.device_controller - DEBUG - [DAQ] Raw: [0.1912511817274698, 0.1912511817274698], Mean: 0.1913 V, Scaled: 11.48 V
2025-06-26 09:02:33,109 - controllers.device_controller - ERROR - Keithley not available
2025-06-26 09:02:33,186 - controllers.device_controller - DEBUG - [DAQ] Raw: [0.20143970019122648, 0.20143970019122648], Mean: 0.2014 V, Scaled: 12.09 V
2025-06-26 09:02:33,189 - controllers.device_controller - ERROR - Keithley not available
2025-06-26 09:02:33,267 - controllers.device_controller - DEBUG - [DAQ] Raw: [0.1912511817274698, 0.20143970019122648], Mean: 0.1963 V, Scaled: 11.78 V
2025-06-26 09:02:33,268 - controllers.device_controller - ERROR - Keithley not available
2025-06-26 09:02:33,345 - controllers.device_controller - DEBUG - [DAQ] Raw: [0.20143970019122648, 0.1912511817274698], Mean: 0.1963 V, Scaled: 11.78 V
2025-06-26 09:02:33,346 - controllers.device_controller - ERROR - Keithley not available
2025-06-26 09:02:33,437 - controllers.device_controller - DEBUG - [DAQ] Raw: [0.20143970019122648, 0.20143970019122648], Mean: 0.2014 V, Scaled: 12.09 V
2025-06-26 09:02:33,439 - controllers.device_controller - ERROR - Keithley not available
2025-06-26 09:02:33,528 - controllers.device_controller - DEBUG - [DAQ] Raw: [0.21162821865498316, 0.20143970019122648], Mean: 0.2065 V, Scaled: 12.39 V
2025-06-26 09:02:33,530 - controllers.device_controller - ERROR - Keithley not available
2025-06-26 09:02:33,617 - controllers.device_controller - DEBUG - [DAQ] Raw: [0.1912511817274698, 0.1912511817274698], Mean: 0.1913 V, Scaled: 11.48 V
2025-06-26 09:02:33,618 - controllers.device_controller - ERROR - Keithley not available
2025-06-26 09:02:33,697 - controllers.device_controller - DEBUG - [DAQ] Raw: [0.1912511817274698, 0.21162821865498316], Mean: 0.2014 V, Scaled: 12.09 V
2025-06-26 09:02:33,698 - controllers.device_controller - ERROR - Keithley not available
2025-06-26 09:02:33,777 - controllers.device_controller - DEBUG - [DAQ] Raw: [0.1912511817274698, 0.20143970019122648], Mean: 0.1963 V, Scaled: 11.78 V
2025-06-26 09:02:33,779 - controllers.device_controller - ERROR - Keithley not available
2025-06-26 09:02:33,852 - controllers.device_controller - DEBUG - [DAQ] Raw: [0.20143970019122648, 0.20143970019122648], Mean: 0.2014 V, Scaled: 12.09 V
2025-06-26 09:02:33,853 - controllers.device_controller - ERROR - Keithley not available
2025-06-26 09:02:33,938 - controllers.device_controller - DEBUG - [DAQ] Raw: [0.20143970019122648, 0.20143970019122648], Mean: 0.2014 V, Scaled: 12.09 V
2025-06-26 09:02:33,939 - controllers.device_controller - ERROR - Keithley not available
2025-06-26 09:02:34,012 - controllers.device_controller - DEBUG - [DAQ] Raw: [0.20143970019122648, 0.20143970019122648], Mean: 0.2014 V, Scaled: 12.09 V
2025-06-26 09:02:34,013 - controllers.device_controller - ERROR - Keithley not available
2025-06-26 09:02:34,099 - controllers.device_controller - DEBUG - [DAQ] Raw: [0.1912511817274698, 0.20143970019122648], Mean: 0.1963 V, Scaled: 11.78 V
2025-06-26 09:02:34,101 - controllers.device_controller - ERROR - Keithley not available
2025-06-26 09:02:34,187 - controllers.device_controller - DEBUG - [DAQ] Raw: [0.1912511817274698, 0.20143970019122648], Mean: 0.1963 V, Scaled: 11.78 V
2025-06-26 09:02:34,189 - controllers.device_controller - ERROR - Keithley not available
2025-06-26 09:02:34,257 - controllers.device_controller - DEBUG - [DAQ] Raw: [0.20143970019122648, 0.20143970019122648], Mean: 0.2014 V, Scaled: 12.09 V
2025-06-26 09:02:34,258 - controllers.device_controller - ERROR - Keithley not available
2025-06-26 09:02:34,342 - controllers.device_controller - DEBUG - [DAQ] Raw: [0.1912511817274698, 0.20143970019122648], Mean: 0.1963 V, Scaled: 11.78 V
2025-06-26 09:02:34,343 - controllers.device_controller - ERROR - Keithley not available
2025-06-26 09:02:34,427 - controllers.device_controller - DEBUG - [DAQ] Raw: [0.20143970019122648, 0.20143970019122648], Mean: 0.2014 V, Scaled: 12.09 V
2025-06-26 09:02:34,429 - controllers.device_controller - ERROR - Keithley not available
2025-06-26 09:02:34,498 - controllers.device_controller - DEBUG - [DAQ] Raw: [0.1912511817274698, 0.21162821865498316], Mean: 0.2014 V, Scaled: 12.09 V
2025-06-26 09:02:34,499 - controllers.device_controller - ERROR - Keithley not available
2025-06-26 09:02:34,567 - controllers.device_controller - DEBUG - [DAQ] Raw: [0.1912511817274698, 0.1912511817274698], Mean: 0.1913 V, Scaled: 11.48 V
2025-06-26 09:02:34,568 - controllers.device_controller - ERROR - Keithley not available
2025-06-26 09:02:34,642 - controllers.device_controller - DEBUG - [DAQ] Raw: [0.20143970019122648, 0.1912511817274698], Mean: 0.1963 V, Scaled: 11.78 V
2025-06-26 09:02:34,643 - controllers.device_controller - ERROR - Keithley not available
2025-06-26 09:02:34,728 - controllers.device_controller - DEBUG - [DAQ] Raw: [0.20143970019122648, 0.1912511817274698], Mean: 0.1963 V, Scaled: 11.78 V
2025-06-26 09:02:34,730 - controllers.device_controller - ERROR - Keithley not available
2025-06-26 09:02:34,806 - controllers.device_controller - DEBUG - [DAQ] Raw: [0.20143970019122648, 0.20143970019122648], Mean: 0.2014 V, Scaled: 12.09 V
2025-06-26 09:02:34,808 - controllers.device_controller - ERROR - Keithley not available
2025-06-26 09:02:34,876 - controllers.device_controller - DEBUG - [DAQ] Raw: [0.1912511817274698, 0.20143970019122648], Mean: 0.1963 V, Scaled: 11.78 V
2025-06-26 09:02:34,877 - controllers.device_controller - ERROR - Keithley not available
2025-06-26 09:02:34,968 - controllers.device_controller - DEBUG - [DAQ] Raw: [0.1912511817274698, 0.20143970019122648], Mean: 0.1963 V, Scaled: 11.78 V
2025-06-26 09:02:34,970 - controllers.device_controller - ERROR - Keithley not available
2025-06-26 09:02:35,043 - controllers.device_controller - DEBUG - [DAQ] Raw: [0.18106266326371312, 0.20143970019122648], Mean: 0.1913 V, Scaled: 11.48 V
2025-06-26 09:02:35,044 - controllers.device_controller - ERROR - Keithley not available
2025-06-26 09:02:35,116 - controllers.device_controller - DEBUG - [DAQ] Raw: [0.1912511817274698, 0.20143970019122648], Mean: 0.1963 V, Scaled: 11.78 V
2025-06-26 09:02:35,117 - controllers.device_controller - ERROR - Keithley not available
2025-06-26 09:02:35,198 - controllers.device_controller - DEBUG - [DAQ] Raw: [0.20143970019122648, 0.20143970019122648], Mean: 0.2014 V, Scaled: 12.09 V
2025-06-26 09:02:35,200 - controllers.device_controller - ERROR - Keithley not available
2025-06-26 09:02:35,297 - controllers.device_controller - DEBUG - [DAQ] Raw: [0.20143970019122648, 0.20143970019122648], Mean: 0.2014 V, Scaled: 12.09 V
2025-06-26 09:02:35,298 - controllers.device_controller - ERROR - Keithley not available
2025-06-26 09:02:35,371 - controllers.device_controller - DEBUG - [DAQ] Raw: [0.20143970019122648, 0.1912511817274698], Mean: 0.1963 V, Scaled: 11.78 V
2025-06-26 09:02:35,372 - controllers.device_controller - ERROR - Keithley not available
2025-06-26 09:02:35,458 - controllers.device_controller - DEBUG - [DAQ] Raw: [0.20143970019122648, 0.1912511817274698], Mean: 0.1963 V, Scaled: 11.78 V
2025-06-26 09:02:35,460 - controllers.device_controller - ERROR - Keithley not available
2025-06-26 09:02:35,544 - controllers.device_controller - DEBUG - [DAQ] Raw: [0.20143970019122648, 0.1912511817274698], Mean: 0.1963 V, Scaled: 11.78 V
2025-06-26 09:02:35,547 - controllers.device_controller - ERROR - Keithley not available
2025-06-26 09:02:35,627 - controllers.device_controller - DEBUG - [DAQ] Raw: [0.20143970019122648, 0.21162821865498316], Mean: 0.2065 V, Scaled: 12.39 V
2025-06-26 09:02:35,628 - controllers.device_controller - ERROR - Keithley not available
2025-06-26 09:02:35,704 - controllers.device_controller - DEBUG - [DAQ] Raw: [0.20143970019122648, 0.20143970019122648], Mean: 0.2014 V, Scaled: 12.09 V
2025-06-26 09:02:35,705 - controllers.device_controller - ERROR - Keithley not available
2025-06-26 09:02:35,788 - controllers.device_controller - DEBUG - [DAQ] Raw: [0.1912511817274698, 0.1912511817274698], Mean: 0.1913 V, Scaled: 11.48 V
2025-06-26 09:02:35,789 - controllers.device_controller - ERROR - Keithley not available
2025-06-26 09:02:35,866 - controllers.device_controller - DEBUG - [DAQ] Raw: [0.20143970019122648, 0.20143970019122648], Mean: 0.2014 V, Scaled: 12.09 V
2025-06-26 09:02:35,867 - controllers.device_controller - ERROR - Keithley not available
2025-06-26 09:02:35,870 - controllers.device_controller - INFO - Stopping process
2025-06-26 09:02:35,871 - controllers.daq_keithley_controller - DEBUG - Set DAQ outputs - V: 0.00V->(0.000V), I: 0.00mA->(0.000V)
2025-06-26 09:02:35,872 - controllers.daq_keithley_controller - DEBUG - MATLAB equivalent would be: V->(0.000V), I->(0.000V)
2025-06-26 09:02:35,872 - controllers.device_controller - DEBUG - Set DAQ outputs - V: 0.00V, I: 0.00mA
2025-06-26 09:02:39,724 - controllers.device_controller - INFO - Stopping process
2025-06-26 09:02:39,727 - controllers.daq_keithley_controller - DEBUG - Set DAQ outputs - V: 0.00V->(0.000V), I: 0.00mA->(0.000V)
2025-06-26 09:02:39,727 - controllers.daq_keithley_controller - DEBUG - MATLAB equivalent would be: V->(0.000V), I->(0.000V)
2025-06-26 09:02:39,728 - controllers.device_controller - DEBUG - Set DAQ outputs - V: 0.00V, I: 0.00mA
2025-06-26 09:02:39,748 - controllers.device_controller - INFO - Device connections closed
