2025-06-26 10:13:56,719 - gui.flash_sinter_gui - INFO - Apply Parameters and Change Condition buttons disabled
2025-06-26 10:13:58,721 - gui.flash_sinter_gui - INFO - Serial connection established with Arduino on COM11
2025-06-26 10:13:58,723 - gui.flash_sinter_gui - INFO - Initial parameters set: 0.4, 1.6, 1.0, 30.0, 100.0, Flash Time: 60.0s
2025-06-26 10:13:58,724 - gui.flash_sinter_gui - INFO - Initial voltage: 12.00V, current: 160.00mA
2025-06-26 10:14:27,085 - gui.flash_sinter_gui - INFO - Camera properties: FPS=30.00003000003, Resolution=640x480
2025-06-26 10:14:27,202 - gui.flash_sinter_gui - INFO - Camera initialized successfully with FPS: 30.00003000003, Resolution: 640.0x480.0
2025-06-26 10:14:27,202 - gui.flash_sinter_gui - INFO - Camera loaded successfully - button changed to red
2025-06-26 10:16:04,991 - gui.flash_sinter_gui - INFO - Arduino response: Stepper motor control initialized
2025-06-26 10:16:04,992 - gui.flash_sinter_gui - INFO - Unloading (reverse) command sent
2025-06-26 10:16:05,584 - gui.flash_sinter_gui - INFO - Arduino response: Moving in reverse
2025-06-26 10:16:05,584 - gui.flash_sinter_gui - INFO - Sliding stage started
2025-06-26 10:16:31,228 - gui.flash_sinter_gui - INFO - Arduino response: RPM set to: 150
2025-06-26 10:16:31,228 - gui.flash_sinter_gui - INFO - Sliding stage stopped
2025-06-26 10:16:39,313 - gui.flash_sinter_gui - INFO - Arduino response: Motor stopped
2025-06-26 10:16:39,313 - gui.flash_sinter_gui - INFO - Unloading (reverse) command sent
2025-06-26 10:16:40,707 - gui.flash_sinter_gui - INFO - Arduino response: Moving in reverse
2025-06-26 10:16:40,708 - gui.flash_sinter_gui - INFO - Sliding stage started
2025-06-26 10:16:41,413 - gui.flash_sinter_gui - INFO - Arduino response: RPM set to: 150
2025-06-26 10:16:41,414 - gui.flash_sinter_gui - INFO - Sliding stage stopped
2025-06-26 10:20:27,687 - gui.flash_sinter_gui - INFO - Selected file for saving: C:/Users/user/Desktop/Rohith/20_YSZ_NiOH_IST_100mAmm2_200Vcm_1.txt
2025-06-26 10:20:29,614 - gui.flash_sinter_gui - INFO - Apply Parameters and Change Condition buttons enabled
2025-06-26 10:20:29,614 - gui.flash_sinter_gui - INFO - Neumorphic start button activated
2025-06-26 10:20:29,614 - gui.flash_sinter_gui - INFO - Data will be saved to: C:/Users/user/Desktop/Rohith/20_YSZ_NiOH_IST_100mAmm2_200Vcm_1.txt
2025-06-26 10:20:29,614 - gui.flash_sinter_gui - INFO - Updated parameters: 0.4, 1.6, 1.0, 30.0, 100.0, Flash Time: 60.0s
2025-06-26 10:20:29,615 - gui.flash_sinter_gui - INFO - Calculated voltage: 12.00V, current: 160.00mA
2025-06-26 10:20:54,412 - gui.flash_sinter_gui - INFO - Updated parameters: 1.5, 3.5, 1.58, 200.0, 100.0, Flash Time: 60.0s
2025-06-26 10:20:54,412 - gui.flash_sinter_gui - INFO - Calculated voltage: 300.00V, current: 553.00mA
2025-06-26 11:35:03,680 - gui.flash_sinter_gui - INFO - Started recording video to C:/Users/user/Desktop/Rohith/20_YSZ_NiOH_IST_sample1.avi
2025-06-26 11:45:05,106 - gui.flash_sinter_gui - INFO - Started process with V=300.0V, I=553.0mA
2025-06-26 11:45:05,106 - gui.flash_sinter_gui - INFO - Started saving data to C:/Users/user/Desktop/Rohith/20_YSZ_NiOH_IST_100mAmm2_200Vcm_1.txt
2025-06-26 11:45:06,036 - gui.flash_sinter_gui - INFO - Added initial origin point (0,0) for clean graph start
2025-06-26 11:45:06,037 - gui.flash_sinter_gui - INFO - Power supply in CV Mode
2025-06-26 11:45:06,133 - gui.flash_sinter_gui - INFO - Power supply in CV Mode
2025-06-26 11:45:06,561 - gui.flash_sinter_gui - INFO - Power supply in CV Mode
2025-06-26 11:45:06,662 - gui.flash_sinter_gui - INFO - Power supply in CV Mode
2025-06-26 11:45:06,762 - gui.flash_sinter_gui - INFO - Power supply in CV Mode
2025-06-26 11:45:06,860 - gui.flash_sinter_gui - INFO - Power supply in CV Mode
2025-06-26 11:45:06,979 - gui.flash_sinter_gui - INFO - Power supply in CV Mode
2025-06-26 11:45:07,083 - gui.flash_sinter_gui - INFO - Power supply in CV Mode
2025-06-26 11:45:07,181 - gui.flash_sinter_gui - INFO - Power supply in CV Mode
2025-06-26 11:45:07,278 - gui.flash_sinter_gui - INFO - Power supply in CV Mode
2025-06-26 11:45:07,364 - gui.flash_sinter_gui - INFO - Power supply in CV Mode
2025-06-26 11:45:07,486 - gui.flash_sinter_gui - INFO - Power supply in CV Mode
2025-06-26 11:45:07,585 - gui.flash_sinter_gui - INFO - Power supply in CV Mode
2025-06-26 11:45:07,685 - gui.flash_sinter_gui - INFO - Power supply in CV Mode
2025-06-26 11:45:07,781 - gui.flash_sinter_gui - INFO - Power supply in CV Mode
2025-06-26 11:45:07,877 - gui.flash_sinter_gui - INFO - Power supply in CV Mode
2025-06-26 11:45:07,986 - gui.flash_sinter_gui - INFO - Power supply in CV Mode
2025-06-26 11:45:08,085 - gui.flash_sinter_gui - INFO - Power supply in CV Mode
2025-06-26 11:45:08,181 - gui.flash_sinter_gui - INFO - Power supply in CV Mode
2025-06-26 11:45:08,281 - gui.flash_sinter_gui - INFO - Power supply in CV Mode
2025-06-26 11:45:08,380 - gui.flash_sinter_gui - INFO - Power supply in CV Mode
2025-06-26 11:45:08,498 - gui.flash_sinter_gui - INFO - Power supply in CV Mode
2025-06-26 11:45:08,593 - gui.flash_sinter_gui - INFO - Power supply in CV Mode
2025-06-26 11:45:08,697 - gui.flash_sinter_gui - INFO - Power supply in CV Mode
2025-06-26 11:45:08,796 - gui.flash_sinter_gui - INFO - Power supply in CV Mode
2025-06-26 11:45:08,891 - gui.flash_sinter_gui - INFO - Power supply in CV Mode
2025-06-26 11:45:09,011 - gui.flash_sinter_gui - INFO - Power supply in CV Mode
2025-06-26 11:45:09,107 - gui.flash_sinter_gui - INFO - Power supply in CV Mode
2025-06-26 11:45:09,208 - gui.flash_sinter_gui - INFO - Power supply in CV Mode
2025-06-26 11:45:09,305 - gui.flash_sinter_gui - INFO - Power supply in CV Mode
2025-06-26 11:45:09,401 - gui.flash_sinter_gui - INFO - Power supply in CV Mode
2025-06-26 11:45:09,520 - gui.flash_sinter_gui - INFO - Power supply in CV Mode
2025-06-26 11:45:09,619 - gui.flash_sinter_gui - INFO - Power supply in CV Mode
2025-06-26 11:45:09,714 - gui.flash_sinter_gui - INFO - Power supply in CV Mode
2025-06-26 11:45:09,811 - gui.flash_sinter_gui - INFO - Power supply in CV Mode
2025-06-26 11:45:09,908 - gui.flash_sinter_gui - INFO - Power supply in CV Mode
2025-06-26 11:45:10,028 - gui.flash_sinter_gui - INFO - Power supply in CV Mode
2025-06-26 11:45:10,124 - gui.flash_sinter_gui - INFO - Power supply in CV Mode
2025-06-26 11:45:10,223 - gui.flash_sinter_gui - INFO - Power supply in CV Mode
2025-06-26 11:45:10,324 - gui.flash_sinter_gui - INFO - Power supply in CV Mode
2025-06-26 11:45:10,421 - gui.flash_sinter_gui - INFO - Power supply in CV Mode
2025-06-26 11:45:10,542 - gui.flash_sinter_gui - INFO - Power supply in CV Mode
2025-06-26 11:45:10,640 - gui.flash_sinter_gui - INFO - Power supply in CV Mode
2025-06-26 11:45:10,739 - gui.flash_sinter_gui - INFO - Power supply in CV Mode
2025-06-26 11:45:10,842 - gui.flash_sinter_gui - INFO - Power supply in CV Mode
2025-06-26 11:45:10,936 - gui.flash_sinter_gui - INFO - Power supply in CV Mode
2025-06-26 11:45:11,056 - gui.flash_sinter_gui - INFO - Power supply in CV Mode
2025-06-26 11:45:11,155 - gui.flash_sinter_gui - INFO - Power supply in CV Mode
2025-06-26 11:45:11,251 - gui.flash_sinter_gui - INFO - Power supply in CV Mode
2025-06-26 11:45:11,349 - gui.flash_sinter_gui - INFO - Power supply in CV Mode
2025-06-26 11:45:11,447 - gui.flash_sinter_gui - INFO - Power supply in CV Mode
2025-06-26 11:45:11,565 - gui.flash_sinter_gui - INFO - Power supply in CV Mode
2025-06-26 11:45:11,662 - gui.flash_sinter_gui - INFO - Power supply in CV Mode
2025-06-26 11:45:11,762 - gui.flash_sinter_gui - INFO - Power supply in CV Mode
2025-06-26 11:45:11,860 - gui.flash_sinter_gui - INFO - Power supply in CV Mode
2025-06-26 11:45:11,962 - gui.flash_sinter_gui - INFO - Power supply in CV Mode
2025-06-26 11:45:12,079 - gui.flash_sinter_gui - INFO - Power supply in CV Mode
2025-06-26 11:45:12,181 - gui.flash_sinter_gui - INFO - Power supply in CV Mode
2025-06-26 11:45:12,277 - gui.flash_sinter_gui - INFO - Power supply in CV Mode
2025-06-26 11:45:12,378 - gui.flash_sinter_gui - INFO - Power supply in CV Mode
2025-06-26 11:45:12,477 - gui.flash_sinter_gui - INFO - Power supply in CV Mode
2025-06-26 11:45:12,601 - gui.flash_sinter_gui - INFO - Power supply in CV Mode
2025-06-26 11:45:12,702 - gui.flash_sinter_gui - INFO - Power supply in CV Mode
2025-06-26 11:45:12,801 - gui.flash_sinter_gui - INFO - Power supply in CV Mode
2025-06-26 11:45:12,895 - gui.flash_sinter_gui - INFO - Power supply in CV Mode
2025-06-26 11:45:12,990 - gui.flash_sinter_gui - INFO - Power supply in CV Mode
2025-06-26 11:45:13,109 - gui.flash_sinter_gui - INFO - Power supply in CV Mode
2025-06-26 11:45:13,200 - gui.flash_sinter_gui - INFO - Power supply in CV Mode
2025-06-26 11:45:13,301 - gui.flash_sinter_gui - INFO - Power supply in CV Mode
2025-06-26 11:45:13,397 - gui.flash_sinter_gui - INFO - Power supply in CV Mode
2025-06-26 11:45:13,492 - gui.flash_sinter_gui - INFO - Power supply in CV Mode
2025-06-26 11:45:13,612 - gui.flash_sinter_gui - INFO - Power supply in CV Mode
2025-06-26 11:45:13,709 - gui.flash_sinter_gui - INFO - Power supply in CV Mode
2025-06-26 11:45:13,805 - gui.flash_sinter_gui - INFO - Power supply in CV Mode
2025-06-26 11:45:13,899 - gui.flash_sinter_gui - INFO - Power supply in CV Mode
2025-06-26 11:45:13,998 - gui.flash_sinter_gui - INFO - Power supply in CV Mode
2025-06-26 11:45:14,117 - gui.flash_sinter_gui - INFO - Power supply in CV Mode
2025-06-26 11:45:14,212 - gui.flash_sinter_gui - INFO - Power supply in CV Mode
2025-06-26 11:45:14,309 - gui.flash_sinter_gui - INFO - Power supply in CV Mode
2025-06-26 11:45:14,410 - gui.flash_sinter_gui - INFO - Power supply in CV Mode
2025-06-26 11:45:14,511 - gui.flash_sinter_gui - INFO - Power supply in CV Mode
2025-06-26 11:45:14,631 - gui.flash_sinter_gui - INFO - Power supply in CV Mode
2025-06-26 11:45:14,730 - gui.flash_sinter_gui - INFO - Power supply in CV Mode
2025-06-26 11:45:14,828 - gui.flash_sinter_gui - INFO - Power supply in CV Mode
2025-06-26 11:45:14,928 - gui.flash_sinter_gui - INFO - Power supply in CV Mode
2025-06-26 11:45:15,022 - gui.flash_sinter_gui - INFO - Power supply in CV Mode
2025-06-26 11:45:15,140 - gui.flash_sinter_gui - INFO - Power supply in CV Mode
2025-06-26 11:45:15,228 - gui.flash_sinter_gui - INFO - Power supply in CV Mode
2025-06-26 11:45:15,327 - gui.flash_sinter_gui - INFO - Power supply in CV Mode
2025-06-26 11:45:15,424 - gui.flash_sinter_gui - INFO - Power supply in CV Mode
2025-06-26 11:45:15,519 - gui.flash_sinter_gui - INFO - Power supply in CV Mode
2025-06-26 11:45:15,639 - gui.flash_sinter_gui - INFO - Power supply in CV Mode
2025-06-26 11:45:15,738 - gui.flash_sinter_gui - INFO - Power supply in CV Mode
2025-06-26 11:45:15,836 - gui.flash_sinter_gui - INFO - Power supply in CV Mode
2025-06-26 11:45:15,932 - gui.flash_sinter_gui - INFO - Power supply in CV Mode
2025-06-26 11:45:16,028 - gui.flash_sinter_gui - INFO - Power supply in CV Mode
2025-06-26 11:45:16,146 - gui.flash_sinter_gui - INFO - Power supply in CV Mode
2025-06-26 11:45:16,240 - gui.flash_sinter_gui - INFO - Power supply in CV Mode
2025-06-26 11:45:16,337 - gui.flash_sinter_gui - INFO - Power supply in CV Mode
2025-06-26 11:45:16,436 - gui.flash_sinter_gui - INFO - Power supply in CV Mode
2025-06-26 11:45:16,533 - gui.flash_sinter_gui - INFO - Power supply in CV Mode
2025-06-26 11:45:16,656 - gui.flash_sinter_gui - INFO - Power supply in CV Mode
2025-06-26 11:45:16,755 - gui.flash_sinter_gui - INFO - Power supply in CV Mode
2025-06-26 11:45:16,853 - gui.flash_sinter_gui - INFO - Power supply in CV Mode
2025-06-26 11:45:16,948 - gui.flash_sinter_gui - INFO - Power supply in CV Mode
2025-06-26 11:45:17,045 - gui.flash_sinter_gui - INFO - Power supply in CV Mode
2025-06-26 11:45:17,163 - gui.flash_sinter_gui - INFO - Power supply in CV Mode
2025-06-26 11:45:17,263 - gui.flash_sinter_gui - INFO - Power supply in CV Mode
2025-06-26 11:45:17,359 - gui.flash_sinter_gui - INFO - Power supply in CV Mode
2025-06-26 11:45:17,458 - gui.flash_sinter_gui - INFO - Power supply in CV Mode
2025-06-26 11:45:17,556 - gui.flash_sinter_gui - INFO - Power supply in CV Mode
2025-06-26 11:45:17,664 - gui.flash_sinter_gui - INFO - Power supply in CV Mode
2025-06-26 11:45:17,764 - gui.flash_sinter_gui - INFO - Power supply in CV Mode
2025-06-26 11:45:17,861 - gui.flash_sinter_gui - INFO - Power supply in CV Mode
2025-06-26 11:45:17,958 - gui.flash_sinter_gui - INFO - Power supply in CV Mode
2025-06-26 11:45:18,056 - gui.flash_sinter_gui - INFO - Power supply in CV Mode
2025-06-26 11:45:18,176 - gui.flash_sinter_gui - INFO - Power supply in CV Mode
2025-06-26 11:45:18,266 - gui.flash_sinter_gui - INFO - Power supply in CV Mode
2025-06-26 11:45:18,367 - gui.flash_sinter_gui - INFO - Power supply in CV Mode
2025-06-26 11:45:18,462 - gui.flash_sinter_gui - INFO - Power supply in CV Mode
2025-06-26 11:45:18,559 - gui.flash_sinter_gui - INFO - Power supply in CV Mode
2025-06-26 11:45:18,686 - gui.flash_sinter_gui - INFO - Power supply in CV Mode
2025-06-26 11:45:18,787 - gui.flash_sinter_gui - INFO - Power supply in CV Mode
2025-06-26 11:45:18,875 - gui.flash_sinter_gui - INFO - Power supply in CV Mode
2025-06-26 11:45:18,970 - gui.flash_sinter_gui - INFO - Power supply in CV Mode
2025-06-26 11:45:19,065 - gui.flash_sinter_gui - INFO - Power supply in CV Mode
2025-06-26 11:45:19,182 - gui.flash_sinter_gui - INFO - Power supply in CV Mode
2025-06-26 11:45:19,272 - gui.flash_sinter_gui - INFO - Power supply in CV Mode
2025-06-26 11:45:19,371 - gui.flash_sinter_gui - INFO - Power supply in CV Mode
2025-06-26 11:45:19,467 - gui.flash_sinter_gui - INFO - Power supply in CV Mode
2025-06-26 11:45:19,566 - gui.flash_sinter_gui - INFO - Power supply in CV Mode
2025-06-26 11:45:19,689 - gui.flash_sinter_gui - INFO - Power supply in CV Mode
2025-06-26 11:45:19,792 - gui.flash_sinter_gui - INFO - Power supply in CV Mode
2025-06-26 11:45:19,884 - gui.flash_sinter_gui - INFO - Power supply in CV Mode
2025-06-26 11:45:19,979 - gui.flash_sinter_gui - INFO - Power supply in CV Mode
2025-06-26 11:45:20,074 - gui.flash_sinter_gui - INFO - Power supply in CV Mode
2025-06-26 11:45:20,193 - gui.flash_sinter_gui - INFO - Power supply in CV Mode
2025-06-26 11:45:20,293 - gui.flash_sinter_gui - INFO - Power supply in CV Mode
2025-06-26 11:45:20,390 - gui.flash_sinter_gui - INFO - Power supply in CV Mode
2025-06-26 11:45:20,478 - gui.flash_sinter_gui - INFO - Power supply in CV Mode
2025-06-26 11:45:20,576 - gui.flash_sinter_gui - INFO - Power supply in CV Mode
2025-06-26 11:45:20,686 - gui.flash_sinter_gui - INFO - Power supply in CV Mode
2025-06-26 11:45:20,794 - gui.flash_sinter_gui - INFO - Power supply in CV Mode
2025-06-26 11:45:20,886 - gui.flash_sinter_gui - INFO - Power supply in CV Mode
2025-06-26 11:45:20,987 - gui.flash_sinter_gui - INFO - Power supply in CV Mode
2025-06-26 11:45:21,091 - gui.flash_sinter_gui - INFO - Power supply in CV Mode
2025-06-26 11:45:21,209 - gui.flash_sinter_gui - INFO - Power supply in CV Mode
2025-06-26 11:45:21,305 - gui.flash_sinter_gui - INFO - Power supply in CV Mode
2025-06-26 11:45:21,403 - gui.flash_sinter_gui - INFO - Power supply in CV Mode
2025-06-26 11:45:21,503 - gui.flash_sinter_gui - INFO - Power supply in CV Mode
2025-06-26 11:45:21,601 - gui.flash_sinter_gui - INFO - Power supply in CV Mode
2025-06-26 11:45:21,719 - gui.flash_sinter_gui - INFO - Power supply in CV Mode
2025-06-26 11:45:21,818 - gui.flash_sinter_gui - INFO - Power supply in CV Mode
2025-06-26 11:45:21,918 - gui.flash_sinter_gui - INFO - Power supply in CV Mode
2025-06-26 11:45:22,013 - gui.flash_sinter_gui - INFO - Power supply in CV Mode
2025-06-26 11:45:22,109 - gui.flash_sinter_gui - INFO - Power supply in CV Mode
2025-06-26 11:45:22,226 - gui.flash_sinter_gui - INFO - Power supply in CV Mode
2025-06-26 11:45:22,321 - gui.flash_sinter_gui - INFO - Power supply in CV Mode
2025-06-26 11:45:22,421 - gui.flash_sinter_gui - INFO - Power supply in CV Mode
2025-06-26 11:45:22,516 - gui.flash_sinter_gui - INFO - Power supply in CV Mode
2025-06-26 11:45:22,610 - gui.flash_sinter_gui - INFO - Power supply in CV Mode
2025-06-26 11:45:22,730 - gui.flash_sinter_gui - INFO - Power supply in CV Mode
2025-06-26 11:45:22,830 - gui.flash_sinter_gui - INFO - Power supply in CV Mode
2025-06-26 11:45:22,919 - gui.flash_sinter_gui - INFO - Power supply in CV Mode
2025-06-26 11:45:23,021 - gui.flash_sinter_gui - INFO - Power supply in CV Mode
2025-06-26 11:45:23,116 - gui.flash_sinter_gui - INFO - Power supply in CV Mode
2025-06-26 11:45:23,232 - gui.flash_sinter_gui - INFO - Power supply in CV Mode
2025-06-26 11:45:23,333 - gui.flash_sinter_gui - INFO - Power supply in CV Mode
2025-06-26 11:45:23,432 - gui.flash_sinter_gui - INFO - Power supply in CV Mode
2025-06-26 11:45:23,534 - gui.flash_sinter_gui - INFO - Power supply in CV Mode
2025-06-26 11:45:23,635 - gui.flash_sinter_gui - INFO - Power supply in CV Mode
2025-06-26 11:45:23,756 - gui.flash_sinter_gui - INFO - Power supply in CV Mode
2025-06-26 11:45:23,854 - gui.flash_sinter_gui - INFO - Power supply in CV Mode
2025-06-26 11:45:23,951 - gui.flash_sinter_gui - INFO - Power supply in CV Mode
2025-06-26 11:45:24,049 - gui.flash_sinter_gui - INFO - Power supply in CV Mode
2025-06-26 11:45:24,144 - gui.flash_sinter_gui - INFO - Power supply in CV Mode
2025-06-26 11:45:24,263 - gui.flash_sinter_gui - INFO - Power supply in CV Mode
2025-06-26 11:45:24,368 - gui.flash_sinter_gui - INFO - Power supply in CV Mode
2025-06-26 11:45:24,462 - gui.flash_sinter_gui - INFO - Power supply in CV Mode
2025-06-26 11:45:24,562 - gui.flash_sinter_gui - INFO - Power supply in CV Mode
2025-06-26 11:45:24,660 - gui.flash_sinter_gui - INFO - Power supply in CV Mode
2025-06-26 11:45:24,777 - gui.flash_sinter_gui - INFO - Power supply in CV Mode
2025-06-26 11:45:24,875 - gui.flash_sinter_gui - INFO - Power supply in CV Mode
2025-06-26 11:45:24,971 - gui.flash_sinter_gui - INFO - Power supply in CV Mode
2025-06-26 11:45:25,067 - gui.flash_sinter_gui - INFO - Power supply in CV Mode
2025-06-26 11:45:25,162 - gui.flash_sinter_gui - INFO - Power supply in CV Mode
2025-06-26 11:45:25,281 - gui.flash_sinter_gui - INFO - Power supply in CV Mode
2025-06-26 11:45:25,381 - gui.flash_sinter_gui - INFO - Power supply in CV Mode
2025-06-26 11:45:25,475 - gui.flash_sinter_gui - INFO - Power supply in CV Mode
2025-06-26 11:45:25,574 - gui.flash_sinter_gui - INFO - Power supply in CV Mode
2025-06-26 11:45:25,674 - gui.flash_sinter_gui - INFO - Power supply in CV Mode
2025-06-26 11:45:25,789 - gui.flash_sinter_gui - INFO - Power supply in CV Mode
2025-06-26 11:45:25,889 - gui.flash_sinter_gui - INFO - Power supply in CV Mode
2025-06-26 11:45:25,984 - gui.flash_sinter_gui - INFO - Power supply in CV Mode
2025-06-26 11:45:26,079 - gui.flash_sinter_gui - INFO - Power supply in CV Mode
2025-06-26 11:45:26,176 - gui.flash_sinter_gui - INFO - Power supply in CV Mode
2025-06-26 11:45:26,294 - gui.flash_sinter_gui - INFO - Power supply in CV Mode
2025-06-26 11:45:26,387 - gui.flash_sinter_gui - INFO - Power supply in CV Mode
2025-06-26 11:45:26,486 - gui.flash_sinter_gui - INFO - Power supply in CV Mode
2025-06-26 11:45:26,581 - gui.flash_sinter_gui - INFO - Power supply in CV Mode
2025-06-26 11:45:26,678 - gui.flash_sinter_gui - INFO - Power supply in CV Mode
2025-06-26 11:45:26,796 - gui.flash_sinter_gui - INFO - Power supply in CV Mode
2025-06-26 11:45:26,896 - gui.flash_sinter_gui - INFO - Power supply in CV Mode
2025-06-26 11:45:26,992 - gui.flash_sinter_gui - INFO - Power supply in CV Mode
2025-06-26 11:45:27,089 - gui.flash_sinter_gui - INFO - Power supply in CV Mode
2025-06-26 11:45:27,187 - gui.flash_sinter_gui - INFO - Power supply in CV Mode
2025-06-26 11:45:27,307 - gui.flash_sinter_gui - INFO - Power supply in CV Mode
2025-06-26 11:45:27,404 - gui.flash_sinter_gui - INFO - Power supply in CV Mode
2025-06-26 11:45:27,500 - gui.flash_sinter_gui - INFO - Power supply in CV Mode
2025-06-26 11:45:27,602 - gui.flash_sinter_gui - INFO - Power supply in CV Mode
2025-06-26 11:45:27,699 - gui.flash_sinter_gui - INFO - Power supply in CV Mode
2025-06-26 11:45:27,815 - gui.flash_sinter_gui - INFO - Power supply in CV Mode
2025-06-26 11:45:27,915 - gui.flash_sinter_gui - INFO - Power supply in CV Mode
2025-06-26 11:45:28,008 - gui.flash_sinter_gui - INFO - Power supply in CV Mode
2025-06-26 11:45:28,104 - gui.flash_sinter_gui - INFO - Power supply in CV Mode
2025-06-26 11:45:28,204 - gui.flash_sinter_gui - INFO - Power supply in CV Mode
2025-06-26 11:45:28,324 - gui.flash_sinter_gui - INFO - Power supply in CV Mode
2025-06-26 11:45:28,412 - gui.flash_sinter_gui - INFO - Power supply in CV Mode
2025-06-26 11:45:28,513 - gui.flash_sinter_gui - INFO - Power supply in CV Mode
2025-06-26 11:45:28,608 - gui.flash_sinter_gui - INFO - Power supply in CV Mode
2025-06-26 11:45:28,705 - gui.flash_sinter_gui - INFO - Power supply in CV Mode
2025-06-26 11:45:28,826 - gui.flash_sinter_gui - INFO - Power supply in CV Mode
2025-06-26 11:45:28,932 - gui.flash_sinter_gui - INFO - Power supply in CV Mode
2025-06-26 11:45:29,029 - gui.flash_sinter_gui - INFO - Power supply in CV Mode
2025-06-26 11:45:29,127 - gui.flash_sinter_gui - INFO - Power supply in CV Mode
2025-06-26 11:45:29,224 - gui.flash_sinter_gui - INFO - Power supply in CV Mode
2025-06-26 11:45:29,341 - gui.flash_sinter_gui - INFO - Power supply in CV Mode
2025-06-26 11:45:29,435 - gui.flash_sinter_gui - INFO - Power supply in CV Mode
2025-06-26 11:45:29,534 - gui.flash_sinter_gui - INFO - Power supply in CV Mode
2025-06-26 11:45:29,629 - gui.flash_sinter_gui - INFO - Power supply in CV Mode
2025-06-26 11:45:29,729 - gui.flash_sinter_gui - INFO - Power supply in CV Mode
2025-06-26 11:45:29,845 - gui.flash_sinter_gui - INFO - Power supply in CV Mode
2025-06-26 11:45:29,947 - gui.flash_sinter_gui - INFO - Power supply in CV Mode
2025-06-26 11:45:30,042 - gui.flash_sinter_gui - INFO - Power supply in CV Mode
2025-06-26 11:45:30,145 - gui.flash_sinter_gui - INFO - Power supply in CV Mode
2025-06-26 11:45:30,244 - gui.flash_sinter_gui - INFO - Power supply in CV Mode
2025-06-26 11:45:30,366 - gui.flash_sinter_gui - INFO - Power supply in CV Mode
2025-06-26 11:45:30,463 - gui.flash_sinter_gui - INFO - Power supply in CV Mode
2025-06-26 11:45:30,560 - gui.flash_sinter_gui - INFO - Power supply in CV Mode
2025-06-26 11:45:30,654 - gui.flash_sinter_gui - INFO - Power supply in CV Mode
2025-06-26 11:45:30,750 - gui.flash_sinter_gui - INFO - Power supply in CV Mode
2025-06-26 11:45:30,873 - gui.flash_sinter_gui - INFO - Power supply in CV Mode
2025-06-26 11:45:30,972 - gui.flash_sinter_gui - INFO - Power supply in CV Mode
2025-06-26 11:45:31,065 - gui.flash_sinter_gui - INFO - Power supply in CV Mode
2025-06-26 11:45:31,161 - gui.flash_sinter_gui - INFO - Power supply in CV Mode
2025-06-26 11:45:31,255 - gui.flash_sinter_gui - INFO - Power supply in CV Mode
2025-06-26 11:45:31,373 - gui.flash_sinter_gui - INFO - Power supply in CV Mode
2025-06-26 11:45:31,469 - gui.flash_sinter_gui - INFO - Power supply in CV Mode
2025-06-26 11:45:31,566 - gui.flash_sinter_gui - INFO - Power supply in CV Mode
2025-06-26 11:45:31,660 - gui.flash_sinter_gui - INFO - Power supply in CV Mode
2025-06-26 11:45:31,757 - gui.flash_sinter_gui - INFO - Power supply in CV Mode
2025-06-26 11:45:31,875 - gui.flash_sinter_gui - INFO - Power supply in CV Mode
2025-06-26 11:45:31,976 - gui.flash_sinter_gui - INFO - Power supply in CV Mode
2025-06-26 11:45:32,073 - gui.flash_sinter_gui - INFO - Power supply in CV Mode
2025-06-26 11:45:32,169 - gui.flash_sinter_gui - INFO - Power supply in CV Mode
2025-06-26 11:45:32,268 - gui.flash_sinter_gui - INFO - Power supply in CV Mode
2025-06-26 11:45:32,386 - gui.flash_sinter_gui - INFO - Power supply in CV Mode
2025-06-26 11:45:32,489 - gui.flash_sinter_gui - INFO - Power supply in CV Mode
2025-06-26 11:45:32,585 - gui.flash_sinter_gui - INFO - Power supply in CV Mode
2025-06-26 11:45:32,684 - gui.flash_sinter_gui - INFO - Power supply in CV Mode
2025-06-26 11:45:32,784 - gui.flash_sinter_gui - INFO - Power supply in CV Mode
2025-06-26 11:45:32,906 - gui.flash_sinter_gui - INFO - Power supply in CV Mode
2025-06-26 11:45:33,004 - gui.flash_sinter_gui - INFO - Power supply in CV Mode
2025-06-26 11:45:33,104 - gui.flash_sinter_gui - INFO - Power supply in CV Mode
2025-06-26 11:45:33,200 - gui.flash_sinter_gui - INFO - Power supply in CV Mode
2025-06-26 11:45:33,293 - gui.flash_sinter_gui - INFO - Power supply in CV Mode
2025-06-26 11:45:33,411 - gui.flash_sinter_gui - INFO - Power supply in CV Mode
2025-06-26 11:45:33,508 - gui.flash_sinter_gui - INFO - Power supply in CV Mode
2025-06-26 11:45:33,605 - gui.flash_sinter_gui - INFO - Power supply in CV Mode
2025-06-26 11:45:33,705 - gui.flash_sinter_gui - INFO - Power supply in CV Mode
2025-06-26 11:45:33,805 - gui.flash_sinter_gui - INFO - Power supply in CV Mode
2025-06-26 11:45:33,929 - gui.flash_sinter_gui - INFO - Power supply in CV Mode
2025-06-26 11:45:34,028 - gui.flash_sinter_gui - INFO - Power supply in CV Mode
2025-06-26 11:45:34,131 - gui.flash_sinter_gui - INFO - Power supply in CV Mode
2025-06-26 11:45:34,227 - gui.flash_sinter_gui - INFO - Power supply in CV Mode
2025-06-26 11:45:34,323 - gui.flash_sinter_gui - INFO - Power supply in CV Mode
2025-06-26 11:45:34,446 - gui.flash_sinter_gui - INFO - Power supply in CV Mode
2025-06-26 11:45:34,542 - gui.flash_sinter_gui - INFO - Power supply in CV Mode
2025-06-26 11:45:34,640 - gui.flash_sinter_gui - INFO - Power supply in CV Mode
2025-06-26 11:45:34,736 - gui.flash_sinter_gui - INFO - Power supply in CV Mode
2025-06-26 11:45:34,837 - gui.flash_sinter_gui - INFO - Power supply in CV Mode
2025-06-26 11:45:34,959 - gui.flash_sinter_gui - INFO - Power supply in CV Mode
2025-06-26 11:45:35,060 - gui.flash_sinter_gui - INFO - Power supply in CV Mode
2025-06-26 11:45:35,158 - gui.flash_sinter_gui - INFO - Power supply in CV Mode
2025-06-26 11:45:35,257 - gui.flash_sinter_gui - INFO - Power supply in CV Mode
2025-06-26 11:45:35,361 - gui.flash_sinter_gui - INFO - Power supply in CV Mode
2025-06-26 11:45:35,478 - gui.flash_sinter_gui - INFO - Power supply in CV Mode
2025-06-26 11:45:35,579 - gui.flash_sinter_gui - INFO - Power supply in CV Mode
2025-06-26 11:45:35,679 - gui.flash_sinter_gui - INFO - Power supply in CV Mode
2025-06-26 11:45:35,777 - gui.flash_sinter_gui - INFO - Power supply in CV Mode
2025-06-26 11:45:35,874 - gui.flash_sinter_gui - INFO - Power supply in CV Mode
2025-06-26 11:45:35,991 - gui.flash_sinter_gui - INFO - Power supply in CV Mode
2025-06-26 11:45:36,097 - gui.flash_sinter_gui - INFO - Power supply in CV Mode
2025-06-26 11:45:36,191 - gui.flash_sinter_gui - INFO - Power supply in CV Mode
2025-06-26 11:45:36,287 - gui.flash_sinter_gui - INFO - Power supply in CV Mode
2025-06-26 11:45:36,385 - gui.flash_sinter_gui - INFO - Power supply in CV Mode
2025-06-26 11:45:36,506 - gui.flash_sinter_gui - INFO - Power supply in CV Mode
2025-06-26 11:45:36,596 - gui.flash_sinter_gui - INFO - Power supply in CV Mode
2025-06-26 11:45:36,703 - gui.flash_sinter_gui - INFO - Power supply in CV Mode
2025-06-26 11:45:36,798 - gui.flash_sinter_gui - INFO - Power supply in CV Mode
2025-06-26 11:45:36,899 - gui.flash_sinter_gui - INFO - Power supply in CV Mode
2025-06-26 11:45:37,018 - gui.flash_sinter_gui - INFO - Power supply in CV Mode
2025-06-26 11:45:37,119 - gui.flash_sinter_gui - INFO - Power supply in CV Mode
2025-06-26 11:45:37,219 - gui.flash_sinter_gui - INFO - Power supply in CV Mode
2025-06-26 11:45:37,321 - gui.flash_sinter_gui - INFO - Power supply in CV Mode
2025-06-26 11:45:37,417 - gui.flash_sinter_gui - INFO - Power supply in CV Mode
2025-06-26 11:45:37,539 - gui.flash_sinter_gui - INFO - Power supply in CV Mode
2025-06-26 11:45:37,629 - gui.flash_sinter_gui - INFO - Power supply in CV Mode
2025-06-26 11:45:37,729 - gui.flash_sinter_gui - INFO - Power supply in CV Mode
2025-06-26 11:45:37,828 - gui.flash_sinter_gui - INFO - Power supply in CV Mode
2025-06-26 11:45:37,932 - gui.flash_sinter_gui - INFO - Power supply in CV Mode
2025-06-26 11:45:38,053 - gui.flash_sinter_gui - INFO - Power supply in CV Mode
2025-06-26 11:45:38,158 - gui.flash_sinter_gui - INFO - Power supply in CV Mode
2025-06-26 11:45:38,248 - gui.flash_sinter_gui - INFO - Power supply in CV Mode
2025-06-26 11:45:38,351 - gui.flash_sinter_gui - INFO - Power supply in CV Mode
2025-06-26 11:45:38,453 - gui.flash_sinter_gui - INFO - Power supply in CV Mode
2025-06-26 11:45:38,579 - gui.flash_sinter_gui - INFO - Power supply in CV Mode
2025-06-26 11:45:38,679 - gui.flash_sinter_gui - INFO - Power supply in CV Mode
2025-06-26 11:45:38,792 - gui.flash_sinter_gui - INFO - Power supply in CV Mode
2025-06-26 11:45:38,890 - gui.flash_sinter_gui - INFO - Power supply in CV Mode
2025-06-26 11:45:39,000 - gui.flash_sinter_gui - INFO - Power supply in CV Mode
2025-06-26 11:45:39,121 - gui.flash_sinter_gui - INFO - Power supply in CV Mode
2025-06-26 11:45:39,230 - gui.flash_sinter_gui - INFO - Power supply in CV Mode
2025-06-26 11:45:39,327 - gui.flash_sinter_gui - INFO - Power supply in CV Mode
2025-06-26 11:45:39,435 - gui.flash_sinter_gui - INFO - Power supply in CV Mode
2025-06-26 11:45:39,532 - gui.flash_sinter_gui - INFO - Power supply in CV Mode
2025-06-26 11:45:39,663 - gui.flash_sinter_gui - INFO - Power supply in CV Mode
2025-06-26 11:45:39,752 - gui.flash_sinter_gui - INFO - Power supply in CV Mode
2025-06-26 11:45:39,861 - gui.flash_sinter_gui - INFO - Power supply in CV Mode
2025-06-26 11:45:39,959 - gui.flash_sinter_gui - INFO - Power supply in CV Mode
2025-06-26 11:45:40,071 - gui.flash_sinter_gui - INFO - Power supply in CV Mode
2025-06-26 11:45:40,183 - gui.flash_sinter_gui - INFO - Power supply in CV Mode
2025-06-26 11:45:40,289 - gui.flash_sinter_gui - INFO - Power supply in CV Mode
2025-06-26 11:45:40,385 - gui.flash_sinter_gui - INFO - Power supply in CV Mode
2025-06-26 11:45:40,497 - gui.flash_sinter_gui - INFO - Power supply in CV Mode
2025-06-26 11:45:40,593 - gui.flash_sinter_gui - INFO - Power supply in CV Mode
2025-06-26 11:45:40,726 - gui.flash_sinter_gui - INFO - Power supply in CV Mode
2025-06-26 11:45:40,825 - gui.flash_sinter_gui - INFO - Power supply in CV Mode
2025-06-26 11:45:40,937 - gui.flash_sinter_gui - INFO - Power supply in CV Mode
2025-06-26 11:45:41,037 - gui.flash_sinter_gui - INFO - Power supply in CV Mode
2025-06-26 11:45:41,153 - gui.flash_sinter_gui - INFO - Power supply in CV Mode
2025-06-26 11:45:41,271 - gui.flash_sinter_gui - INFO - Power supply in CV Mode
2025-06-26 11:45:41,381 - gui.flash_sinter_gui - INFO - Power supply in CV Mode
2025-06-26 11:45:41,474 - gui.flash_sinter_gui - INFO - Power supply in CV Mode
2025-06-26 11:45:41,588 - gui.flash_sinter_gui - INFO - Power supply in CV Mode
2025-06-26 11:45:41,687 - gui.flash_sinter_gui - INFO - Power supply in CV Mode
2025-06-26 11:45:41,826 - gui.flash_sinter_gui - INFO - Power supply in CV Mode
2025-06-26 11:45:41,915 - gui.flash_sinter_gui - INFO - Power supply in CV Mode
2025-06-26 11:45:42,035 - gui.flash_sinter_gui - INFO - Power supply in CV Mode
2025-06-26 11:45:42,133 - gui.flash_sinter_gui - INFO - Power supply in CV Mode
2025-06-26 11:45:42,250 - gui.flash_sinter_gui - INFO - Power supply in CV Mode
2025-06-26 11:45:42,371 - gui.flash_sinter_gui - INFO - Power supply in CV Mode
2025-06-26 11:45:42,491 - gui.flash_sinter_gui - INFO - Power supply in CV Mode
2025-06-26 11:45:42,590 - gui.flash_sinter_gui - INFO - Power supply in CV Mode
2025-06-26 11:45:42,712 - gui.flash_sinter_gui - INFO - Power supply in CV Mode
2025-06-26 11:45:42,803 - gui.flash_sinter_gui - INFO - Power supply in CV Mode
2025-06-26 11:45:42,943 - gui.flash_sinter_gui - INFO - Power supply in CV Mode
2025-06-26 11:45:43,041 - gui.flash_sinter_gui - INFO - Power supply in CV Mode
2025-06-26 11:45:43,159 - gui.flash_sinter_gui - INFO - Power supply in CV Mode
2025-06-26 11:45:43,258 - gui.flash_sinter_gui - INFO - Power supply in CV Mode
2025-06-26 11:45:43,380 - gui.flash_sinter_gui - INFO - Power supply in CV Mode
2025-06-26 11:45:43,500 - gui.flash_sinter_gui - INFO - Power supply in CV Mode
2025-06-26 11:45:43,621 - gui.flash_sinter_gui - INFO - Power supply in CV Mode
2025-06-26 11:45:43,722 - gui.flash_sinter_gui - INFO - Power supply in CV Mode
2025-06-26 11:45:43,843 - gui.flash_sinter_gui - INFO - Power supply in CV Mode
2025-06-26 11:45:43,942 - gui.flash_sinter_gui - INFO - Power supply in CV Mode
2025-06-26 11:45:44,086 - gui.flash_sinter_gui - INFO - Power supply in CV Mode
2025-06-26 11:45:44,188 - gui.flash_sinter_gui - INFO - Power supply in CV Mode
2025-06-26 11:45:44,309 - gui.flash_sinter_gui - INFO - Power supply in CV Mode
2025-06-26 11:45:44,405 - gui.flash_sinter_gui - INFO - Power supply in CV Mode
2025-06-26 11:45:44,529 - gui.flash_sinter_gui - INFO - Power supply in CV Mode
2025-06-26 11:45:44,649 - gui.flash_sinter_gui - INFO - Power supply in CV Mode
2025-06-26 11:45:44,772 - gui.flash_sinter_gui - INFO - Power supply in CV Mode
2025-06-26 11:45:44,871 - gui.flash_sinter_gui - INFO - Power supply in CV Mode
2025-06-26 11:45:44,996 - gui.flash_sinter_gui - INFO - Power supply in CV Mode
2025-06-26 11:45:45,091 - gui.flash_sinter_gui - INFO - Power supply in CV Mode
2025-06-26 11:45:45,237 - gui.flash_sinter_gui - INFO - Power supply in CV Mode
2025-06-26 11:45:45,326 - gui.flash_sinter_gui - INFO - Power supply in CV Mode
2025-06-26 11:45:45,449 - gui.flash_sinter_gui - INFO - Power supply in CV Mode
2025-06-26 11:45:45,549 - gui.flash_sinter_gui - INFO - Power supply in CV Mode
2025-06-26 11:45:45,676 - gui.flash_sinter_gui - INFO - Power supply in CV Mode
2025-06-26 11:45:45,798 - gui.flash_sinter_gui - INFO - Power supply in CV Mode
2025-06-26 11:45:45,926 - gui.flash_sinter_gui - INFO - Power supply in CV Mode
2025-06-26 11:45:46,023 - gui.flash_sinter_gui - INFO - Power supply in CV Mode
2025-06-26 11:45:46,153 - gui.flash_sinter_gui - INFO - Power supply in CV Mode
2025-06-26 11:45:46,246 - gui.flash_sinter_gui - INFO - Power supply in CV Mode
2025-06-26 11:45:46,390 - gui.flash_sinter_gui - INFO - Power supply in CV Mode
2025-06-26 11:45:46,487 - gui.flash_sinter_gui - INFO - Power supply in CV Mode
2025-06-26 11:45:46,615 - gui.flash_sinter_gui - INFO - Power supply in CV Mode
2025-06-26 11:45:46,716 - gui.flash_sinter_gui - INFO - Power supply in CV Mode
2025-06-26 11:45:46,843 - gui.flash_sinter_gui - INFO - Power supply in CV Mode
2025-06-26 11:45:46,963 - gui.flash_sinter_gui - INFO - Power supply in CV Mode
2025-06-26 11:45:47,094 - gui.flash_sinter_gui - INFO - Power supply in CV Mode
2025-06-26 11:45:47,196 - gui.flash_sinter_gui - INFO - Power supply in CV Mode
2025-06-26 11:45:47,326 - gui.flash_sinter_gui - INFO - Power supply in CV Mode
2025-06-26 11:45:47,422 - gui.flash_sinter_gui - INFO - Power supply in CV Mode
2025-06-26 11:45:47,576 - gui.flash_sinter_gui - INFO - Power supply in CV Mode
2025-06-26 11:45:47,676 - gui.flash_sinter_gui - INFO - Power supply in CV Mode
2025-06-26 11:45:47,811 - gui.flash_sinter_gui - INFO - Power supply in CV Mode
2025-06-26 11:45:47,909 - gui.flash_sinter_gui - INFO - Power supply in CV Mode
2025-06-26 11:45:48,042 - gui.flash_sinter_gui - INFO - Power supply in CV Mode
2025-06-26 11:45:48,163 - gui.flash_sinter_gui - INFO - Power supply in CV Mode
2025-06-26 11:45:48,301 - gui.flash_sinter_gui - INFO - Power supply in CV Mode
2025-06-26 11:45:48,400 - gui.flash_sinter_gui - INFO - Power supply in CV Mode
2025-06-26 11:45:48,535 - gui.flash_sinter_gui - INFO - Power supply in CV Mode
2025-06-26 11:45:48,634 - gui.flash_sinter_gui - INFO - Power supply in CV Mode
2025-06-26 11:45:48,792 - gui.flash_sinter_gui - INFO - Power supply in CV Mode
2025-06-26 11:45:48,887 - gui.flash_sinter_gui - INFO - Power supply in CV Mode
2025-06-26 11:45:49,022 - gui.flash_sinter_gui - INFO - Power supply in CV Mode
2025-06-26 11:45:49,120 - gui.flash_sinter_gui - INFO - Power supply in CV Mode
2025-06-26 11:45:49,257 - gui.flash_sinter_gui - INFO - Power supply in CV Mode
2025-06-26 11:45:49,384 - gui.flash_sinter_gui - INFO - Power supply in CV Mode
2025-06-26 11:45:49,521 - gui.flash_sinter_gui - INFO - Power supply in CV Mode
2025-06-26 11:45:49,623 - gui.flash_sinter_gui - INFO - Power supply in CV Mode
2025-06-26 11:45:49,760 - gui.flash_sinter_gui - INFO - Power supply in CV Mode
2025-06-26 11:45:49,863 - gui.flash_sinter_gui - INFO - Power supply in CV Mode
2025-06-26 11:45:50,025 - gui.flash_sinter_gui - INFO - Power supply in CV Mode
2025-06-26 11:45:50,116 - gui.flash_sinter_gui - INFO - Power supply in CV Mode
2025-06-26 11:45:50,259 - gui.flash_sinter_gui - INFO - Power supply in CV Mode
2025-06-26 11:45:50,356 - gui.flash_sinter_gui - INFO - Power supply in CV Mode
2025-06-26 11:45:50,494 - gui.flash_sinter_gui - INFO - Power supply in CV Mode
2025-06-26 11:45:50,618 - gui.flash_sinter_gui - INFO - Power supply in CV Mode
2025-06-26 11:45:50,758 - gui.flash_sinter_gui - INFO - Power supply in CV Mode
2025-06-26 11:45:50,857 - gui.flash_sinter_gui - INFO - Power supply in CV Mode
2025-06-26 11:45:50,996 - gui.flash_sinter_gui - INFO - Power supply in CV Mode
2025-06-26 11:45:51,095 - gui.flash_sinter_gui - INFO - Power supply in CV Mode
2025-06-26 11:45:51,257 - gui.flash_sinter_gui - INFO - Power supply in CV Mode
2025-06-26 11:45:51,353 - gui.flash_sinter_gui - INFO - Power supply in CV Mode
2025-06-26 11:45:51,497 - gui.flash_sinter_gui - INFO - Power supply in CV Mode
2025-06-26 11:45:51,595 - gui.flash_sinter_gui - INFO - Power supply in CV Mode
2025-06-26 11:45:51,738 - gui.flash_sinter_gui - INFO - Power supply in CV Mode
2025-06-26 11:45:51,858 - gui.flash_sinter_gui - INFO - Power supply in CV Mode
2025-06-26 11:45:52,003 - gui.flash_sinter_gui - INFO - Power supply in CV Mode
2025-06-26 11:45:52,099 - gui.flash_sinter_gui - INFO - Power supply in CV Mode
2025-06-26 11:45:52,244 - gui.flash_sinter_gui - INFO - Power supply in CV Mode
2025-06-26 11:45:52,344 - gui.flash_sinter_gui - INFO - Power supply in CV Mode
2025-06-26 11:45:52,506 - gui.flash_sinter_gui - INFO - Power supply in CV Mode
2025-06-26 11:45:52,603 - gui.flash_sinter_gui - INFO - Power supply in CV Mode
2025-06-26 11:45:52,751 - gui.flash_sinter_gui - INFO - Power supply in CV Mode
2025-06-26 11:45:52,845 - gui.flash_sinter_gui - INFO - Power supply in CV Mode
2025-06-26 11:45:52,990 - gui.flash_sinter_gui - INFO - Power supply in CV Mode
2025-06-26 11:45:53,106 - gui.flash_sinter_gui - INFO - Power supply in CV Mode
2025-06-26 11:45:53,253 - gui.flash_sinter_gui - INFO - Power supply in CV Mode
2025-06-26 11:45:53,352 - gui.flash_sinter_gui - INFO - Power supply in CV Mode
2025-06-26 11:45:53,499 - gui.flash_sinter_gui - INFO - Power supply in CV Mode
2025-06-26 11:45:53,592 - gui.flash_sinter_gui - INFO - Power supply in CV Mode
2025-06-26 11:45:53,741 - gui.flash_sinter_gui - INFO - Power supply in CV Mode
2025-06-26 11:45:53,838 - gui.flash_sinter_gui - INFO - Power supply in CV Mode
2025-06-26 11:45:53,985 - gui.flash_sinter_gui - INFO - Power supply in CV Mode
2025-06-26 11:45:54,084 - gui.flash_sinter_gui - INFO - Power supply in CV Mode
2025-06-26 11:45:54,233 - gui.flash_sinter_gui - INFO - Power supply in CV Mode
2025-06-26 11:45:54,333 - gui.flash_sinter_gui - INFO - Power supply in CV Mode
2025-06-26 11:45:54,485 - gui.flash_sinter_gui - INFO - Power supply in CV Mode
2025-06-26 11:45:54,581 - gui.flash_sinter_gui - INFO - Power supply in CV Mode
2025-06-26 11:45:54,731 - gui.flash_sinter_gui - INFO - Power supply in CV Mode
2025-06-26 11:45:54,827 - gui.flash_sinter_gui - INFO - Power supply in CV Mode
2025-06-26 11:45:54,978 - gui.flash_sinter_gui - INFO - Power supply in CV Mode
2025-06-26 11:45:55,073 - gui.flash_sinter_gui - INFO - Power supply in CV Mode
2025-06-26 11:45:55,224 - gui.flash_sinter_gui - INFO - Power supply in CV Mode
2025-06-26 11:45:55,325 - gui.flash_sinter_gui - INFO - Power supply in CV Mode
2025-06-26 11:45:55,478 - gui.flash_sinter_gui - INFO - Power supply in CV Mode
2025-06-26 11:45:55,577 - gui.flash_sinter_gui - INFO - Power supply in CV Mode
2025-06-26 11:45:55,731 - gui.flash_sinter_gui - INFO - Power supply in CV Mode
2025-06-26 11:45:55,832 - gui.flash_sinter_gui - INFO - Power supply in CV Mode
2025-06-26 11:45:55,985 - gui.flash_sinter_gui - INFO - Power supply in CV Mode
2025-06-26 11:45:56,085 - gui.flash_sinter_gui - INFO - Power supply in CV Mode
2025-06-26 11:45:56,241 - gui.flash_sinter_gui - INFO - Power supply in CV Mode
2025-06-26 11:45:56,339 - gui.flash_sinter_gui - INFO - Power supply in CV Mode
2025-06-26 11:45:56,492 - gui.flash_sinter_gui - INFO - Power supply in CV Mode
2025-06-26 11:45:56,590 - gui.flash_sinter_gui - INFO - Power supply in CV Mode
2025-06-26 11:45:56,744 - gui.flash_sinter_gui - INFO - Power supply in CV Mode
2025-06-26 11:45:56,843 - gui.flash_sinter_gui - INFO - Power supply in CV Mode
2025-06-26 11:45:56,996 - gui.flash_sinter_gui - INFO - Power supply in CV Mode
2025-06-26 11:45:57,091 - gui.flash_sinter_gui - INFO - Power supply in CV Mode
2025-06-26 11:45:57,250 - gui.flash_sinter_gui - INFO - Power supply in CV Mode
2025-06-26 11:45:57,342 - gui.flash_sinter_gui - INFO - Power supply in CV Mode
2025-06-26 11:45:57,498 - gui.flash_sinter_gui - INFO - Power supply in CV Mode
2025-06-26 11:45:57,597 - gui.flash_sinter_gui - INFO - Power supply in CV Mode
2025-06-26 11:45:57,752 - gui.flash_sinter_gui - INFO - Power supply in CV Mode
2025-06-26 11:45:57,843 - gui.flash_sinter_gui - INFO - Power supply in CV Mode
2025-06-26 11:45:58,002 - gui.flash_sinter_gui - INFO - Power supply in CV Mode
2025-06-26 11:45:58,100 - gui.flash_sinter_gui - INFO - Power supply in CV Mode
2025-06-26 11:45:58,258 - gui.flash_sinter_gui - INFO - Power supply in CV Mode
2025-06-26 11:45:58,353 - gui.flash_sinter_gui - INFO - Power supply in CV Mode
2025-06-26 11:45:58,513 - gui.flash_sinter_gui - INFO - Power supply in CV Mode
2025-06-26 11:45:58,613 - gui.flash_sinter_gui - INFO - Power supply in CV Mode
2025-06-26 11:45:58,774 - gui.flash_sinter_gui - INFO - Power supply in CV Mode
2025-06-26 11:45:58,871 - gui.flash_sinter_gui - INFO - Power supply in CV Mode
2025-06-26 11:45:59,032 - gui.flash_sinter_gui - INFO - Power supply in CV Mode
2025-06-26 11:45:59,128 - gui.flash_sinter_gui - INFO - Power supply in CV Mode
2025-06-26 11:45:59,287 - gui.flash_sinter_gui - INFO - Power supply in CV Mode
2025-06-26 11:45:59,383 - gui.flash_sinter_gui - INFO - Power supply in CV Mode
2025-06-26 11:45:59,545 - gui.flash_sinter_gui - INFO - Power supply in CV Mode
2025-06-26 11:45:59,645 - gui.flash_sinter_gui - INFO - Power supply in CV Mode
2025-06-26 11:45:59,805 - gui.flash_sinter_gui - INFO - Power supply in CV Mode
2025-06-26 11:45:59,905 - gui.flash_sinter_gui - INFO - Power supply in CV Mode
2025-06-26 11:46:00,067 - gui.flash_sinter_gui - INFO - Power supply in CV Mode
2025-06-26 11:46:00,164 - gui.flash_sinter_gui - INFO - Power supply in CV Mode
2025-06-26 11:46:00,329 - gui.flash_sinter_gui - INFO - Power supply in CV Mode
2025-06-26 11:46:00,427 - gui.flash_sinter_gui - INFO - Power supply in CV Mode
2025-06-26 11:46:00,589 - gui.flash_sinter_gui - INFO - Power supply in CV Mode
2025-06-26 11:46:00,687 - gui.flash_sinter_gui - INFO - Power supply in CV Mode
2025-06-26 11:46:00,850 - gui.flash_sinter_gui - INFO - Power supply in CV Mode
2025-06-26 11:46:00,948 - gui.flash_sinter_gui - INFO - Power supply in CV Mode
2025-06-26 11:46:01,112 - gui.flash_sinter_gui - INFO - Power supply in CV Mode
2025-06-26 11:46:01,209 - gui.flash_sinter_gui - INFO - Power supply in CV Mode
2025-06-26 11:46:01,372 - gui.flash_sinter_gui - INFO - Power supply in CV Mode
2025-06-26 11:46:01,473 - gui.flash_sinter_gui - INFO - Power supply in CV Mode
2025-06-26 11:46:01,639 - gui.flash_sinter_gui - INFO - Power supply in CV Mode
2025-06-26 11:46:01,742 - gui.flash_sinter_gui - INFO - Power supply in CV Mode
2025-06-26 11:46:01,910 - gui.flash_sinter_gui - INFO - Power supply in CV Mode
2025-06-26 11:46:02,007 - gui.flash_sinter_gui - INFO - Power supply in CV Mode
2025-06-26 11:46:02,174 - gui.flash_sinter_gui - INFO - Power supply in CV Mode
2025-06-26 11:46:02,270 - gui.flash_sinter_gui - INFO - Power supply in CV Mode
2025-06-26 11:46:02,442 - gui.flash_sinter_gui - INFO - Power supply in CV Mode
2025-06-26 11:46:02,534 - gui.flash_sinter_gui - INFO - Power supply in CV Mode
2025-06-26 11:46:02,696 - gui.flash_sinter_gui - INFO - Power supply in CV Mode
2025-06-26 11:46:02,792 - gui.flash_sinter_gui - INFO - Power supply in CV Mode
2025-06-26 11:46:02,961 - gui.flash_sinter_gui - INFO - Power supply in CV Mode
2025-06-26 11:46:03,057 - gui.flash_sinter_gui - INFO - Power supply in CV Mode
2025-06-26 11:46:03,230 - gui.flash_sinter_gui - INFO - Power supply in CV Mode
2025-06-26 11:46:03,330 - gui.flash_sinter_gui - INFO - Power supply in CV Mode
2025-06-26 11:46:03,502 - gui.flash_sinter_gui - INFO - Power supply in CV Mode
2025-06-26 11:46:03,598 - gui.flash_sinter_gui - INFO - Power supply in CV Mode
2025-06-26 11:46:03,771 - gui.flash_sinter_gui - INFO - Power supply in CV Mode
2025-06-26 11:46:03,872 - gui.flash_sinter_gui - INFO - Power supply in CV Mode
2025-06-26 11:46:04,045 - gui.flash_sinter_gui - INFO - Power supply in CV Mode
2025-06-26 11:46:04,141 - gui.flash_sinter_gui - INFO - Power supply in CV Mode
2025-06-26 11:46:04,312 - gui.flash_sinter_gui - INFO - Power supply in CV Mode
2025-06-26 11:46:04,410 - gui.flash_sinter_gui - INFO - Power supply in CV Mode
2025-06-26 11:46:04,581 - gui.flash_sinter_gui - INFO - Power supply in CV Mode
2025-06-26 11:46:04,674 - gui.flash_sinter_gui - INFO - Power supply in CV Mode
2025-06-26 11:46:04,846 - gui.flash_sinter_gui - INFO - Power supply in CV Mode
2025-06-26 11:46:04,943 - gui.flash_sinter_gui - INFO - Power supply in CV Mode
2025-06-26 11:46:05,166 - gui.flash_sinter_gui - INFO - Power supply in CV Mode
2025-06-26 11:46:05,263 - gui.flash_sinter_gui - INFO - Power supply in CV Mode
2025-06-26 11:46:05,438 - gui.flash_sinter_gui - INFO - Power supply in CV Mode
2025-06-26 11:46:05,534 - gui.flash_sinter_gui - INFO - Power supply in CV Mode
2025-06-26 11:46:05,710 - gui.flash_sinter_gui - INFO - Power supply in CV Mode
2025-06-26 11:46:05,804 - gui.flash_sinter_gui - INFO - Power supply in CV Mode
2025-06-26 11:46:05,978 - gui.flash_sinter_gui - INFO - Power supply in CV Mode
2025-06-26 11:46:06,071 - gui.flash_sinter_gui - INFO - Power supply in CV Mode
2025-06-26 11:46:06,247 - gui.flash_sinter_gui - INFO - Power supply in CV Mode
2025-06-26 11:46:06,345 - gui.flash_sinter_gui - INFO - Power supply in CV Mode
2025-06-26 11:46:06,523 - gui.flash_sinter_gui - INFO - Power supply in CV Mode
2025-06-26 11:46:06,619 - gui.flash_sinter_gui - INFO - Power supply in CV Mode
2025-06-26 11:46:06,796 - gui.flash_sinter_gui - INFO - Power supply in CV Mode
2025-06-26 11:46:06,895 - gui.flash_sinter_gui - INFO - Power supply in CV Mode
2025-06-26 11:46:07,073 - gui.flash_sinter_gui - INFO - Power supply in CV Mode
2025-06-26 11:46:07,172 - gui.flash_sinter_gui - INFO - Power supply in CV Mode
2025-06-26 11:46:07,354 - gui.flash_sinter_gui - INFO - Power supply in CV Mode
2025-06-26 11:46:07,445 - gui.flash_sinter_gui - INFO - Power supply in CV Mode
2025-06-26 11:46:07,504 - gui.flash_sinter_gui - ERROR - Invalid input values: 'charmap' codec can't encode character '\u2192' in position 40: character maps to <undefined>
2025-06-26 11:46:08,319 - gui.flash_sinter_gui - INFO - Power supply in CV Mode
2025-06-26 11:46:08,491 - gui.flash_sinter_gui - INFO - Power supply in CV Mode
2025-06-26 11:46:08,663 - gui.flash_sinter_gui - INFO - Power supply in CV Mode
2025-06-26 11:46:08,771 - gui.flash_sinter_gui - INFO - Power supply in CV Mode
2025-06-26 11:46:08,956 - gui.flash_sinter_gui - INFO - Power supply in CV Mode
2025-06-26 11:46:09,059 - gui.flash_sinter_gui - INFO - Power supply in CV Mode
2025-06-26 11:46:09,238 - gui.flash_sinter_gui - INFO - Power supply in CV Mode
2025-06-26 11:46:09,336 - gui.flash_sinter_gui - INFO - Power supply in CV Mode
2025-06-26 11:46:09,531 - gui.flash_sinter_gui - INFO - Power supply in CV Mode
2025-06-26 11:46:09,619 - gui.flash_sinter_gui - INFO - Power supply in CV Mode
2025-06-26 11:46:09,800 - gui.flash_sinter_gui - INFO - Power supply in CV Mode
2025-06-26 11:46:09,905 - gui.flash_sinter_gui - INFO - Power supply in CV Mode
2025-06-26 11:46:10,099 - gui.flash_sinter_gui - INFO - Power supply in CV Mode
2025-06-26 11:46:10,199 - gui.flash_sinter_gui - INFO - Power supply in CV Mode
2025-06-26 11:46:10,391 - gui.flash_sinter_gui - INFO - Power supply in CV Mode
2025-06-26 11:46:10,478 - gui.flash_sinter_gui - INFO - Power supply in CV Mode
2025-06-26 11:46:10,661 - gui.flash_sinter_gui - INFO - Power supply in CV Mode
2025-06-26 11:46:10,756 - gui.flash_sinter_gui - INFO - Power supply in CV Mode
2025-06-26 11:46:10,927 - gui.flash_sinter_gui - INFO - Power supply in CV Mode
2025-06-26 11:46:11,023 - gui.flash_sinter_gui - INFO - Power supply in CV Mode
2025-06-26 11:46:11,212 - gui.flash_sinter_gui - INFO - Power supply in CV Mode
2025-06-26 11:46:11,316 - gui.flash_sinter_gui - INFO - Power supply in CV Mode
2025-06-26 11:46:11,521 - gui.flash_sinter_gui - INFO - Power supply in CV Mode
2025-06-26 11:46:11,624 - gui.flash_sinter_gui - INFO - Power supply in CV Mode
2025-06-26 11:46:11,831 - gui.flash_sinter_gui - INFO - Power supply in CV Mode
2025-06-26 11:46:11,921 - gui.flash_sinter_gui - INFO - Power supply in CV Mode
2025-06-26 11:46:12,099 - gui.flash_sinter_gui - INFO - Power supply in CV Mode
2025-06-26 11:46:12,187 - gui.flash_sinter_gui - INFO - Power supply in CV Mode
2025-06-26 11:46:12,384 - gui.flash_sinter_gui - INFO - Power supply in CV Mode
2025-06-26 11:46:12,483 - gui.flash_sinter_gui - INFO - Power supply in CV Mode
2025-06-26 11:46:12,676 - gui.flash_sinter_gui - INFO - Power supply in CV Mode
2025-06-26 11:46:12,773 - gui.flash_sinter_gui - INFO - Power supply in CV Mode
2025-06-26 11:46:12,963 - gui.flash_sinter_gui - INFO - Power supply in CV Mode
2025-06-26 11:46:13,060 - gui.flash_sinter_gui - INFO - Power supply in CV Mode
2025-06-26 11:46:13,251 - gui.flash_sinter_gui - INFO - Power supply in CV Mode
2025-06-26 11:46:13,348 - gui.flash_sinter_gui - INFO - Power supply in CV Mode
2025-06-26 11:46:13,539 - gui.flash_sinter_gui - INFO - Power supply in CV Mode
2025-06-26 11:46:13,635 - gui.flash_sinter_gui - INFO - Power supply in CV Mode
2025-06-26 11:46:13,824 - gui.flash_sinter_gui - INFO - Power supply in CV Mode
2025-06-26 11:46:13,925 - gui.flash_sinter_gui - INFO - Power supply in CV Mode
2025-06-26 11:46:14,115 - gui.flash_sinter_gui - INFO - Power supply in CV Mode
2025-06-26 11:46:14,214 - gui.flash_sinter_gui - INFO - Power supply in CV Mode
2025-06-26 11:46:14,405 - gui.flash_sinter_gui - INFO - Power supply in CV Mode
2025-06-26 11:46:14,505 - gui.flash_sinter_gui - INFO - Power supply in CV Mode
2025-06-26 11:46:14,697 - gui.flash_sinter_gui - INFO - Power supply in CV Mode
2025-06-26 11:46:14,795 - gui.flash_sinter_gui - INFO - Power supply in CV Mode
2025-06-26 11:46:14,985 - gui.flash_sinter_gui - INFO - Power supply in CV Mode
2025-06-26 11:46:15,079 - gui.flash_sinter_gui - INFO - Power supply in CV Mode
2025-06-26 11:46:15,279 - gui.flash_sinter_gui - INFO - Power supply in CV Mode
2025-06-26 11:46:15,381 - gui.flash_sinter_gui - INFO - Power supply in CV Mode
2025-06-26 11:46:15,579 - gui.flash_sinter_gui - INFO - Power supply in CV Mode
2025-06-26 11:46:15,682 - gui.flash_sinter_gui - INFO - Power supply in CV Mode
2025-06-26 11:46:15,876 - gui.flash_sinter_gui - INFO - Power supply in CV Mode
2025-06-26 11:46:15,973 - gui.flash_sinter_gui - INFO - Power supply in CV Mode
2025-06-26 11:46:16,179 - gui.flash_sinter_gui - INFO - Power supply in CV Mode
2025-06-26 11:46:16,272 - gui.flash_sinter_gui - INFO - Power supply in CV Mode
2025-06-26 11:46:16,470 - gui.flash_sinter_gui - INFO - Power supply in CV Mode
2025-06-26 11:46:16,566 - gui.flash_sinter_gui - INFO - Power supply in CV Mode
2025-06-26 11:46:16,765 - gui.flash_sinter_gui - INFO - Power supply in CV Mode
2025-06-26 11:46:16,858 - gui.flash_sinter_gui - INFO - Power supply in CV Mode
2025-06-26 11:46:17,062 - gui.flash_sinter_gui - INFO - Power supply in CV Mode
2025-06-26 11:46:17,154 - gui.flash_sinter_gui - INFO - Power supply in CV Mode
2025-06-26 11:46:17,351 - gui.flash_sinter_gui - INFO - Power supply in CV Mode
2025-06-26 11:46:17,443 - gui.flash_sinter_gui - INFO - Power supply in CV Mode
2025-06-26 11:46:17,647 - gui.flash_sinter_gui - INFO - Power supply in CV Mode
2025-06-26 11:46:17,740 - gui.flash_sinter_gui - INFO - Power supply in CV Mode
2025-06-26 11:46:17,941 - gui.flash_sinter_gui - INFO - Power supply in CV Mode
2025-06-26 11:46:18,040 - gui.flash_sinter_gui - INFO - Power supply in CV Mode
2025-06-26 11:46:18,242 - gui.flash_sinter_gui - INFO - Power supply in CV Mode
2025-06-26 11:46:18,340 - gui.flash_sinter_gui - INFO - Power supply in CV Mode
2025-06-26 11:46:18,543 - gui.flash_sinter_gui - INFO - Power supply in CV Mode
2025-06-26 11:46:18,643 - gui.flash_sinter_gui - INFO - Power supply in CV Mode
2025-06-26 11:46:18,845 - gui.flash_sinter_gui - INFO - Power supply in CV Mode
2025-06-26 11:46:18,942 - gui.flash_sinter_gui - INFO - Power supply in CV Mode
2025-06-26 11:46:19,144 - gui.flash_sinter_gui - INFO - Power supply in CV Mode
2025-06-26 11:46:19,241 - gui.flash_sinter_gui - INFO - Power supply in CV Mode
2025-06-26 11:46:19,448 - gui.flash_sinter_gui - INFO - Power supply in CV Mode
2025-06-26 11:46:19,553 - gui.flash_sinter_gui - INFO - Power supply in CV Mode
2025-06-26 11:46:19,764 - gui.flash_sinter_gui - INFO - Power supply in CV Mode
2025-06-26 11:46:19,860 - gui.flash_sinter_gui - INFO - Power supply in CV Mode
2025-06-26 11:46:20,068 - gui.flash_sinter_gui - INFO - Power supply in CV Mode
2025-06-26 11:46:20,166 - gui.flash_sinter_gui - INFO - Power supply in CV Mode
2025-06-26 11:46:20,371 - gui.flash_sinter_gui - INFO - Power supply in CV Mode
2025-06-26 11:46:20,473 - gui.flash_sinter_gui - INFO - Power supply in CV Mode
2025-06-26 11:46:20,685 - gui.flash_sinter_gui - INFO - Power supply in CV Mode
2025-06-26 11:46:20,786 - gui.flash_sinter_gui - INFO - Power supply in CV Mode
2025-06-26 11:46:20,995 - gui.flash_sinter_gui - INFO - Power supply in CV Mode
2025-06-26 11:46:21,091 - gui.flash_sinter_gui - INFO - Power supply in CV Mode
2025-06-26 11:46:21,305 - gui.flash_sinter_gui - INFO - Power supply in CV Mode
2025-06-26 11:46:21,406 - gui.flash_sinter_gui - INFO - Power supply in CV Mode
2025-06-26 11:46:21,621 - gui.flash_sinter_gui - INFO - Power supply in CV Mode
2025-06-26 11:46:21,717 - gui.flash_sinter_gui - INFO - Power supply in CV Mode
2025-06-26 11:46:21,923 - gui.flash_sinter_gui - INFO - Power supply in CV Mode
2025-06-26 11:46:22,020 - gui.flash_sinter_gui - INFO - Power supply in CV Mode
2025-06-26 11:46:22,232 - gui.flash_sinter_gui - INFO - Power supply in CV Mode
2025-06-26 11:46:22,329 - gui.flash_sinter_gui - INFO - Power supply in CV Mode
2025-06-26 11:46:22,534 - gui.flash_sinter_gui - INFO - Power supply in CV Mode
2025-06-26 11:46:22,637 - gui.flash_sinter_gui - INFO - Power supply in CV Mode
2025-06-26 11:46:22,850 - gui.flash_sinter_gui - INFO - Power supply in CV Mode
2025-06-26 11:46:22,945 - gui.flash_sinter_gui - INFO - Power supply in CV Mode
2025-06-26 11:46:23,155 - gui.flash_sinter_gui - INFO - Power supply in CV Mode
2025-06-26 11:46:23,253 - gui.flash_sinter_gui - INFO - Power supply in CV Mode
2025-06-26 11:46:23,466 - gui.flash_sinter_gui - INFO - Power supply in CV Mode
2025-06-26 11:46:23,565 - gui.flash_sinter_gui - INFO - Power supply in CV Mode
2025-06-26 11:46:23,775 - gui.flash_sinter_gui - INFO - Power supply in CV Mode
2025-06-26 11:46:23,875 - gui.flash_sinter_gui - INFO - Power supply in CV Mode
2025-06-26 11:46:24,090 - gui.flash_sinter_gui - INFO - Power supply in CV Mode
2025-06-26 11:46:24,188 - gui.flash_sinter_gui - INFO - Power supply in CV Mode
2025-06-26 11:46:24,406 - gui.flash_sinter_gui - INFO - Power supply in CV Mode
2025-06-26 11:46:24,504 - gui.flash_sinter_gui - INFO - Power supply in CV Mode
2025-06-26 11:46:24,719 - gui.flash_sinter_gui - INFO - Power supply in CV Mode
2025-06-26 11:46:24,810 - gui.flash_sinter_gui - INFO - Power supply in CV Mode
2025-06-26 11:46:25,031 - gui.flash_sinter_gui - INFO - Power supply in CV Mode
2025-06-26 11:46:25,121 - gui.flash_sinter_gui - INFO - Power supply in CV Mode
2025-06-26 11:46:25,340 - gui.flash_sinter_gui - INFO - Power supply in CV Mode
2025-06-26 11:46:25,438 - gui.flash_sinter_gui - INFO - Power supply in CV Mode
2025-06-26 11:46:25,653 - gui.flash_sinter_gui - INFO - Power supply in CV Mode
2025-06-26 11:46:25,755 - gui.flash_sinter_gui - INFO - Power supply in CV Mode
2025-06-26 11:46:25,978 - gui.flash_sinter_gui - INFO - Power supply in CV Mode
2025-06-26 11:46:26,076 - gui.flash_sinter_gui - INFO - Power supply in CV Mode
2025-06-26 11:46:26,298 - gui.flash_sinter_gui - INFO - Power supply in CV Mode
2025-06-26 11:46:26,394 - gui.flash_sinter_gui - INFO - Power supply in CV Mode
2025-06-26 11:46:26,612 - gui.flash_sinter_gui - INFO - Power supply in CV Mode
2025-06-26 11:46:26,712 - gui.flash_sinter_gui - INFO - Power supply in CV Mode
2025-06-26 11:46:26,933 - gui.flash_sinter_gui - INFO - Power supply in CV Mode
2025-06-26 11:46:27,031 - gui.flash_sinter_gui - INFO - Power supply in CV Mode
2025-06-26 11:46:27,252 - gui.flash_sinter_gui - INFO - Power supply in CV Mode
2025-06-26 11:46:27,355 - gui.flash_sinter_gui - INFO - Power supply in CV Mode
2025-06-26 11:46:27,575 - gui.flash_sinter_gui - INFO - Power supply in CV Mode
2025-06-26 11:46:27,673 - gui.flash_sinter_gui - INFO - Power supply in CV Mode
2025-06-26 11:46:27,894 - gui.flash_sinter_gui - INFO - Power supply in CV Mode
2025-06-26 11:46:27,992 - gui.flash_sinter_gui - INFO - Power supply in CV Mode
2025-06-26 11:46:28,215 - gui.flash_sinter_gui - INFO - Power supply in CV Mode
2025-06-26 11:46:28,312 - gui.flash_sinter_gui - INFO - Power supply in CV Mode
2025-06-26 11:46:28,536 - gui.flash_sinter_gui - INFO - Power supply in CV Mode
2025-06-26 11:46:28,631 - gui.flash_sinter_gui - INFO - Power supply in CV Mode
2025-06-26 11:46:28,854 - gui.flash_sinter_gui - INFO - Power supply in CV Mode
2025-06-26 11:46:28,954 - gui.flash_sinter_gui - INFO - Power supply in CV Mode
2025-06-26 11:46:29,180 - gui.flash_sinter_gui - INFO - Power supply in CV Mode
2025-06-26 11:46:29,283 - gui.flash_sinter_gui - INFO - Power supply in CV Mode
2025-06-26 11:46:29,507 - gui.flash_sinter_gui - INFO - Power supply in CV Mode
2025-06-26 11:46:29,595 - gui.flash_sinter_gui - INFO - Power supply in CV Mode
2025-06-26 11:46:29,825 - gui.flash_sinter_gui - INFO - Power supply in CV Mode
2025-06-26 11:46:29,923 - gui.flash_sinter_gui - INFO - Power supply in CV Mode
2025-06-26 11:46:30,151 - gui.flash_sinter_gui - INFO - Power supply in CV Mode
2025-06-26 11:46:30,248 - gui.flash_sinter_gui - INFO - Power supply in CV Mode
2025-06-26 11:46:30,478 - gui.flash_sinter_gui - INFO - Power supply in CV Mode
2025-06-26 11:46:30,582 - gui.flash_sinter_gui - INFO - Power supply in CV Mode
2025-06-26 11:46:30,809 - gui.flash_sinter_gui - INFO - Power supply in CV Mode
2025-06-26 11:46:30,904 - gui.flash_sinter_gui - INFO - Power supply in CV Mode
2025-06-26 11:46:31,131 - gui.flash_sinter_gui - INFO - Power supply in CV Mode
2025-06-26 11:46:31,230 - gui.flash_sinter_gui - INFO - Power supply in CV Mode
2025-06-26 11:46:31,405 - gui.flash_sinter_gui - INFO - Apply Parameters and Change Condition buttons disabled
2025-06-26 11:46:31,405 - gui.flash_sinter_gui - INFO - Neumorphic start button reset to inactive state - acquisition stopped
2025-06-26 11:46:31,408 - gui.flash_sinter_gui - INFO - Stopped process
2025-06-26 11:46:31,408 - gui.flash_sinter_gui - INFO - Closed data file: None
2025-06-26 11:46:37,004 - gui.flash_sinter_gui - INFO - Video recording stopped
2025-06-26 11:46:44,191 - gui.flash_sinter_gui - INFO - Arduino response: Motor stopped
2025-06-26 11:46:44,262 - gui.flash_sinter_gui - INFO - Application closed and resources cleaned up
