2025-06-25 14:55:17,293 - gui.flash_sinter_gui - INFO - Apply Parameters and Change Condition buttons disabled
2025-06-25 14:55:19,296 - gui.flash_sinter_gui - INFO - Serial connection established with Arduino on COM11
2025-06-25 14:55:19,298 - gui.flash_sinter_gui - INFO - Initial parameters set: 0.4, 1.6, 1.0, 30.0, 100.0, Flash Time: 60.0s
2025-06-25 14:55:19,299 - gui.flash_sinter_gui - INFO - Initial voltage: 12.00V, current: 160.00mA
2025-06-25 14:56:23,113 - gui.flash_sinter_gui - INFO - Camera properties: FPS=0.0, Resolution=0x0
2025-06-25 14:56:23,115 - gui.flash_sinter_gui - INFO - Camera initialized successfully with FPS: 0.0, Resolution: 0.0x0.0
2025-06-25 14:56:23,115 - gui.flash_sinter_gui - INFO - Camera loaded successfully - button changed to red
2025-06-25 14:56:50,415 - gui.flash_sinter_gui - INFO - Camera stopped successfully
2025-06-25 14:56:50,416 - gui.flash_sinter_gui - INFO - Camera stopped successfully - button changed to green
2025-06-25 14:56:52,040 - gui.flash_sinter_gui - INFO - Camera properties: FPS=30.00003000003, Resolution=640x480
2025-06-25 14:56:52,157 - gui.flash_sinter_gui - INFO - Camera initialized successfully with FPS: 30.00003000003, Resolution: 640.0x480.0
2025-06-25 14:56:52,158 - gui.flash_sinter_gui - INFO - Camera loaded successfully - button changed to red
2025-06-25 15:02:31,453 - gui.flash_sinter_gui - INFO - Selected file for saving: C:/Users/user/Desktop/Rohith/10_YSZ_NiOH_IST_200mAmm2_200Vcm_2.txt
2025-06-25 15:02:34,490 - gui.flash_sinter_gui - INFO - Apply Parameters and Change Condition buttons enabled
2025-06-25 15:02:34,490 - gui.flash_sinter_gui - INFO - Neumorphic start button activated
2025-06-25 15:02:34,490 - gui.flash_sinter_gui - INFO - Data will be saved to: C:/Users/user/Desktop/Rohith/10_YSZ_NiOH_IST_200mAmm2_200Vcm_2.txt
2025-06-25 15:02:34,491 - gui.flash_sinter_gui - INFO - Updated parameters: 0.4, 1.6, 1.0, 30.0, 100.0, Flash Time: 60.0s
2025-06-25 15:02:34,491 - gui.flash_sinter_gui - INFO - Calculated voltage: 12.00V, current: 160.00mA
2025-06-25 15:03:21,574 - gui.flash_sinter_gui - INFO - Updated parameters: 1.5, 3.52, 1.5, 200.0, 100.0, Flash Time: 60.0s
2025-06-25 15:03:21,574 - gui.flash_sinter_gui - INFO - Calculated voltage: 300.00V, current: 528.00mA
2025-06-25 16:08:16,523 - gui.flash_sinter_gui - INFO - Started recording video to C:/Users/user/Desktop/Rohith/10_YSZ_NiOH_IST_sample2.avi
2025-06-25 16:25:08,793 - gui.flash_sinter_gui - INFO - Started process with V=300.0V, I=528.0mA
2025-06-25 16:25:08,793 - gui.flash_sinter_gui - INFO - Started saving data to C:/Users/user/Desktop/Rohith/10_YSZ_NiOH_IST_200mAmm2_200Vcm_2.txt
2025-06-25 16:25:09,705 - gui.flash_sinter_gui - INFO - Added initial origin point (0,0) for clean graph start
2025-06-25 16:25:09,706 - gui.flash_sinter_gui - INFO - Power supply in CV Mode
2025-06-25 16:25:09,802 - gui.flash_sinter_gui - INFO - Power supply in CV Mode
2025-06-25 16:25:10,188 - gui.flash_sinter_gui - INFO - Power supply in CV Mode
2025-06-25 16:25:10,291 - gui.flash_sinter_gui - INFO - Power supply in CV Mode
2025-06-25 16:25:10,389 - gui.flash_sinter_gui - INFO - Power supply in CV Mode
2025-06-25 16:25:10,488 - gui.flash_sinter_gui - INFO - Power supply in CV Mode
2025-06-25 16:25:10,609 - gui.flash_sinter_gui - INFO - Power supply in CV Mode
2025-06-25 16:25:10,699 - gui.flash_sinter_gui - INFO - Power supply in CV Mode
2025-06-25 16:25:10,797 - gui.flash_sinter_gui - INFO - Power supply in CV Mode
2025-06-25 16:25:10,895 - gui.flash_sinter_gui - INFO - Power supply in CV Mode
2025-06-25 16:25:10,994 - gui.flash_sinter_gui - INFO - Power supply in CV Mode
2025-06-25 16:25:11,115 - gui.flash_sinter_gui - INFO - Power supply in CV Mode
2025-06-25 16:25:11,216 - gui.flash_sinter_gui - INFO - Power supply in CV Mode
2025-06-25 16:25:11,311 - gui.flash_sinter_gui - INFO - Power supply in CV Mode
2025-06-25 16:25:11,409 - gui.flash_sinter_gui - INFO - Power supply in CV Mode
2025-06-25 16:25:11,507 - gui.flash_sinter_gui - INFO - Power supply in CV Mode
2025-06-25 16:25:11,625 - gui.flash_sinter_gui - INFO - Power supply in CV Mode
2025-06-25 16:25:11,716 - gui.flash_sinter_gui - INFO - Power supply in CV Mode
2025-06-25 16:25:11,805 - gui.flash_sinter_gui - INFO - Power supply in CV Mode
2025-06-25 16:25:11,903 - gui.flash_sinter_gui - INFO - Power supply in CV Mode
2025-06-25 16:25:12,002 - gui.flash_sinter_gui - INFO - Power supply in CV Mode
2025-06-25 16:25:12,124 - gui.flash_sinter_gui - INFO - Power supply in CV Mode
2025-06-25 16:25:12,223 - gui.flash_sinter_gui - INFO - Power supply in CV Mode
2025-06-25 16:25:12,322 - gui.flash_sinter_gui - INFO - Power supply in CV Mode
2025-06-25 16:25:12,422 - gui.flash_sinter_gui - INFO - Power supply in CV Mode
2025-06-25 16:25:12,522 - gui.flash_sinter_gui - INFO - Power supply in CV Mode
2025-06-25 16:25:12,642 - gui.flash_sinter_gui - INFO - Power supply in CV Mode
2025-06-25 16:25:12,742 - gui.flash_sinter_gui - INFO - Power supply in CV Mode
2025-06-25 16:25:12,838 - gui.flash_sinter_gui - INFO - Power supply in CV Mode
2025-06-25 16:25:12,934 - gui.flash_sinter_gui - INFO - Power supply in CV Mode
2025-06-25 16:25:13,032 - gui.flash_sinter_gui - INFO - Power supply in CV Mode
2025-06-25 16:25:13,154 - gui.flash_sinter_gui - INFO - Power supply in CV Mode
2025-06-25 16:25:13,255 - gui.flash_sinter_gui - INFO - Power supply in CV Mode
2025-06-25 16:25:13,350 - gui.flash_sinter_gui - INFO - Power supply in CV Mode
2025-06-25 16:25:13,445 - gui.flash_sinter_gui - INFO - Power supply in CV Mode
2025-06-25 16:25:13,544 - gui.flash_sinter_gui - INFO - Power supply in CV Mode
2025-06-25 16:25:13,661 - gui.flash_sinter_gui - INFO - Power supply in CV Mode
2025-06-25 16:25:13,750 - gui.flash_sinter_gui - INFO - Power supply in CV Mode
2025-06-25 16:25:13,840 - gui.flash_sinter_gui - INFO - Power supply in CV Mode
2025-06-25 16:25:13,940 - gui.flash_sinter_gui - INFO - Power supply in CV Mode
2025-06-25 16:25:14,035 - gui.flash_sinter_gui - INFO - Power supply in CV Mode
2025-06-25 16:25:14,153 - gui.flash_sinter_gui - INFO - Power supply in CV Mode
2025-06-25 16:25:14,253 - gui.flash_sinter_gui - INFO - Power supply in CV Mode
2025-06-25 16:25:14,352 - gui.flash_sinter_gui - INFO - Power supply in CV Mode
2025-06-25 16:25:14,448 - gui.flash_sinter_gui - INFO - Power supply in CV Mode
2025-06-25 16:25:14,538 - gui.flash_sinter_gui - INFO - Power supply in CV Mode
2025-06-25 16:25:14,660 - gui.flash_sinter_gui - INFO - Power supply in CV Mode
2025-06-25 16:25:14,748 - gui.flash_sinter_gui - INFO - Power supply in CV Mode
2025-06-25 16:25:14,841 - gui.flash_sinter_gui - INFO - Power supply in CV Mode
2025-06-25 16:25:14,942 - gui.flash_sinter_gui - INFO - Power supply in CV Mode
2025-06-25 16:25:15,041 - gui.flash_sinter_gui - INFO - Power supply in CV Mode
2025-06-25 16:25:15,165 - gui.flash_sinter_gui - INFO - Power supply in CV Mode
2025-06-25 16:25:15,264 - gui.flash_sinter_gui - INFO - Power supply in CV Mode
2025-06-25 16:25:15,360 - gui.flash_sinter_gui - INFO - Power supply in CV Mode
2025-06-25 16:25:15,453 - gui.flash_sinter_gui - INFO - Power supply in CV Mode
2025-06-25 16:25:15,548 - gui.flash_sinter_gui - INFO - Power supply in CV Mode
2025-06-25 16:25:15,665 - gui.flash_sinter_gui - INFO - Power supply in CV Mode
2025-06-25 16:25:15,751 - gui.flash_sinter_gui - INFO - Power supply in CV Mode
2025-06-25 16:25:15,848 - gui.flash_sinter_gui - INFO - Power supply in CV Mode
2025-06-25 16:25:15,946 - gui.flash_sinter_gui - INFO - Power supply in CV Mode
2025-06-25 16:25:16,044 - gui.flash_sinter_gui - INFO - Power supply in CV Mode
2025-06-25 16:25:16,164 - gui.flash_sinter_gui - INFO - Power supply in CV Mode
2025-06-25 16:25:16,256 - gui.flash_sinter_gui - INFO - Power supply in CV Mode
2025-06-25 16:25:16,355 - gui.flash_sinter_gui - INFO - Power supply in CV Mode
2025-06-25 16:25:16,452 - gui.flash_sinter_gui - INFO - Power supply in CV Mode
2025-06-25 16:25:16,556 - gui.flash_sinter_gui - INFO - Power supply in CV Mode
2025-06-25 16:25:16,674 - gui.flash_sinter_gui - INFO - Power supply in CV Mode
2025-06-25 16:25:16,764 - gui.flash_sinter_gui - INFO - Power supply in CV Mode
2025-06-25 16:25:16,864 - gui.flash_sinter_gui - INFO - Power supply in CV Mode
2025-06-25 16:25:16,962 - gui.flash_sinter_gui - INFO - Power supply in CV Mode
2025-06-25 16:25:17,059 - gui.flash_sinter_gui - INFO - Power supply in CV Mode
2025-06-25 16:25:17,173 - gui.flash_sinter_gui - INFO - Power supply in CV Mode
2025-06-25 16:25:17,273 - gui.flash_sinter_gui - INFO - Power supply in CV Mode
2025-06-25 16:25:17,375 - gui.flash_sinter_gui - INFO - Power supply in CV Mode
2025-06-25 16:25:17,469 - gui.flash_sinter_gui - INFO - Power supply in CV Mode
2025-06-25 16:25:17,566 - gui.flash_sinter_gui - INFO - Power supply in CV Mode
2025-06-25 16:25:17,686 - gui.flash_sinter_gui - INFO - Power supply in CV Mode
2025-06-25 16:25:17,776 - gui.flash_sinter_gui - INFO - Power supply in CV Mode
2025-06-25 16:25:17,871 - gui.flash_sinter_gui - INFO - Power supply in CV Mode
2025-06-25 16:25:17,974 - gui.flash_sinter_gui - INFO - Power supply in CV Mode
2025-06-25 16:25:18,071 - gui.flash_sinter_gui - INFO - Power supply in CV Mode
2025-06-25 16:25:18,193 - gui.flash_sinter_gui - INFO - Power supply in CV Mode
2025-06-25 16:25:18,294 - gui.flash_sinter_gui - INFO - Power supply in CV Mode
2025-06-25 16:25:18,395 - gui.flash_sinter_gui - INFO - Power supply in CV Mode
2025-06-25 16:25:18,493 - gui.flash_sinter_gui - INFO - Power supply in CV Mode
2025-06-25 16:25:18,592 - gui.flash_sinter_gui - INFO - Power supply in CV Mode
2025-06-25 16:25:18,709 - gui.flash_sinter_gui - INFO - Power supply in CV Mode
2025-06-25 16:25:18,809 - gui.flash_sinter_gui - INFO - Power supply in CV Mode
2025-06-25 16:25:18,909 - gui.flash_sinter_gui - INFO - Power supply in CV Mode
2025-06-25 16:25:18,998 - gui.flash_sinter_gui - INFO - Power supply in CV Mode
2025-06-25 16:25:19,097 - gui.flash_sinter_gui - INFO - Power supply in CV Mode
2025-06-25 16:25:19,220 - gui.flash_sinter_gui - INFO - Power supply in CV Mode
2025-06-25 16:25:19,322 - gui.flash_sinter_gui - INFO - Power supply in CV Mode
2025-06-25 16:25:19,419 - gui.flash_sinter_gui - INFO - Power supply in CV Mode
2025-06-25 16:25:19,515 - gui.flash_sinter_gui - INFO - Power supply in CV Mode
2025-06-25 16:25:19,608 - gui.flash_sinter_gui - INFO - Power supply in CV Mode
2025-06-25 16:25:19,726 - gui.flash_sinter_gui - INFO - Power supply in CV Mode
2025-06-25 16:25:19,813 - gui.flash_sinter_gui - INFO - Power supply in CV Mode
2025-06-25 16:25:19,912 - gui.flash_sinter_gui - INFO - Power supply in CV Mode
2025-06-25 16:25:20,011 - gui.flash_sinter_gui - INFO - Power supply in CV Mode
2025-06-25 16:25:20,108 - gui.flash_sinter_gui - INFO - Power supply in CV Mode
2025-06-25 16:25:20,232 - gui.flash_sinter_gui - INFO - Power supply in CV Mode
2025-06-25 16:25:20,330 - gui.flash_sinter_gui - INFO - Power supply in CV Mode
2025-06-25 16:25:20,427 - gui.flash_sinter_gui - INFO - Power supply in CV Mode
2025-06-25 16:25:20,526 - gui.flash_sinter_gui - INFO - Power supply in CV Mode
2025-06-25 16:25:20,619 - gui.flash_sinter_gui - INFO - Power supply in CV Mode
2025-06-25 16:25:20,742 - gui.flash_sinter_gui - INFO - Power supply in CV Mode
2025-06-25 16:25:20,835 - gui.flash_sinter_gui - INFO - Power supply in CV Mode
2025-06-25 16:25:20,934 - gui.flash_sinter_gui - INFO - Power supply in CV Mode
2025-06-25 16:25:21,033 - gui.flash_sinter_gui - INFO - Power supply in CV Mode
2025-06-25 16:25:21,129 - gui.flash_sinter_gui - INFO - Power supply in CV Mode
2025-06-25 16:25:21,249 - gui.flash_sinter_gui - INFO - Power supply in CV Mode
2025-06-25 16:25:21,349 - gui.flash_sinter_gui - INFO - Power supply in CV Mode
2025-06-25 16:25:21,449 - gui.flash_sinter_gui - INFO - Power supply in CV Mode
2025-06-25 16:25:21,543 - gui.flash_sinter_gui - INFO - Power supply in CV Mode
2025-06-25 16:25:21,640 - gui.flash_sinter_gui - INFO - Power supply in CV Mode
2025-06-25 16:25:21,758 - gui.flash_sinter_gui - INFO - Power supply in CV Mode
2025-06-25 16:25:21,848 - gui.flash_sinter_gui - INFO - Power supply in CV Mode
2025-06-25 16:25:21,947 - gui.flash_sinter_gui - INFO - Power supply in CV Mode
2025-06-25 16:25:22,036 - gui.flash_sinter_gui - INFO - Power supply in CV Mode
2025-06-25 16:25:22,135 - gui.flash_sinter_gui - INFO - Power supply in CV Mode
2025-06-25 16:25:22,252 - gui.flash_sinter_gui - INFO - Power supply in CV Mode
2025-06-25 16:25:22,352 - gui.flash_sinter_gui - INFO - Power supply in CV Mode
2025-06-25 16:25:22,453 - gui.flash_sinter_gui - INFO - Power supply in CV Mode
2025-06-25 16:25:22,550 - gui.flash_sinter_gui - INFO - Power supply in CV Mode
2025-06-25 16:25:22,653 - gui.flash_sinter_gui - INFO - Power supply in CV Mode
2025-06-25 16:25:22,775 - gui.flash_sinter_gui - INFO - Power supply in CV Mode
2025-06-25 16:25:22,864 - gui.flash_sinter_gui - INFO - Power supply in CV Mode
2025-06-25 16:25:22,964 - gui.flash_sinter_gui - INFO - Power supply in CV Mode
2025-06-25 16:25:23,065 - gui.flash_sinter_gui - INFO - Power supply in CV Mode
2025-06-25 16:25:23,164 - gui.flash_sinter_gui - INFO - Power supply in CV Mode
2025-06-25 16:25:23,285 - gui.flash_sinter_gui - INFO - Power supply in CV Mode
2025-06-25 16:25:23,385 - gui.flash_sinter_gui - INFO - Power supply in CV Mode
2025-06-25 16:25:23,482 - gui.flash_sinter_gui - INFO - Power supply in CV Mode
2025-06-25 16:25:23,580 - gui.flash_sinter_gui - INFO - Power supply in CV Mode
2025-06-25 16:25:23,675 - gui.flash_sinter_gui - INFO - Power supply in CV Mode
2025-06-25 16:25:23,794 - gui.flash_sinter_gui - INFO - Power supply in CV Mode
2025-06-25 16:25:23,883 - gui.flash_sinter_gui - INFO - Power supply in CV Mode
2025-06-25 16:25:23,983 - gui.flash_sinter_gui - INFO - Power supply in CV Mode
2025-06-25 16:25:24,078 - gui.flash_sinter_gui - INFO - Power supply in CV Mode
2025-06-25 16:25:24,176 - gui.flash_sinter_gui - INFO - Power supply in CV Mode
2025-06-25 16:25:24,296 - gui.flash_sinter_gui - INFO - Power supply in CV Mode
2025-06-25 16:25:24,395 - gui.flash_sinter_gui - INFO - Power supply in CV Mode
2025-06-25 16:25:24,497 - gui.flash_sinter_gui - INFO - Power supply in CV Mode
2025-06-25 16:25:24,594 - gui.flash_sinter_gui - INFO - Power supply in CV Mode
2025-06-25 16:25:24,691 - gui.flash_sinter_gui - INFO - Power supply in CV Mode
2025-06-25 16:25:24,813 - gui.flash_sinter_gui - INFO - Power supply in CV Mode
2025-06-25 16:25:24,911 - gui.flash_sinter_gui - INFO - Power supply in CV Mode
2025-06-25 16:25:25,009 - gui.flash_sinter_gui - INFO - Power supply in CV Mode
2025-06-25 16:25:25,107 - gui.flash_sinter_gui - INFO - Power supply in CV Mode
2025-06-25 16:25:25,204 - gui.flash_sinter_gui - INFO - Power supply in CV Mode
2025-06-25 16:25:25,323 - gui.flash_sinter_gui - INFO - Power supply in CV Mode
2025-06-25 16:25:25,421 - gui.flash_sinter_gui - INFO - Power supply in CV Mode
2025-06-25 16:25:25,524 - gui.flash_sinter_gui - INFO - Power supply in CV Mode
2025-06-25 16:25:25,621 - gui.flash_sinter_gui - INFO - Power supply in CV Mode
2025-06-25 16:25:25,720 - gui.flash_sinter_gui - INFO - Power supply in CV Mode
2025-06-25 16:25:25,839 - gui.flash_sinter_gui - INFO - Power supply in CV Mode
2025-06-25 16:25:25,926 - gui.flash_sinter_gui - INFO - Power supply in CV Mode
2025-06-25 16:25:26,028 - gui.flash_sinter_gui - INFO - Power supply in CV Mode
2025-06-25 16:25:26,122 - gui.flash_sinter_gui - INFO - Power supply in CV Mode
2025-06-25 16:25:26,221 - gui.flash_sinter_gui - INFO - Power supply in CV Mode
2025-06-25 16:25:26,343 - gui.flash_sinter_gui - INFO - Power supply in CV Mode
2025-06-25 16:25:26,440 - gui.flash_sinter_gui - INFO - Power supply in CV Mode
2025-06-25 16:25:26,536 - gui.flash_sinter_gui - INFO - Power supply in CV Mode
2025-06-25 16:25:26,632 - gui.flash_sinter_gui - INFO - Power supply in CV Mode
2025-06-25 16:25:26,728 - gui.flash_sinter_gui - INFO - Power supply in CV Mode
2025-06-25 16:25:26,846 - gui.flash_sinter_gui - INFO - Power supply in CV Mode
2025-06-25 16:25:26,946 - gui.flash_sinter_gui - INFO - Power supply in CV Mode
2025-06-25 16:25:27,046 - gui.flash_sinter_gui - INFO - Power supply in CV Mode
2025-06-25 16:25:27,144 - gui.flash_sinter_gui - INFO - Power supply in CV Mode
2025-06-25 16:25:27,244 - gui.flash_sinter_gui - INFO - Power supply in CV Mode
2025-06-25 16:25:27,362 - gui.flash_sinter_gui - INFO - Power supply in CV Mode
2025-06-25 16:25:27,460 - gui.flash_sinter_gui - INFO - Power supply in CV Mode
2025-06-25 16:25:27,555 - gui.flash_sinter_gui - INFO - Power supply in CV Mode
2025-06-25 16:25:27,651 - gui.flash_sinter_gui - INFO - Power supply in CV Mode
2025-06-25 16:25:27,749 - gui.flash_sinter_gui - INFO - Power supply in CV Mode
2025-06-25 16:25:27,874 - gui.flash_sinter_gui - INFO - Power supply in CV Mode
2025-06-25 16:25:27,961 - gui.flash_sinter_gui - INFO - Power supply in CV Mode
2025-06-25 16:25:28,061 - gui.flash_sinter_gui - INFO - Power supply in CV Mode
2025-06-25 16:25:28,160 - gui.flash_sinter_gui - INFO - Power supply in CV Mode
2025-06-25 16:25:28,249 - gui.flash_sinter_gui - INFO - Power supply in CV Mode
2025-06-25 16:25:28,371 - gui.flash_sinter_gui - INFO - Power supply in CV Mode
2025-06-25 16:25:28,471 - gui.flash_sinter_gui - INFO - Power supply in CV Mode
2025-06-25 16:25:28,571 - gui.flash_sinter_gui - INFO - Power supply in CV Mode
2025-06-25 16:25:28,669 - gui.flash_sinter_gui - INFO - Power supply in CV Mode
2025-06-25 16:25:28,768 - gui.flash_sinter_gui - INFO - Power supply in CV Mode
2025-06-25 16:25:28,886 - gui.flash_sinter_gui - INFO - Power supply in CV Mode
2025-06-25 16:25:28,988 - gui.flash_sinter_gui - INFO - Power supply in CV Mode
2025-06-25 16:25:29,086 - gui.flash_sinter_gui - INFO - Power supply in CV Mode
2025-06-25 16:25:29,181 - gui.flash_sinter_gui - INFO - Power supply in CV Mode
2025-06-25 16:25:29,283 - gui.flash_sinter_gui - INFO - Power supply in CV Mode
2025-06-25 16:25:29,398 - gui.flash_sinter_gui - INFO - Power supply in CV Mode
2025-06-25 16:25:29,493 - gui.flash_sinter_gui - INFO - Power supply in CV Mode
2025-06-25 16:25:29,593 - gui.flash_sinter_gui - INFO - Power supply in CV Mode
2025-06-25 16:25:29,688 - gui.flash_sinter_gui - INFO - Power supply in CV Mode
2025-06-25 16:25:29,787 - gui.flash_sinter_gui - INFO - Power supply in CV Mode
2025-06-25 16:25:29,905 - gui.flash_sinter_gui - INFO - Power supply in CV Mode
2025-06-25 16:25:29,999 - gui.flash_sinter_gui - INFO - Power supply in CV Mode
2025-06-25 16:25:30,097 - gui.flash_sinter_gui - INFO - Power supply in CV Mode
2025-06-25 16:25:30,195 - gui.flash_sinter_gui - INFO - Power supply in CV Mode
2025-06-25 16:25:30,293 - gui.flash_sinter_gui - INFO - Power supply in CV Mode
2025-06-25 16:25:30,412 - gui.flash_sinter_gui - INFO - Power supply in CV Mode
2025-06-25 16:25:30,510 - gui.flash_sinter_gui - INFO - Power supply in CV Mode
2025-06-25 16:25:30,609 - gui.flash_sinter_gui - INFO - Power supply in CV Mode
2025-06-25 16:25:30,707 - gui.flash_sinter_gui - INFO - Power supply in CV Mode
2025-06-25 16:25:30,800 - gui.flash_sinter_gui - INFO - Power supply in CV Mode
2025-06-25 16:25:30,920 - gui.flash_sinter_gui - INFO - Power supply in CV Mode
2025-06-25 16:25:31,024 - gui.flash_sinter_gui - INFO - Power supply in CV Mode
2025-06-25 16:25:31,122 - gui.flash_sinter_gui - INFO - Power supply in CV Mode
2025-06-25 16:25:31,222 - gui.flash_sinter_gui - INFO - Power supply in CV Mode
2025-06-25 16:25:31,322 - gui.flash_sinter_gui - INFO - Power supply in CV Mode
2025-06-25 16:25:31,445 - gui.flash_sinter_gui - INFO - Power supply in CV Mode
2025-06-25 16:25:31,543 - gui.flash_sinter_gui - INFO - Power supply in CV Mode
2025-06-25 16:25:31,639 - gui.flash_sinter_gui - INFO - Power supply in CV Mode
2025-06-25 16:25:31,735 - gui.flash_sinter_gui - INFO - Power supply in CV Mode
2025-06-25 16:25:31,833 - gui.flash_sinter_gui - INFO - Power supply in CV Mode
2025-06-25 16:25:31,952 - gui.flash_sinter_gui - INFO - Power supply in CV Mode
2025-06-25 16:25:32,047 - gui.flash_sinter_gui - INFO - Power supply in CV Mode
2025-06-25 16:25:32,148 - gui.flash_sinter_gui - INFO - Power supply in CV Mode
2025-06-25 16:25:32,243 - gui.flash_sinter_gui - INFO - Power supply in CV Mode
2025-06-25 16:25:32,336 - gui.flash_sinter_gui - INFO - Power supply in CV Mode
2025-06-25 16:25:32,449 - gui.flash_sinter_gui - INFO - Power supply in CV Mode
2025-06-25 16:25:32,553 - gui.flash_sinter_gui - INFO - Power supply in CV Mode
2025-06-25 16:25:32,649 - gui.flash_sinter_gui - INFO - Power supply in CV Mode
2025-06-25 16:25:32,746 - gui.flash_sinter_gui - INFO - Power supply in CV Mode
2025-06-25 16:25:32,841 - gui.flash_sinter_gui - INFO - Power supply in CV Mode
2025-06-25 16:25:32,963 - gui.flash_sinter_gui - INFO - Power supply in CV Mode
2025-06-25 16:25:33,051 - gui.flash_sinter_gui - INFO - Power supply in CV Mode
2025-06-25 16:25:33,151 - gui.flash_sinter_gui - INFO - Power supply in CV Mode
2025-06-25 16:25:33,253 - gui.flash_sinter_gui - INFO - Power supply in CV Mode
2025-06-25 16:25:33,353 - gui.flash_sinter_gui - INFO - Power supply in CV Mode
2025-06-25 16:25:33,481 - gui.flash_sinter_gui - INFO - Power supply in CV Mode
2025-06-25 16:25:33,582 - gui.flash_sinter_gui - INFO - Power supply in CV Mode
2025-06-25 16:25:33,678 - gui.flash_sinter_gui - INFO - Power supply in CV Mode
2025-06-25 16:25:33,776 - gui.flash_sinter_gui - INFO - Power supply in CV Mode
2025-06-25 16:25:33,874 - gui.flash_sinter_gui - INFO - Power supply in CV Mode
2025-06-25 16:25:33,995 - gui.flash_sinter_gui - INFO - Power supply in CV Mode
2025-06-25 16:25:34,100 - gui.flash_sinter_gui - INFO - Power supply in CV Mode
2025-06-25 16:25:34,197 - gui.flash_sinter_gui - INFO - Power supply in CV Mode
2025-06-25 16:25:34,290 - gui.flash_sinter_gui - INFO - Power supply in CV Mode
2025-06-25 16:25:34,390 - gui.flash_sinter_gui - INFO - Power supply in CV Mode
2025-06-25 16:25:34,501 - gui.flash_sinter_gui - INFO - Power supply in CV Mode
2025-06-25 16:25:34,602 - gui.flash_sinter_gui - INFO - Power supply in CV Mode
2025-06-25 16:25:34,701 - gui.flash_sinter_gui - INFO - Power supply in CV Mode
2025-06-25 16:25:34,799 - gui.flash_sinter_gui - INFO - Power supply in CV Mode
2025-06-25 16:25:34,902 - gui.flash_sinter_gui - INFO - Power supply in CV Mode
2025-06-25 16:25:35,026 - gui.flash_sinter_gui - INFO - Power supply in CV Mode
2025-06-25 16:25:35,125 - gui.flash_sinter_gui - INFO - Power supply in CV Mode
2025-06-25 16:25:35,224 - gui.flash_sinter_gui - INFO - Power supply in CV Mode
2025-06-25 16:25:35,323 - gui.flash_sinter_gui - INFO - Power supply in CV Mode
2025-06-25 16:25:35,417 - gui.flash_sinter_gui - INFO - Power supply in CV Mode
2025-06-25 16:25:35,543 - gui.flash_sinter_gui - INFO - Power supply in CV Mode
2025-06-25 16:25:35,639 - gui.flash_sinter_gui - INFO - Power supply in CV Mode
2025-06-25 16:25:35,731 - gui.flash_sinter_gui - INFO - Power supply in CV Mode
2025-06-25 16:25:35,827 - gui.flash_sinter_gui - INFO - Power supply in CV Mode
2025-06-25 16:25:35,927 - gui.flash_sinter_gui - INFO - Power supply in CV Mode
2025-06-25 16:25:36,047 - gui.flash_sinter_gui - INFO - Power supply in CV Mode
2025-06-25 16:25:36,148 - gui.flash_sinter_gui - INFO - Power supply in CV Mode
2025-06-25 16:25:36,245 - gui.flash_sinter_gui - INFO - Power supply in CV Mode
2025-06-25 16:25:36,347 - gui.flash_sinter_gui - INFO - Power supply in CV Mode
2025-06-25 16:25:36,445 - gui.flash_sinter_gui - INFO - Power supply in CV Mode
2025-06-25 16:25:36,560 - gui.flash_sinter_gui - INFO - Power supply in CV Mode
2025-06-25 16:25:36,659 - gui.flash_sinter_gui - INFO - Power supply in CV Mode
2025-06-25 16:25:36,755 - gui.flash_sinter_gui - INFO - Power supply in CV Mode
2025-06-25 16:25:36,853 - gui.flash_sinter_gui - INFO - Power supply in CV Mode
2025-06-25 16:25:36,947 - gui.flash_sinter_gui - INFO - Power supply in CV Mode
2025-06-25 16:25:37,066 - gui.flash_sinter_gui - INFO - Power supply in CV Mode
2025-06-25 16:25:37,166 - gui.flash_sinter_gui - INFO - Power supply in CV Mode
2025-06-25 16:25:37,265 - gui.flash_sinter_gui - INFO - Power supply in CV Mode
2025-06-25 16:25:37,361 - gui.flash_sinter_gui - INFO - Power supply in CV Mode
2025-06-25 16:25:37,457 - gui.flash_sinter_gui - INFO - Power supply in CV Mode
2025-06-25 16:25:37,581 - gui.flash_sinter_gui - INFO - Power supply in CV Mode
2025-06-25 16:25:37,682 - gui.flash_sinter_gui - INFO - Power supply in CV Mode
2025-06-25 16:25:37,777 - gui.flash_sinter_gui - INFO - Power supply in CV Mode
2025-06-25 16:25:37,875 - gui.flash_sinter_gui - INFO - Power supply in CV Mode
2025-06-25 16:25:37,977 - gui.flash_sinter_gui - INFO - Power supply in CV Mode
2025-06-25 16:25:38,099 - gui.flash_sinter_gui - INFO - Power supply in CV Mode
2025-06-25 16:25:38,193 - gui.flash_sinter_gui - INFO - Power supply in CV Mode
2025-06-25 16:25:38,294 - gui.flash_sinter_gui - INFO - Power supply in CV Mode
2025-06-25 16:25:38,397 - gui.flash_sinter_gui - INFO - Power supply in CV Mode
2025-06-25 16:25:38,495 - gui.flash_sinter_gui - INFO - Power supply in CV Mode
2025-06-25 16:25:38,611 - gui.flash_sinter_gui - INFO - Power supply in CV Mode
2025-06-25 16:25:38,709 - gui.flash_sinter_gui - INFO - Power supply in CV Mode
2025-06-25 16:25:38,809 - gui.flash_sinter_gui - INFO - Power supply in CV Mode
2025-06-25 16:25:38,909 - gui.flash_sinter_gui - INFO - Power supply in CV Mode
2025-06-25 16:25:39,002 - gui.flash_sinter_gui - INFO - Power supply in CV Mode
2025-06-25 16:25:39,121 - gui.flash_sinter_gui - INFO - Power supply in CV Mode
2025-06-25 16:25:39,213 - gui.flash_sinter_gui - INFO - Power supply in CV Mode
2025-06-25 16:25:39,313 - gui.flash_sinter_gui - INFO - Power supply in CV Mode
2025-06-25 16:25:39,413 - gui.flash_sinter_gui - INFO - Power supply in CV Mode
2025-06-25 16:25:39,510 - gui.flash_sinter_gui - INFO - Power supply in CV Mode
2025-06-25 16:25:39,630 - gui.flash_sinter_gui - INFO - Power supply in CV Mode
2025-06-25 16:25:39,731 - gui.flash_sinter_gui - INFO - Power supply in CV Mode
2025-06-25 16:25:39,822 - gui.flash_sinter_gui - INFO - Power supply in CV Mode
2025-06-25 16:25:39,922 - gui.flash_sinter_gui - INFO - Power supply in CV Mode
2025-06-25 16:25:40,022 - gui.flash_sinter_gui - INFO - Power supply in CV Mode
2025-06-25 16:25:40,143 - gui.flash_sinter_gui - INFO - Power supply in CV Mode
2025-06-25 16:25:40,247 - gui.flash_sinter_gui - INFO - Power supply in CV Mode
2025-06-25 16:25:40,348 - gui.flash_sinter_gui - INFO - Power supply in CV Mode
2025-06-25 16:25:40,444 - gui.flash_sinter_gui - INFO - Power supply in CV Mode
2025-06-25 16:25:40,549 - gui.flash_sinter_gui - INFO - Power supply in CV Mode
2025-06-25 16:25:40,662 - gui.flash_sinter_gui - INFO - Power supply in CV Mode
2025-06-25 16:25:40,768 - gui.flash_sinter_gui - INFO - Power supply in CV Mode
2025-06-25 16:25:40,860 - gui.flash_sinter_gui - INFO - Power supply in CV Mode
2025-06-25 16:25:40,967 - gui.flash_sinter_gui - INFO - Power supply in CV Mode
2025-06-25 16:25:41,061 - gui.flash_sinter_gui - INFO - Power supply in CV Mode
2025-06-25 16:25:41,187 - gui.flash_sinter_gui - INFO - Power supply in CV Mode
2025-06-25 16:25:41,287 - gui.flash_sinter_gui - INFO - Power supply in CV Mode
2025-06-25 16:25:41,392 - gui.flash_sinter_gui - INFO - Power supply in CV Mode
2025-06-25 16:25:41,489 - gui.flash_sinter_gui - INFO - Power supply in CV Mode
2025-06-25 16:25:41,592 - gui.flash_sinter_gui - INFO - Power supply in CV Mode
2025-06-25 16:25:41,712 - gui.flash_sinter_gui - INFO - Power supply in CV Mode
2025-06-25 16:25:41,818 - gui.flash_sinter_gui - INFO - Power supply in CV Mode
2025-06-25 16:25:41,910 - gui.flash_sinter_gui - INFO - Power supply in CV Mode
2025-06-25 16:25:42,013 - gui.flash_sinter_gui - INFO - Power supply in CV Mode
2025-06-25 16:25:42,107 - gui.flash_sinter_gui - INFO - Power supply in CV Mode
2025-06-25 16:25:42,237 - gui.flash_sinter_gui - INFO - Power supply in CV Mode
2025-06-25 16:25:42,335 - gui.flash_sinter_gui - INFO - Power supply in CV Mode
2025-06-25 16:25:42,441 - gui.flash_sinter_gui - INFO - Power supply in CV Mode
2025-06-25 16:25:42,540 - gui.flash_sinter_gui - INFO - Power supply in CV Mode
2025-06-25 16:25:42,645 - gui.flash_sinter_gui - INFO - Power supply in CV Mode
2025-06-25 16:25:42,760 - gui.flash_sinter_gui - INFO - Power supply in CV Mode
2025-06-25 16:25:42,869 - gui.flash_sinter_gui - INFO - Power supply in CV Mode
2025-06-25 16:25:42,966 - gui.flash_sinter_gui - INFO - Power supply in CV Mode
2025-06-25 16:25:43,074 - gui.flash_sinter_gui - INFO - Power supply in CV Mode
2025-06-25 16:25:43,175 - gui.flash_sinter_gui - INFO - Power supply in CV Mode
2025-06-25 16:25:43,310 - gui.flash_sinter_gui - INFO - Power supply in CV Mode
2025-06-25 16:25:43,403 - gui.flash_sinter_gui - INFO - Power supply in CV Mode
2025-06-25 16:25:43,516 - gui.flash_sinter_gui - INFO - Power supply in CV Mode
2025-06-25 16:25:43,613 - gui.flash_sinter_gui - INFO - Power supply in CV Mode
2025-06-25 16:25:43,723 - gui.flash_sinter_gui - INFO - Power supply in CV Mode
2025-06-25 16:25:43,840 - gui.flash_sinter_gui - INFO - Power supply in CV Mode
2025-06-25 16:25:43,949 - gui.flash_sinter_gui - INFO - Power supply in CV Mode
2025-06-25 16:25:44,045 - gui.flash_sinter_gui - INFO - Power supply in CV Mode
2025-06-25 16:25:44,157 - gui.flash_sinter_gui - INFO - Power supply in CV Mode
2025-06-25 16:25:44,253 - gui.flash_sinter_gui - INFO - Power supply in CV Mode
2025-06-25 16:25:44,388 - gui.flash_sinter_gui - INFO - Power supply in CV Mode
2025-06-25 16:25:44,488 - gui.flash_sinter_gui - INFO - Power supply in CV Mode
2025-06-25 16:25:44,606 - gui.flash_sinter_gui - INFO - Power supply in CV Mode
2025-06-25 16:25:44,705 - gui.flash_sinter_gui - INFO - Power supply in CV Mode
2025-06-25 16:25:44,821 - gui.flash_sinter_gui - INFO - Power supply in CV Mode
2025-06-25 16:25:44,942 - gui.flash_sinter_gui - INFO - Power supply in CV Mode
2025-06-25 16:25:45,062 - gui.flash_sinter_gui - INFO - Power supply in CV Mode
2025-06-25 16:25:45,160 - gui.flash_sinter_gui - INFO - Power supply in CV Mode
2025-06-25 16:25:45,276 - gui.flash_sinter_gui - INFO - Power supply in CV Mode
2025-06-25 16:25:45,373 - gui.flash_sinter_gui - INFO - Power supply in CV Mode
2025-06-25 16:25:45,512 - gui.flash_sinter_gui - INFO - Power supply in CV Mode
2025-06-25 16:25:45,604 - gui.flash_sinter_gui - INFO - Power supply in CV Mode
2025-06-25 16:25:45,722 - gui.flash_sinter_gui - INFO - Power supply in CV Mode
2025-06-25 16:25:45,817 - gui.flash_sinter_gui - INFO - Power supply in CV Mode
2025-06-25 16:25:45,938 - gui.flash_sinter_gui - INFO - Power supply in CV Mode
2025-06-25 16:25:46,064 - gui.flash_sinter_gui - INFO - Power supply in CV Mode
2025-06-25 16:25:46,186 - gui.flash_sinter_gui - INFO - Power supply in CV Mode
2025-06-25 16:25:46,288 - gui.flash_sinter_gui - INFO - Power supply in CV Mode
2025-06-25 16:25:46,408 - gui.flash_sinter_gui - INFO - Power supply in CV Mode
2025-06-25 16:25:46,509 - gui.flash_sinter_gui - INFO - Power supply in CV Mode
2025-06-25 16:25:46,655 - gui.flash_sinter_gui - INFO - Power supply in CV Mode
2025-06-25 16:25:46,752 - gui.flash_sinter_gui - INFO - Power supply in CV Mode
2025-06-25 16:25:46,873 - gui.flash_sinter_gui - INFO - Power supply in CV Mode
2025-06-25 16:25:46,971 - gui.flash_sinter_gui - INFO - Power supply in CV Mode
2025-06-25 16:25:47,091 - gui.flash_sinter_gui - INFO - Power supply in CV Mode
2025-06-25 16:25:47,211 - gui.flash_sinter_gui - INFO - Power supply in CV Mode
2025-06-25 16:25:47,340 - gui.flash_sinter_gui - INFO - Power supply in CV Mode
2025-06-25 16:25:47,439 - gui.flash_sinter_gui - INFO - Power supply in CV Mode
2025-06-25 16:25:47,561 - gui.flash_sinter_gui - INFO - Power supply in CV Mode
2025-06-25 16:25:47,660 - gui.flash_sinter_gui - INFO - Power supply in CV Mode
2025-06-25 16:25:47,800 - gui.flash_sinter_gui - INFO - Power supply in CV Mode
2025-06-25 16:25:47,898 - gui.flash_sinter_gui - INFO - Power supply in CV Mode
2025-06-25 16:25:48,029 - gui.flash_sinter_gui - INFO - Power supply in CV Mode
2025-06-25 16:25:48,119 - gui.flash_sinter_gui - INFO - Power supply in CV Mode
2025-06-25 16:25:48,249 - gui.flash_sinter_gui - INFO - Power supply in CV Mode
2025-06-25 16:25:48,368 - gui.flash_sinter_gui - INFO - Power supply in CV Mode
2025-06-25 16:25:48,489 - gui.flash_sinter_gui - INFO - Power supply in CV Mode
2025-06-25 16:25:48,584 - gui.flash_sinter_gui - INFO - Power supply in CV Mode
2025-06-25 16:25:48,706 - gui.flash_sinter_gui - INFO - Power supply in CV Mode
2025-06-25 16:25:48,804 - gui.flash_sinter_gui - INFO - Power supply in CV Mode
2025-06-25 16:25:48,956 - gui.flash_sinter_gui - INFO - Power supply in CV Mode
2025-06-25 16:25:49,058 - gui.flash_sinter_gui - INFO - Power supply in CV Mode
2025-06-25 16:25:49,186 - gui.flash_sinter_gui - INFO - Power supply in CV Mode
2025-06-25 16:25:49,291 - gui.flash_sinter_gui - INFO - Power supply in CV Mode
2025-06-25 16:25:49,421 - gui.flash_sinter_gui - INFO - Power supply in CV Mode
2025-06-25 16:25:49,541 - gui.flash_sinter_gui - INFO - Power supply in CV Mode
2025-06-25 16:25:49,670 - gui.flash_sinter_gui - INFO - Power supply in CV Mode
2025-06-25 16:25:49,765 - gui.flash_sinter_gui - INFO - Power supply in CV Mode
2025-06-25 16:25:49,898 - gui.flash_sinter_gui - INFO - Power supply in CV Mode
2025-06-25 16:25:49,993 - gui.flash_sinter_gui - INFO - Power supply in CV Mode
2025-06-25 16:25:50,144 - gui.flash_sinter_gui - INFO - Power supply in CV Mode
2025-06-25 16:25:50,242 - gui.flash_sinter_gui - INFO - Power supply in CV Mode
2025-06-25 16:25:50,378 - gui.flash_sinter_gui - INFO - Power supply in CV Mode
2025-06-25 16:25:50,476 - gui.flash_sinter_gui - INFO - Power supply in CV Mode
2025-06-25 16:25:50,606 - gui.flash_sinter_gui - INFO - Power supply in CV Mode
2025-06-25 16:25:50,727 - gui.flash_sinter_gui - INFO - Power supply in CV Mode
2025-06-25 16:25:50,863 - gui.flash_sinter_gui - INFO - Power supply in CV Mode
2025-06-25 16:25:50,960 - gui.flash_sinter_gui - INFO - Power supply in CV Mode
2025-06-25 16:25:51,093 - gui.flash_sinter_gui - INFO - Power supply in CV Mode
2025-06-25 16:25:51,190 - gui.flash_sinter_gui - INFO - Power supply in CV Mode
2025-06-25 16:25:51,342 - gui.flash_sinter_gui - INFO - Power supply in CV Mode
2025-06-25 16:25:51,435 - gui.flash_sinter_gui - INFO - Power supply in CV Mode
2025-06-25 16:25:51,575 - gui.flash_sinter_gui - INFO - Power supply in CV Mode
2025-06-25 16:25:51,673 - gui.flash_sinter_gui - INFO - Power supply in CV Mode
2025-06-25 16:25:51,807 - gui.flash_sinter_gui - INFO - Power supply in CV Mode
2025-06-25 16:25:51,930 - gui.flash_sinter_gui - INFO - Power supply in CV Mode
2025-06-25 16:25:52,069 - gui.flash_sinter_gui - INFO - Power supply in CV Mode
2025-06-25 16:25:52,173 - gui.flash_sinter_gui - INFO - Power supply in CV Mode
2025-06-25 16:25:52,311 - gui.flash_sinter_gui - INFO - Power supply in CV Mode
2025-06-25 16:25:52,404 - gui.flash_sinter_gui - INFO - Power supply in CV Mode
2025-06-25 16:25:52,561 - gui.flash_sinter_gui - INFO - Power supply in CV Mode
2025-06-25 16:25:52,662 - gui.flash_sinter_gui - INFO - Power supply in CV Mode
2025-06-25 16:25:52,800 - gui.flash_sinter_gui - INFO - Power supply in CV Mode
2025-06-25 16:25:52,902 - gui.flash_sinter_gui - INFO - Power supply in CV Mode
2025-06-25 16:25:53,034 - gui.flash_sinter_gui - INFO - Power supply in CV Mode
2025-06-25 16:25:53,154 - gui.flash_sinter_gui - INFO - Power supply in CV Mode
2025-06-25 16:25:53,295 - gui.flash_sinter_gui - INFO - Power supply in CV Mode
2025-06-25 16:25:53,397 - gui.flash_sinter_gui - INFO - Power supply in CV Mode
2025-06-25 16:25:53,535 - gui.flash_sinter_gui - INFO - Power supply in CV Mode
2025-06-25 16:25:53,627 - gui.flash_sinter_gui - INFO - Power supply in CV Mode
2025-06-25 16:25:53,790 - gui.flash_sinter_gui - INFO - Power supply in CV Mode
2025-06-25 16:25:53,889 - gui.flash_sinter_gui - INFO - Power supply in CV Mode
2025-06-25 16:25:54,029 - gui.flash_sinter_gui - INFO - Power supply in CV Mode
2025-06-25 16:25:54,125 - gui.flash_sinter_gui - INFO - Power supply in CV Mode
2025-06-25 16:25:54,263 - gui.flash_sinter_gui - INFO - Power supply in CV Mode
2025-06-25 16:25:54,387 - gui.flash_sinter_gui - INFO - Power supply in CV Mode
2025-06-25 16:25:54,529 - gui.flash_sinter_gui - INFO - Power supply in CV Mode
2025-06-25 16:25:54,632 - gui.flash_sinter_gui - INFO - Power supply in CV Mode
2025-06-25 16:25:54,776 - gui.flash_sinter_gui - INFO - Power supply in CV Mode
2025-06-25 16:25:54,873 - gui.flash_sinter_gui - INFO - Power supply in CV Mode
2025-06-25 16:25:55,037 - gui.flash_sinter_gui - INFO - Power supply in CV Mode
2025-06-25 16:25:55,128 - gui.flash_sinter_gui - INFO - Power supply in CV Mode
2025-06-25 16:25:55,275 - gui.flash_sinter_gui - INFO - Power supply in CV Mode
2025-06-25 16:25:55,375 - gui.flash_sinter_gui - INFO - Power supply in CV Mode
2025-06-25 16:25:55,519 - gui.flash_sinter_gui - INFO - Power supply in CV Mode
2025-06-25 16:25:55,637 - gui.flash_sinter_gui - INFO - Power supply in CV Mode
2025-06-25 16:25:55,784 - gui.flash_sinter_gui - INFO - Power supply in CV Mode
2025-06-25 16:25:55,884 - gui.flash_sinter_gui - INFO - Power supply in CV Mode
2025-06-25 16:25:56,027 - gui.flash_sinter_gui - INFO - Power supply in CV Mode
2025-06-25 16:25:56,124 - gui.flash_sinter_gui - INFO - Power supply in CV Mode
2025-06-25 16:25:56,292 - gui.flash_sinter_gui - INFO - Power supply in CV Mode
2025-06-25 16:25:56,382 - gui.flash_sinter_gui - INFO - Power supply in CV Mode
2025-06-25 16:25:56,532 - gui.flash_sinter_gui - INFO - Power supply in CV Mode
2025-06-25 16:25:56,629 - gui.flash_sinter_gui - INFO - Power supply in CV Mode
2025-06-25 16:25:56,775 - gui.flash_sinter_gui - INFO - Power supply in CV Mode
2025-06-25 16:25:56,872 - gui.flash_sinter_gui - INFO - Power supply in CV Mode
2025-06-25 16:25:57,040 - gui.flash_sinter_gui - INFO - Power supply in CV Mode
2025-06-25 16:25:57,135 - gui.flash_sinter_gui - INFO - Power supply in CV Mode
2025-06-25 16:25:57,280 - gui.flash_sinter_gui - INFO - Power supply in CV Mode
2025-06-25 16:25:57,380 - gui.flash_sinter_gui - INFO - Power supply in CV Mode
2025-06-25 16:25:57,528 - gui.flash_sinter_gui - INFO - Power supply in CV Mode
2025-06-25 16:25:57,629 - gui.flash_sinter_gui - INFO - Power supply in CV Mode
2025-06-25 16:25:57,780 - gui.flash_sinter_gui - INFO - Power supply in CV Mode
2025-06-25 16:25:57,875 - gui.flash_sinter_gui - INFO - Power supply in CV Mode
2025-06-25 16:25:58,024 - gui.flash_sinter_gui - INFO - Power supply in CV Mode
2025-06-25 16:25:58,124 - gui.flash_sinter_gui - INFO - Power supply in CV Mode
2025-06-25 16:25:58,272 - gui.flash_sinter_gui - INFO - Power supply in CV Mode
2025-06-25 16:25:58,365 - gui.flash_sinter_gui - INFO - Power supply in CV Mode
2025-06-25 16:25:58,515 - gui.flash_sinter_gui - INFO - Power supply in CV Mode
2025-06-25 16:25:58,614 - gui.flash_sinter_gui - INFO - Power supply in CV Mode
2025-06-25 16:25:58,764 - gui.flash_sinter_gui - INFO - Power supply in CV Mode
2025-06-25 16:25:58,861 - gui.flash_sinter_gui - INFO - Power supply in CV Mode
2025-06-25 16:25:59,008 - gui.flash_sinter_gui - INFO - Power supply in CV Mode
2025-06-25 16:25:59,106 - gui.flash_sinter_gui - INFO - Power supply in CV Mode
2025-06-25 16:25:59,254 - gui.flash_sinter_gui - INFO - Power supply in CV Mode
2025-06-25 16:25:59,352 - gui.flash_sinter_gui - INFO - Power supply in CV Mode
2025-06-25 16:25:59,507 - gui.flash_sinter_gui - INFO - Power supply in CV Mode
2025-06-25 16:25:59,599 - gui.flash_sinter_gui - INFO - Power supply in CV Mode
2025-06-25 16:25:59,751 - gui.flash_sinter_gui - INFO - Power supply in CV Mode
2025-06-25 16:25:59,842 - gui.flash_sinter_gui - INFO - Power supply in CV Mode
2025-06-25 16:25:59,992 - gui.flash_sinter_gui - INFO - Power supply in CV Mode
2025-06-25 16:26:00,087 - gui.flash_sinter_gui - INFO - Power supply in CV Mode
2025-06-25 16:26:00,237 - gui.flash_sinter_gui - INFO - Power supply in CV Mode
2025-06-25 16:26:00,338 - gui.flash_sinter_gui - INFO - Power supply in CV Mode
2025-06-25 16:26:00,490 - gui.flash_sinter_gui - INFO - Power supply in CV Mode
2025-06-25 16:26:00,591 - gui.flash_sinter_gui - INFO - Power supply in CV Mode
2025-06-25 16:26:00,751 - gui.flash_sinter_gui - INFO - Power supply in CV Mode
2025-06-25 16:26:00,849 - gui.flash_sinter_gui - INFO - Power supply in CV Mode
2025-06-25 16:26:01,004 - gui.flash_sinter_gui - INFO - Power supply in CV Mode
2025-06-25 16:26:01,108 - gui.flash_sinter_gui - INFO - Power supply in CV Mode
2025-06-25 16:26:01,266 - gui.flash_sinter_gui - INFO - Power supply in CV Mode
2025-06-25 16:26:01,366 - gui.flash_sinter_gui - INFO - Power supply in CV Mode
2025-06-25 16:26:01,526 - gui.flash_sinter_gui - INFO - Power supply in CV Mode
2025-06-25 16:26:01,622 - gui.flash_sinter_gui - INFO - Power supply in CV Mode
2025-06-25 16:26:01,779 - gui.flash_sinter_gui - INFO - Power supply in CV Mode
2025-06-25 16:26:01,868 - gui.flash_sinter_gui - INFO - Power supply in CV Mode
2025-06-25 16:26:02,031 - gui.flash_sinter_gui - INFO - Power supply in CV Mode
2025-06-25 16:26:02,133 - gui.flash_sinter_gui - INFO - Power supply in CV Mode
2025-06-25 16:26:02,294 - gui.flash_sinter_gui - INFO - Power supply in CV Mode
2025-06-25 16:26:02,394 - gui.flash_sinter_gui - INFO - Power supply in CV Mode
2025-06-25 16:26:02,556 - gui.flash_sinter_gui - INFO - Power supply in CV Mode
2025-06-25 16:26:02,655 - gui.flash_sinter_gui - INFO - Power supply in CV Mode
2025-06-25 16:26:02,815 - gui.flash_sinter_gui - INFO - Power supply in CV Mode
2025-06-25 16:26:02,912 - gui.flash_sinter_gui - INFO - Power supply in CV Mode
2025-06-25 16:26:03,070 - gui.flash_sinter_gui - INFO - Power supply in CV Mode
2025-06-25 16:26:03,172 - gui.flash_sinter_gui - INFO - Power supply in CV Mode
2025-06-25 16:26:03,337 - gui.flash_sinter_gui - INFO - Power supply in CV Mode
2025-06-25 16:26:03,432 - gui.flash_sinter_gui - INFO - Power supply in CV Mode
2025-06-25 16:26:03,594 - gui.flash_sinter_gui - INFO - Power supply in CV Mode
2025-06-25 16:26:03,696 - gui.flash_sinter_gui - INFO - Power supply in CV Mode
2025-06-25 16:26:03,859 - gui.flash_sinter_gui - INFO - Power supply in CV Mode
2025-06-25 16:26:03,957 - gui.flash_sinter_gui - INFO - Power supply in CV Mode
2025-06-25 16:26:04,117 - gui.flash_sinter_gui - INFO - Power supply in CV Mode
2025-06-25 16:26:04,207 - gui.flash_sinter_gui - INFO - Power supply in CV Mode
2025-06-25 16:26:04,367 - gui.flash_sinter_gui - INFO - Power supply in CV Mode
2025-06-25 16:26:04,463 - gui.flash_sinter_gui - INFO - Power supply in CV Mode
2025-06-25 16:26:04,626 - gui.flash_sinter_gui - INFO - Power supply in CV Mode
2025-06-25 16:26:04,726 - gui.flash_sinter_gui - INFO - Power supply in CV Mode
2025-06-25 16:26:04,890 - gui.flash_sinter_gui - INFO - Power supply in CV Mode
2025-06-25 16:26:04,984 - gui.flash_sinter_gui - INFO - Power supply in CV Mode
2025-06-25 16:26:05,148 - gui.flash_sinter_gui - INFO - Power supply in CV Mode
2025-06-25 16:26:05,246 - gui.flash_sinter_gui - INFO - Power supply in CV Mode
2025-06-25 16:26:05,416 - gui.flash_sinter_gui - INFO - Power supply in CV Mode
2025-06-25 16:26:05,509 - gui.flash_sinter_gui - INFO - Power supply in CV Mode
2025-06-25 16:26:05,675 - gui.flash_sinter_gui - INFO - Power supply in CV Mode
2025-06-25 16:26:05,776 - gui.flash_sinter_gui - INFO - Power supply in CV Mode
2025-06-25 16:26:05,941 - gui.flash_sinter_gui - INFO - Power supply in CV Mode
2025-06-25 16:26:06,037 - gui.flash_sinter_gui - INFO - Power supply in CV Mode
2025-06-25 16:26:06,201 - gui.flash_sinter_gui - INFO - Power supply in CV Mode
2025-06-25 16:26:06,296 - gui.flash_sinter_gui - INFO - Power supply in CV Mode
2025-06-25 16:26:06,460 - gui.flash_sinter_gui - INFO - Power supply in CV Mode
2025-06-25 16:26:06,556 - gui.flash_sinter_gui - INFO - Power supply in CV Mode
2025-06-25 16:26:06,724 - gui.flash_sinter_gui - INFO - Power supply in CV Mode
2025-06-25 16:26:06,822 - gui.flash_sinter_gui - INFO - Power supply in CV Mode
2025-06-25 16:26:06,989 - gui.flash_sinter_gui - INFO - Power supply in CV Mode
2025-06-25 16:26:07,087 - gui.flash_sinter_gui - INFO - Power supply in CV Mode
2025-06-25 16:26:07,253 - gui.flash_sinter_gui - INFO - Power supply in CV Mode
2025-06-25 16:26:07,349 - gui.flash_sinter_gui - INFO - Power supply in CV Mode
2025-06-25 16:26:07,518 - gui.flash_sinter_gui - INFO - Power supply in CV Mode
2025-06-25 16:26:07,616 - gui.flash_sinter_gui - INFO - Power supply in CV Mode
2025-06-25 16:26:07,783 - gui.flash_sinter_gui - INFO - Power supply in CV Mode
2025-06-25 16:26:07,880 - gui.flash_sinter_gui - INFO - Power supply in CV Mode
2025-06-25 16:26:08,052 - gui.flash_sinter_gui - INFO - Power supply in CV Mode
2025-06-25 16:26:08,156 - gui.flash_sinter_gui - INFO - Power supply in CV Mode
2025-06-25 16:26:08,328 - gui.flash_sinter_gui - INFO - Power supply in CV Mode
2025-06-25 16:26:08,422 - gui.flash_sinter_gui - INFO - Power supply in CV Mode
2025-06-25 16:26:08,594 - gui.flash_sinter_gui - INFO - Power supply in CV Mode
2025-06-25 16:26:08,688 - gui.flash_sinter_gui - INFO - Power supply in CV Mode
2025-06-25 16:26:08,860 - gui.flash_sinter_gui - INFO - Power supply in CV Mode
2025-06-25 16:26:08,958 - gui.flash_sinter_gui - INFO - Power supply in CV Mode
2025-06-25 16:26:09,137 - gui.flash_sinter_gui - INFO - Power supply in CV Mode
2025-06-25 16:26:09,237 - gui.flash_sinter_gui - INFO - Power supply in CV Mode
2025-06-25 16:26:09,412 - gui.flash_sinter_gui - INFO - Power supply in CV Mode
2025-06-25 16:26:09,516 - gui.flash_sinter_gui - INFO - Power supply in CV Mode
2025-06-25 16:26:09,696 - gui.flash_sinter_gui - INFO - Power supply in CV Mode
2025-06-25 16:26:09,791 - gui.flash_sinter_gui - INFO - Power supply in CV Mode
2025-06-25 16:26:09,968 - gui.flash_sinter_gui - INFO - Power supply in CV Mode
2025-06-25 16:26:10,061 - gui.flash_sinter_gui - INFO - Power supply in CV Mode
2025-06-25 16:26:10,235 - gui.flash_sinter_gui - INFO - Power supply in CV Mode
2025-06-25 16:26:10,330 - gui.flash_sinter_gui - INFO - Power supply in CV Mode
2025-06-25 16:26:10,508 - gui.flash_sinter_gui - INFO - Power supply in CV Mode
2025-06-25 16:26:10,609 - gui.flash_sinter_gui - INFO - Power supply in CV Mode
2025-06-25 16:26:10,791 - gui.flash_sinter_gui - INFO - Power supply in CV Mode
2025-06-25 16:26:10,882 - gui.flash_sinter_gui - INFO - Power supply in CV Mode
2025-06-25 16:26:11,060 - gui.flash_sinter_gui - INFO - Power supply in CV Mode
2025-06-25 16:26:11,154 - gui.flash_sinter_gui - INFO - Power supply in CV Mode
2025-06-25 16:26:11,329 - gui.flash_sinter_gui - INFO - Power supply in CV Mode
2025-06-25 16:26:11,421 - gui.flash_sinter_gui - INFO - Power supply in CV Mode
2025-06-25 16:26:11,600 - gui.flash_sinter_gui - INFO - Power supply in CV Mode
2025-06-25 16:26:11,695 - gui.flash_sinter_gui - INFO - Power supply in CV Mode
2025-06-25 16:26:11,871 - gui.flash_sinter_gui - ERROR - Invalid input values: 'charmap' codec can't encode character '\u2192' in position 40: character maps to <undefined>
2025-06-25 16:26:12,658 - gui.flash_sinter_gui - INFO - Power supply in CV Mode
2025-06-25 16:26:12,756 - gui.flash_sinter_gui - INFO - Power supply in CV Mode
2025-06-25 16:26:12,955 - gui.flash_sinter_gui - INFO - Power supply in CV Mode
2025-06-25 16:26:13,057 - gui.flash_sinter_gui - INFO - Power supply in CV Mode
2025-06-25 16:26:13,237 - gui.flash_sinter_gui - INFO - Power supply in CV Mode
2025-06-25 16:26:13,345 - gui.flash_sinter_gui - INFO - Power supply in CV Mode
2025-06-25 16:26:13,542 - gui.flash_sinter_gui - INFO - Power supply in CV Mode
2025-06-25 16:26:13,642 - gui.flash_sinter_gui - INFO - Power supply in CV Mode
2025-06-25 16:26:13,840 - gui.flash_sinter_gui - INFO - Power supply in CV Mode
2025-06-25 16:26:13,933 - gui.flash_sinter_gui - INFO - Power supply in CV Mode
2025-06-25 16:26:14,112 - gui.flash_sinter_gui - INFO - Power supply in CV Mode
2025-06-25 16:26:14,217 - gui.flash_sinter_gui - INFO - Power supply in CV Mode
2025-06-25 16:26:14,409 - gui.flash_sinter_gui - INFO - Power supply in CV Mode
2025-06-25 16:26:14,506 - gui.flash_sinter_gui - INFO - Power supply in CV Mode
2025-06-25 16:26:14,690 - gui.flash_sinter_gui - INFO - Power supply in CV Mode
2025-06-25 16:26:14,791 - gui.flash_sinter_gui - INFO - Power supply in CV Mode
2025-06-25 16:26:14,973 - gui.flash_sinter_gui - INFO - Power supply in CV Mode
2025-06-25 16:26:15,073 - gui.flash_sinter_gui - INFO - Power supply in CV Mode
2025-06-25 16:26:15,250 - gui.flash_sinter_gui - INFO - Power supply in CV Mode
2025-06-25 16:26:15,352 - gui.flash_sinter_gui - INFO - Power supply in CV Mode
2025-06-25 16:26:15,531 - gui.flash_sinter_gui - INFO - Power supply in CV Mode
2025-06-25 16:26:15,623 - gui.flash_sinter_gui - INFO - Power supply in CV Mode
2025-06-25 16:26:15,813 - gui.flash_sinter_gui - INFO - Power supply in CV Mode
2025-06-25 16:26:15,915 - gui.flash_sinter_gui - INFO - Power supply in CV Mode
2025-06-25 16:26:16,096 - gui.flash_sinter_gui - INFO - Power supply in CV Mode
2025-06-25 16:26:16,204 - gui.flash_sinter_gui - INFO - Power supply in CV Mode
2025-06-25 16:26:16,384 - gui.flash_sinter_gui - INFO - Power supply in CV Mode
2025-06-25 16:26:16,471 - gui.flash_sinter_gui - INFO - Power supply in CV Mode
2025-06-25 16:26:16,667 - gui.flash_sinter_gui - INFO - Power supply in CV Mode
2025-06-25 16:26:16,765 - gui.flash_sinter_gui - INFO - Power supply in CV Mode
2025-06-25 16:26:16,956 - gui.flash_sinter_gui - INFO - Power supply in CV Mode
2025-06-25 16:26:17,052 - gui.flash_sinter_gui - INFO - Power supply in CV Mode
2025-06-25 16:26:17,244 - gui.flash_sinter_gui - INFO - Power supply in CV Mode
2025-06-25 16:26:17,342 - gui.flash_sinter_gui - INFO - Power supply in CV Mode
2025-06-25 16:26:17,534 - gui.flash_sinter_gui - INFO - Power supply in CV Mode
2025-06-25 16:26:17,625 - gui.flash_sinter_gui - INFO - Power supply in CV Mode
2025-06-25 16:26:17,821 - gui.flash_sinter_gui - INFO - Power supply in CV Mode
2025-06-25 16:26:17,918 - gui.flash_sinter_gui - INFO - Power supply in CV Mode
2025-06-25 16:26:18,111 - gui.flash_sinter_gui - INFO - Power supply in CV Mode
2025-06-25 16:26:18,208 - gui.flash_sinter_gui - INFO - Power supply in CV Mode
2025-06-25 16:26:18,397 - gui.flash_sinter_gui - INFO - Power supply in CV Mode
2025-06-25 16:26:18,499 - gui.flash_sinter_gui - INFO - Power supply in CV Mode
2025-06-25 16:26:18,697 - gui.flash_sinter_gui - INFO - Power supply in CV Mode
2025-06-25 16:26:18,800 - gui.flash_sinter_gui - INFO - Power supply in CV Mode
2025-06-25 16:26:19,000 - gui.flash_sinter_gui - INFO - Power supply in CV Mode
2025-06-25 16:26:19,098 - gui.flash_sinter_gui - INFO - Power supply in CV Mode
2025-06-25 16:26:19,317 - gui.flash_sinter_gui - INFO - Power supply in CV Mode
2025-06-25 16:26:19,411 - gui.flash_sinter_gui - INFO - Power supply in CV Mode
2025-06-25 16:26:19,607 - gui.flash_sinter_gui - INFO - Power supply in CV Mode
2025-06-25 16:26:19,709 - gui.flash_sinter_gui - INFO - Power supply in CV Mode
2025-06-25 16:26:19,909 - gui.flash_sinter_gui - INFO - Power supply in CV Mode
2025-06-25 16:26:20,009 - gui.flash_sinter_gui - INFO - Power supply in CV Mode
2025-06-25 16:26:20,209 - gui.flash_sinter_gui - INFO - Power supply in CV Mode
2025-06-25 16:26:20,308 - gui.flash_sinter_gui - INFO - Power supply in CV Mode
2025-06-25 16:26:20,509 - gui.flash_sinter_gui - INFO - Power supply in CV Mode
2025-06-25 16:26:20,607 - gui.flash_sinter_gui - INFO - Power supply in CV Mode
2025-06-25 16:26:20,805 - gui.flash_sinter_gui - INFO - Power supply in CV Mode
2025-06-25 16:26:20,902 - gui.flash_sinter_gui - INFO - Power supply in CV Mode
2025-06-25 16:26:21,103 - gui.flash_sinter_gui - INFO - Power supply in CV Mode
2025-06-25 16:26:21,197 - gui.flash_sinter_gui - INFO - Power supply in CV Mode
2025-06-25 16:26:21,397 - gui.flash_sinter_gui - INFO - Power supply in CV Mode
2025-06-25 16:26:21,493 - gui.flash_sinter_gui - INFO - Power supply in CV Mode
2025-06-25 16:26:21,695 - gui.flash_sinter_gui - INFO - Power supply in CV Mode
2025-06-25 16:26:21,788 - gui.flash_sinter_gui - INFO - Power supply in CV Mode
2025-06-25 16:26:21,992 - gui.flash_sinter_gui - INFO - Power supply in CV Mode
2025-06-25 16:26:22,095 - gui.flash_sinter_gui - INFO - Power supply in CV Mode
2025-06-25 16:26:22,299 - gui.flash_sinter_gui - INFO - Power supply in CV Mode
2025-06-25 16:26:22,396 - gui.flash_sinter_gui - INFO - Power supply in CV Mode
2025-06-25 16:26:22,601 - gui.flash_sinter_gui - INFO - Power supply in CV Mode
2025-06-25 16:26:22,698 - gui.flash_sinter_gui - INFO - Power supply in CV Mode
2025-06-25 16:26:22,906 - gui.flash_sinter_gui - INFO - Power supply in CV Mode
2025-06-25 16:26:23,014 - gui.flash_sinter_gui - INFO - Power supply in CV Mode
2025-06-25 16:26:23,221 - gui.flash_sinter_gui - INFO - Power supply in CV Mode
2025-06-25 16:26:23,319 - gui.flash_sinter_gui - INFO - Power supply in CV Mode
2025-06-25 16:26:23,529 - gui.flash_sinter_gui - INFO - Power supply in CV Mode
2025-06-25 16:26:23,629 - gui.flash_sinter_gui - INFO - Power supply in CV Mode
2025-06-25 16:26:23,839 - gui.flash_sinter_gui - INFO - Power supply in CV Mode
2025-06-25 16:26:23,934 - gui.flash_sinter_gui - INFO - Power supply in CV Mode
2025-06-25 16:26:24,143 - gui.flash_sinter_gui - INFO - Power supply in CV Mode
2025-06-25 16:26:24,240 - gui.flash_sinter_gui - INFO - Power supply in CV Mode
2025-06-25 16:26:24,445 - gui.flash_sinter_gui - INFO - Power supply in CV Mode
2025-06-25 16:26:24,543 - gui.flash_sinter_gui - INFO - Power supply in CV Mode
2025-06-25 16:26:24,749 - gui.flash_sinter_gui - INFO - Power supply in CV Mode
2025-06-25 16:26:24,765 - gui.flash_sinter_gui - INFO - Apply Parameters and Change Condition buttons disabled
2025-06-25 16:26:24,766 - gui.flash_sinter_gui - INFO - Neumorphic start button reset to inactive state - acquisition stopped
2025-06-25 16:26:24,769 - gui.flash_sinter_gui - INFO - Stopped process
2025-06-25 16:26:24,770 - gui.flash_sinter_gui - INFO - Closed data file: None
2025-06-25 16:26:26,903 - gui.flash_sinter_gui - INFO - Video recording stopped
2025-06-25 16:26:35,514 - gui.flash_sinter_gui - INFO - Arduino response: Stepper motor control initialized
2025-06-25 16:26:35,579 - gui.flash_sinter_gui - INFO - Application closed and resources cleaned up
