2025-06-29 19:57:31,228 - gui.flash_sinter_gui - INFO - Apply Parameters and Change Condition buttons disabled
2025-06-29 19:57:33,230 - gui.flash_sinter_gui - INFO - Serial connection established with Arduino on COM11
2025-06-29 19:57:33,233 - gui.flash_sinter_gui - INFO - Initial parameters set: 0.4, 1.6, 1.0, 30.0, 100.0, Hold Time: 60.0s
2025-06-29 19:57:33,234 - gui.flash_sinter_gui - INFO - Initial voltage: 12.00V, current: 160.00mA
2025-06-29 19:57:38,490 - gui.flash_sinter_gui - INFO - Selected file for saving: C:/Users/user/Desktop/working code - Copy/data/experiment_data_20250629_195736.txt
2025-06-29 19:57:39,782 - gui.flash_sinter_gui - INFO - Apply Parameters and Change Condition buttons enabled
2025-06-29 19:57:39,782 - gui.flash_sinter_gui - INFO - Neumorphic start button activated
2025-06-29 19:57:39,782 - gui.flash_sinter_gui - INFO - Data will be saved to: C:/Users/user/Desktop/working code - Copy/data/experiment_data_20250629_195736.txt
2025-06-29 19:57:39,783 - gui.flash_sinter_gui - INFO - Updated parameters: 0.4, 1.6, 1.0, 30.0, 100.0, Hold Time: 60.0s
2025-06-29 19:57:39,783 - gui.flash_sinter_gui - INFO - Calculated voltage: 12.00V, current: 160.00mA
2025-06-29 19:57:43,255 - gui.flash_sinter_gui - INFO - Started process with V=12.0V, I=160.0mA, Hold Time=60.0s
2025-06-29 19:57:43,256 - gui.flash_sinter_gui - INFO - Started saving data to C:/Users/user/Desktop/working code - Copy/data/experiment_data_20250629_195736.txt
2025-06-29 19:57:44,111 - gui.flash_sinter_gui - INFO - Added initial origin point (0,0) for clean graph start
2025-06-29 19:57:44,112 - gui.flash_sinter_gui - INFO - Power supply in CV Mode
2025-06-29 19:57:44,341 - gui.flash_sinter_gui - INFO - Power supply in CV Mode
2025-06-29 19:57:44,667 - gui.flash_sinter_gui - INFO - Power supply in CV Mode
2025-06-29 19:57:44,771 - gui.flash_sinter_gui - INFO - Power supply in CV Mode
2025-06-29 19:57:44,868 - gui.flash_sinter_gui - INFO - Power supply in CV Mode
2025-06-29 19:57:44,974 - gui.flash_sinter_gui - INFO - Power supply in CV Mode
2025-06-29 19:57:45,101 - gui.flash_sinter_gui - INFO - Power supply in CV Mode
2025-06-29 19:57:45,208 - gui.flash_sinter_gui - INFO - Power supply in CV Mode
2025-06-29 19:57:45,329 - gui.flash_sinter_gui - INFO - Power supply in CV Mode
2025-06-29 19:57:45,429 - gui.flash_sinter_gui - INFO - Power supply in CV Mode
2025-06-29 19:57:45,530 - gui.flash_sinter_gui - INFO - Power supply in CV Mode
2025-06-29 19:57:45,654 - gui.flash_sinter_gui - INFO - Power supply in CV Mode
2025-06-29 19:57:45,783 - gui.flash_sinter_gui - INFO - Power supply in CV Mode
2025-06-29 19:57:45,880 - gui.flash_sinter_gui - INFO - Power supply in CV Mode
2025-06-29 19:57:46,001 - gui.flash_sinter_gui - INFO - Power supply in CV Mode
2025-06-29 19:57:46,110 - gui.flash_sinter_gui - INFO - Power supply in CV Mode
2025-06-29 19:57:46,220 - gui.flash_sinter_gui - INFO - Power supply in CV Mode
2025-06-29 19:57:46,321 - gui.flash_sinter_gui - INFO - Power supply in CV Mode
2025-06-29 19:57:46,440 - gui.flash_sinter_gui - INFO - Power supply in CV Mode
2025-06-29 19:57:46,563 - gui.flash_sinter_gui - INFO - Power supply in CV Mode
2025-06-29 19:57:46,680 - gui.flash_sinter_gui - INFO - Power supply in CV Mode
2025-06-29 19:57:46,814 - gui.flash_sinter_gui - INFO - Power supply in CV Mode
2025-06-29 19:57:46,919 - gui.flash_sinter_gui - INFO - Power supply in CV Mode
2025-06-29 19:57:47,020 - gui.flash_sinter_gui - INFO - Power supply in CV Mode
2025-06-29 19:57:47,131 - gui.flash_sinter_gui - INFO - Power supply in CV Mode
2025-06-29 19:57:47,243 - gui.flash_sinter_gui - INFO - Power supply in CV Mode
2025-06-29 19:57:47,383 - gui.flash_sinter_gui - INFO - Power supply in CV Mode
2025-06-29 19:57:47,493 - gui.flash_sinter_gui - INFO - Power supply in CV Mode
2025-06-29 19:57:47,588 - gui.flash_sinter_gui - INFO - Power supply in CV Mode
2025-06-29 19:57:47,690 - gui.flash_sinter_gui - INFO - Power supply in CV Mode
2025-06-29 19:57:47,811 - gui.flash_sinter_gui - INFO - Power supply in CV Mode
2025-06-29 19:57:47,931 - gui.flash_sinter_gui - INFO - Power supply in CV Mode
2025-06-29 19:57:48,024 - gui.flash_sinter_gui - INFO - Power supply in CV Mode
2025-06-29 19:57:48,129 - gui.flash_sinter_gui - INFO - Power supply in CV Mode
2025-06-29 19:57:48,240 - gui.flash_sinter_gui - INFO - Power supply in CV Mode
2025-06-29 19:57:48,337 - gui.flash_sinter_gui - INFO - Power supply in CV Mode
2025-06-29 19:57:48,460 - gui.flash_sinter_gui - INFO - Power supply in CV Mode
2025-06-29 19:57:48,548 - gui.flash_sinter_gui - INFO - Power supply in CV Mode
2025-06-29 19:57:48,644 - gui.flash_sinter_gui - INFO - Power supply in CV Mode
2025-06-29 19:57:48,748 - gui.flash_sinter_gui - INFO - Power supply in CV Mode
2025-06-29 19:57:48,750 - gui.flash_sinter_gui - INFO - Apply Parameters and Change Condition buttons disabled
2025-06-29 19:57:48,751 - gui.flash_sinter_gui - INFO - Neumorphic start button reset to inactive state - acquisition stopped
2025-06-29 19:57:48,754 - gui.flash_sinter_gui - INFO - Stopped process
2025-06-29 19:57:48,754 - gui.flash_sinter_gui - INFO - Closed data file: None
2025-06-29 19:57:52,309 - gui.flash_sinter_gui - INFO - Selected file for saving: C:/Users/user/Desktop/working code - Copy/data/experiment_data_20250629_195750.txt
2025-06-29 19:57:53,474 - gui.flash_sinter_gui - INFO - Apply Parameters and Change Condition buttons enabled
2025-06-29 19:57:53,475 - gui.flash_sinter_gui - INFO - Neumorphic start button activated
2025-06-29 19:57:53,475 - gui.flash_sinter_gui - INFO - Data will be saved to: C:/Users/user/Desktop/working code - Copy/data/experiment_data_20250629_195750.txt
2025-06-29 19:57:53,476 - gui.flash_sinter_gui - INFO - Updated parameters: 0.4, 1.6, 1.0, 30.0, 100.0, Hold Time: 60.0s
2025-06-29 19:57:53,476 - gui.flash_sinter_gui - INFO - Calculated voltage: 12.00V, current: 160.00mA
2025-06-29 19:58:05,606 - gui.flash_sinter_gui - INFO - Updated parameters: 0.4, 1.6, 1.0, 300.0, 100.0, Hold Time: 15.0s
2025-06-29 19:58:05,607 - gui.flash_sinter_gui - INFO - Calculated voltage: 120.00V, current: 160.00mA
2025-06-29 19:58:05,798 - gui.flash_sinter_gui - INFO - Updated parameters: 0.4, 1.6, 1.0, 300.0, 100.0, Hold Time: 15.0s
2025-06-29 19:58:05,798 - gui.flash_sinter_gui - INFO - Calculated voltage: 120.00V, current: 160.00mA
2025-06-29 19:58:05,954 - gui.flash_sinter_gui - INFO - Updated parameters: 0.4, 1.6, 1.0, 300.0, 100.0, Hold Time: 15.0s
2025-06-29 19:58:05,954 - gui.flash_sinter_gui - INFO - Calculated voltage: 120.00V, current: 160.00mA
2025-06-29 19:58:10,170 - gui.flash_sinter_gui - INFO - Updated parameters: 1.0, 1.6, 1.0, 300.0, 100.0, Hold Time: 15.0s
2025-06-29 19:58:10,171 - gui.flash_sinter_gui - INFO - Calculated voltage: 300.00V, current: 160.00mA
2025-06-29 19:58:10,346 - gui.flash_sinter_gui - INFO - Updated parameters: 1.0, 1.6, 1.0, 300.0, 100.0, Hold Time: 15.0s
2025-06-29 19:58:10,347 - gui.flash_sinter_gui - INFO - Calculated voltage: 300.00V, current: 160.00mA
2025-06-29 19:58:10,537 - gui.flash_sinter_gui - INFO - Updated parameters: 1.0, 1.6, 1.0, 300.0, 100.0, Hold Time: 15.0s
2025-06-29 19:58:10,537 - gui.flash_sinter_gui - INFO - Calculated voltage: 300.00V, current: 160.00mA
2025-06-29 19:58:10,697 - gui.flash_sinter_gui - INFO - Updated parameters: 1.0, 1.6, 1.0, 300.0, 100.0, Hold Time: 15.0s
2025-06-29 19:58:10,698 - gui.flash_sinter_gui - INFO - Calculated voltage: 300.00V, current: 160.00mA
2025-06-29 19:58:12,319 - gui.flash_sinter_gui - INFO - Started process with V=300.0V, I=160.0mA, Hold Time=15.0s
2025-06-29 19:58:12,319 - gui.flash_sinter_gui - INFO - Started saving data to C:/Users/user/Desktop/working code - Copy/data/experiment_data_20250629_195750.txt
2025-06-29 19:58:13,118 - gui.flash_sinter_gui - INFO - Added initial origin point (0,0) for clean graph start
2025-06-29 19:58:13,119 - gui.flash_sinter_gui - INFO - Power supply in CV Mode
2025-06-29 19:58:13,226 - gui.flash_sinter_gui - INFO - Power supply in CV Mode
2025-06-29 19:58:13,327 - gui.flash_sinter_gui - INFO - Power supply in CV Mode
2025-06-29 19:58:13,431 - gui.flash_sinter_gui - INFO - Power supply in CV Mode
2025-06-29 19:58:13,571 - gui.flash_sinter_gui - INFO - Power supply in CV Mode
2025-06-29 19:58:13,681 - gui.flash_sinter_gui - INFO - Power supply in CV Mode
2025-06-29 19:58:13,778 - gui.flash_sinter_gui - INFO - Power supply in CV Mode
2025-06-29 19:58:13,879 - gui.flash_sinter_gui - INFO - Power supply in CV Mode
2025-06-29 19:58:13,999 - gui.flash_sinter_gui - INFO - Power supply in CV Mode
2025-06-29 19:58:14,123 - gui.flash_sinter_gui - INFO - Power supply in CV Mode
2025-06-29 19:58:14,229 - gui.flash_sinter_gui - INFO - Power supply in CV Mode
2025-06-29 19:58:14,331 - gui.flash_sinter_gui - INFO - Power supply in CV Mode
2025-06-29 19:58:14,448 - gui.flash_sinter_gui - INFO - Power supply in CV Mode
2025-06-29 19:58:14,548 - gui.flash_sinter_gui - INFO - Power supply in CV Mode
2025-06-29 19:58:14,692 - gui.flash_sinter_gui - INFO - Power supply in CV Mode
2025-06-29 19:58:14,789 - gui.flash_sinter_gui - INFO - Power supply in CV Mode
2025-06-29 19:58:14,898 - gui.flash_sinter_gui - INFO - Power supply in CV Mode
2025-06-29 19:58:15,008 - gui.flash_sinter_gui - INFO - Power supply in CV Mode
2025-06-29 19:58:15,108 - gui.flash_sinter_gui - INFO - Power supply in CV Mode
2025-06-29 19:58:15,243 - gui.flash_sinter_gui - INFO - Power supply in CV Mode
2025-06-29 19:58:15,342 - gui.flash_sinter_gui - INFO - Power supply in CV Mode
2025-06-29 19:58:15,451 - gui.flash_sinter_gui - INFO - Power supply in CV Mode
2025-06-29 19:58:15,568 - gui.flash_sinter_gui - INFO - Power supply in CV Mode
2025-06-29 19:58:15,680 - gui.flash_sinter_gui - INFO - Power supply in CV Mode
2025-06-29 19:58:15,801 - gui.flash_sinter_gui - INFO - Power supply in CV Mode
2025-06-29 19:58:15,911 - gui.flash_sinter_gui - INFO - Power supply in CV Mode
2025-06-29 19:58:16,030 - gui.flash_sinter_gui - INFO - Power supply in CV Mode
2025-06-29 19:58:16,151 - gui.flash_sinter_gui - INFO - Power supply in CV Mode
2025-06-29 19:58:16,248 - gui.flash_sinter_gui - INFO - Power supply in CV Mode
2025-06-29 19:58:16,374 - gui.flash_sinter_gui - INFO - Power supply in CV Mode
2025-06-29 19:58:16,479 - gui.flash_sinter_gui - INFO - Power supply in CV Mode
2025-06-29 19:58:16,579 - gui.flash_sinter_gui - INFO - Power supply in CV Mode
2025-06-29 19:58:16,677 - gui.flash_sinter_gui - INFO - Power supply in CV Mode
2025-06-29 19:58:16,780 - gui.flash_sinter_gui - INFO - Power supply in CV Mode
2025-06-29 19:58:16,923 - gui.flash_sinter_gui - INFO - Power supply in CV Mode
2025-06-29 19:58:17,039 - gui.flash_sinter_gui - INFO - Power supply in CV Mode
2025-06-29 19:58:17,173 - gui.flash_sinter_gui - INFO - Power supply in CV Mode
2025-06-29 19:58:17,281 - gui.flash_sinter_gui - INFO - Power supply in CV Mode
2025-06-29 19:58:17,388 - gui.flash_sinter_gui - INFO - Power supply in CV Mode
2025-06-29 19:58:17,513 - gui.flash_sinter_gui - INFO - Power supply in CV Mode
2025-06-29 19:58:17,618 - gui.flash_sinter_gui - INFO - Power supply in CV Mode
2025-06-29 19:58:17,730 - gui.flash_sinter_gui - INFO - Power supply in CV Mode
2025-06-29 19:58:17,851 - gui.flash_sinter_gui - INFO - Power supply in CV Mode
2025-06-29 19:58:17,956 - gui.flash_sinter_gui - INFO - Power supply in CV Mode
2025-06-29 19:58:18,081 - gui.flash_sinter_gui - INFO - Power supply in CV Mode
2025-06-29 19:58:18,191 - gui.flash_sinter_gui - INFO - Power supply in CV Mode
2025-06-29 19:58:18,310 - gui.flash_sinter_gui - INFO - Power supply in CV Mode
2025-06-29 19:58:18,420 - gui.flash_sinter_gui - INFO - Power supply in CV Mode
2025-06-29 19:58:18,519 - gui.flash_sinter_gui - INFO - Power supply in CV Mode
2025-06-29 19:58:18,640 - gui.flash_sinter_gui - INFO - Power supply in CV Mode
2025-06-29 19:58:18,733 - gui.flash_sinter_gui - INFO - Power supply in CV Mode
2025-06-29 19:58:18,851 - gui.flash_sinter_gui - INFO - Power supply in CV Mode
2025-06-29 19:58:18,948 - gui.flash_sinter_gui - INFO - Power supply in CV Mode
2025-06-29 19:58:19,049 - gui.flash_sinter_gui - INFO - Power supply in CV Mode
2025-06-29 19:58:19,190 - gui.flash_sinter_gui - INFO - Power supply in CV Mode
2025-06-29 19:58:19,291 - gui.flash_sinter_gui - INFO - Power supply in CV Mode
2025-06-29 19:58:19,398 - gui.flash_sinter_gui - INFO - Power supply in CV Mode
2025-06-29 19:58:19,500 - gui.flash_sinter_gui - INFO - Power supply in CV Mode
2025-06-29 19:58:19,599 - gui.flash_sinter_gui - INFO - Power supply in CV Mode
2025-06-29 19:58:19,721 - gui.flash_sinter_gui - INFO - Power supply in CV Mode
2025-06-29 19:58:19,829 - gui.flash_sinter_gui - INFO - Power supply in CV Mode
2025-06-29 19:58:19,928 - gui.flash_sinter_gui - INFO - Power supply in CV Mode
2025-06-29 19:58:20,028 - gui.flash_sinter_gui - INFO - Power supply in CV Mode
2025-06-29 19:58:20,143 - gui.flash_sinter_gui - INFO - Power supply in CV Mode
2025-06-29 19:58:20,283 - gui.flash_sinter_gui - INFO - Power supply in CV Mode
2025-06-29 19:58:20,401 - gui.flash_sinter_gui - INFO - Power supply in CV Mode
2025-06-29 19:58:20,509 - gui.flash_sinter_gui - INFO - Power supply in CV Mode
2025-06-29 19:58:20,609 - gui.flash_sinter_gui - INFO - Power supply in CV Mode
2025-06-29 19:58:20,710 - gui.flash_sinter_gui - INFO - Power supply in CV Mode
2025-06-29 19:58:20,833 - gui.flash_sinter_gui - INFO - Power supply in CV Mode
2025-06-29 19:58:20,940 - gui.flash_sinter_gui - INFO - Power supply in CV Mode
2025-06-29 19:58:21,038 - gui.flash_sinter_gui - INFO - Power supply in CV Mode
2025-06-29 19:58:21,133 - gui.flash_sinter_gui - INFO - Power supply in CV Mode
2025-06-29 19:58:21,239 - gui.flash_sinter_gui - INFO - Power supply in CV Mode
2025-06-29 19:58:21,383 - gui.flash_sinter_gui - INFO - Power supply in CV Mode
2025-06-29 19:58:21,489 - gui.flash_sinter_gui - INFO - Power supply in CV Mode
2025-06-29 19:58:21,611 - gui.flash_sinter_gui - INFO - Power supply in CV Mode
2025-06-29 19:58:21,721 - gui.flash_sinter_gui - INFO - Power supply in CV Mode
2025-06-29 19:58:21,840 - gui.flash_sinter_gui - INFO - Power supply in CV Mode
2025-06-29 19:58:21,972 - gui.flash_sinter_gui - INFO - Power supply in CV Mode
2025-06-29 19:58:22,081 - gui.flash_sinter_gui - INFO - Power supply in CV Mode
2025-06-29 19:58:22,201 - gui.flash_sinter_gui - INFO - Power supply in CV Mode
2025-06-29 19:58:22,309 - gui.flash_sinter_gui - INFO - Power supply in CV Mode
2025-06-29 19:58:22,411 - gui.flash_sinter_gui - INFO - Power supply in CV Mode
2025-06-29 19:58:22,531 - gui.flash_sinter_gui - INFO - Power supply in CV Mode
2025-06-29 19:58:22,638 - gui.flash_sinter_gui - INFO - Power supply in CV Mode
2025-06-29 19:58:22,740 - gui.flash_sinter_gui - INFO - Power supply in CV Mode
2025-06-29 19:58:22,861 - gui.flash_sinter_gui - INFO - Power supply in CV Mode
2025-06-29 19:58:22,980 - gui.flash_sinter_gui - INFO - Power supply in CV Mode
2025-06-29 19:58:23,113 - gui.flash_sinter_gui - INFO - Power supply in CV Mode
2025-06-29 19:58:23,218 - gui.flash_sinter_gui - INFO - Power supply in CV Mode
2025-06-29 19:58:23,320 - gui.flash_sinter_gui - INFO - Power supply in CV Mode
2025-06-29 19:58:23,439 - gui.flash_sinter_gui - INFO - Power supply in CV Mode
2025-06-29 19:58:23,541 - gui.flash_sinter_gui - INFO - Power supply in CV Mode
2025-06-29 19:58:23,669 - gui.flash_sinter_gui - INFO - Power supply in CV Mode
2025-06-29 19:58:23,764 - gui.flash_sinter_gui - INFO - Power supply in CV Mode
2025-06-29 19:58:23,868 - gui.flash_sinter_gui - INFO - Power supply in CV Mode
2025-06-29 19:58:23,967 - gui.flash_sinter_gui - INFO - Power supply in CV Mode
2025-06-29 19:58:24,068 - gui.flash_sinter_gui - INFO - Power supply in CV Mode
2025-06-29 19:58:24,192 - gui.flash_sinter_gui - INFO - Power supply in CV Mode
2025-06-29 19:58:24,299 - gui.flash_sinter_gui - INFO - Power supply in CV Mode
2025-06-29 19:58:24,401 - gui.flash_sinter_gui - INFO - Power supply in CV Mode
2025-06-29 19:58:24,517 - gui.flash_sinter_gui - INFO - Power supply in CV Mode
2025-06-29 19:58:24,630 - gui.flash_sinter_gui - INFO - Power supply in CV Mode
2025-06-29 19:58:24,761 - gui.flash_sinter_gui - INFO - Power supply in CV Mode
2025-06-29 19:58:24,855 - gui.flash_sinter_gui - INFO - Power supply in CV Mode
2025-06-29 19:58:24,958 - gui.flash_sinter_gui - INFO - Power supply in CV Mode
2025-06-29 19:58:25,072 - gui.flash_sinter_gui - INFO - Power supply in CV Mode
2025-06-29 19:58:25,174 - gui.flash_sinter_gui - INFO - Power supply in CV Mode
2025-06-29 19:58:25,298 - gui.flash_sinter_gui - INFO - Power supply in CV Mode
2025-06-29 19:58:25,391 - gui.flash_sinter_gui - INFO - Power supply in CV Mode
2025-06-29 19:58:25,500 - gui.flash_sinter_gui - INFO - Power supply in CV Mode
2025-06-29 19:58:25,619 - gui.flash_sinter_gui - INFO - Power supply in CV Mode
2025-06-29 19:58:25,720 - gui.flash_sinter_gui - INFO - Power supply in CV Mode
2025-06-29 19:58:25,841 - gui.flash_sinter_gui - INFO - Power supply in CV Mode
2025-06-29 19:58:25,935 - gui.flash_sinter_gui - INFO - Power supply in CV Mode
2025-06-29 19:58:26,039 - gui.flash_sinter_gui - INFO - Power supply in CV Mode
2025-06-29 19:58:26,151 - gui.flash_sinter_gui - INFO - Power supply in CV Mode
2025-06-29 19:58:26,269 - gui.flash_sinter_gui - INFO - Power supply in CV Mode
2025-06-29 19:58:26,393 - gui.flash_sinter_gui - INFO - Power supply in CV Mode
2025-06-29 19:58:26,499 - gui.flash_sinter_gui - INFO - Power supply in CV Mode
2025-06-29 19:58:26,599 - gui.flash_sinter_gui - INFO - Power supply in CV Mode
2025-06-29 19:58:26,699 - gui.flash_sinter_gui - INFO - Power supply in CV Mode
2025-06-29 19:58:26,799 - gui.flash_sinter_gui - INFO - Power supply in CV Mode
2025-06-29 19:58:26,922 - gui.flash_sinter_gui - INFO - Power supply in CV Mode
2025-06-29 19:58:27,031 - gui.flash_sinter_gui - INFO - Power supply in CV Mode
2025-06-29 19:58:27,139 - gui.flash_sinter_gui - INFO - Power supply in CV Mode
2025-06-29 19:58:27,241 - gui.flash_sinter_gui - INFO - Power supply in CV Mode
2025-06-29 19:58:27,339 - gui.flash_sinter_gui - INFO - Power supply in CV Mode
2025-06-29 19:58:27,463 - gui.flash_sinter_gui - INFO - Power supply in CV Mode
2025-06-29 19:58:27,568 - gui.flash_sinter_gui - INFO - Power supply in CV Mode
2025-06-29 19:58:27,670 - gui.flash_sinter_gui - INFO - Power supply in CV Mode
2025-06-29 19:58:27,789 - gui.flash_sinter_gui - INFO - Power supply in CV Mode
2025-06-29 19:58:27,890 - gui.flash_sinter_gui - INFO - Power supply in CV Mode
2025-06-29 19:58:28,022 - gui.flash_sinter_gui - INFO - Power supply in CV Mode
2025-06-29 19:58:28,131 - gui.flash_sinter_gui - INFO - Power supply in CV Mode
2025-06-29 19:58:28,239 - gui.flash_sinter_gui - INFO - Power supply in CV Mode
2025-06-29 19:58:28,334 - gui.flash_sinter_gui - INFO - Power supply in CV Mode
2025-06-29 19:58:28,440 - gui.flash_sinter_gui - INFO - Power supply in CV Mode
2025-06-29 19:58:28,573 - gui.flash_sinter_gui - INFO - Power supply in CV Mode
2025-06-29 19:58:28,678 - gui.flash_sinter_gui - INFO - Power supply in CV Mode
2025-06-29 19:58:28,781 - gui.flash_sinter_gui - INFO - Power supply in CV Mode
2025-06-29 19:58:28,890 - gui.flash_sinter_gui - INFO - Power supply in CV Mode
2025-06-29 19:58:29,013 - gui.flash_sinter_gui - INFO - Power supply in CV Mode
2025-06-29 19:58:29,131 - gui.flash_sinter_gui - INFO - Power supply in CV Mode
2025-06-29 19:58:29,242 - gui.flash_sinter_gui - INFO - Power supply in CV Mode
2025-06-29 19:58:29,359 - gui.flash_sinter_gui - INFO - Power supply in CV Mode
2025-06-29 19:58:29,471 - gui.flash_sinter_gui - INFO - Power supply in CV Mode
2025-06-29 19:58:29,568 - gui.flash_sinter_gui - INFO - Power supply in CV Mode
2025-06-29 19:58:29,705 - gui.flash_sinter_gui - INFO - Power supply in CV Mode
2025-06-29 19:58:29,809 - gui.flash_sinter_gui - INFO - Power supply in CV Mode
2025-06-29 19:58:29,910 - gui.flash_sinter_gui - INFO - Power supply in CV Mode
2025-06-29 19:58:30,014 - gui.flash_sinter_gui - INFO - Power supply in CV Mode
2025-06-29 19:58:30,105 - gui.flash_sinter_gui - INFO - Power supply in CV Mode
2025-06-29 19:58:30,225 - gui.flash_sinter_gui - INFO - Power supply in CV Mode
2025-06-29 19:58:30,323 - gui.flash_sinter_gui - INFO - Power supply in CV Mode
2025-06-29 19:58:30,429 - gui.flash_sinter_gui - INFO - Power supply in CV Mode
2025-06-29 19:58:30,531 - gui.flash_sinter_gui - INFO - Power supply in CV Mode
2025-06-29 19:58:30,650 - gui.flash_sinter_gui - INFO - Power supply in CV Mode
2025-06-29 19:58:30,784 - gui.flash_sinter_gui - INFO - Power supply in CV Mode
2025-06-29 19:58:30,889 - gui.flash_sinter_gui - INFO - Power supply in CV Mode
2025-06-29 19:58:30,985 - gui.flash_sinter_gui - INFO - Power supply in CV Mode
2025-06-29 19:58:31,079 - gui.flash_sinter_gui - INFO - Power supply in CV Mode
2025-06-29 19:58:31,180 - gui.flash_sinter_gui - INFO - Power supply in CV Mode
2025-06-29 19:58:31,324 - gui.flash_sinter_gui - INFO - Power supply in CV Mode
2025-06-29 19:58:31,439 - gui.flash_sinter_gui - INFO - Power supply in CV Mode
2025-06-29 19:58:31,560 - gui.flash_sinter_gui - INFO - Power supply in CV Mode
2025-06-29 19:58:31,668 - gui.flash_sinter_gui - INFO - Power supply in CV Mode
2025-06-29 19:58:31,770 - gui.flash_sinter_gui - INFO - Power supply in CV Mode
2025-06-29 19:58:31,894 - gui.flash_sinter_gui - INFO - Power supply in CV Mode
2025-06-29 19:58:31,999 - gui.flash_sinter_gui - INFO - Power supply in CV Mode
2025-06-29 19:58:32,099 - gui.flash_sinter_gui - INFO - Power supply in CV Mode
2025-06-29 19:58:32,220 - gui.flash_sinter_gui - INFO - Power supply in CV Mode
2025-06-29 19:58:32,341 - gui.flash_sinter_gui - INFO - Power supply in CV Mode
2025-06-29 19:58:32,471 - gui.flash_sinter_gui - INFO - Power supply in CV Mode
2025-06-29 19:58:32,582 - gui.flash_sinter_gui - INFO - Power supply in CV Mode
2025-06-29 19:58:32,679 - gui.flash_sinter_gui - INFO - Power supply in CV Mode
2025-06-29 19:58:32,782 - gui.flash_sinter_gui - INFO - Power supply in CV Mode
2025-06-29 19:58:32,901 - gui.flash_sinter_gui - INFO - Power supply in CV Mode
2025-06-29 19:58:33,034 - gui.flash_sinter_gui - INFO - Power supply in CV Mode
2025-06-29 19:58:33,140 - gui.flash_sinter_gui - INFO - Power supply in CV Mode
2025-06-29 19:58:33,237 - gui.flash_sinter_gui - INFO - Power supply in CV Mode
2025-06-29 19:58:33,350 - gui.flash_sinter_gui - INFO - Power supply in CV Mode
2025-06-29 19:58:33,474 - gui.flash_sinter_gui - INFO - Power supply in CV Mode
2025-06-29 19:58:33,610 - gui.flash_sinter_gui - INFO - Power supply in CV Mode
2025-06-29 19:58:33,721 - gui.flash_sinter_gui - INFO - Power supply in CV Mode
2025-06-29 19:58:33,840 - gui.flash_sinter_gui - INFO - Power supply in CV Mode
2025-06-29 19:58:33,950 - gui.flash_sinter_gui - INFO - Power supply in CV Mode
2025-06-29 19:58:34,070 - gui.flash_sinter_gui - INFO - Power supply in CV Mode
2025-06-29 19:58:34,193 - gui.flash_sinter_gui - INFO - Power supply in CV Mode
2025-06-29 19:58:34,298 - gui.flash_sinter_gui - INFO - Power supply in CV Mode
2025-06-29 19:58:34,401 - gui.flash_sinter_gui - INFO - Power supply in CV Mode
2025-06-29 19:58:34,511 - gui.flash_sinter_gui - INFO - Power supply in CV Mode
2025-06-29 19:58:34,631 - gui.flash_sinter_gui - INFO - Power supply in CV Mode
2025-06-29 19:58:34,761 - gui.flash_sinter_gui - INFO - Power supply in CV Mode
2025-06-29 19:58:34,871 - gui.flash_sinter_gui - INFO - Power supply in CV Mode
2025-06-29 19:58:34,991 - gui.flash_sinter_gui - INFO - Power supply in CV Mode
2025-06-29 19:58:35,104 - gui.flash_sinter_gui - INFO - Power supply in CV Mode
2025-06-29 19:58:35,232 - gui.flash_sinter_gui - INFO - Power supply in CV Mode
2025-06-29 19:58:35,352 - gui.flash_sinter_gui - INFO - Power supply in CV Mode
2025-06-29 19:58:35,458 - gui.flash_sinter_gui - INFO - Power supply in CV Mode
2025-06-29 19:58:35,561 - gui.flash_sinter_gui - INFO - Power supply in CV Mode
2025-06-29 19:58:35,679 - gui.flash_sinter_gui - INFO - Power supply in CV Mode
2025-06-29 19:58:35,780 - gui.flash_sinter_gui - INFO - Power supply in CV Mode
2025-06-29 19:58:35,924 - gui.flash_sinter_gui - INFO - Power supply in CV Mode
2025-06-29 19:58:36,031 - gui.flash_sinter_gui - INFO - Power supply in CV Mode
2025-06-29 19:58:36,150 - gui.flash_sinter_gui - INFO - Power supply in CV Mode
2025-06-29 19:58:36,251 - gui.flash_sinter_gui - INFO - Power supply in CV Mode
2025-06-29 19:58:36,359 - gui.flash_sinter_gui - INFO - Power supply in CV Mode
2025-06-29 19:58:36,483 - gui.flash_sinter_gui - INFO - Power supply in CV Mode
2025-06-29 19:58:36,589 - gui.flash_sinter_gui - INFO - Power supply in CV Mode
2025-06-29 19:58:36,688 - gui.flash_sinter_gui - INFO - Power supply in CV Mode
2025-06-29 19:58:36,793 - gui.flash_sinter_gui - INFO - Power supply in CV Mode
2025-06-29 19:58:36,900 - gui.flash_sinter_gui - INFO - Power supply in CV Mode
2025-06-29 19:58:37,032 - gui.flash_sinter_gui - INFO - Power supply in CV Mode
2025-06-29 19:58:37,125 - gui.flash_sinter_gui - INFO - Power supply in CV Mode
2025-06-29 19:58:37,230 - gui.flash_sinter_gui - INFO - Power supply in CV Mode
2025-06-29 19:58:37,341 - gui.flash_sinter_gui - INFO - Power supply in CV Mode
2025-06-29 19:58:37,449 - gui.flash_sinter_gui - INFO - Power supply in CV Mode
2025-06-29 19:58:37,574 - gui.flash_sinter_gui - INFO - Power supply in CV Mode
2025-06-29 19:58:37,680 - gui.flash_sinter_gui - INFO - Power supply in CV Mode
2025-06-29 19:58:37,779 - gui.flash_sinter_gui - INFO - Power supply in CV Mode
2025-06-29 19:58:37,900 - gui.flash_sinter_gui - INFO - Power supply in CV Mode
2025-06-29 19:58:38,021 - gui.flash_sinter_gui - INFO - Power supply in CV Mode
2025-06-29 19:58:38,161 - gui.flash_sinter_gui - INFO - Power supply in CV Mode
2025-06-29 19:58:38,259 - gui.flash_sinter_gui - INFO - Power supply in CV Mode
2025-06-29 19:58:38,358 - gui.flash_sinter_gui - INFO - Power supply in CV Mode
2025-06-29 19:58:38,471 - gui.flash_sinter_gui - INFO - Power supply in CV Mode
2025-06-29 19:58:38,590 - gui.flash_sinter_gui - INFO - Power supply in CV Mode
2025-06-29 19:58:38,724 - gui.flash_sinter_gui - INFO - Power supply in CV Mode
2025-06-29 19:58:38,830 - gui.flash_sinter_gui - INFO - Power supply in CV Mode
2025-06-29 19:58:38,941 - gui.flash_sinter_gui - INFO - Power supply in CV Mode
2025-06-29 19:58:39,050 - gui.flash_sinter_gui - INFO - Power supply in CV Mode
2025-06-29 19:58:39,149 - gui.flash_sinter_gui - INFO - Power supply in CV Mode
2025-06-29 19:58:39,284 - gui.flash_sinter_gui - INFO - Power supply in CV Mode
2025-06-29 19:58:39,401 - gui.flash_sinter_gui - INFO - Power supply in CV Mode
2025-06-29 19:58:39,521 - gui.flash_sinter_gui - INFO - Power supply in CV Mode
2025-06-29 19:58:39,640 - gui.flash_sinter_gui - INFO - Power supply in CV Mode
2025-06-29 19:58:39,758 - gui.flash_sinter_gui - INFO - Power supply in CV Mode
2025-06-29 19:58:39,882 - gui.flash_sinter_gui - INFO - Power supply in CV Mode
2025-06-29 19:58:39,989 - gui.flash_sinter_gui - INFO - Power supply in CV Mode
2025-06-29 19:58:40,089 - gui.flash_sinter_gui - INFO - Power supply in CV Mode
2025-06-29 19:58:40,199 - gui.flash_sinter_gui - INFO - Power supply in CV Mode
2025-06-29 19:58:40,303 - gui.flash_sinter_gui - INFO - Power supply in CV Mode
2025-06-29 19:58:40,425 - gui.flash_sinter_gui - INFO - Power supply in CV Mode
2025-06-29 19:58:40,543 - gui.flash_sinter_gui - INFO - Power supply in CV Mode
2025-06-29 19:58:40,648 - gui.flash_sinter_gui - INFO - Power supply in CV Mode
2025-06-29 19:58:40,750 - gui.flash_sinter_gui - INFO - Power supply in CV Mode
2025-06-29 19:58:40,861 - gui.flash_sinter_gui - INFO - Power supply in CV Mode
2025-06-29 19:58:40,993 - gui.flash_sinter_gui - INFO - Power supply in CV Mode
2025-06-29 19:58:41,099 - gui.flash_sinter_gui - INFO - Power supply in CV Mode
2025-06-29 19:58:41,195 - gui.flash_sinter_gui - INFO - Power supply in CV Mode
2025-06-29 19:58:41,322 - gui.flash_sinter_gui - INFO - Power supply in CV Mode
2025-06-29 19:58:41,414 - gui.flash_sinter_gui - INFO - Power supply in CV Mode
2025-06-29 19:58:41,544 - gui.flash_sinter_gui - INFO - Power supply in CV Mode
2025-06-29 19:58:41,651 - gui.flash_sinter_gui - INFO - Power supply in CV Mode
2025-06-29 19:58:41,759 - gui.flash_sinter_gui - INFO - Power supply in CV Mode
2025-06-29 19:58:41,879 - gui.flash_sinter_gui - INFO - Power supply in CV Mode
2025-06-29 19:58:41,989 - gui.flash_sinter_gui - INFO - Power supply in CV Mode
2025-06-29 19:58:42,113 - gui.flash_sinter_gui - INFO - Power supply in CV Mode
2025-06-29 19:58:42,220 - gui.flash_sinter_gui - INFO - Power supply in CV Mode
2025-06-29 19:58:42,342 - gui.flash_sinter_gui - INFO - Power supply in CV Mode
2025-06-29 19:58:42,460 - gui.flash_sinter_gui - INFO - Power supply in CV Mode
2025-06-29 19:58:42,570 - gui.flash_sinter_gui - INFO - Power supply in CV Mode
2025-06-29 19:58:42,711 - gui.flash_sinter_gui - INFO - Power supply in CV Mode
2025-06-29 19:58:42,805 - gui.flash_sinter_gui - INFO - Power supply in CV Mode
2025-06-29 19:58:42,909 - gui.flash_sinter_gui - INFO - Power supply in CV Mode
2025-06-29 19:58:43,020 - gui.flash_sinter_gui - INFO - Power supply in CV Mode
2025-06-29 19:58:43,143 - gui.flash_sinter_gui - INFO - Power supply in CV Mode
2025-06-29 19:58:43,274 - gui.flash_sinter_gui - INFO - Power supply in CV Mode
2025-06-29 19:58:43,373 - gui.flash_sinter_gui - INFO - Power supply in CV Mode
2025-06-29 19:58:43,464 - gui.flash_sinter_gui - INFO - Power supply in CV Mode
2025-06-29 19:58:43,568 - gui.flash_sinter_gui - INFO - Power supply in CV Mode
2025-06-29 19:58:43,670 - gui.flash_sinter_gui - INFO - Power supply in CV Mode
2025-06-29 19:58:43,801 - gui.flash_sinter_gui - INFO - Power supply in CV Mode
2025-06-29 19:58:43,906 - gui.flash_sinter_gui - INFO - Power supply in CV Mode
2025-06-29 19:58:44,005 - gui.flash_sinter_gui - INFO - Power supply in CV Mode
2025-06-29 19:58:44,105 - gui.flash_sinter_gui - INFO - Power supply in CV Mode
2025-06-29 19:58:44,220 - gui.flash_sinter_gui - INFO - Power supply in CV Mode
2025-06-29 19:58:44,353 - gui.flash_sinter_gui - INFO - Power supply in CV Mode
2025-06-29 19:58:44,482 - gui.flash_sinter_gui - INFO - Power supply in CV Mode
2025-06-29 19:58:44,575 - gui.flash_sinter_gui - INFO - Power supply in CV Mode
2025-06-29 19:58:44,679 - gui.flash_sinter_gui - INFO - Power supply in CV Mode
2025-06-29 19:58:44,780 - gui.flash_sinter_gui - INFO - Power supply in CV Mode
2025-06-29 19:58:44,921 - gui.flash_sinter_gui - INFO - Power supply in CV Mode
2025-06-29 19:58:45,020 - gui.flash_sinter_gui - INFO - Power supply in CV Mode
2025-06-29 19:58:45,140 - gui.flash_sinter_gui - INFO - Power supply in CV Mode
2025-06-29 19:58:45,239 - gui.flash_sinter_gui - INFO - Power supply in CV Mode
2025-06-29 19:58:45,359 - gui.flash_sinter_gui - INFO - Power supply in CV Mode
2025-06-29 19:58:45,493 - gui.flash_sinter_gui - INFO - Power supply in CV Mode
2025-06-29 19:58:45,598 - gui.flash_sinter_gui - INFO - Power supply in CV Mode
2025-06-29 19:58:45,700 - gui.flash_sinter_gui - INFO - Power supply in CV Mode
2025-06-29 19:58:45,820 - gui.flash_sinter_gui - INFO - Power supply in CV Mode
2025-06-29 19:58:45,913 - gui.flash_sinter_gui - INFO - Power supply in CV Mode
2025-06-29 19:58:46,041 - gui.flash_sinter_gui - INFO - Power supply in CV Mode
2025-06-29 19:58:46,133 - gui.flash_sinter_gui - INFO - Power supply in CV Mode
2025-06-29 19:58:46,227 - gui.flash_sinter_gui - INFO - Power supply in CV Mode
2025-06-29 19:58:46,330 - gui.flash_sinter_gui - INFO - Power supply in CV Mode
2025-06-29 19:58:46,424 - gui.flash_sinter_gui - INFO - Power supply in CV Mode
2025-06-29 19:58:46,562 - gui.flash_sinter_gui - INFO - Power supply in CV Mode
2025-06-29 19:58:46,668 - gui.flash_sinter_gui - INFO - Power supply in CV Mode
2025-06-29 19:58:46,771 - gui.flash_sinter_gui - INFO - Power supply in CV Mode
2025-06-29 19:58:46,864 - gui.flash_sinter_gui - INFO - Power supply in CV Mode
2025-06-29 19:58:46,981 - gui.flash_sinter_gui - INFO - Power supply in CV Mode
2025-06-29 19:58:47,100 - gui.flash_sinter_gui - INFO - Power supply in CV Mode
2025-06-29 19:58:47,213 - gui.flash_sinter_gui - INFO - Power supply in CV Mode
2025-06-29 19:58:47,319 - gui.flash_sinter_gui - INFO - Power supply in CV Mode
2025-06-29 19:58:47,420 - gui.flash_sinter_gui - INFO - Power supply in CV Mode
2025-06-29 19:58:47,519 - gui.flash_sinter_gui - INFO - Power supply in CV Mode
2025-06-29 19:58:47,632 - gui.flash_sinter_gui - INFO - Power supply in CV Mode
2025-06-29 19:58:47,740 - gui.flash_sinter_gui - INFO - Power supply in CV Mode
2025-06-29 19:58:47,874 - gui.flash_sinter_gui - INFO - Power supply in CV Mode
2025-06-29 19:58:47,991 - gui.flash_sinter_gui - INFO - Power supply in CV Mode
2025-06-29 19:58:48,085 - gui.flash_sinter_gui - INFO - Power supply in CV Mode
2025-06-29 19:58:48,212 - gui.flash_sinter_gui - INFO - Power supply in CV Mode
2025-06-29 19:58:48,304 - gui.flash_sinter_gui - INFO - Power supply in CV Mode
2025-06-29 19:58:48,409 - gui.flash_sinter_gui - INFO - Power supply in CV Mode
2025-06-29 19:58:48,521 - gui.flash_sinter_gui - INFO - Power supply in CV Mode
2025-06-29 19:58:48,618 - gui.flash_sinter_gui - INFO - Power supply in CV Mode
2025-06-29 19:58:48,740 - gui.flash_sinter_gui - INFO - Power supply in CV Mode
2025-06-29 19:58:48,849 - gui.flash_sinter_gui - INFO - Power supply in CV Mode
2025-06-29 19:58:48,951 - gui.flash_sinter_gui - INFO - Power supply in CV Mode
2025-06-29 19:58:49,047 - gui.flash_sinter_gui - INFO - Power supply in CV Mode
2025-06-29 19:58:49,150 - gui.flash_sinter_gui - INFO - Power supply in CV Mode
2025-06-29 19:58:49,270 - gui.flash_sinter_gui - INFO - Power supply in CV Mode
2025-06-29 19:58:49,391 - gui.flash_sinter_gui - INFO - Power supply in CV Mode
2025-06-29 19:58:49,499 - gui.flash_sinter_gui - INFO - Power supply in CV Mode
2025-06-29 19:58:49,601 - gui.flash_sinter_gui - INFO - Power supply in CV Mode
2025-06-29 19:58:49,697 - gui.flash_sinter_gui - INFO - Power supply in CV Mode
2025-06-29 19:58:49,824 - gui.flash_sinter_gui - INFO - Power supply in CV Mode
2025-06-29 19:58:49,938 - gui.flash_sinter_gui - INFO - Power supply in CV Mode
2025-06-29 19:58:50,051 - gui.flash_sinter_gui - INFO - Power supply in CV Mode
2025-06-29 19:58:50,148 - gui.flash_sinter_gui - INFO - Power supply in CV Mode
2025-06-29 19:58:50,260 - gui.flash_sinter_gui - INFO - Power supply in CV Mode
2025-06-29 19:58:50,379 - gui.flash_sinter_gui - INFO - Power supply in CV Mode
2025-06-29 19:58:50,491 - gui.flash_sinter_gui - INFO - Power supply in CV Mode
2025-06-29 19:58:50,598 - gui.flash_sinter_gui - INFO - Power supply in CV Mode
2025-06-29 19:58:50,710 - gui.flash_sinter_gui - INFO - Power supply in CV Mode
2025-06-29 19:58:50,807 - gui.flash_sinter_gui - INFO - Power supply in CV Mode
2025-06-29 19:58:50,943 - gui.flash_sinter_gui - INFO - Power supply in CV Mode
2025-06-29 19:58:51,058 - gui.flash_sinter_gui - INFO - Power supply in CV Mode
2025-06-29 19:58:51,172 - gui.flash_sinter_gui - INFO - Power supply in CV Mode
2025-06-29 19:58:51,289 - gui.flash_sinter_gui - INFO - Power supply in CV Mode
2025-06-29 19:58:51,391 - gui.flash_sinter_gui - INFO - Power supply in CV Mode
2025-06-29 19:58:51,520 - gui.flash_sinter_gui - INFO - Power supply in CV Mode
2025-06-29 19:58:51,613 - gui.flash_sinter_gui - INFO - Power supply in CV Mode
2025-06-29 19:58:51,717 - gui.flash_sinter_gui - INFO - Power supply in CV Mode
2025-06-29 19:58:51,831 - gui.flash_sinter_gui - INFO - Power supply in CV Mode
2025-06-29 19:58:51,948 - gui.flash_sinter_gui - INFO - Power supply in CV Mode
2025-06-29 19:58:52,073 - gui.flash_sinter_gui - INFO - Power supply in CV Mode
2025-06-29 19:58:52,189 - gui.flash_sinter_gui - INFO - Power supply in CV Mode
2025-06-29 19:58:52,290 - gui.flash_sinter_gui - INFO - Power supply in CV Mode
2025-06-29 19:58:52,408 - gui.flash_sinter_gui - INFO - Power supply in CV Mode
2025-06-29 19:58:52,521 - gui.flash_sinter_gui - INFO - Power supply in CV Mode
2025-06-29 19:58:52,659 - gui.flash_sinter_gui - INFO - Power supply in CV Mode
2025-06-29 19:58:52,755 - gui.flash_sinter_gui - INFO - Power supply in CV Mode
2025-06-29 19:58:52,868 - gui.flash_sinter_gui - INFO - Power supply in CV Mode
2025-06-29 19:58:52,970 - gui.flash_sinter_gui - INFO - Power supply in CV Mode
2025-06-29 19:58:53,078 - gui.flash_sinter_gui - INFO - Power supply in CV Mode
2025-06-29 19:58:53,213 - gui.flash_sinter_gui - INFO - Power supply in CV Mode
2025-06-29 19:58:53,341 - gui.flash_sinter_gui - INFO - Power supply in CV Mode
2025-06-29 19:58:53,452 - gui.flash_sinter_gui - INFO - Power supply in CV Mode
2025-06-29 19:58:53,567 - gui.flash_sinter_gui - INFO - Power supply in CV Mode
2025-06-29 19:58:53,681 - gui.flash_sinter_gui - INFO - Power supply in CV Mode
2025-06-29 19:58:53,820 - gui.flash_sinter_gui - INFO - Power supply in CV Mode
2025-06-29 19:58:53,930 - gui.flash_sinter_gui - INFO - Power supply in CV Mode
2025-06-29 19:58:54,038 - gui.flash_sinter_gui - INFO - Power supply in CV Mode
2025-06-29 19:58:54,151 - gui.flash_sinter_gui - INFO - Power supply in CV Mode
2025-06-29 19:58:54,258 - gui.flash_sinter_gui - INFO - Power supply in CV Mode
2025-06-29 19:58:54,383 - gui.flash_sinter_gui - INFO - Power supply in CV Mode
2025-06-29 19:58:54,509 - gui.flash_sinter_gui - INFO - Power supply in CV Mode
2025-06-29 19:58:54,613 - gui.flash_sinter_gui - INFO - Power supply in CV Mode
2025-06-29 19:58:54,728 - gui.flash_sinter_gui - INFO - Power supply in CV Mode
2025-06-29 19:58:54,828 - gui.flash_sinter_gui - INFO - Power supply in CV Mode
2025-06-29 19:58:54,970 - gui.flash_sinter_gui - INFO - Power supply in CV Mode
2025-06-29 19:58:55,068 - gui.flash_sinter_gui - INFO - Power supply in CV Mode
2025-06-29 19:58:55,188 - gui.flash_sinter_gui - INFO - Power supply in CV Mode
2025-06-29 19:58:55,300 - gui.flash_sinter_gui - INFO - Power supply in CV Mode
2025-06-29 19:58:55,418 - gui.flash_sinter_gui - INFO - Power supply in CV Mode
2025-06-29 19:58:55,543 - gui.flash_sinter_gui - INFO - Power supply in CV Mode
2025-06-29 19:58:55,669 - gui.flash_sinter_gui - INFO - Power supply in CV Mode
2025-06-29 19:58:55,782 - gui.flash_sinter_gui - INFO - Power supply in CV Mode
2025-06-29 19:58:55,910 - gui.flash_sinter_gui - INFO - Power supply in CV Mode
2025-06-29 19:58:56,009 - gui.flash_sinter_gui - INFO - Power supply in CV Mode
2025-06-29 19:58:56,149 - gui.flash_sinter_gui - INFO - Power supply in CV Mode
2025-06-29 19:58:56,247 - gui.flash_sinter_gui - INFO - Power supply in CV Mode
2025-06-29 19:58:56,369 - gui.flash_sinter_gui - INFO - Power supply in CV Mode
2025-06-29 19:58:56,464 - gui.flash_sinter_gui - INFO - Power supply in CV Mode
2025-06-29 19:58:56,579 - gui.flash_sinter_gui - INFO - Power supply in CV Mode
2025-06-29 19:58:56,712 - gui.flash_sinter_gui - INFO - Power supply in CV Mode
2025-06-29 19:58:56,839 - gui.flash_sinter_gui - INFO - Power supply in CV Mode
2025-06-29 19:58:56,940 - gui.flash_sinter_gui - INFO - Power supply in CV Mode
2025-06-29 19:58:57,058 - gui.flash_sinter_gui - INFO - Power supply in CV Mode
2025-06-29 19:58:57,153 - gui.flash_sinter_gui - INFO - Power supply in CV Mode
2025-06-29 19:58:57,302 - gui.flash_sinter_gui - INFO - Power supply in CV Mode
2025-06-29 19:58:57,393 - gui.flash_sinter_gui - INFO - Power supply in CV Mode
2025-06-29 19:58:57,519 - gui.flash_sinter_gui - INFO - Power supply in CV Mode
2025-06-29 19:58:57,639 - gui.flash_sinter_gui - INFO - Power supply in CV Mode
2025-06-29 19:58:57,757 - gui.flash_sinter_gui - INFO - Power supply in CV Mode
2025-06-29 19:58:57,881 - gui.flash_sinter_gui - INFO - Power supply in CV Mode
2025-06-29 19:58:58,009 - gui.flash_sinter_gui - INFO - Power supply in CV Mode
2025-06-29 19:58:58,109 - gui.flash_sinter_gui - INFO - Power supply in CV Mode
2025-06-29 19:58:58,251 - gui.flash_sinter_gui - INFO - Power supply in CV Mode
2025-06-29 19:58:58,371 - gui.flash_sinter_gui - INFO - Power supply in CV Mode
2025-06-29 19:58:58,521 - gui.flash_sinter_gui - INFO - Power supply in CV Mode
2025-06-29 19:58:58,630 - gui.flash_sinter_gui - INFO - Power supply in CV Mode
2025-06-29 19:58:58,760 - gui.flash_sinter_gui - INFO - Power supply in CV Mode
2025-06-29 19:58:58,854 - gui.flash_sinter_gui - INFO - Power supply in CV Mode
2025-06-29 19:58:58,980 - gui.flash_sinter_gui - INFO - Power supply in CV Mode
2025-06-29 19:58:59,113 - gui.flash_sinter_gui - INFO - Power supply in CV Mode
2025-06-29 19:58:59,249 - gui.flash_sinter_gui - INFO - Power supply in CV Mode
2025-06-29 19:58:59,350 - gui.flash_sinter_gui - INFO - Power supply in CV Mode
2025-06-29 19:58:59,480 - gui.flash_sinter_gui - INFO - Power supply in CV Mode
2025-06-29 19:58:59,578 - gui.flash_sinter_gui - INFO - Power supply in CV Mode
2025-06-29 19:58:59,733 - gui.flash_sinter_gui - INFO - Power supply in CV Mode
2025-06-29 19:58:59,841 - gui.flash_sinter_gui - INFO - Power supply in CV Mode
2025-06-29 19:58:59,969 - gui.flash_sinter_gui - INFO - Power supply in CV Mode
2025-06-29 19:59:00,068 - gui.flash_sinter_gui - INFO - Power supply in CV Mode
2025-06-29 19:59:00,201 - gui.flash_sinter_gui - INFO - Power supply in CV Mode
2025-06-29 19:59:00,333 - gui.flash_sinter_gui - INFO - Power supply in CV Mode
2025-06-29 19:59:00,470 - gui.flash_sinter_gui - INFO - Power supply in CV Mode
2025-06-29 19:59:00,570 - gui.flash_sinter_gui - INFO - Power supply in CV Mode
2025-06-29 19:59:00,699 - gui.flash_sinter_gui - INFO - Power supply in CV Mode
2025-06-29 19:59:00,811 - gui.flash_sinter_gui - INFO - Power supply in CV Mode
2025-06-29 19:59:00,971 - gui.flash_sinter_gui - INFO - Power supply in CV Mode
2025-06-29 19:59:01,081 - gui.flash_sinter_gui - INFO - Power supply in CV Mode
2025-06-29 19:59:01,220 - gui.flash_sinter_gui - INFO - Power supply in CV Mode
2025-06-29 19:59:01,320 - gui.flash_sinter_gui - INFO - Power supply in CV Mode
2025-06-29 19:59:01,450 - gui.flash_sinter_gui - INFO - Power supply in CV Mode
2025-06-29 19:59:01,572 - gui.flash_sinter_gui - INFO - Power supply in CV Mode
2025-06-29 19:59:01,709 - gui.flash_sinter_gui - INFO - Power supply in CV Mode
2025-06-29 19:59:01,822 - gui.flash_sinter_gui - INFO - Power supply in CV Mode
2025-06-29 19:59:01,959 - gui.flash_sinter_gui - INFO - Power supply in CV Mode
2025-06-29 19:59:02,059 - gui.flash_sinter_gui - INFO - Power supply in CV Mode
2025-06-29 19:59:02,212 - gui.flash_sinter_gui - INFO - Power supply in CV Mode
2025-06-29 19:59:02,304 - gui.flash_sinter_gui - INFO - Power supply in CV Mode
2025-06-29 19:59:02,439 - gui.flash_sinter_gui - INFO - Power supply in CV Mode
2025-06-29 19:59:02,535 - gui.flash_sinter_gui - INFO - Power supply in CV Mode
2025-06-29 19:59:02,670 - gui.flash_sinter_gui - INFO - Power supply in CV Mode
2025-06-29 19:59:02,787 - gui.flash_sinter_gui - INFO - Power supply in CV Mode
2025-06-29 19:59:02,929 - gui.flash_sinter_gui - INFO - Power supply in CV Mode
2025-06-29 19:59:03,031 - gui.flash_sinter_gui - INFO - Power supply in CV Mode
2025-06-29 19:59:03,170 - gui.flash_sinter_gui - INFO - Power supply in CV Mode
2025-06-29 19:59:03,268 - gui.flash_sinter_gui - INFO - Power supply in CV Mode
2025-06-29 19:59:03,431 - gui.flash_sinter_gui - INFO - Power supply in CV Mode
2025-06-29 19:59:03,528 - gui.flash_sinter_gui - INFO - Power supply in CV Mode
2025-06-29 19:59:03,659 - gui.flash_sinter_gui - INFO - Power supply in CV Mode
2025-06-29 19:59:03,760 - gui.flash_sinter_gui - INFO - Power supply in CV Mode
2025-06-29 19:59:03,900 - gui.flash_sinter_gui - INFO - Power supply in CV Mode
2025-06-29 19:59:05,248 - gui.flash_sinter_gui - INFO - Camera properties: FPS=30.00003000003, Resolution=640x480
2025-06-29 19:59:05,372 - gui.flash_sinter_gui - INFO - Camera initialized successfully with FPS: 30.00003000003, Resolution: 640.0x480.0
2025-06-29 19:59:05,373 - gui.flash_sinter_gui - INFO - Camera loaded successfully - button changed to red
2025-06-29 19:59:05,408 - gui.flash_sinter_gui - INFO - Power supply in CV Mode
2025-06-29 19:59:05,569 - gui.flash_sinter_gui - INFO - Power supply in CV Mode
2025-06-29 19:59:05,663 - gui.flash_sinter_gui - INFO - Power supply in CV Mode
2025-06-29 19:59:05,816 - gui.flash_sinter_gui - INFO - Power supply in CV Mode
2025-06-29 19:59:05,913 - gui.flash_sinter_gui - INFO - Power supply in CV Mode
2025-06-29 19:59:06,070 - gui.flash_sinter_gui - INFO - Power supply in CV Mode
2025-06-29 19:59:06,167 - gui.flash_sinter_gui - INFO - Power supply in CV Mode
2025-06-29 19:59:06,330 - gui.flash_sinter_gui - INFO - Power supply in CV Mode
2025-06-29 19:59:06,426 - gui.flash_sinter_gui - INFO - Power supply in CV Mode
2025-06-29 19:59:06,586 - gui.flash_sinter_gui - INFO - Power supply in CV Mode
2025-06-29 19:59:06,683 - gui.flash_sinter_gui - INFO - Power supply in CV Mode
2025-06-29 19:59:06,848 - gui.flash_sinter_gui - INFO - Power supply in CV Mode
2025-06-29 19:59:06,944 - gui.flash_sinter_gui - INFO - Power supply in CV Mode
2025-06-29 19:59:07,101 - gui.flash_sinter_gui - INFO - Power supply in CV Mode
2025-06-29 19:59:07,198 - gui.flash_sinter_gui - INFO - Power supply in CV Mode
2025-06-29 19:59:07,357 - gui.flash_sinter_gui - INFO - Power supply in CV Mode
2025-06-29 19:59:07,455 - gui.flash_sinter_gui - INFO - Power supply in CV Mode
2025-06-29 19:59:07,620 - gui.flash_sinter_gui - INFO - Power supply in CV Mode
2025-06-29 19:59:07,708 - gui.flash_sinter_gui - INFO - Power supply in CV Mode
2025-06-29 19:59:07,868 - gui.flash_sinter_gui - INFO - Power supply in CV Mode
2025-06-29 19:59:07,965 - gui.flash_sinter_gui - INFO - Power supply in CV Mode
2025-06-29 19:59:08,125 - gui.flash_sinter_gui - INFO - Power supply in CV Mode
2025-06-29 19:59:08,218 - gui.flash_sinter_gui - INFO - Power supply in CV Mode
2025-06-29 19:59:08,382 - gui.flash_sinter_gui - INFO - Power supply in CV Mode
2025-06-29 19:59:08,481 - gui.flash_sinter_gui - INFO - Power supply in CV Mode
2025-06-29 19:59:08,642 - gui.flash_sinter_gui - INFO - Power supply in CV Mode
2025-06-29 19:59:08,745 - gui.flash_sinter_gui - INFO - Power supply in CV Mode
2025-06-29 19:59:08,914 - gui.flash_sinter_gui - INFO - Power supply in CV Mode
2025-06-29 19:59:09,011 - gui.flash_sinter_gui - INFO - Power supply in CV Mode
2025-06-29 19:59:09,183 - gui.flash_sinter_gui - INFO - Power supply in CV Mode
2025-06-29 19:59:09,278 - gui.flash_sinter_gui - INFO - Power supply in CV Mode
2025-06-29 19:59:09,446 - gui.flash_sinter_gui - INFO - Power supply in CV Mode
2025-06-29 19:59:09,543 - gui.flash_sinter_gui - INFO - Power supply in CV Mode
2025-06-29 19:59:09,710 - gui.flash_sinter_gui - INFO - Power supply in CV Mode
2025-06-29 19:59:09,804 - gui.flash_sinter_gui - INFO - Power supply in CV Mode
2025-06-29 19:59:09,972 - gui.flash_sinter_gui - INFO - Power supply in CV Mode
2025-06-29 19:59:10,066 - gui.flash_sinter_gui - INFO - Power supply in CV Mode
2025-06-29 19:59:10,234 - gui.flash_sinter_gui - INFO - Power supply in CV Mode
2025-06-29 19:59:10,331 - gui.flash_sinter_gui - INFO - Power supply in CV Mode
2025-06-29 19:59:10,503 - gui.flash_sinter_gui - INFO - Power supply in CV Mode
2025-06-29 19:59:10,597 - gui.flash_sinter_gui - INFO - Power supply in CV Mode
2025-06-29 19:59:10,772 - gui.flash_sinter_gui - INFO - Power supply in CV Mode
2025-06-29 19:59:10,868 - gui.flash_sinter_gui - INFO - Power supply in CV Mode
2025-06-29 19:59:11,035 - gui.flash_sinter_gui - INFO - Power supply in CV Mode
2025-06-29 19:59:11,133 - gui.flash_sinter_gui - INFO - Power supply in CV Mode
2025-06-29 19:59:11,308 - gui.flash_sinter_gui - INFO - Power supply in CV Mode
2025-06-29 19:59:11,403 - gui.flash_sinter_gui - INFO - Power supply in CV Mode
2025-06-29 19:59:11,577 - gui.flash_sinter_gui - INFO - Power supply in CV Mode
2025-06-29 19:59:11,673 - gui.flash_sinter_gui - INFO - Power supply in CV Mode
2025-06-29 19:59:11,844 - gui.flash_sinter_gui - INFO - Power supply in CV Mode
2025-06-29 19:59:11,939 - gui.flash_sinter_gui - INFO - Power supply in CV Mode
2025-06-29 19:59:12,110 - gui.flash_sinter_gui - INFO - Power supply in CV Mode
2025-06-29 19:59:12,198 - gui.flash_sinter_gui - INFO - Power supply in CV Mode
2025-06-29 19:59:12,376 - gui.flash_sinter_gui - INFO - Power supply in CV Mode
2025-06-29 19:59:12,473 - gui.flash_sinter_gui - INFO - Power supply in CV Mode
2025-06-29 19:59:12,646 - gui.flash_sinter_gui - INFO - Power supply in CV Mode
2025-06-29 19:59:12,744 - gui.flash_sinter_gui - INFO - Power supply in CV Mode
2025-06-29 19:59:12,918 - gui.flash_sinter_gui - INFO - Power supply in CV Mode
2025-06-29 19:59:13,012 - gui.flash_sinter_gui - INFO - Power supply in CV Mode
2025-06-29 19:59:13,190 - gui.flash_sinter_gui - INFO - Power supply in CV Mode
2025-06-29 19:59:13,291 - gui.flash_sinter_gui - INFO - Power supply in CV Mode
2025-06-29 19:59:13,475 - gui.flash_sinter_gui - INFO - Power supply in CV Mode
2025-06-29 19:59:13,573 - gui.flash_sinter_gui - INFO - Power supply in CV Mode
2025-06-29 19:59:13,753 - gui.flash_sinter_gui - INFO - Power supply in CV Mode
2025-06-29 19:59:13,850 - gui.flash_sinter_gui - INFO - Power supply in CV Mode
2025-06-29 19:59:14,031 - gui.flash_sinter_gui - INFO - Power supply in CV Mode
2025-06-29 19:59:14,131 - gui.flash_sinter_gui - INFO - Power supply in CV Mode
2025-06-29 19:59:14,308 - gui.flash_sinter_gui - INFO - Power supply in CV Mode
2025-06-29 19:59:14,405 - gui.flash_sinter_gui - INFO - Power supply in CV Mode
2025-06-29 19:59:14,584 - gui.flash_sinter_gui - INFO - Power supply in CV Mode
2025-06-29 19:59:14,680 - gui.flash_sinter_gui - INFO - Power supply in CV Mode
2025-06-29 19:59:14,864 - gui.flash_sinter_gui - INFO - Power supply in CV Mode
2025-06-29 19:59:14,962 - gui.flash_sinter_gui - INFO - Power supply in CV Mode
2025-06-29 19:59:14,970 - gui.flash_sinter_gui - INFO - Apply Parameters and Change Condition buttons disabled
2025-06-29 19:59:14,970 - gui.flash_sinter_gui - INFO - Neumorphic start button reset to inactive state - acquisition stopped
2025-06-29 19:59:14,973 - gui.flash_sinter_gui - INFO - Stopped process
2025-06-29 19:59:14,974 - gui.flash_sinter_gui - INFO - Closed data file: None
2025-06-29 19:59:19,299 - gui.flash_sinter_gui - INFO - Camera stopped successfully
2025-06-29 19:59:19,300 - gui.flash_sinter_gui - INFO - Camera stopped successfully - button changed to green
2025-06-29 19:59:20,331 - gui.flash_sinter_gui - INFO - Arduino response: Stepper motor control initialized
2025-06-29 19:59:20,415 - gui.flash_sinter_gui - INFO - Application closed and resources cleaned up
