2025-06-26 09:16:38,440 - controllers.daq_keithley_controller - INFO - NI-DAQ tasks initialized successfully
2025-06-26 09:16:38,610 - controllers.daq_keithley_controller - INFO - Keithley instrument initialized successfully
2025-06-26 09:16:38,632 - controllers.device_controller - INFO - DAQ: Connected to Dev1
2025-06-26 09:16:38,718 - controllers.device_controller - INFO - Keithley: Connected to USB0::0x05E6::0x6500::04645387::INSTR
2025-06-26 09:16:38,720 - controllers.device_controller - INFO - DAQ analog input initialized
2025-06-26 09:16:38,724 - controllers.device_controller - INFO - DAQ analog output initialized
2025-06-26 09:16:38,730 - controllers.device_controller - INFO - Connected to Keithley: KEITHLEY INSTRUMENTS INC.,MODEL 2000,04645387,1.7.14j

2025-06-26 09:16:38,877 - gui.flash_sinter_gui - INFO - Apply Parameters and Change Condition buttons disabled
2025-06-26 09:16:40,879 - gui.flash_sinter_gui - INFO - Serial connection established with Arduino on COM11
2025-06-26 09:16:40,880 - controllers.device_controller - INFO - Set voltage limit to 12.0V, current limit to 160.0mA (not applied yet)
2025-06-26 09:16:40,881 - gui.flash_sinter_gui - INFO - Initial parameters set: 0.4, 1.6, 1.0, 30.0, 100.0, Flash Time: 60.0s
2025-06-26 09:16:40,882 - gui.flash_sinter_gui - INFO - Initial voltage: 12.00V, current: 160.00mA
2025-06-26 09:16:43,271 - gui.flash_sinter_gui - INFO - Camera properties: FPS=0.0, Resolution=0x0
2025-06-26 09:16:43,272 - gui.flash_sinter_gui - INFO - Camera initialized successfully with FPS: 0.0, Resolution: 0.0x0.0
2025-06-26 09:16:43,273 - gui.flash_sinter_gui - INFO - Camera loaded successfully - button changed to red
2025-06-26 09:16:51,057 - gui.flash_sinter_gui - INFO - Camera stopped successfully
2025-06-26 09:16:51,058 - gui.flash_sinter_gui - INFO - Camera stopped successfully - button changed to green
2025-06-26 09:16:52,890 - gui.flash_sinter_gui - INFO - Arduino response: Stepper motor control initialized
2025-06-26 09:16:52,914 - controllers.device_controller - INFO - Stopping process
2025-06-26 09:16:52,916 - controllers.daq_keithley_controller - DEBUG - Set DAQ outputs - V: 0.00V->(0.000V), I: 0.00mA->(0.000V)
2025-06-26 09:16:52,916 - controllers.daq_keithley_controller - DEBUG - MATLAB equivalent would be: V->(0.000V), I->(0.000V)
2025-06-26 09:16:52,917 - controllers.device_controller - DEBUG - Set DAQ outputs - V: 0.00V, I: 0.00mA
2025-06-26 09:16:52,917 - controllers.device_controller - DEBUG - Set Keithley outputs - V: 0.00V, I: 0.00mA
2025-06-26 09:16:52,919 - controllers.device_controller - INFO - Device connections closed
2025-06-26 09:16:52,961 - gui.flash_sinter_gui - INFO - Application closed and resources cleaned up
