2025-06-27 10:46:21,176 - gui.flash_sinter_gui - INFO - Apply Parameters and Change Condition buttons disabled
2025-06-27 10:46:23,178 - gui.flash_sinter_gui - INFO - Serial connection established with Arduino on COM11
2025-06-27 10:46:23,180 - gui.flash_sinter_gui - INFO - Initial parameters set: 0.4, 1.6, 1.0, 30.0, 100.0, Hold Time: 60.0s
2025-06-27 10:46:23,181 - gui.flash_sinter_gui - INFO - Initial voltage: 12.00V, current: 160.00mA
2025-06-27 10:46:30,654 - gui.flash_sinter_gui - INFO - Camera properties: FPS=30.00003000003, Resolution=640x480
2025-06-27 10:46:30,764 - gui.flash_sinter_gui - INFO - Camera initialized successfully with FPS: 30.00003000003, Resolution: 640.0x480.0
2025-06-27 10:46:30,764 - gui.flash_sinter_gui - INFO - Camera loaded successfully - button changed to red
2025-06-27 10:47:26,562 - gui.flash_sinter_gui - INFO - Selected file for saving: C:/Users/user/Desktop/Rohith/30_YSZ_NiOH_IST_100mAmm2_200VCM_1.txt
2025-06-27 10:47:30,724 - gui.flash_sinter_gui - INFO - Apply Parameters and Change Condition buttons enabled
2025-06-27 10:47:30,725 - gui.flash_sinter_gui - INFO - Neumorphic start button activated
2025-06-27 10:47:30,725 - gui.flash_sinter_gui - INFO - Data will be saved to: C:/Users/user/Desktop/Rohith/30_YSZ_NiOH_IST_100mAmm2_200VCM_1.txt
2025-06-27 10:47:30,725 - gui.flash_sinter_gui - INFO - Updated parameters: 0.4, 1.6, 1.0, 30.0, 100.0, Hold Time: 60.0s
2025-06-27 10:47:30,725 - gui.flash_sinter_gui - INFO - Calculated voltage: 12.00V, current: 160.00mA
2025-06-27 10:47:56,640 - gui.flash_sinter_gui - INFO - Updated parameters: 1.5, 3.52, 1.6, 200.0, 100.0, Hold Time: 60.0s
2025-06-27 10:47:56,640 - gui.flash_sinter_gui - INFO - Calculated voltage: 300.00V, current: 563.20mA
2025-06-27 11:59:48,253 - gui.flash_sinter_gui - INFO - Started recording video to C:/Users/user/Desktop/Rohith/30_YSZ_NiOH_IST_sample1.avi
2025-06-27 12:10:13,791 - gui.flash_sinter_gui - INFO - Started process with V=300.0V, I=563.2mA
2025-06-27 12:10:13,792 - gui.flash_sinter_gui - INFO - Started saving data to C:/Users/user/Desktop/Rohith/30_YSZ_NiOH_IST_100mAmm2_200VCM_1.txt
2025-06-27 12:10:14,715 - gui.flash_sinter_gui - INFO - Added initial origin point (0,0) for clean graph start
2025-06-27 12:10:14,715 - gui.flash_sinter_gui - INFO - Power supply in CV Mode
2025-06-27 12:10:14,822 - gui.flash_sinter_gui - INFO - Power supply in CV Mode
2025-06-27 12:10:15,611 - gui.flash_sinter_gui - INFO - Power supply in CV Mode
2025-06-27 12:10:15,709 - gui.flash_sinter_gui - INFO - Power supply in CV Mode
2025-06-27 12:10:15,817 - gui.flash_sinter_gui - INFO - Power supply in CV Mode
2025-06-27 12:10:15,917 - gui.flash_sinter_gui - INFO - Power supply in CV Mode
2025-06-27 12:10:16,044 - gui.flash_sinter_gui - INFO - Power supply in CV Mode
2025-06-27 12:10:16,146 - gui.flash_sinter_gui - INFO - Power supply in CV Mode
2025-06-27 12:10:16,248 - gui.flash_sinter_gui - INFO - Power supply in CV Mode
2025-06-27 12:10:16,351 - gui.flash_sinter_gui - INFO - Power supply in CV Mode
2025-06-27 12:10:16,454 - gui.flash_sinter_gui - INFO - Power supply in CV Mode
2025-06-27 12:10:16,572 - gui.flash_sinter_gui - INFO - Power supply in CV Mode
2025-06-27 12:10:16,674 - gui.flash_sinter_gui - INFO - Power supply in CV Mode
2025-06-27 12:10:16,774 - gui.flash_sinter_gui - INFO - Power supply in CV Mode
2025-06-27 12:10:16,879 - gui.flash_sinter_gui - INFO - Power supply in CV Mode
2025-06-27 12:10:16,980 - gui.flash_sinter_gui - INFO - Power supply in CV Mode
2025-06-27 12:10:17,106 - gui.flash_sinter_gui - INFO - Power supply in CV Mode
2025-06-27 12:10:17,207 - gui.flash_sinter_gui - INFO - Power supply in CV Mode
2025-06-27 12:10:17,310 - gui.flash_sinter_gui - INFO - Power supply in CV Mode
2025-06-27 12:10:17,408 - gui.flash_sinter_gui - INFO - Power supply in CV Mode
2025-06-27 12:10:17,513 - gui.flash_sinter_gui - INFO - Power supply in CV Mode
2025-06-27 12:10:17,632 - gui.flash_sinter_gui - INFO - Power supply in CV Mode
2025-06-27 12:10:17,732 - gui.flash_sinter_gui - INFO - Power supply in CV Mode
2025-06-27 12:10:17,829 - gui.flash_sinter_gui - INFO - Power supply in CV Mode
2025-06-27 12:10:17,936 - gui.flash_sinter_gui - INFO - Power supply in CV Mode
2025-06-27 12:10:18,022 - gui.flash_sinter_gui - INFO - Power supply in CV Mode
2025-06-27 12:10:18,147 - gui.flash_sinter_gui - INFO - Power supply in CV Mode
2025-06-27 12:10:18,248 - gui.flash_sinter_gui - INFO - Power supply in CV Mode
2025-06-27 12:10:18,350 - gui.flash_sinter_gui - INFO - Power supply in CV Mode
2025-06-27 12:10:18,448 - gui.flash_sinter_gui - INFO - Power supply in CV Mode
2025-06-27 12:10:18,549 - gui.flash_sinter_gui - INFO - Power supply in CV Mode
2025-06-27 12:10:18,665 - gui.flash_sinter_gui - INFO - Power supply in CV Mode
2025-06-27 12:10:18,764 - gui.flash_sinter_gui - INFO - Power supply in CV Mode
2025-06-27 12:10:18,861 - gui.flash_sinter_gui - INFO - Power supply in CV Mode
2025-06-27 12:10:18,963 - gui.flash_sinter_gui - INFO - Power supply in CV Mode
2025-06-27 12:10:19,063 - gui.flash_sinter_gui - INFO - Power supply in CV Mode
2025-06-27 12:10:19,185 - gui.flash_sinter_gui - INFO - Power supply in CV Mode
2025-06-27 12:10:19,284 - gui.flash_sinter_gui - INFO - Power supply in CV Mode
2025-06-27 12:10:19,387 - gui.flash_sinter_gui - INFO - Power supply in CV Mode
2025-06-27 12:10:19,487 - gui.flash_sinter_gui - INFO - Power supply in CV Mode
2025-06-27 12:10:19,592 - gui.flash_sinter_gui - INFO - Power supply in CV Mode
2025-06-27 12:10:19,709 - gui.flash_sinter_gui - INFO - Power supply in CV Mode
2025-06-27 12:10:19,812 - gui.flash_sinter_gui - INFO - Power supply in CV Mode
2025-06-27 12:10:19,908 - gui.flash_sinter_gui - INFO - Power supply in CV Mode
2025-06-27 12:10:20,011 - gui.flash_sinter_gui - INFO - Power supply in CV Mode
2025-06-27 12:10:20,108 - gui.flash_sinter_gui - INFO - Power supply in CV Mode
2025-06-27 12:10:20,228 - gui.flash_sinter_gui - INFO - Power supply in CV Mode
2025-06-27 12:10:20,326 - gui.flash_sinter_gui - INFO - Power supply in CV Mode
2025-06-27 12:10:20,428 - gui.flash_sinter_gui - INFO - Power supply in CV Mode
2025-06-27 12:10:20,526 - gui.flash_sinter_gui - INFO - Power supply in CV Mode
2025-06-27 12:10:20,626 - gui.flash_sinter_gui - INFO - Power supply in CV Mode
2025-06-27 12:10:20,746 - gui.flash_sinter_gui - INFO - Power supply in CV Mode
2025-06-27 12:10:20,851 - gui.flash_sinter_gui - INFO - Power supply in CV Mode
2025-06-27 12:10:20,948 - gui.flash_sinter_gui - INFO - Power supply in CV Mode
2025-06-27 12:10:21,050 - gui.flash_sinter_gui - INFO - Power supply in CV Mode
2025-06-27 12:10:21,149 - gui.flash_sinter_gui - INFO - Power supply in CV Mode
2025-06-27 12:10:21,272 - gui.flash_sinter_gui - INFO - Power supply in CV Mode
2025-06-27 12:10:21,368 - gui.flash_sinter_gui - INFO - Power supply in CV Mode
2025-06-27 12:10:21,468 - gui.flash_sinter_gui - INFO - Power supply in CV Mode
2025-06-27 12:10:21,568 - gui.flash_sinter_gui - INFO - Power supply in CV Mode
2025-06-27 12:10:21,667 - gui.flash_sinter_gui - INFO - Power supply in CV Mode
2025-06-27 12:10:21,785 - gui.flash_sinter_gui - INFO - Power supply in CV Mode
2025-06-27 12:10:21,885 - gui.flash_sinter_gui - INFO - Power supply in CV Mode
2025-06-27 12:10:21,981 - gui.flash_sinter_gui - INFO - Power supply in CV Mode
2025-06-27 12:10:22,082 - gui.flash_sinter_gui - INFO - Power supply in CV Mode
2025-06-27 12:10:22,181 - gui.flash_sinter_gui - INFO - Power supply in CV Mode
2025-06-27 12:10:22,301 - gui.flash_sinter_gui - INFO - Power supply in CV Mode
2025-06-27 12:10:22,402 - gui.flash_sinter_gui - INFO - Power supply in CV Mode
2025-06-27 12:10:22,506 - gui.flash_sinter_gui - INFO - Power supply in CV Mode
2025-06-27 12:10:22,607 - gui.flash_sinter_gui - INFO - Power supply in CV Mode
2025-06-27 12:10:22,708 - gui.flash_sinter_gui - INFO - Power supply in CV Mode
2025-06-27 12:10:22,829 - gui.flash_sinter_gui - INFO - Power supply in CV Mode
2025-06-27 12:10:22,931 - gui.flash_sinter_gui - INFO - Power supply in CV Mode
2025-06-27 12:10:23,028 - gui.flash_sinter_gui - INFO - Power supply in CV Mode
2025-06-27 12:10:23,129 - gui.flash_sinter_gui - INFO - Power supply in CV Mode
2025-06-27 12:10:23,228 - gui.flash_sinter_gui - INFO - Power supply in CV Mode
2025-06-27 12:10:23,349 - gui.flash_sinter_gui - INFO - Power supply in CV Mode
2025-06-27 12:10:23,447 - gui.flash_sinter_gui - INFO - Power supply in CV Mode
2025-06-27 12:10:23,546 - gui.flash_sinter_gui - INFO - Power supply in CV Mode
2025-06-27 12:10:23,643 - gui.flash_sinter_gui - INFO - Power supply in CV Mode
2025-06-27 12:10:23,741 - gui.flash_sinter_gui - INFO - Power supply in CV Mode
2025-06-27 12:10:23,861 - gui.flash_sinter_gui - INFO - Power supply in CV Mode
2025-06-27 12:10:23,966 - gui.flash_sinter_gui - INFO - Power supply in CV Mode
2025-06-27 12:10:24,064 - gui.flash_sinter_gui - INFO - Power supply in CV Mode
2025-06-27 12:10:24,164 - gui.flash_sinter_gui - INFO - Power supply in CV Mode
2025-06-27 12:10:24,261 - gui.flash_sinter_gui - INFO - Power supply in CV Mode
2025-06-27 12:10:24,385 - gui.flash_sinter_gui - INFO - Power supply in CV Mode
2025-06-27 12:10:24,482 - gui.flash_sinter_gui - INFO - Power supply in CV Mode
2025-06-27 12:10:24,582 - gui.flash_sinter_gui - INFO - Power supply in CV Mode
2025-06-27 12:10:24,678 - gui.flash_sinter_gui - INFO - Power supply in CV Mode
2025-06-27 12:10:24,779 - gui.flash_sinter_gui - INFO - Power supply in CV Mode
2025-06-27 12:10:24,901 - gui.flash_sinter_gui - INFO - Power supply in CV Mode
2025-06-27 12:10:25,001 - gui.flash_sinter_gui - INFO - Power supply in CV Mode
2025-06-27 12:10:25,086 - gui.flash_sinter_gui - INFO - Power supply in CV Mode
2025-06-27 12:10:25,189 - gui.flash_sinter_gui - INFO - Power supply in CV Mode
2025-06-27 12:10:25,287 - gui.flash_sinter_gui - INFO - Power supply in CV Mode
2025-06-27 12:10:25,410 - gui.flash_sinter_gui - INFO - Power supply in CV Mode
2025-06-27 12:10:25,509 - gui.flash_sinter_gui - INFO - Power supply in CV Mode
2025-06-27 12:10:25,610 - gui.flash_sinter_gui - INFO - Power supply in CV Mode
2025-06-27 12:10:25,710 - gui.flash_sinter_gui - INFO - Power supply in CV Mode
2025-06-27 12:10:25,809 - gui.flash_sinter_gui - INFO - Power supply in CV Mode
2025-06-27 12:10:25,927 - gui.flash_sinter_gui - INFO - Power supply in CV Mode
2025-06-27 12:10:26,026 - gui.flash_sinter_gui - INFO - Power supply in CV Mode
2025-06-27 12:10:26,124 - gui.flash_sinter_gui - INFO - Power supply in CV Mode
2025-06-27 12:10:26,222 - gui.flash_sinter_gui - INFO - Power supply in CV Mode
2025-06-27 12:10:26,325 - gui.flash_sinter_gui - INFO - Power supply in CV Mode
2025-06-27 12:10:26,450 - gui.flash_sinter_gui - INFO - Power supply in CV Mode
2025-06-27 12:10:26,549 - gui.flash_sinter_gui - INFO - Power supply in CV Mode
2025-06-27 12:10:26,651 - gui.flash_sinter_gui - INFO - Power supply in CV Mode
2025-06-27 12:10:26,750 - gui.flash_sinter_gui - INFO - Power supply in CV Mode
2025-06-27 12:10:26,853 - gui.flash_sinter_gui - INFO - Power supply in CV Mode
2025-06-27 12:10:26,972 - gui.flash_sinter_gui - INFO - Power supply in CV Mode
2025-06-27 12:10:27,073 - gui.flash_sinter_gui - INFO - Power supply in CV Mode
2025-06-27 12:10:27,170 - gui.flash_sinter_gui - INFO - Power supply in CV Mode
2025-06-27 12:10:27,272 - gui.flash_sinter_gui - INFO - Power supply in CV Mode
2025-06-27 12:10:27,371 - gui.flash_sinter_gui - INFO - Power supply in CV Mode
2025-06-27 12:10:27,491 - gui.flash_sinter_gui - INFO - Power supply in CV Mode
2025-06-27 12:10:27,590 - gui.flash_sinter_gui - INFO - Power supply in CV Mode
2025-06-27 12:10:27,696 - gui.flash_sinter_gui - INFO - Power supply in CV Mode
2025-06-27 12:10:27,797 - gui.flash_sinter_gui - INFO - Power supply in CV Mode
2025-06-27 12:10:27,895 - gui.flash_sinter_gui - INFO - Power supply in CV Mode
2025-06-27 12:10:28,015 - gui.flash_sinter_gui - INFO - Power supply in CV Mode
2025-06-27 12:10:28,119 - gui.flash_sinter_gui - INFO - Power supply in CV Mode
2025-06-27 12:10:28,217 - gui.flash_sinter_gui - INFO - Power supply in CV Mode
2025-06-27 12:10:28,317 - gui.flash_sinter_gui - INFO - Power supply in CV Mode
2025-06-27 12:10:28,419 - gui.flash_sinter_gui - INFO - Power supply in CV Mode
2025-06-27 12:10:28,543 - gui.flash_sinter_gui - INFO - Power supply in CV Mode
2025-06-27 12:10:28,640 - gui.flash_sinter_gui - INFO - Power supply in CV Mode
2025-06-27 12:10:28,743 - gui.flash_sinter_gui - INFO - Power supply in CV Mode
2025-06-27 12:10:28,841 - gui.flash_sinter_gui - INFO - Power supply in CV Mode
2025-06-27 12:10:28,940 - gui.flash_sinter_gui - INFO - Power supply in CV Mode
2025-06-27 12:10:29,060 - gui.flash_sinter_gui - INFO - Power supply in CV Mode
2025-06-27 12:10:29,160 - gui.flash_sinter_gui - INFO - Power supply in CV Mode
2025-06-27 12:10:29,258 - gui.flash_sinter_gui - INFO - Power supply in CV Mode
2025-06-27 12:10:29,359 - gui.flash_sinter_gui - INFO - Power supply in CV Mode
2025-06-27 12:10:29,458 - gui.flash_sinter_gui - INFO - Power supply in CV Mode
2025-06-27 12:10:29,580 - gui.flash_sinter_gui - INFO - Power supply in CV Mode
2025-06-27 12:10:29,675 - gui.flash_sinter_gui - INFO - Power supply in CV Mode
2025-06-27 12:10:29,773 - gui.flash_sinter_gui - INFO - Power supply in CV Mode
2025-06-27 12:10:29,869 - gui.flash_sinter_gui - INFO - Power supply in CV Mode
2025-06-27 12:10:29,970 - gui.flash_sinter_gui - INFO - Power supply in CV Mode
2025-06-27 12:10:30,091 - gui.flash_sinter_gui - INFO - Power supply in CV Mode
2025-06-27 12:10:30,193 - gui.flash_sinter_gui - INFO - Power supply in CV Mode
2025-06-27 12:10:30,288 - gui.flash_sinter_gui - INFO - Power supply in CV Mode
2025-06-27 12:10:30,389 - gui.flash_sinter_gui - INFO - Power supply in CV Mode
2025-06-27 12:10:30,488 - gui.flash_sinter_gui - INFO - Power supply in CV Mode
2025-06-27 12:10:30,611 - gui.flash_sinter_gui - INFO - Power supply in CV Mode
2025-06-27 12:10:30,711 - gui.flash_sinter_gui - INFO - Power supply in CV Mode
2025-06-27 12:10:30,813 - gui.flash_sinter_gui - INFO - Power supply in CV Mode
2025-06-27 12:10:30,911 - gui.flash_sinter_gui - INFO - Power supply in CV Mode
2025-06-27 12:10:31,012 - gui.flash_sinter_gui - INFO - Power supply in CV Mode
2025-06-27 12:10:31,130 - gui.flash_sinter_gui - INFO - Power supply in CV Mode
2025-06-27 12:10:31,229 - gui.flash_sinter_gui - INFO - Power supply in CV Mode
2025-06-27 12:10:31,328 - gui.flash_sinter_gui - INFO - Power supply in CV Mode
2025-06-27 12:10:31,430 - gui.flash_sinter_gui - INFO - Power supply in CV Mode
2025-06-27 12:10:31,527 - gui.flash_sinter_gui - INFO - Power supply in CV Mode
2025-06-27 12:10:31,652 - gui.flash_sinter_gui - INFO - Power supply in CV Mode
2025-06-27 12:10:31,751 - gui.flash_sinter_gui - INFO - Power supply in CV Mode
2025-06-27 12:10:31,854 - gui.flash_sinter_gui - INFO - Power supply in CV Mode
2025-06-27 12:10:31,950 - gui.flash_sinter_gui - INFO - Power supply in CV Mode
2025-06-27 12:10:32,056 - gui.flash_sinter_gui - INFO - Power supply in CV Mode
2025-06-27 12:10:32,175 - gui.flash_sinter_gui - INFO - Power supply in CV Mode
2025-06-27 12:10:32,277 - gui.flash_sinter_gui - INFO - Power supply in CV Mode
2025-06-27 12:10:32,374 - gui.flash_sinter_gui - INFO - Power supply in CV Mode
2025-06-27 12:10:32,476 - gui.flash_sinter_gui - INFO - Power supply in CV Mode
2025-06-27 12:10:32,574 - gui.flash_sinter_gui - INFO - Power supply in CV Mode
2025-06-27 12:10:32,699 - gui.flash_sinter_gui - INFO - Power supply in CV Mode
2025-06-27 12:10:32,798 - gui.flash_sinter_gui - INFO - Power supply in CV Mode
2025-06-27 12:10:32,901 - gui.flash_sinter_gui - INFO - Power supply in CV Mode
2025-06-27 12:10:32,998 - gui.flash_sinter_gui - INFO - Power supply in CV Mode
2025-06-27 12:10:33,097 - gui.flash_sinter_gui - INFO - Power supply in CV Mode
2025-06-27 12:10:33,214 - gui.flash_sinter_gui - INFO - Power supply in CV Mode
2025-06-27 12:10:33,319 - gui.flash_sinter_gui - INFO - Power supply in CV Mode
2025-06-27 12:10:33,416 - gui.flash_sinter_gui - INFO - Power supply in CV Mode
2025-06-27 12:10:33,519 - gui.flash_sinter_gui - INFO - Power supply in CV Mode
2025-06-27 12:10:33,617 - gui.flash_sinter_gui - INFO - Power supply in CV Mode
2025-06-27 12:10:33,743 - gui.flash_sinter_gui - INFO - Power supply in CV Mode
2025-06-27 12:10:33,841 - gui.flash_sinter_gui - INFO - Power supply in CV Mode
2025-06-27 12:10:33,943 - gui.flash_sinter_gui - INFO - Power supply in CV Mode
2025-06-27 12:10:34,041 - gui.flash_sinter_gui - INFO - Power supply in CV Mode
2025-06-27 12:10:34,132 - gui.flash_sinter_gui - INFO - Power supply in CV Mode
2025-06-27 12:10:34,253 - gui.flash_sinter_gui - INFO - Power supply in CV Mode
2025-06-27 12:10:34,357 - gui.flash_sinter_gui - INFO - Power supply in CV Mode
2025-06-27 12:10:34,453 - gui.flash_sinter_gui - INFO - Power supply in CV Mode
2025-06-27 12:10:34,556 - gui.flash_sinter_gui - INFO - Power supply in CV Mode
2025-06-27 12:10:34,657 - gui.flash_sinter_gui - INFO - Power supply in CV Mode
2025-06-27 12:10:34,784 - gui.flash_sinter_gui - INFO - Power supply in CV Mode
2025-06-27 12:10:34,884 - gui.flash_sinter_gui - INFO - Power supply in CV Mode
2025-06-27 12:10:34,987 - gui.flash_sinter_gui - INFO - Power supply in CV Mode
2025-06-27 12:10:35,085 - gui.flash_sinter_gui - INFO - Power supply in CV Mode
2025-06-27 12:10:35,189 - gui.flash_sinter_gui - INFO - Power supply in CV Mode
2025-06-27 12:10:35,307 - gui.flash_sinter_gui - INFO - Power supply in CV Mode
2025-06-27 12:10:35,411 - gui.flash_sinter_gui - INFO - Power supply in CV Mode
2025-06-27 12:10:35,510 - gui.flash_sinter_gui - INFO - Power supply in CV Mode
2025-06-27 12:10:35,612 - gui.flash_sinter_gui - INFO - Power supply in CV Mode
2025-06-27 12:10:35,711 - gui.flash_sinter_gui - INFO - Power supply in CV Mode
2025-06-27 12:10:35,835 - gui.flash_sinter_gui - INFO - Power supply in CV Mode
2025-06-27 12:10:35,938 - gui.flash_sinter_gui - INFO - Power supply in CV Mode
2025-06-27 12:10:36,042 - gui.flash_sinter_gui - INFO - Power supply in CV Mode
2025-06-27 12:10:36,140 - gui.flash_sinter_gui - INFO - Power supply in CV Mode
2025-06-27 12:10:36,241 - gui.flash_sinter_gui - INFO - Power supply in CV Mode
2025-06-27 12:10:36,364 - gui.flash_sinter_gui - INFO - Power supply in CV Mode
2025-06-27 12:10:36,468 - gui.flash_sinter_gui - INFO - Power supply in CV Mode
2025-06-27 12:10:36,566 - gui.flash_sinter_gui - INFO - Power supply in CV Mode
2025-06-27 12:10:36,668 - gui.flash_sinter_gui - INFO - Power supply in CV Mode
2025-06-27 12:10:36,767 - gui.flash_sinter_gui - INFO - Power supply in CV Mode
2025-06-27 12:10:36,893 - gui.flash_sinter_gui - INFO - Power supply in CV Mode
2025-06-27 12:10:36,994 - gui.flash_sinter_gui - INFO - Power supply in CV Mode
2025-06-27 12:10:37,102 - gui.flash_sinter_gui - INFO - Power supply in CV Mode
2025-06-27 12:10:37,200 - gui.flash_sinter_gui - INFO - Power supply in CV Mode
2025-06-27 12:10:37,312 - gui.flash_sinter_gui - INFO - Power supply in CV Mode
2025-06-27 12:10:37,432 - gui.flash_sinter_gui - INFO - Power supply in CV Mode
2025-06-27 12:10:37,534 - gui.flash_sinter_gui - INFO - Power supply in CV Mode
2025-06-27 12:10:37,633 - gui.flash_sinter_gui - INFO - Power supply in CV Mode
2025-06-27 12:10:37,731 - gui.flash_sinter_gui - INFO - Power supply in CV Mode
2025-06-27 12:10:37,829 - gui.flash_sinter_gui - INFO - Power supply in CV Mode
2025-06-27 12:10:37,950 - gui.flash_sinter_gui - INFO - Power supply in CV Mode
2025-06-27 12:10:38,047 - gui.flash_sinter_gui - INFO - Power supply in CV Mode
2025-06-27 12:10:38,147 - gui.flash_sinter_gui - INFO - Power supply in CV Mode
2025-06-27 12:10:38,245 - gui.flash_sinter_gui - INFO - Power supply in CV Mode
2025-06-27 12:10:38,348 - gui.flash_sinter_gui - INFO - Power supply in CV Mode
2025-06-27 12:10:38,466 - gui.flash_sinter_gui - INFO - Power supply in CV Mode
2025-06-27 12:10:38,566 - gui.flash_sinter_gui - INFO - Power supply in CV Mode
2025-06-27 12:10:38,665 - gui.flash_sinter_gui - INFO - Power supply in CV Mode
2025-06-27 12:10:38,765 - gui.flash_sinter_gui - INFO - Power supply in CV Mode
2025-06-27 12:10:38,863 - gui.flash_sinter_gui - INFO - Power supply in CV Mode
2025-06-27 12:10:38,983 - gui.flash_sinter_gui - INFO - Power supply in CV Mode
2025-06-27 12:10:39,080 - gui.flash_sinter_gui - INFO - Power supply in CV Mode
2025-06-27 12:10:39,182 - gui.flash_sinter_gui - INFO - Power supply in CV Mode
2025-06-27 12:10:39,277 - gui.flash_sinter_gui - INFO - Power supply in CV Mode
2025-06-27 12:10:39,377 - gui.flash_sinter_gui - INFO - Power supply in CV Mode
2025-06-27 12:10:39,496 - gui.flash_sinter_gui - INFO - Power supply in CV Mode
2025-06-27 12:10:39,598 - gui.flash_sinter_gui - INFO - Power supply in CV Mode
2025-06-27 12:10:39,694 - gui.flash_sinter_gui - INFO - Power supply in CV Mode
2025-06-27 12:10:39,800 - gui.flash_sinter_gui - INFO - Power supply in CV Mode
2025-06-27 12:10:39,897 - gui.flash_sinter_gui - INFO - Power supply in CV Mode
2025-06-27 12:10:40,020 - gui.flash_sinter_gui - INFO - Power supply in CV Mode
2025-06-27 12:10:40,116 - gui.flash_sinter_gui - INFO - Power supply in CV Mode
2025-06-27 12:10:40,219 - gui.flash_sinter_gui - INFO - Power supply in CV Mode
2025-06-27 12:10:40,318 - gui.flash_sinter_gui - INFO - Power supply in CV Mode
2025-06-27 12:10:40,418 - gui.flash_sinter_gui - INFO - Power supply in CV Mode
2025-06-27 12:10:40,536 - gui.flash_sinter_gui - INFO - Power supply in CV Mode
2025-06-27 12:10:40,637 - gui.flash_sinter_gui - INFO - Power supply in CV Mode
2025-06-27 12:10:40,738 - gui.flash_sinter_gui - INFO - Power supply in CV Mode
2025-06-27 12:10:40,842 - gui.flash_sinter_gui - INFO - Power supply in CV Mode
2025-06-27 12:10:40,939 - gui.flash_sinter_gui - INFO - Power supply in CV Mode
2025-06-27 12:10:41,063 - gui.flash_sinter_gui - INFO - Power supply in CV Mode
2025-06-27 12:10:41,162 - gui.flash_sinter_gui - INFO - Power supply in CV Mode
2025-06-27 12:10:41,268 - gui.flash_sinter_gui - INFO - Power supply in CV Mode
2025-06-27 12:10:41,365 - gui.flash_sinter_gui - INFO - Power supply in CV Mode
2025-06-27 12:10:41,465 - gui.flash_sinter_gui - INFO - Power supply in CV Mode
2025-06-27 12:10:41,583 - gui.flash_sinter_gui - INFO - Power supply in CV Mode
2025-06-27 12:10:41,691 - gui.flash_sinter_gui - INFO - Power supply in CV Mode
2025-06-27 12:10:41,791 - gui.flash_sinter_gui - INFO - Power supply in CV Mode
2025-06-27 12:10:41,891 - gui.flash_sinter_gui - INFO - Power supply in CV Mode
2025-06-27 12:10:41,992 - gui.flash_sinter_gui - INFO - Power supply in CV Mode
2025-06-27 12:10:42,116 - gui.flash_sinter_gui - INFO - Power supply in CV Mode
2025-06-27 12:10:42,215 - gui.flash_sinter_gui - INFO - Power supply in CV Mode
2025-06-27 12:10:42,317 - gui.flash_sinter_gui - INFO - Power supply in CV Mode
2025-06-27 12:10:42,415 - gui.flash_sinter_gui - INFO - Power supply in CV Mode
2025-06-27 12:10:42,515 - gui.flash_sinter_gui - INFO - Power supply in CV Mode
2025-06-27 12:10:42,575 - gui.flash_sinter_gui - ERROR - Invalid input values: 'charmap' codec can't encode character '\u2192' in position 40: character maps to <undefined>
2025-06-27 12:10:43,378 - gui.flash_sinter_gui - INFO - Power supply in CV Mode
2025-06-27 12:10:43,475 - gui.flash_sinter_gui - INFO - Power supply in CV Mode
2025-06-27 12:10:43,567 - gui.flash_sinter_gui - INFO - Power supply in CV Mode
2025-06-27 12:10:43,694 - gui.flash_sinter_gui - INFO - Power supply in CV Mode
2025-06-27 12:10:43,812 - gui.flash_sinter_gui - INFO - Power supply in CV Mode
2025-06-27 12:10:43,927 - gui.flash_sinter_gui - INFO - Power supply in CV Mode
2025-06-27 12:10:44,021 - gui.flash_sinter_gui - INFO - Power supply in CV Mode
2025-06-27 12:10:44,145 - gui.flash_sinter_gui - INFO - Power supply in CV Mode
2025-06-27 12:10:44,242 - gui.flash_sinter_gui - INFO - Power supply in CV Mode
2025-06-27 12:10:44,373 - gui.flash_sinter_gui - INFO - Power supply in CV Mode
2025-06-27 12:10:44,461 - gui.flash_sinter_gui - INFO - Power supply in CV Mode
2025-06-27 12:10:44,568 - gui.flash_sinter_gui - INFO - Power supply in CV Mode
2025-06-27 12:10:44,663 - gui.flash_sinter_gui - INFO - Power supply in CV Mode
2025-06-27 12:10:44,791 - gui.flash_sinter_gui - INFO - Power supply in CV Mode
2025-06-27 12:10:44,904 - gui.flash_sinter_gui - INFO - Power supply in CV Mode
2025-06-27 12:10:45,022 - gui.flash_sinter_gui - INFO - Power supply in CV Mode
2025-06-27 12:10:45,114 - gui.flash_sinter_gui - INFO - Power supply in CV Mode
2025-06-27 12:10:45,221 - gui.flash_sinter_gui - INFO - Power supply in CV Mode
2025-06-27 12:10:45,314 - gui.flash_sinter_gui - INFO - Power supply in CV Mode
2025-06-27 12:10:45,449 - gui.flash_sinter_gui - INFO - Power supply in CV Mode
2025-06-27 12:10:45,550 - gui.flash_sinter_gui - INFO - Power supply in CV Mode
2025-06-27 12:10:45,663 - gui.flash_sinter_gui - INFO - Power supply in CV Mode
2025-06-27 12:10:45,753 - gui.flash_sinter_gui - INFO - Power supply in CV Mode
2025-06-27 12:10:45,878 - gui.flash_sinter_gui - INFO - Power supply in CV Mode
2025-06-27 12:10:45,991 - gui.flash_sinter_gui - INFO - Power supply in CV Mode
2025-06-27 12:10:46,111 - gui.flash_sinter_gui - INFO - Power supply in CV Mode
2025-06-27 12:10:46,217 - gui.flash_sinter_gui - INFO - Power supply in CV Mode
2025-06-27 12:10:46,322 - gui.flash_sinter_gui - INFO - Power supply in CV Mode
2025-06-27 12:10:46,428 - gui.flash_sinter_gui - INFO - Power supply in CV Mode
2025-06-27 12:10:46,564 - gui.flash_sinter_gui - INFO - Power supply in CV Mode
2025-06-27 12:10:46,653 - gui.flash_sinter_gui - INFO - Power supply in CV Mode
2025-06-27 12:10:46,760 - gui.flash_sinter_gui - INFO - Power supply in CV Mode
2025-06-27 12:10:46,857 - gui.flash_sinter_gui - INFO - Power supply in CV Mode
2025-06-27 12:10:46,986 - gui.flash_sinter_gui - INFO - Power supply in CV Mode
2025-06-27 12:10:47,095 - gui.flash_sinter_gui - INFO - Power supply in CV Mode
2025-06-27 12:10:47,216 - gui.flash_sinter_gui - INFO - Power supply in CV Mode
2025-06-27 12:10:47,311 - gui.flash_sinter_gui - INFO - Power supply in CV Mode
2025-06-27 12:10:47,434 - gui.flash_sinter_gui - INFO - Power supply in CV Mode
2025-06-27 12:10:47,520 - gui.flash_sinter_gui - INFO - Power supply in CV Mode
2025-06-27 12:10:47,666 - gui.flash_sinter_gui - INFO - Power supply in CV Mode
2025-06-27 12:10:47,764 - gui.flash_sinter_gui - INFO - Power supply in CV Mode
2025-06-27 12:10:47,881 - gui.flash_sinter_gui - INFO - Power supply in CV Mode
2025-06-27 12:10:47,977 - gui.flash_sinter_gui - INFO - Power supply in CV Mode
2025-06-27 12:10:48,099 - gui.flash_sinter_gui - INFO - Power supply in CV Mode
2025-06-27 12:10:48,219 - gui.flash_sinter_gui - INFO - Power supply in CV Mode
2025-06-27 12:10:48,339 - gui.flash_sinter_gui - INFO - Power supply in CV Mode
2025-06-27 12:10:48,438 - gui.flash_sinter_gui - INFO - Power supply in CV Mode
2025-06-27 12:10:48,558 - gui.flash_sinter_gui - INFO - Power supply in CV Mode
2025-06-27 12:10:48,653 - gui.flash_sinter_gui - INFO - Power supply in CV Mode
2025-06-27 12:10:48,793 - gui.flash_sinter_gui - INFO - Power supply in CV Mode
2025-06-27 12:10:48,893 - gui.flash_sinter_gui - INFO - Power supply in CV Mode
2025-06-27 12:10:49,011 - gui.flash_sinter_gui - INFO - Power supply in CV Mode
2025-06-27 12:10:49,109 - gui.flash_sinter_gui - INFO - Power supply in CV Mode
2025-06-27 12:10:49,228 - gui.flash_sinter_gui - INFO - Power supply in CV Mode
2025-06-27 12:10:49,347 - gui.flash_sinter_gui - INFO - Power supply in CV Mode
2025-06-27 12:10:49,468 - gui.flash_sinter_gui - INFO - Power supply in CV Mode
2025-06-27 12:10:49,564 - gui.flash_sinter_gui - INFO - Power supply in CV Mode
2025-06-27 12:10:49,689 - gui.flash_sinter_gui - INFO - Power supply in CV Mode
2025-06-27 12:10:49,788 - gui.flash_sinter_gui - INFO - Power supply in CV Mode
2025-06-27 12:10:49,934 - gui.flash_sinter_gui - INFO - Power supply in CV Mode
2025-06-27 12:10:50,034 - gui.flash_sinter_gui - INFO - Power supply in CV Mode
2025-06-27 12:10:50,162 - gui.flash_sinter_gui - INFO - Power supply in CV Mode
2025-06-27 12:10:50,259 - gui.flash_sinter_gui - INFO - Power supply in CV Mode
2025-06-27 12:10:50,381 - gui.flash_sinter_gui - INFO - Power supply in CV Mode
2025-06-27 12:10:50,502 - gui.flash_sinter_gui - INFO - Power supply in CV Mode
2025-06-27 12:10:50,625 - gui.flash_sinter_gui - INFO - Power supply in CV Mode
2025-06-27 12:10:50,730 - gui.flash_sinter_gui - INFO - Power supply in CV Mode
2025-06-27 12:10:50,854 - gui.flash_sinter_gui - INFO - Power supply in CV Mode
2025-06-27 12:10:50,951 - gui.flash_sinter_gui - INFO - Power supply in CV Mode
2025-06-27 12:10:51,099 - gui.flash_sinter_gui - INFO - Power supply in CV Mode
2025-06-27 12:10:51,197 - gui.flash_sinter_gui - INFO - Power supply in CV Mode
2025-06-27 12:10:51,325 - gui.flash_sinter_gui - INFO - Power supply in CV Mode
2025-06-27 12:10:51,423 - gui.flash_sinter_gui - INFO - Power supply in CV Mode
2025-06-27 12:10:51,547 - gui.flash_sinter_gui - INFO - Power supply in CV Mode
2025-06-27 12:10:51,666 - gui.flash_sinter_gui - INFO - Power supply in CV Mode
2025-06-27 12:10:51,795 - gui.flash_sinter_gui - INFO - Power supply in CV Mode
2025-06-27 12:10:51,894 - gui.flash_sinter_gui - INFO - Power supply in CV Mode
2025-06-27 12:10:52,023 - gui.flash_sinter_gui - INFO - Power supply in CV Mode
2025-06-27 12:10:52,119 - gui.flash_sinter_gui - INFO - Power supply in CV Mode
2025-06-27 12:10:52,271 - gui.flash_sinter_gui - INFO - Power supply in CV Mode
2025-06-27 12:10:52,368 - gui.flash_sinter_gui - INFO - Power supply in CV Mode
2025-06-27 12:10:52,500 - gui.flash_sinter_gui - INFO - Power supply in CV Mode
2025-06-27 12:10:52,599 - gui.flash_sinter_gui - INFO - Power supply in CV Mode
2025-06-27 12:10:52,730 - gui.flash_sinter_gui - INFO - Power supply in CV Mode
2025-06-27 12:10:52,848 - gui.flash_sinter_gui - INFO - Power supply in CV Mode
2025-06-27 12:10:52,983 - gui.flash_sinter_gui - INFO - Power supply in CV Mode
2025-06-27 12:10:53,082 - gui.flash_sinter_gui - INFO - Power supply in CV Mode
2025-06-27 12:10:53,215 - gui.flash_sinter_gui - INFO - Power supply in CV Mode
2025-06-27 12:10:53,313 - gui.flash_sinter_gui - INFO - Power supply in CV Mode
2025-06-27 12:10:53,470 - gui.flash_sinter_gui - INFO - Power supply in CV Mode
2025-06-27 12:10:53,568 - gui.flash_sinter_gui - INFO - Power supply in CV Mode
2025-06-27 12:10:53,701 - gui.flash_sinter_gui - INFO - Power supply in CV Mode
2025-06-27 12:10:53,801 - gui.flash_sinter_gui - INFO - Power supply in CV Mode
2025-06-27 12:10:53,935 - gui.flash_sinter_gui - INFO - Power supply in CV Mode
2025-06-27 12:10:54,054 - gui.flash_sinter_gui - INFO - Power supply in CV Mode
2025-06-27 12:10:54,193 - gui.flash_sinter_gui - INFO - Power supply in CV Mode
2025-06-27 12:10:54,293 - gui.flash_sinter_gui - INFO - Power supply in CV Mode
2025-06-27 12:10:54,432 - gui.flash_sinter_gui - INFO - Power supply in CV Mode
2025-06-27 12:10:54,530 - gui.flash_sinter_gui - INFO - Power supply in CV Mode
2025-06-27 12:10:54,690 - gui.flash_sinter_gui - INFO - Power supply in CV Mode
2025-06-27 12:10:54,787 - gui.flash_sinter_gui - INFO - Power supply in CV Mode
2025-06-27 12:10:54,926 - gui.flash_sinter_gui - INFO - Power supply in CV Mode
2025-06-27 12:10:55,023 - gui.flash_sinter_gui - INFO - Power supply in CV Mode
2025-06-27 12:10:55,164 - gui.flash_sinter_gui - INFO - Power supply in CV Mode
2025-06-27 12:10:55,283 - gui.flash_sinter_gui - INFO - Power supply in CV Mode
2025-06-27 12:10:55,429 - gui.flash_sinter_gui - INFO - Power supply in CV Mode
2025-06-27 12:10:55,526 - gui.flash_sinter_gui - INFO - Power supply in CV Mode
2025-06-27 12:10:55,667 - gui.flash_sinter_gui - INFO - Power supply in CV Mode
2025-06-27 12:10:55,766 - gui.flash_sinter_gui - INFO - Power supply in CV Mode
2025-06-27 12:10:55,926 - gui.flash_sinter_gui - INFO - Power supply in CV Mode
2025-06-27 12:10:56,011 - gui.flash_sinter_gui - INFO - Power supply in CV Mode
2025-06-27 12:10:56,159 - gui.flash_sinter_gui - INFO - Power supply in CV Mode
2025-06-27 12:10:56,259 - gui.flash_sinter_gui - INFO - Power supply in CV Mode
2025-06-27 12:10:56,402 - gui.flash_sinter_gui - INFO - Power supply in CV Mode
2025-06-27 12:10:56,522 - gui.flash_sinter_gui - INFO - Power supply in CV Mode
2025-06-27 12:10:56,669 - gui.flash_sinter_gui - INFO - Power supply in CV Mode
2025-06-27 12:10:56,768 - gui.flash_sinter_gui - INFO - Power supply in CV Mode
2025-06-27 12:10:56,913 - gui.flash_sinter_gui - INFO - Power supply in CV Mode
2025-06-27 12:10:57,014 - gui.flash_sinter_gui - INFO - Power supply in CV Mode
2025-06-27 12:10:57,163 - gui.flash_sinter_gui - INFO - Power supply in CV Mode
2025-06-27 12:10:57,263 - gui.flash_sinter_gui - INFO - Power supply in CV Mode
2025-06-27 12:10:57,411 - gui.flash_sinter_gui - INFO - Power supply in CV Mode
2025-06-27 12:10:57,512 - gui.flash_sinter_gui - INFO - Power supply in CV Mode
2025-06-27 12:10:57,660 - gui.flash_sinter_gui - INFO - Power supply in CV Mode
2025-06-27 12:10:57,760 - gui.flash_sinter_gui - INFO - Power supply in CV Mode
2025-06-27 12:10:57,929 - gui.flash_sinter_gui - INFO - Power supply in CV Mode
2025-06-27 12:10:58,029 - gui.flash_sinter_gui - INFO - Power supply in CV Mode
2025-06-27 12:10:58,178 - gui.flash_sinter_gui - INFO - Power supply in CV Mode
2025-06-27 12:10:58,278 - gui.flash_sinter_gui - INFO - Power supply in CV Mode
2025-06-27 12:10:58,431 - gui.flash_sinter_gui - INFO - Power supply in CV Mode
2025-06-27 12:10:58,533 - gui.flash_sinter_gui - INFO - Power supply in CV Mode
2025-06-27 12:10:58,688 - gui.flash_sinter_gui - INFO - Power supply in CV Mode
2025-06-27 12:10:58,758 - gui.flash_sinter_gui - INFO - Video recording stopped
2025-06-27 12:10:58,794 - gui.flash_sinter_gui - INFO - Power supply in CV Mode
2025-06-27 12:10:58,946 - gui.flash_sinter_gui - INFO - Power supply in CV Mode
2025-06-27 12:10:59,046 - gui.flash_sinter_gui - INFO - Power supply in CV Mode
2025-06-27 12:10:59,192 - gui.flash_sinter_gui - INFO - Power supply in CV Mode
2025-06-27 12:10:59,291 - gui.flash_sinter_gui - INFO - Power supply in CV Mode
2025-06-27 12:10:59,442 - gui.flash_sinter_gui - INFO - Power supply in CV Mode
2025-06-27 12:10:59,537 - gui.flash_sinter_gui - INFO - Power supply in CV Mode
2025-06-27 12:10:59,689 - gui.flash_sinter_gui - INFO - Power supply in CV Mode
2025-06-27 12:10:59,788 - gui.flash_sinter_gui - INFO - Power supply in CV Mode
2025-06-27 12:10:59,945 - gui.flash_sinter_gui - INFO - Power supply in CV Mode
2025-06-27 12:11:00,055 - gui.flash_sinter_gui - INFO - Power supply in CV Mode
2025-06-27 12:11:00,206 - gui.flash_sinter_gui - INFO - Power supply in CV Mode
2025-06-27 12:11:00,303 - gui.flash_sinter_gui - INFO - Power supply in CV Mode
2025-06-27 12:11:00,454 - gui.flash_sinter_gui - INFO - Power supply in CV Mode
2025-06-27 12:11:00,548 - gui.flash_sinter_gui - INFO - Power supply in CV Mode
2025-06-27 12:11:00,698 - gui.flash_sinter_gui - INFO - Power supply in CV Mode
2025-06-27 12:11:00,795 - gui.flash_sinter_gui - INFO - Power supply in CV Mode
2025-06-27 12:11:00,946 - gui.flash_sinter_gui - INFO - Power supply in CV Mode
2025-06-27 12:11:00,981 - gui.flash_sinter_gui - INFO - Apply Parameters and Change Condition buttons disabled
2025-06-27 12:11:00,982 - gui.flash_sinter_gui - INFO - Neumorphic start button reset to inactive state - acquisition stopped
2025-06-27 12:11:00,985 - gui.flash_sinter_gui - INFO - Stopped process
2025-06-27 12:11:00,985 - gui.flash_sinter_gui - INFO - Closed data file: None
2025-06-27 12:11:32,885 - gui.flash_sinter_gui - INFO - Arduino response: Stepper motor control initialized
2025-06-27 12:11:32,960 - gui.flash_sinter_gui - INFO - Application closed and resources cleaned up
