2025-06-30 11:05:59,293 - gui.flash_sinter_gui - INFO - Apply Parameters and Change Condition buttons disabled
2025-06-30 11:06:01,296 - gui.flash_sinter_gui - INFO - Serial connection established with Arduino on COM11
2025-06-30 11:06:01,297 - gui.flash_sinter_gui - INFO - Initial parameters set: 0.4, 1.6, 1.0, 30.0, 100.0, Hold Time: 60.0s
2025-06-30 11:06:01,297 - gui.flash_sinter_gui - INFO - Initial voltage: 12.00V, current: 160.00mA
2025-06-30 11:06:07,375 - gui.flash_sinter_gui - INFO - Selected file for saving: C:/Users/user/Desktop/working code - Copy/data/experiment_data_20250630_110606.txt
2025-06-30 11:06:08,668 - gui.flash_sinter_gui - INFO - Apply Parameters and Change Condition buttons enabled
2025-06-30 11:06:08,668 - gui.flash_sinter_gui - INFO - Neumorphic start button activated
2025-06-30 11:06:08,668 - gui.flash_sinter_gui - INFO - Data will be saved to: C:/Users/user/Desktop/working code - Copy/data/experiment_data_20250630_110606.txt
2025-06-30 11:06:08,669 - gui.flash_sinter_gui - INFO - Updated parameters: 0.4, 1.6, 1.0, 30.0, 100.0, Hold Time: 60.0s
2025-06-30 11:06:08,669 - gui.flash_sinter_gui - INFO - Calculated voltage: 12.00V, current: 160.00mA
2025-06-30 11:06:29,291 - gui.flash_sinter_gui - INFO - Updated parameters: 1.0, 1.6, 1.0, 300.0, 100.0, Hold Time: 15.0s
2025-06-30 11:06:29,291 - gui.flash_sinter_gui - INFO - Calculated voltage: 300.00V, current: 160.00mA
2025-06-30 11:06:29,547 - gui.flash_sinter_gui - INFO - Updated parameters: 1.0, 1.6, 1.0, 300.0, 100.0, Hold Time: 15.0s
2025-06-30 11:06:29,548 - gui.flash_sinter_gui - INFO - Calculated voltage: 300.00V, current: 160.00mA
2025-06-30 11:06:29,763 - gui.flash_sinter_gui - INFO - Updated parameters: 1.0, 1.6, 1.0, 300.0, 100.0, Hold Time: 15.0s
2025-06-30 11:06:29,764 - gui.flash_sinter_gui - INFO - Calculated voltage: 300.00V, current: 160.00mA
2025-06-30 11:06:29,939 - gui.flash_sinter_gui - INFO - Updated parameters: 1.0, 1.6, 1.0, 300.0, 100.0, Hold Time: 15.0s
2025-06-30 11:06:29,940 - gui.flash_sinter_gui - INFO - Calculated voltage: 300.00V, current: 160.00mA
2025-06-30 11:06:33,959 - gui.flash_sinter_gui - INFO - Started process with V=300.0V, I=160.0mA, Hold Time=15.0s
2025-06-30 11:06:33,960 - gui.flash_sinter_gui - INFO - Started saving data to C:/Users/user/Desktop/working code - Copy/data/experiment_data_20250630_110606.txt
2025-06-30 11:06:34,972 - gui.flash_sinter_gui - INFO - Added initial origin point (0,0) for clean graph start
2025-06-30 11:06:34,974 - gui.flash_sinter_gui - INFO - Power supply in CV Mode
2025-06-30 11:06:35,073 - gui.flash_sinter_gui - INFO - Power supply in CV Mode
2025-06-30 11:06:35,802 - gui.flash_sinter_gui - INFO - Power supply in CV Mode
2025-06-30 11:06:35,911 - gui.flash_sinter_gui - INFO - Power supply in CV Mode
2025-06-30 11:06:36,029 - gui.flash_sinter_gui - INFO - Power supply in CV Mode
2025-06-30 11:06:36,131 - gui.flash_sinter_gui - INFO - Power supply in CV Mode
2025-06-30 11:06:36,252 - gui.flash_sinter_gui - INFO - Power supply in CV Mode
2025-06-30 11:06:36,359 - gui.flash_sinter_gui - INFO - Power supply in CV Mode
2025-06-30 11:06:36,462 - gui.flash_sinter_gui - INFO - Power supply in CV Mode
2025-06-30 11:06:36,565 - gui.flash_sinter_gui - INFO - Power supply in CV Mode
2025-06-30 11:06:36,677 - gui.flash_sinter_gui - INFO - Power supply in CV Mode
2025-06-30 11:06:36,803 - gui.flash_sinter_gui - INFO - Power supply in CV Mode
2025-06-30 11:06:36,913 - gui.flash_sinter_gui - INFO - Power supply in CV Mode
2025-06-30 11:06:37,015 - gui.flash_sinter_gui - INFO - Power supply in CV Mode
2025-06-30 11:06:37,122 - gui.flash_sinter_gui - INFO - Power supply in CV Mode
2025-06-30 11:06:37,221 - gui.flash_sinter_gui - INFO - Power supply in CV Mode
2025-06-30 11:06:37,364 - gui.flash_sinter_gui - INFO - Power supply in CV Mode
2025-06-30 11:06:37,475 - gui.flash_sinter_gui - INFO - Power supply in CV Mode
2025-06-30 11:06:37,591 - gui.flash_sinter_gui - INFO - Power supply in CV Mode
2025-06-30 11:06:37,690 - gui.flash_sinter_gui - INFO - Power supply in CV Mode
2025-06-30 11:06:37,780 - gui.flash_sinter_gui - INFO - Power supply in CV Mode
2025-06-30 11:06:37,904 - gui.flash_sinter_gui - INFO - Power supply in CV Mode
2025-06-30 11:06:38,012 - gui.flash_sinter_gui - INFO - Power supply in CV Mode
2025-06-30 11:06:38,104 - gui.flash_sinter_gui - INFO - Power supply in CV Mode
2025-06-30 11:06:38,211 - gui.flash_sinter_gui - INFO - Power supply in CV Mode
2025-06-30 11:06:38,314 - gui.flash_sinter_gui - INFO - Power supply in CV Mode
2025-06-30 11:06:38,443 - gui.flash_sinter_gui - INFO - Power supply in CV Mode
2025-06-30 11:06:38,552 - gui.flash_sinter_gui - INFO - Power supply in CV Mode
2025-06-30 11:06:38,664 - gui.flash_sinter_gui - INFO - Power supply in CV Mode
2025-06-30 11:06:38,762 - gui.flash_sinter_gui - INFO - Power supply in CV Mode
2025-06-30 11:06:38,860 - gui.flash_sinter_gui - INFO - Power supply in CV Mode
2025-06-30 11:06:38,988 - gui.flash_sinter_gui - INFO - Power supply in CV Mode
2025-06-30 11:06:39,091 - gui.flash_sinter_gui - INFO - Power supply in CV Mode
2025-06-30 11:06:39,202 - gui.flash_sinter_gui - INFO - Power supply in CV Mode
2025-06-30 11:06:39,308 - gui.flash_sinter_gui - INFO - Power supply in CV Mode
2025-06-30 11:06:39,412 - gui.flash_sinter_gui - INFO - Power supply in CV Mode
2025-06-30 11:06:39,552 - gui.flash_sinter_gui - INFO - Power supply in CV Mode
2025-06-30 11:06:39,657 - gui.flash_sinter_gui - INFO - Power supply in CV Mode
2025-06-30 11:06:39,771 - gui.flash_sinter_gui - INFO - Power supply in CV Mode
2025-06-30 11:06:39,875 - gui.flash_sinter_gui - INFO - Power supply in CV Mode
2025-06-30 11:06:39,992 - gui.flash_sinter_gui - INFO - Power supply in CV Mode
2025-06-30 11:06:40,114 - gui.flash_sinter_gui - INFO - Power supply in CV Mode
2025-06-30 11:06:40,221 - gui.flash_sinter_gui - INFO - Power supply in CV Mode
2025-06-30 11:06:40,323 - gui.flash_sinter_gui - INFO - Power supply in CV Mode
2025-06-30 11:06:40,442 - gui.flash_sinter_gui - INFO - Power supply in CV Mode
2025-06-30 11:06:40,544 - gui.flash_sinter_gui - INFO - Power supply in CV Mode
2025-06-30 11:06:40,671 - gui.flash_sinter_gui - INFO - Power supply in CV Mode
2025-06-30 11:06:40,771 - gui.flash_sinter_gui - INFO - Power supply in CV Mode
2025-06-30 11:06:40,884 - gui.flash_sinter_gui - INFO - Power supply in CV Mode
2025-06-30 11:06:40,980 - gui.flash_sinter_gui - INFO - Power supply in CV Mode
2025-06-30 11:06:41,072 - gui.flash_sinter_gui - INFO - Power supply in CV Mode
2025-06-30 11:06:41,201 - gui.flash_sinter_gui - INFO - Power supply in CV Mode
2025-06-30 11:06:41,308 - gui.flash_sinter_gui - INFO - Power supply in CV Mode
2025-06-30 11:06:41,407 - gui.flash_sinter_gui - INFO - Power supply in CV Mode
2025-06-30 11:06:41,532 - gui.flash_sinter_gui - INFO - Power supply in CV Mode
2025-06-30 11:06:41,642 - gui.flash_sinter_gui - INFO - Power supply in CV Mode
2025-06-30 11:06:41,767 - gui.flash_sinter_gui - INFO - Power supply in CV Mode
2025-06-30 11:06:41,872 - gui.flash_sinter_gui - INFO - Power supply in CV Mode
2025-06-30 11:06:41,980 - gui.flash_sinter_gui - INFO - Power supply in CV Mode
2025-06-30 11:06:42,091 - gui.flash_sinter_gui - INFO - Power supply in CV Mode
2025-06-30 11:06:42,192 - gui.flash_sinter_gui - INFO - Power supply in CV Mode
2025-06-30 11:06:42,317 - gui.flash_sinter_gui - INFO - Power supply in CV Mode
2025-06-30 11:06:42,421 - gui.flash_sinter_gui - INFO - Power supply in CV Mode
2025-06-30 11:06:42,532 - gui.flash_sinter_gui - INFO - Power supply in CV Mode
2025-06-30 11:06:42,622 - gui.flash_sinter_gui - INFO - Power supply in CV Mode
2025-06-30 11:06:42,723 - gui.flash_sinter_gui - INFO - Power supply in CV Mode
2025-06-30 11:06:42,857 - gui.flash_sinter_gui - INFO - Power supply in CV Mode
2025-06-30 11:06:42,960 - gui.flash_sinter_gui - INFO - Power supply in CV Mode
2025-06-30 11:06:43,064 - gui.flash_sinter_gui - INFO - Power supply in CV Mode
2025-06-30 11:06:43,165 - gui.flash_sinter_gui - INFO - Power supply in CV Mode
2025-06-30 11:06:43,272 - gui.flash_sinter_gui - INFO - Power supply in CV Mode
2025-06-30 11:06:43,399 - gui.flash_sinter_gui - INFO - Power supply in CV Mode
2025-06-30 11:06:43,503 - gui.flash_sinter_gui - INFO - Power supply in CV Mode
2025-06-30 11:06:43,601 - gui.flash_sinter_gui - INFO - Power supply in CV Mode
2025-06-30 11:06:43,700 - gui.flash_sinter_gui - INFO - Power supply in CV Mode
2025-06-30 11:06:43,811 - gui.flash_sinter_gui - INFO - Power supply in CV Mode
2025-06-30 11:06:43,941 - gui.flash_sinter_gui - INFO - Power supply in CV Mode
2025-06-30 11:06:44,035 - gui.flash_sinter_gui - INFO - Power supply in CV Mode
2025-06-30 11:06:44,150 - gui.flash_sinter_gui - INFO - Power supply in CV Mode
2025-06-30 11:06:44,251 - gui.flash_sinter_gui - INFO - Power supply in CV Mode
2025-06-30 11:06:44,361 - gui.flash_sinter_gui - INFO - Power supply in CV Mode
2025-06-30 11:06:44,481 - gui.flash_sinter_gui - INFO - Power supply in CV Mode
2025-06-30 11:06:44,585 - gui.flash_sinter_gui - INFO - Power supply in CV Mode
2025-06-30 11:06:44,691 - gui.flash_sinter_gui - INFO - Power supply in CV Mode
2025-06-30 11:06:44,800 - gui.flash_sinter_gui - INFO - Power supply in CV Mode
2025-06-30 11:06:44,909 - gui.flash_sinter_gui - INFO - Power supply in CV Mode
2025-06-30 11:06:45,021 - gui.flash_sinter_gui - INFO - Power supply in CV Mode
2025-06-30 11:06:45,121 - gui.flash_sinter_gui - INFO - Power supply in CV Mode
2025-06-30 11:06:45,230 - gui.flash_sinter_gui - INFO - Power supply in CV Mode
2025-06-30 11:06:45,331 - gui.flash_sinter_gui - INFO - Power supply in CV Mode
2025-06-30 11:06:45,435 - gui.flash_sinter_gui - INFO - Power supply in CV Mode
2025-06-30 11:06:45,563 - gui.flash_sinter_gui - INFO - Power supply in CV Mode
2025-06-30 11:06:45,670 - gui.flash_sinter_gui - INFO - Power supply in CV Mode
2025-06-30 11:06:45,771 - gui.flash_sinter_gui - INFO - Power supply in CV Mode
2025-06-30 11:06:45,871 - gui.flash_sinter_gui - INFO - Power supply in CV Mode
2025-06-30 11:06:45,981 - gui.flash_sinter_gui - INFO - Power supply in CV Mode
2025-06-30 11:06:46,122 - gui.flash_sinter_gui - INFO - Power supply in CV Mode
2025-06-30 11:06:46,220 - gui.flash_sinter_gui - INFO - Power supply in CV Mode
2025-06-30 11:06:46,320 - gui.flash_sinter_gui - INFO - Power supply in CV Mode
2025-06-30 11:06:46,422 - gui.flash_sinter_gui - INFO - Power supply in CV Mode
2025-06-30 11:06:46,531 - gui.flash_sinter_gui - INFO - Power supply in CV Mode
2025-06-30 11:06:46,652 - gui.flash_sinter_gui - INFO - Power supply in CV Mode
2025-06-30 11:06:46,760 - gui.flash_sinter_gui - INFO - Power supply in CV Mode
2025-06-30 11:06:46,869 - gui.flash_sinter_gui - INFO - Power supply in CV Mode
2025-06-30 11:06:46,981 - gui.flash_sinter_gui - INFO - Power supply in CV Mode
2025-06-30 11:06:47,081 - gui.flash_sinter_gui - INFO - Power supply in CV Mode
2025-06-30 11:06:47,217 - gui.flash_sinter_gui - INFO - Power supply in CV Mode
2025-06-30 11:06:47,320 - gui.flash_sinter_gui - INFO - Power supply in CV Mode
2025-06-30 11:06:47,431 - gui.flash_sinter_gui - INFO - Power supply in CV Mode
2025-06-30 11:06:47,537 - gui.flash_sinter_gui - INFO - Power supply in CV Mode
2025-06-30 11:06:47,650 - gui.flash_sinter_gui - INFO - Power supply in CV Mode
2025-06-30 11:06:47,773 - gui.flash_sinter_gui - INFO - Power supply in CV Mode
2025-06-30 11:06:47,875 - gui.flash_sinter_gui - INFO - Power supply in CV Mode
2025-06-30 11:06:47,981 - gui.flash_sinter_gui - INFO - Power supply in CV Mode
2025-06-30 11:06:48,080 - gui.flash_sinter_gui - INFO - Power supply in CV Mode
2025-06-30 11:06:48,185 - gui.flash_sinter_gui - INFO - Power supply in CV Mode
2025-06-30 11:06:48,315 - gui.flash_sinter_gui - INFO - Power supply in CV Mode
2025-06-30 11:06:48,412 - gui.flash_sinter_gui - INFO - Power supply in CV Mode
2025-06-30 11:06:48,521 - gui.flash_sinter_gui - INFO - Power supply in CV Mode
2025-06-30 11:06:48,630 - gui.flash_sinter_gui - INFO - Power supply in CV Mode
2025-06-30 11:06:48,741 - gui.flash_sinter_gui - INFO - Power supply in CV Mode
2025-06-30 11:06:48,873 - gui.flash_sinter_gui - INFO - Power supply in CV Mode
2025-06-30 11:06:48,990 - gui.flash_sinter_gui - INFO - Power supply in CV Mode
2025-06-30 11:06:49,091 - gui.flash_sinter_gui - INFO - Power supply in CV Mode
2025-06-30 11:06:49,191 - gui.flash_sinter_gui - INFO - Power supply in CV Mode
2025-06-30 11:06:49,295 - gui.flash_sinter_gui - INFO - Power supply in CV Mode
2025-06-30 11:06:49,423 - gui.flash_sinter_gui - INFO - Power supply in CV Mode
2025-06-30 11:06:49,520 - gui.flash_sinter_gui - INFO - Power supply in CV Mode
2025-06-30 11:06:49,620 - gui.flash_sinter_gui - INFO - Power supply in CV Mode
2025-06-30 11:06:49,730 - gui.flash_sinter_gui - INFO - Power supply in CV Mode
2025-06-30 11:06:49,830 - gui.flash_sinter_gui - INFO - Power supply in CV Mode
2025-06-30 11:06:49,953 - gui.flash_sinter_gui - INFO - Power supply in CV Mode
2025-06-30 11:06:50,062 - gui.flash_sinter_gui - INFO - Power supply in CV Mode
2025-06-30 11:06:50,166 - gui.flash_sinter_gui - INFO - Power supply in CV Mode
2025-06-30 11:06:50,289 - gui.flash_sinter_gui - INFO - Power supply in CV Mode
2025-06-30 11:06:50,386 - gui.flash_sinter_gui - INFO - Power supply in CV Mode
2025-06-30 11:06:50,497 - gui.flash_sinter_gui - INFO - Power supply in CV Mode
2025-06-30 11:06:50,609 - gui.flash_sinter_gui - INFO - Power supply in CV Mode
2025-06-30 11:06:50,720 - gui.flash_sinter_gui - INFO - Power supply in CV Mode
2025-06-30 11:06:50,823 - gui.flash_sinter_gui - INFO - Power supply in CV Mode
2025-06-30 11:06:50,940 - gui.flash_sinter_gui - INFO - Power supply in CV Mode
2025-06-30 11:06:51,062 - gui.flash_sinter_gui - INFO - Power supply in CV Mode
2025-06-30 11:06:51,160 - gui.flash_sinter_gui - INFO - Power supply in CV Mode
2025-06-30 11:06:51,262 - gui.flash_sinter_gui - INFO - Power supply in CV Mode
2025-06-30 11:06:51,371 - gui.flash_sinter_gui - INFO - Power supply in CV Mode
2025-06-30 11:06:51,472 - gui.flash_sinter_gui - INFO - Power supply in CV Mode
2025-06-30 11:06:51,594 - gui.flash_sinter_gui - INFO - Power supply in CV Mode
2025-06-30 11:06:51,703 - gui.flash_sinter_gui - INFO - Power supply in CV Mode
2025-06-30 11:06:51,822 - gui.flash_sinter_gui - INFO - Power supply in CV Mode
2025-06-30 11:06:51,931 - gui.flash_sinter_gui - INFO - Power supply in CV Mode
2025-06-30 11:06:52,041 - gui.flash_sinter_gui - INFO - Power supply in CV Mode
2025-06-30 11:06:52,163 - gui.flash_sinter_gui - INFO - Power supply in CV Mode
2025-06-30 11:06:52,281 - gui.flash_sinter_gui - INFO - Power supply in CV Mode
2025-06-30 11:06:52,381 - gui.flash_sinter_gui - INFO - Power supply in CV Mode
2025-06-30 11:06:52,491 - gui.flash_sinter_gui - INFO - Power supply in CV Mode
2025-06-30 11:06:52,595 - gui.flash_sinter_gui - INFO - Power supply in CV Mode
2025-06-30 11:06:52,720 - gui.flash_sinter_gui - INFO - Power supply in CV Mode
2025-06-30 11:06:52,821 - gui.flash_sinter_gui - INFO - Power supply in CV Mode
2025-06-30 11:06:52,931 - gui.flash_sinter_gui - INFO - Power supply in CV Mode
2025-06-30 11:06:53,041 - gui.flash_sinter_gui - INFO - Power supply in CV Mode
2025-06-30 11:06:53,155 - gui.flash_sinter_gui - INFO - Power supply in CV Mode
2025-06-30 11:06:53,283 - gui.flash_sinter_gui - INFO - Power supply in CV Mode
2025-06-30 11:06:53,391 - gui.flash_sinter_gui - INFO - Power supply in CV Mode
2025-06-30 11:06:53,496 - gui.flash_sinter_gui - INFO - Power supply in CV Mode
2025-06-30 11:06:53,601 - gui.flash_sinter_gui - INFO - Power supply in CV Mode
2025-06-30 11:06:53,703 - gui.flash_sinter_gui - INFO - Power supply in CV Mode
2025-06-30 11:06:53,826 - gui.flash_sinter_gui - INFO - Power supply in CV Mode
2025-06-30 11:06:53,932 - gui.flash_sinter_gui - INFO - Power supply in CV Mode
2025-06-30 11:06:54,026 - gui.flash_sinter_gui - INFO - Power supply in CV Mode
2025-06-30 11:06:54,131 - gui.flash_sinter_gui - INFO - Power supply in CV Mode
2025-06-30 11:06:54,251 - gui.flash_sinter_gui - INFO - Power supply in CV Mode
2025-06-30 11:06:54,376 - gui.flash_sinter_gui - INFO - Power supply in CV Mode
2025-06-30 11:06:54,492 - gui.flash_sinter_gui - INFO - Power supply in CV Mode
2025-06-30 11:06:54,591 - gui.flash_sinter_gui - INFO - Power supply in CV Mode
2025-06-30 11:06:54,701 - gui.flash_sinter_gui - INFO - Power supply in CV Mode
2025-06-30 11:06:54,809 - gui.flash_sinter_gui - INFO - Power supply in CV Mode
2025-06-30 11:06:54,943 - gui.flash_sinter_gui - INFO - Power supply in CV Mode
2025-06-30 11:06:55,041 - gui.flash_sinter_gui - INFO - Power supply in CV Mode
2025-06-30 11:06:55,151 - gui.flash_sinter_gui - INFO - Power supply in CV Mode
2025-06-30 11:06:55,272 - gui.flash_sinter_gui - INFO - Power supply in CV Mode
2025-06-30 11:06:55,381 - gui.flash_sinter_gui - INFO - Power supply in CV Mode
2025-06-30 11:06:55,507 - gui.flash_sinter_gui - INFO - Power supply in CV Mode
2025-06-30 11:06:55,619 - gui.flash_sinter_gui - INFO - Power supply in CV Mode
2025-06-30 11:06:55,726 - gui.flash_sinter_gui - INFO - Power supply in CV Mode
2025-06-30 11:06:55,832 - gui.flash_sinter_gui - INFO - Power supply in CV Mode
2025-06-30 11:06:55,927 - gui.flash_sinter_gui - INFO - Power supply in CV Mode
2025-06-30 11:06:56,049 - gui.flash_sinter_gui - INFO - Power supply in CV Mode
2025-06-30 11:06:56,155 - gui.flash_sinter_gui - INFO - Power supply in CV Mode
2025-06-30 11:06:56,272 - gui.flash_sinter_gui - INFO - Power supply in CV Mode
2025-06-30 11:06:56,371 - gui.flash_sinter_gui - INFO - Power supply in CV Mode
2025-06-30 11:06:56,473 - gui.flash_sinter_gui - INFO - Power supply in CV Mode
2025-06-30 11:06:56,592 - gui.flash_sinter_gui - INFO - Power supply in CV Mode
2025-06-30 11:06:56,700 - gui.flash_sinter_gui - INFO - Power supply in CV Mode
2025-06-30 11:06:56,806 - gui.flash_sinter_gui - INFO - Power supply in CV Mode
2025-06-30 11:06:56,911 - gui.flash_sinter_gui - INFO - Power supply in CV Mode
2025-06-30 11:06:57,013 - gui.flash_sinter_gui - INFO - Power supply in CV Mode
2025-06-30 11:06:57,155 - gui.flash_sinter_gui - INFO - Power supply in CV Mode
2025-06-30 11:06:57,256 - gui.flash_sinter_gui - INFO - Power supply in CV Mode
2025-06-30 11:06:57,371 - gui.flash_sinter_gui - INFO - Power supply in CV Mode
2025-06-30 11:06:57,471 - gui.flash_sinter_gui - INFO - Power supply in CV Mode
2025-06-30 11:06:57,572 - gui.flash_sinter_gui - INFO - Power supply in CV Mode
2025-06-30 11:06:57,697 - gui.flash_sinter_gui - INFO - Power supply in CV Mode
2025-06-30 11:06:57,789 - gui.flash_sinter_gui - INFO - Power supply in CV Mode
2025-06-30 11:06:57,892 - gui.flash_sinter_gui - INFO - Power supply in CV Mode
2025-06-30 11:06:58,011 - gui.flash_sinter_gui - INFO - Power supply in CV Mode
2025-06-30 11:06:58,120 - gui.flash_sinter_gui - INFO - Power supply in CV Mode
2025-06-30 11:06:58,246 - gui.flash_sinter_gui - INFO - Power supply in CV Mode
2025-06-30 11:06:58,352 - gui.flash_sinter_gui - INFO - Power supply in CV Mode
2025-06-30 11:06:58,452 - gui.flash_sinter_gui - INFO - Power supply in CV Mode
2025-06-30 11:06:58,557 - gui.flash_sinter_gui - INFO - Power supply in CV Mode
2025-06-30 11:06:58,660 - gui.flash_sinter_gui - INFO - Power supply in CV Mode
2025-06-30 11:06:58,782 - gui.flash_sinter_gui - INFO - Power supply in CV Mode
2025-06-30 11:06:58,892 - gui.flash_sinter_gui - INFO - Power supply in CV Mode
2025-06-30 11:06:58,992 - gui.flash_sinter_gui - INFO - Power supply in CV Mode
2025-06-30 11:06:59,100 - gui.flash_sinter_gui - INFO - Power supply in CV Mode
2025-06-30 11:06:59,206 - gui.flash_sinter_gui - INFO - Power supply in CV Mode
2025-06-30 11:06:59,330 - gui.flash_sinter_gui - INFO - Power supply in CV Mode
2025-06-30 11:06:59,438 - gui.flash_sinter_gui - INFO - Power supply in CV Mode
2025-06-30 11:06:59,552 - gui.flash_sinter_gui - INFO - Power supply in CV Mode
2025-06-30 11:06:59,653 - gui.flash_sinter_gui - INFO - Power supply in CV Mode
2025-06-30 11:06:59,771 - gui.flash_sinter_gui - INFO - Power supply in CV Mode
2025-06-30 11:06:59,893 - gui.flash_sinter_gui - INFO - Power supply in CV Mode
2025-06-30 11:07:00,002 - gui.flash_sinter_gui - INFO - Power supply in CV Mode
2025-06-30 11:07:00,102 - gui.flash_sinter_gui - INFO - Power supply in CV Mode
2025-06-30 11:07:00,197 - gui.flash_sinter_gui - INFO - Power supply in CV Mode
2025-06-30 11:07:00,299 - gui.flash_sinter_gui - INFO - Power supply in CV Mode
2025-06-30 11:07:00,431 - gui.flash_sinter_gui - INFO - Power supply in CV Mode
2025-06-30 11:07:00,540 - gui.flash_sinter_gui - INFO - Power supply in CV Mode
2025-06-30 11:07:00,656 - gui.flash_sinter_gui - INFO - Power supply in CV Mode
2025-06-30 11:07:00,754 - gui.flash_sinter_gui - INFO - Power supply in CV Mode
2025-06-30 11:07:00,864 - gui.flash_sinter_gui - INFO - Power supply in CV Mode
2025-06-30 11:07:00,986 - gui.flash_sinter_gui - INFO - Power supply in CV Mode
2025-06-30 11:07:01,093 - gui.flash_sinter_gui - INFO - Power supply in CV Mode
2025-06-30 11:07:01,201 - gui.flash_sinter_gui - INFO - Power supply in CV Mode
2025-06-30 11:07:01,304 - gui.flash_sinter_gui - INFO - Power supply in CV Mode
2025-06-30 11:07:01,411 - gui.flash_sinter_gui - INFO - Power supply in CV Mode
2025-06-30 11:07:01,548 - gui.flash_sinter_gui - INFO - Power supply in CV Mode
2025-06-30 11:07:01,654 - gui.flash_sinter_gui - INFO - Power supply in CV Mode
2025-06-30 11:07:01,761 - gui.flash_sinter_gui - INFO - Power supply in CV Mode
2025-06-30 11:07:01,872 - gui.flash_sinter_gui - INFO - Power supply in CV Mode
2025-06-30 11:07:01,982 - gui.flash_sinter_gui - INFO - Power supply in CV Mode
2025-06-30 11:07:02,107 - gui.flash_sinter_gui - INFO - Power supply in CV Mode
2025-06-30 11:07:02,220 - gui.flash_sinter_gui - INFO - Power supply in CV Mode
2025-06-30 11:07:02,321 - gui.flash_sinter_gui - INFO - Power supply in CV Mode
2025-06-30 11:07:02,430 - gui.flash_sinter_gui - INFO - Power supply in CV Mode
2025-06-30 11:07:02,532 - gui.flash_sinter_gui - INFO - Power supply in CV Mode
2025-06-30 11:07:02,673 - gui.flash_sinter_gui - INFO - Power supply in CV Mode
2025-06-30 11:07:02,786 - gui.flash_sinter_gui - INFO - Power supply in CV Mode
2025-06-30 11:07:02,890 - gui.flash_sinter_gui - INFO - Power supply in CV Mode
2025-06-30 11:07:02,990 - gui.flash_sinter_gui - INFO - Power supply in CV Mode
2025-06-30 11:07:03,101 - gui.flash_sinter_gui - INFO - Power supply in CV Mode
2025-06-30 11:07:03,231 - gui.flash_sinter_gui - INFO - Power supply in CV Mode
2025-06-30 11:07:03,343 - gui.flash_sinter_gui - INFO - Power supply in CV Mode
2025-06-30 11:07:03,455 - gui.flash_sinter_gui - INFO - Power supply in CV Mode
2025-06-30 11:07:03,570 - gui.flash_sinter_gui - INFO - Power supply in CV Mode
2025-06-30 11:07:03,660 - gui.flash_sinter_gui - INFO - Power supply in CV Mode
2025-06-30 11:07:03,792 - gui.flash_sinter_gui - INFO - Power supply in CV Mode
2025-06-30 11:07:03,903 - gui.flash_sinter_gui - INFO - Power supply in CV Mode
2025-06-30 11:07:04,010 - gui.flash_sinter_gui - INFO - Power supply in CV Mode
2025-06-30 11:07:04,113 - gui.flash_sinter_gui - INFO - Power supply in CV Mode
2025-06-30 11:07:04,233 - gui.flash_sinter_gui - INFO - Power supply in CV Mode
2025-06-30 11:07:04,357 - gui.flash_sinter_gui - INFO - Power supply in CV Mode
2025-06-30 11:07:04,471 - gui.flash_sinter_gui - INFO - Power supply in CV Mode
2025-06-30 11:07:04,573 - gui.flash_sinter_gui - INFO - Power supply in CV Mode
2025-06-30 11:07:04,686 - gui.flash_sinter_gui - INFO - Power supply in CV Mode
2025-06-30 11:07:04,790 - gui.flash_sinter_gui - INFO - Power supply in CV Mode
2025-06-30 11:07:04,922 - gui.flash_sinter_gui - INFO - Power supply in CV Mode
2025-06-30 11:07:05,022 - gui.flash_sinter_gui - INFO - Power supply in CV Mode
2025-06-30 11:07:05,131 - gui.flash_sinter_gui - INFO - Power supply in CV Mode
2025-06-30 11:07:05,226 - gui.flash_sinter_gui - INFO - Power supply in CV Mode
2025-06-30 11:07:05,340 - gui.flash_sinter_gui - INFO - Power supply in CV Mode
2025-06-30 11:07:05,473 - gui.flash_sinter_gui - INFO - Power supply in CV Mode
2025-06-30 11:07:05,589 - gui.flash_sinter_gui - INFO - Power supply in CV Mode
2025-06-30 11:07:05,690 - gui.flash_sinter_gui - INFO - Power supply in CV Mode
2025-06-30 11:07:05,803 - gui.flash_sinter_gui - INFO - Power supply in CV Mode
2025-06-30 11:07:05,894 - gui.flash_sinter_gui - INFO - Power supply in CV Mode
2025-06-30 11:07:06,021 - gui.flash_sinter_gui - INFO - Power supply in CV Mode
2025-06-30 11:07:06,128 - gui.flash_sinter_gui - INFO - Power supply in CV Mode
2025-06-30 11:07:06,252 - gui.flash_sinter_gui - INFO - Power supply in CV Mode
2025-06-30 11:07:06,354 - gui.flash_sinter_gui - INFO - Power supply in CV Mode
2025-06-30 11:07:06,465 - gui.flash_sinter_gui - INFO - Power supply in CV Mode
2025-06-30 11:07:06,588 - gui.flash_sinter_gui - INFO - Power supply in CV Mode
2025-06-30 11:07:06,691 - gui.flash_sinter_gui - INFO - Power supply in CV Mode
2025-06-30 11:07:06,789 - gui.flash_sinter_gui - INFO - Power supply in CV Mode
2025-06-30 11:07:06,881 - gui.flash_sinter_gui - INFO - Power supply in CV Mode
2025-06-30 11:07:06,986 - gui.flash_sinter_gui - INFO - Power supply in CV Mode
2025-06-30 11:07:07,135 - gui.flash_sinter_gui - INFO - Power supply in CV Mode
2025-06-30 11:07:07,242 - gui.flash_sinter_gui - INFO - Power supply in CV Mode
2025-06-30 11:07:07,339 - gui.flash_sinter_gui - INFO - Power supply in CV Mode
2025-06-30 11:07:07,442 - gui.flash_sinter_gui - INFO - Power supply in CV Mode
2025-06-30 11:07:07,561 - gui.flash_sinter_gui - INFO - Power supply in CV Mode
2025-06-30 11:07:07,687 - gui.flash_sinter_gui - INFO - Power supply in CV Mode
2025-06-30 11:07:07,779 - gui.flash_sinter_gui - INFO - Power supply in CV Mode
2025-06-30 11:07:07,880 - gui.flash_sinter_gui - INFO - Power supply in CV Mode
2025-06-30 11:07:07,982 - gui.flash_sinter_gui - INFO - Power supply in CV Mode
2025-06-30 11:07:08,091 - gui.flash_sinter_gui - INFO - Power supply in CV Mode
2025-06-30 11:07:08,216 - gui.flash_sinter_gui - INFO - Power supply in CV Mode
2025-06-30 11:07:08,323 - gui.flash_sinter_gui - INFO - Power supply in CV Mode
2025-06-30 11:07:08,421 - gui.flash_sinter_gui - INFO - Power supply in CV Mode
2025-06-30 11:07:08,534 - gui.flash_sinter_gui - INFO - Power supply in CV Mode
2025-06-30 11:07:08,631 - gui.flash_sinter_gui - INFO - Power supply in CV Mode
2025-06-30 11:07:08,756 - gui.flash_sinter_gui - INFO - Power supply in CV Mode
2025-06-30 11:07:08,859 - gui.flash_sinter_gui - INFO - Power supply in CV Mode
2025-06-30 11:07:08,972 - gui.flash_sinter_gui - INFO - Power supply in CV Mode
2025-06-30 11:07:09,073 - gui.flash_sinter_gui - INFO - Power supply in CV Mode
2025-06-30 11:07:09,170 - gui.flash_sinter_gui - INFO - Power supply in CV Mode
2025-06-30 11:07:09,290 - gui.flash_sinter_gui - INFO - Power supply in CV Mode
2025-06-30 11:07:09,391 - gui.flash_sinter_gui - INFO - Power supply in CV Mode
2025-06-30 11:07:09,524 - gui.flash_sinter_gui - INFO - Power supply in CV Mode
2025-06-30 11:07:09,620 - gui.flash_sinter_gui - INFO - Power supply in CV Mode
2025-06-30 11:07:09,719 - gui.flash_sinter_gui - INFO - Power supply in CV Mode
2025-06-30 11:07:09,843 - gui.flash_sinter_gui - INFO - Power supply in CV Mode
2025-06-30 11:07:09,939 - gui.flash_sinter_gui - INFO - Power supply in CV Mode
2025-06-30 11:07:10,044 - gui.flash_sinter_gui - INFO - Power supply in CV Mode
2025-06-30 11:07:10,159 - gui.flash_sinter_gui - INFO - Power supply in CV Mode
2025-06-30 11:07:10,270 - gui.flash_sinter_gui - INFO - Power supply in CV Mode
2025-06-30 11:07:10,390 - gui.flash_sinter_gui - INFO - Power supply in CV Mode
2025-06-30 11:07:10,493 - gui.flash_sinter_gui - INFO - Power supply in CV Mode
2025-06-30 11:07:10,600 - gui.flash_sinter_gui - INFO - Power supply in CV Mode
2025-06-30 11:07:10,702 - gui.flash_sinter_gui - INFO - Power supply in CV Mode
2025-06-30 11:07:10,809 - gui.flash_sinter_gui - INFO - Power supply in CV Mode
2025-06-30 11:07:10,933 - gui.flash_sinter_gui - INFO - Power supply in CV Mode
2025-06-30 11:07:11,041 - gui.flash_sinter_gui - INFO - Power supply in CV Mode
2025-06-30 11:07:11,151 - gui.flash_sinter_gui - INFO - Power supply in CV Mode
2025-06-30 11:07:11,259 - gui.flash_sinter_gui - INFO - Power supply in CV Mode
2025-06-30 11:07:11,370 - gui.flash_sinter_gui - INFO - Power supply in CV Mode
2025-06-30 11:07:11,501 - gui.flash_sinter_gui - INFO - Power supply in CV Mode
2025-06-30 11:07:11,601 - gui.flash_sinter_gui - INFO - Power supply in CV Mode
2025-06-30 11:07:11,714 - gui.flash_sinter_gui - INFO - Power supply in CV Mode
2025-06-30 11:07:11,830 - gui.flash_sinter_gui - INFO - Power supply in CV Mode
2025-06-30 11:07:11,940 - gui.flash_sinter_gui - INFO - Power supply in CV Mode
2025-06-30 11:07:12,074 - gui.flash_sinter_gui - INFO - Power supply in CV Mode
2025-06-30 11:07:12,189 - gui.flash_sinter_gui - INFO - Power supply in CV Mode
2025-06-30 11:07:12,291 - gui.flash_sinter_gui - INFO - Power supply in CV Mode
2025-06-30 11:07:12,403 - gui.flash_sinter_gui - INFO - Power supply in CV Mode
2025-06-30 11:07:12,504 - gui.flash_sinter_gui - INFO - Power supply in CV Mode
2025-06-30 11:07:12,641 - gui.flash_sinter_gui - INFO - Power supply in CV Mode
2025-06-30 11:07:12,748 - gui.flash_sinter_gui - INFO - Power supply in CV Mode
2025-06-30 11:07:12,860 - gui.flash_sinter_gui - INFO - Power supply in CV Mode
2025-06-30 11:07:12,961 - gui.flash_sinter_gui - INFO - Power supply in CV Mode
2025-06-30 11:07:13,070 - gui.flash_sinter_gui - INFO - Power supply in CV Mode
2025-06-30 11:07:13,192 - gui.flash_sinter_gui - INFO - Power supply in CV Mode
2025-06-30 11:07:13,310 - gui.flash_sinter_gui - INFO - Power supply in CV Mode
2025-06-30 11:07:13,415 - gui.flash_sinter_gui - INFO - Power supply in CV Mode
2025-06-30 11:07:13,532 - gui.flash_sinter_gui - INFO - Power supply in CV Mode
2025-06-30 11:07:13,635 - gui.flash_sinter_gui - INFO - Power supply in CV Mode
2025-06-30 11:07:13,783 - gui.flash_sinter_gui - INFO - Power supply in CV Mode
2025-06-30 11:07:13,881 - gui.flash_sinter_gui - INFO - Power supply in CV Mode
2025-06-30 11:07:14,000 - gui.flash_sinter_gui - INFO - Power supply in CV Mode
2025-06-30 11:07:14,101 - gui.flash_sinter_gui - INFO - Power supply in CV Mode
2025-06-30 11:07:14,220 - gui.flash_sinter_gui - INFO - Power supply in CV Mode
2025-06-30 11:07:14,342 - gui.flash_sinter_gui - INFO - Power supply in CV Mode
2025-06-30 11:07:14,460 - gui.flash_sinter_gui - INFO - Power supply in CV Mode
2025-06-30 11:07:14,571 - gui.flash_sinter_gui - INFO - Power supply in CV Mode
2025-06-30 11:07:14,683 - gui.flash_sinter_gui - INFO - Power supply in CV Mode
2025-06-30 11:07:14,785 - gui.flash_sinter_gui - INFO - Power supply in CV Mode
2025-06-30 11:07:14,922 - gui.flash_sinter_gui - INFO - Power supply in CV Mode
2025-06-30 11:07:15,030 - gui.flash_sinter_gui - INFO - Power supply in CV Mode
2025-06-30 11:07:15,161 - gui.flash_sinter_gui - INFO - Power supply in CV Mode
2025-06-30 11:07:15,257 - gui.flash_sinter_gui - INFO - Power supply in CV Mode
2025-06-30 11:07:15,369 - gui.flash_sinter_gui - INFO - Power supply in CV Mode
2025-06-30 11:07:15,492 - gui.flash_sinter_gui - INFO - Power supply in CV Mode
2025-06-30 11:07:15,610 - gui.flash_sinter_gui - INFO - Power supply in CV Mode
2025-06-30 11:07:15,721 - gui.flash_sinter_gui - INFO - Power supply in CV Mode
2025-06-30 11:07:15,839 - gui.flash_sinter_gui - INFO - Power supply in CV Mode
2025-06-30 11:07:15,941 - gui.flash_sinter_gui - INFO - Power supply in CV Mode
2025-06-30 11:07:16,073 - gui.flash_sinter_gui - INFO - Power supply in CV Mode
2025-06-30 11:07:16,171 - gui.flash_sinter_gui - INFO - Power supply in CV Mode
2025-06-30 11:07:16,301 - gui.flash_sinter_gui - INFO - Power supply in CV Mode
2025-06-30 11:07:16,399 - gui.flash_sinter_gui - INFO - Power supply in CV Mode
2025-06-30 11:07:16,520 - gui.flash_sinter_gui - INFO - Power supply in CV Mode
2025-06-30 11:07:16,642 - gui.flash_sinter_gui - INFO - Power supply in CV Mode
2025-06-30 11:07:16,775 - gui.flash_sinter_gui - INFO - Power supply in CV Mode
2025-06-30 11:07:16,875 - gui.flash_sinter_gui - INFO - Power supply in CV Mode
2025-06-30 11:07:17,011 - gui.flash_sinter_gui - INFO - Power supply in CV Mode
2025-06-30 11:07:17,120 - gui.flash_sinter_gui - INFO - Power supply in CV Mode
2025-06-30 11:07:17,274 - gui.flash_sinter_gui - INFO - Power supply in CV Mode
2025-06-30 11:07:17,373 - gui.flash_sinter_gui - INFO - Power supply in CV Mode
2025-06-30 11:07:17,511 - gui.flash_sinter_gui - INFO - Power supply in CV Mode
2025-06-30 11:07:17,626 - gui.flash_sinter_gui - INFO - Power supply in CV Mode
2025-06-30 11:07:17,750 - gui.flash_sinter_gui - INFO - Power supply in CV Mode
2025-06-30 11:07:17,872 - gui.flash_sinter_gui - INFO - Power supply in CV Mode
2025-06-30 11:07:17,994 - gui.flash_sinter_gui - INFO - Power supply in CV Mode
2025-06-30 11:07:18,102 - gui.flash_sinter_gui - INFO - Power supply in CV Mode
2025-06-30 11:07:18,232 - gui.flash_sinter_gui - INFO - Power supply in CV Mode
2025-06-30 11:07:18,336 - gui.flash_sinter_gui - INFO - Power supply in CV Mode
2025-06-30 11:07:18,486 - gui.flash_sinter_gui - INFO - Power supply in CV Mode
2025-06-30 11:07:18,591 - gui.flash_sinter_gui - INFO - Power supply in CV Mode
2025-06-30 11:07:18,720 - gui.flash_sinter_gui - INFO - Power supply in CV Mode
2025-06-30 11:07:18,822 - gui.flash_sinter_gui - INFO - Power supply in CV Mode
2025-06-30 11:07:18,951 - gui.flash_sinter_gui - INFO - Power supply in CV Mode
2025-06-30 11:07:19,085 - gui.flash_sinter_gui - INFO - Power supply in CV Mode
2025-06-30 11:07:19,218 - gui.flash_sinter_gui - INFO - Power supply in CV Mode
2025-06-30 11:07:19,326 - gui.flash_sinter_gui - INFO - Power supply in CV Mode
2025-06-30 11:07:19,461 - gui.flash_sinter_gui - INFO - Power supply in CV Mode
2025-06-30 11:07:19,568 - gui.flash_sinter_gui - INFO - Power supply in CV Mode
2025-06-30 11:07:19,722 - gui.flash_sinter_gui - INFO - Power supply in CV Mode
2025-06-30 11:07:19,820 - gui.flash_sinter_gui - INFO - Power supply in CV Mode
2025-06-30 11:07:19,956 - gui.flash_sinter_gui - INFO - Power supply in CV Mode
2025-06-30 11:07:20,071 - gui.flash_sinter_gui - INFO - Power supply in CV Mode
2025-06-30 11:07:20,211 - gui.flash_sinter_gui - INFO - Power supply in CV Mode
2025-06-30 11:07:20,324 - gui.flash_sinter_gui - INFO - Power supply in CV Mode
2025-06-30 11:07:20,463 - gui.flash_sinter_gui - INFO - Power supply in CV Mode
2025-06-30 11:07:20,565 - gui.flash_sinter_gui - INFO - Power supply in CV Mode
2025-06-30 11:07:20,701 - gui.flash_sinter_gui - INFO - Power supply in CV Mode
2025-06-30 11:07:20,801 - gui.flash_sinter_gui - INFO - Power supply in CV Mode
2025-06-30 11:07:20,954 - gui.flash_sinter_gui - INFO - Power supply in CV Mode
2025-06-30 11:07:21,049 - gui.flash_sinter_gui - INFO - Power supply in CV Mode
2025-06-30 11:07:21,182 - gui.flash_sinter_gui - INFO - Power supply in CV Mode
2025-06-30 11:07:21,282 - gui.flash_sinter_gui - INFO - Power supply in CV Mode
2025-06-30 11:07:21,411 - gui.flash_sinter_gui - INFO - Power supply in CV Mode
2025-06-30 11:07:21,543 - gui.flash_sinter_gui - INFO - Power supply in CV Mode
2025-06-30 11:07:21,689 - gui.flash_sinter_gui - INFO - Power supply in CV Mode
2025-06-30 11:07:21,795 - gui.flash_sinter_gui - INFO - Power supply in CV Mode
2025-06-30 11:07:21,932 - gui.flash_sinter_gui - INFO - Power supply in CV Mode
2025-06-30 11:07:22,040 - gui.flash_sinter_gui - INFO - Power supply in CV Mode
2025-06-30 11:07:22,208 - gui.flash_sinter_gui - INFO - Power supply in CV Mode
2025-06-30 11:07:22,332 - gui.flash_sinter_gui - INFO - Power supply in CV Mode
2025-06-30 11:07:22,463 - gui.flash_sinter_gui - INFO - Power supply in CV Mode
2025-06-30 11:07:22,563 - gui.flash_sinter_gui - INFO - Power supply in CV Mode
2025-06-30 11:07:22,704 - gui.flash_sinter_gui - INFO - Power supply in CV Mode
2025-06-30 11:07:22,825 - gui.flash_sinter_gui - INFO - Power supply in CV Mode
2025-06-30 11:07:22,982 - gui.flash_sinter_gui - INFO - Power supply in CV Mode
2025-06-30 11:07:23,081 - gui.flash_sinter_gui - INFO - Power supply in CV Mode
2025-06-30 11:07:23,220 - gui.flash_sinter_gui - INFO - Power supply in CV Mode
2025-06-30 11:07:23,323 - gui.flash_sinter_gui - INFO - Power supply in CV Mode
2025-06-30 11:07:23,475 - gui.flash_sinter_gui - INFO - Power supply in CV Mode
2025-06-30 11:07:23,569 - gui.flash_sinter_gui - INFO - Power supply in CV Mode
2025-06-30 11:07:23,712 - gui.flash_sinter_gui - INFO - Power supply in CV Mode
2025-06-30 11:07:23,810 - gui.flash_sinter_gui - INFO - Power supply in CV Mode
2025-06-30 11:07:23,972 - gui.flash_sinter_gui - INFO - Power supply in CV Mode
2025-06-30 11:07:24,072 - gui.flash_sinter_gui - INFO - Power supply in CV Mode
2025-06-30 11:07:24,220 - gui.flash_sinter_gui - INFO - Power supply in CV Mode
2025-06-30 11:07:24,331 - gui.flash_sinter_gui - INFO - Power supply in CV Mode
2025-06-30 11:07:24,490 - gui.flash_sinter_gui - INFO - Power supply in CV Mode
2025-06-30 11:07:24,590 - gui.flash_sinter_gui - INFO - Power supply in CV Mode
2025-06-30 11:07:24,741 - gui.flash_sinter_gui - INFO - Power supply in CV Mode
2025-06-30 11:07:24,849 - gui.flash_sinter_gui - INFO - Power supply in CV Mode
2025-06-30 11:07:24,995 - gui.flash_sinter_gui - INFO - Power supply in CV Mode
2025-06-30 11:07:25,115 - gui.flash_sinter_gui - INFO - Power supply in CV Mode
2025-06-30 11:07:25,261 - gui.flash_sinter_gui - INFO - Power supply in CV Mode
2025-06-30 11:07:25,361 - gui.flash_sinter_gui - INFO - Power supply in CV Mode
2025-06-30 11:07:25,504 - gui.flash_sinter_gui - INFO - Power supply in CV Mode
2025-06-30 11:07:25,601 - gui.flash_sinter_gui - INFO - Power supply in CV Mode
2025-06-30 11:07:25,761 - gui.flash_sinter_gui - INFO - Power supply in CV Mode
2025-06-30 11:07:25,855 - gui.flash_sinter_gui - INFO - Power supply in CV Mode
2025-06-30 11:07:26,000 - gui.flash_sinter_gui - INFO - Power supply in CV Mode
2025-06-30 11:07:26,094 - gui.flash_sinter_gui - INFO - Power supply in CV Mode
2025-06-30 11:07:26,244 - gui.flash_sinter_gui - INFO - Power supply in CV Mode
2025-06-30 11:07:26,347 - gui.flash_sinter_gui - INFO - Power supply in CV Mode
2025-06-30 11:07:26,501 - gui.flash_sinter_gui - INFO - Power supply in CV Mode
2025-06-30 11:07:26,623 - gui.flash_sinter_gui - INFO - Power supply in CV Mode
2025-06-30 11:07:26,777 - gui.flash_sinter_gui - INFO - Power supply in CV Mode
2025-06-30 11:07:26,881 - gui.flash_sinter_gui - INFO - Power supply in CV Mode
2025-06-30 11:07:27,039 - gui.flash_sinter_gui - INFO - Power supply in CV Mode
2025-06-30 11:07:27,142 - gui.flash_sinter_gui - INFO - Power supply in CV Mode
2025-06-30 11:07:27,311 - gui.flash_sinter_gui - INFO - Power supply in CV Mode
2025-06-30 11:07:27,423 - gui.flash_sinter_gui - INFO - Power supply in CV Mode
2025-06-30 11:07:27,571 - gui.flash_sinter_gui - INFO - Power supply in CV Mode
2025-06-30 11:07:27,679 - gui.flash_sinter_gui - INFO - Power supply in CV Mode
2025-06-30 11:07:27,840 - gui.flash_sinter_gui - INFO - Power supply in CV Mode
2025-06-30 11:07:27,956 - gui.flash_sinter_gui - INFO - Power supply in CV Mode
2025-06-30 11:07:28,110 - gui.flash_sinter_gui - INFO - Power supply in CV Mode
2025-06-30 11:07:28,201 - gui.flash_sinter_gui - INFO - Power supply in CV Mode
2025-06-30 11:07:28,353 - gui.flash_sinter_gui - INFO - Power supply in CV Mode
2025-06-30 11:07:28,462 - gui.flash_sinter_gui - INFO - Power supply in CV Mode
2025-06-30 11:07:28,619 - gui.flash_sinter_gui - INFO - Power supply in CV Mode
2025-06-30 11:07:28,720 - gui.flash_sinter_gui - INFO - Power supply in CV Mode
2025-06-30 11:07:28,879 - gui.flash_sinter_gui - INFO - Power supply in CV Mode
2025-06-30 11:07:28,983 - gui.flash_sinter_gui - INFO - Power supply in CV Mode
2025-06-30 11:07:29,150 - gui.flash_sinter_gui - INFO - Power supply in CV Mode
2025-06-30 11:07:29,249 - gui.flash_sinter_gui - INFO - Power supply in CV Mode
2025-06-30 11:07:29,410 - gui.flash_sinter_gui - INFO - Power supply in CV Mode
2025-06-30 11:07:29,513 - gui.flash_sinter_gui - INFO - Power supply in CV Mode
2025-06-30 11:07:29,671 - gui.flash_sinter_gui - INFO - Power supply in CV Mode
2025-06-30 11:07:29,773 - gui.flash_sinter_gui - INFO - Power supply in CV Mode
2025-06-30 11:07:29,929 - gui.flash_sinter_gui - INFO - Power supply in CV Mode
2025-06-30 11:07:30,041 - gui.flash_sinter_gui - INFO - Power supply in CV Mode
2025-06-30 11:07:30,199 - gui.flash_sinter_gui - INFO - Power supply in CV Mode
2025-06-30 11:07:30,305 - gui.flash_sinter_gui - INFO - Power supply in CV Mode
2025-06-30 11:07:30,470 - gui.flash_sinter_gui - INFO - Power supply in CV Mode
2025-06-30 11:07:30,575 - gui.flash_sinter_gui - INFO - Power supply in CV Mode
2025-06-30 11:07:30,743 - gui.flash_sinter_gui - INFO - Power supply in CV Mode
2025-06-30 11:07:30,852 - gui.flash_sinter_gui - INFO - Power supply in CV Mode
2025-06-30 11:07:31,019 - gui.flash_sinter_gui - INFO - Power supply in CV Mode
2025-06-30 11:07:31,114 - gui.flash_sinter_gui - INFO - Power supply in CV Mode
2025-06-30 11:07:31,287 - gui.flash_sinter_gui - INFO - Power supply in CV Mode
2025-06-30 11:07:31,393 - gui.flash_sinter_gui - INFO - Power supply in CV Mode
2025-06-30 11:07:31,560 - gui.flash_sinter_gui - INFO - Power supply in CV Mode
2025-06-30 11:07:31,662 - gui.flash_sinter_gui - INFO - Power supply in CV Mode
2025-06-30 11:07:31,827 - gui.flash_sinter_gui - INFO - Power supply in CV Mode
2025-06-30 11:07:31,939 - gui.flash_sinter_gui - INFO - Power supply in CV Mode
2025-06-30 11:07:32,120 - gui.flash_sinter_gui - INFO - Power supply in CV Mode
2025-06-30 11:07:32,233 - gui.flash_sinter_gui - INFO - Power supply in CV Mode
2025-06-30 11:07:32,405 - gui.flash_sinter_gui - INFO - Power supply in CV Mode
2025-06-30 11:07:32,507 - gui.flash_sinter_gui - INFO - Power supply in CV Mode
2025-06-30 11:07:32,680 - gui.flash_sinter_gui - INFO - Power supply in CV Mode
2025-06-30 11:07:32,791 - gui.flash_sinter_gui - INFO - Power supply in CV Mode
2025-06-30 11:07:32,959 - gui.flash_sinter_gui - INFO - Power supply in CV Mode
2025-06-30 11:07:33,071 - gui.flash_sinter_gui - INFO - Power supply in CV Mode
2025-06-30 11:07:33,244 - gui.flash_sinter_gui - INFO - Power supply in CV Mode
2025-06-30 11:07:33,352 - gui.flash_sinter_gui - INFO - Power supply in CV Mode
2025-06-30 11:07:33,521 - gui.flash_sinter_gui - INFO - Power supply in CV Mode
2025-06-30 11:07:33,622 - gui.flash_sinter_gui - INFO - Power supply in CV Mode
2025-06-30 11:07:33,789 - gui.flash_sinter_gui - INFO - Power supply in CV Mode
2025-06-30 11:07:33,895 - gui.flash_sinter_gui - INFO - Power supply in CV Mode
2025-06-30 11:07:34,071 - gui.flash_sinter_gui - INFO - Power supply in CV Mode
2025-06-30 11:07:34,182 - gui.flash_sinter_gui - INFO - Power supply in CV Mode
2025-06-30 11:07:34,350 - gui.flash_sinter_gui - INFO - Power supply in CV Mode
2025-06-30 11:07:34,440 - gui.flash_sinter_gui - INFO - Power supply in CV Mode
2025-06-30 11:07:34,612 - gui.flash_sinter_gui - INFO - Power supply in CV Mode
2025-06-30 11:07:34,715 - gui.flash_sinter_gui - INFO - Power supply in CV Mode
2025-06-30 11:07:34,900 - gui.flash_sinter_gui - INFO - Power supply in CV Mode
2025-06-30 11:07:34,999 - gui.flash_sinter_gui - INFO - Power supply in CV Mode
2025-06-30 11:07:35,173 - gui.flash_sinter_gui - INFO - Power supply in CV Mode
2025-06-30 11:07:35,280 - gui.flash_sinter_gui - INFO - Power supply in CV Mode
2025-06-30 11:07:35,459 - gui.flash_sinter_gui - INFO - Power supply in CV Mode
2025-06-30 11:07:35,563 - gui.flash_sinter_gui - INFO - Power supply in CV Mode
2025-06-30 11:07:35,741 - gui.flash_sinter_gui - INFO - Power supply in CV Mode
2025-06-30 11:07:35,839 - gui.flash_sinter_gui - INFO - Power supply in CV Mode
2025-06-30 11:07:36,013 - gui.flash_sinter_gui - INFO - Power supply in CV Mode
2025-06-30 11:07:36,112 - gui.flash_sinter_gui - INFO - Power supply in CV Mode
2025-06-30 11:07:36,291 - gui.flash_sinter_gui - INFO - Power supply in CV Mode
2025-06-30 11:07:36,403 - gui.flash_sinter_gui - INFO - Power supply in CV Mode
2025-06-30 11:07:36,575 - gui.flash_sinter_gui - INFO - Power supply in CV Mode
2025-06-30 11:07:36,682 - gui.flash_sinter_gui - INFO - Power supply in CV Mode
2025-06-30 11:07:36,859 - gui.flash_sinter_gui - INFO - Power supply in CV Mode
2025-06-30 11:07:36,962 - gui.flash_sinter_gui - INFO - Power supply in CV Mode
2025-06-30 11:07:37,140 - gui.flash_sinter_gui - INFO - Power supply in CV Mode
2025-06-30 11:07:37,236 - gui.flash_sinter_gui - INFO - Power supply in CV Mode
2025-06-30 11:07:37,413 - gui.flash_sinter_gui - INFO - Power supply in CV Mode
2025-06-30 11:07:37,523 - gui.flash_sinter_gui - INFO - Power supply in CV Mode
2025-06-30 11:07:37,700 - gui.flash_sinter_gui - INFO - Power supply in CV Mode
2025-06-30 11:07:37,821 - gui.flash_sinter_gui - INFO - Power supply in CV Mode
2025-06-30 11:07:38,009 - gui.flash_sinter_gui - INFO - Power supply in CV Mode
2025-06-30 11:07:38,116 - gui.flash_sinter_gui - INFO - Power supply in CV Mode
2025-06-30 11:07:38,301 - gui.flash_sinter_gui - INFO - Power supply in CV Mode
2025-06-30 11:07:38,405 - gui.flash_sinter_gui - INFO - Power supply in CV Mode
2025-06-30 11:07:38,591 - gui.flash_sinter_gui - INFO - Power supply in CV Mode
2025-06-30 11:07:38,703 - gui.flash_sinter_gui - INFO - Power supply in CV Mode
2025-06-30 11:07:38,887 - gui.flash_sinter_gui - INFO - Power supply in CV Mode
2025-06-30 11:07:38,997 - gui.flash_sinter_gui - INFO - Power supply in CV Mode
2025-06-30 11:07:39,179 - gui.flash_sinter_gui - INFO - Power supply in CV Mode
2025-06-30 11:07:39,281 - gui.flash_sinter_gui - INFO - Power supply in CV Mode
2025-06-30 11:07:39,459 - gui.flash_sinter_gui - INFO - Power supply in CV Mode
2025-06-30 11:07:39,562 - gui.flash_sinter_gui - INFO - Power supply in CV Mode
2025-06-30 11:07:39,749 - gui.flash_sinter_gui - INFO - Power supply in CV Mode
2025-06-30 11:07:39,852 - gui.flash_sinter_gui - INFO - Power supply in CV Mode
2025-06-30 11:07:40,033 - gui.flash_sinter_gui - INFO - Power supply in CV Mode
2025-06-30 11:07:40,131 - gui.flash_sinter_gui - INFO - Power supply in CV Mode
2025-06-30 11:07:40,330 - gui.flash_sinter_gui - INFO - Power supply in CV Mode
2025-06-30 11:07:40,430 - gui.flash_sinter_gui - INFO - Power supply in CV Mode
2025-06-30 11:07:40,621 - gui.flash_sinter_gui - INFO - Power supply in CV Mode
2025-06-30 11:07:40,727 - gui.flash_sinter_gui - INFO - Power supply in CV Mode
2025-06-30 11:07:40,914 - gui.flash_sinter_gui - INFO - Power supply in CV Mode
2025-06-30 11:07:41,013 - gui.flash_sinter_gui - INFO - Power supply in CV Mode
2025-06-30 11:07:41,198 - gui.flash_sinter_gui - INFO - Power supply in CV Mode
2025-06-30 11:07:41,301 - gui.flash_sinter_gui - INFO - Power supply in CV Mode
2025-06-30 11:07:41,490 - gui.flash_sinter_gui - INFO - Power supply in CV Mode
2025-06-30 11:07:41,591 - gui.flash_sinter_gui - INFO - Power supply in CV Mode
2025-06-30 11:07:41,784 - gui.flash_sinter_gui - INFO - Power supply in CV Mode
2025-06-30 11:07:41,883 - gui.flash_sinter_gui - INFO - Power supply in CV Mode
2025-06-30 11:07:42,080 - gui.flash_sinter_gui - INFO - Power supply in CV Mode
2025-06-30 11:07:42,191 - gui.flash_sinter_gui - INFO - Power supply in CV Mode
2025-06-30 11:07:42,380 - gui.flash_sinter_gui - INFO - Power supply in CV Mode
2025-06-30 11:07:42,503 - gui.flash_sinter_gui - INFO - Power supply in CV Mode
2025-06-30 11:07:42,694 - gui.flash_sinter_gui - INFO - Power supply in CV Mode
2025-06-30 11:07:42,793 - gui.flash_sinter_gui - INFO - Power supply in CV Mode
2025-06-30 11:07:42,992 - gui.flash_sinter_gui - INFO - Power supply in CV Mode
2025-06-30 11:07:43,092 - gui.flash_sinter_gui - INFO - Power supply in CV Mode
2025-06-30 11:07:43,284 - gui.flash_sinter_gui - INFO - Power supply in CV Mode
2025-06-30 11:07:43,386 - gui.flash_sinter_gui - INFO - Power supply in CV Mode
2025-06-30 11:07:43,580 - gui.flash_sinter_gui - INFO - Power supply in CV Mode
2025-06-30 11:07:43,681 - gui.flash_sinter_gui - INFO - Power supply in CV Mode
2025-06-30 11:07:43,874 - gui.flash_sinter_gui - INFO - Power supply in CV Mode
2025-06-30 11:07:43,972 - gui.flash_sinter_gui - INFO - Power supply in CV Mode
2025-06-30 11:07:44,182 - gui.flash_sinter_gui - INFO - Power supply in CV Mode
2025-06-30 11:07:44,290 - gui.flash_sinter_gui - INFO - Power supply in CV Mode
2025-06-30 11:07:44,480 - gui.flash_sinter_gui - INFO - Power supply in CV Mode
2025-06-30 11:07:44,585 - gui.flash_sinter_gui - INFO - Power supply in CV Mode
2025-06-30 11:07:44,779 - gui.flash_sinter_gui - INFO - Power supply in CV Mode
2025-06-30 11:07:44,881 - gui.flash_sinter_gui - INFO - Power supply in CV Mode
2025-06-30 11:07:45,069 - gui.flash_sinter_gui - INFO - Power supply in CV Mode
2025-06-30 11:07:45,172 - gui.flash_sinter_gui - INFO - Power supply in CV Mode
2025-06-30 11:07:45,370 - gui.flash_sinter_gui - INFO - Power supply in CV Mode
2025-06-30 11:07:45,478 - gui.flash_sinter_gui - INFO - Power supply in CV Mode
2025-06-30 11:07:45,675 - gui.flash_sinter_gui - INFO - Power supply in CV Mode
2025-06-30 11:07:45,771 - gui.flash_sinter_gui - INFO - Power supply in CV Mode
2025-06-30 11:07:45,970 - gui.flash_sinter_gui - INFO - Power supply in CV Mode
2025-06-30 11:07:46,073 - gui.flash_sinter_gui - INFO - Power supply in CV Mode
2025-06-30 11:07:46,270 - gui.flash_sinter_gui - INFO - Power supply in CV Mode
2025-06-30 11:07:46,383 - gui.flash_sinter_gui - INFO - Power supply in CV Mode
2025-06-30 11:07:46,621 - gui.flash_sinter_gui - INFO - Power supply in CV Mode
2025-06-30 11:07:46,722 - gui.flash_sinter_gui - INFO - Power supply in CV Mode
2025-06-30 11:07:46,921 - gui.flash_sinter_gui - INFO - Power supply in CV Mode
2025-06-30 11:07:47,027 - gui.flash_sinter_gui - INFO - Power supply in CV Mode
2025-06-30 11:07:47,229 - gui.flash_sinter_gui - INFO - Power supply in CV Mode
2025-06-30 11:07:47,333 - gui.flash_sinter_gui - INFO - Power supply in CV Mode
2025-06-30 11:07:47,539 - gui.flash_sinter_gui - INFO - Power supply in CV Mode
2025-06-30 11:07:47,634 - gui.flash_sinter_gui - INFO - Power supply in CV Mode
2025-06-30 11:07:47,831 - gui.flash_sinter_gui - INFO - Power supply in CV Mode
2025-06-30 11:07:47,929 - gui.flash_sinter_gui - INFO - Power supply in CV Mode
2025-06-30 11:07:48,125 - gui.flash_sinter_gui - INFO - Power supply in CV Mode
2025-06-30 11:07:48,232 - gui.flash_sinter_gui - INFO - Power supply in CV Mode
2025-06-30 11:07:48,440 - gui.flash_sinter_gui - INFO - Power supply in CV Mode
2025-06-30 11:07:48,543 - gui.flash_sinter_gui - INFO - Power supply in CV Mode
2025-06-30 11:07:48,751 - gui.flash_sinter_gui - INFO - Power supply in CV Mode
2025-06-30 11:07:48,863 - gui.flash_sinter_gui - INFO - Power supply in CV Mode
2025-06-30 11:07:49,072 - gui.flash_sinter_gui - INFO - Power supply in CV Mode
2025-06-30 11:07:49,175 - gui.flash_sinter_gui - INFO - Power supply in CV Mode
2025-06-30 11:07:49,339 - gui.flash_sinter_gui - INFO - Apply Parameters and Change Condition buttons disabled
2025-06-30 11:07:49,340 - gui.flash_sinter_gui - INFO - Neumorphic start button reset to inactive state - acquisition stopped
2025-06-30 11:07:49,342 - gui.flash_sinter_gui - INFO - Stopped process
2025-06-30 11:07:49,342 - gui.flash_sinter_gui - INFO - Closed data file: None
2025-06-30 11:07:51,953 - gui.flash_sinter_gui - INFO - Arduino response: Stepper motor control initialized
2025-06-30 11:07:52,023 - gui.flash_sinter_gui - INFO - Application closed and resources cleaned up
