2025-06-26 09:03:42,569 - gui.flash_sinter_gui - INFO - Apply Parameters and Change Condition buttons disabled
2025-06-26 09:03:44,572 - gui.flash_sinter_gui - INFO - Serial connection established with Arduino on COM11
2025-06-26 09:03:44,574 - gui.flash_sinter_gui - INFO - Initial parameters set: 0.4, 1.6, 1.0, 30.0, 100.0, Flash Time: 60.0s
2025-06-26 09:03:44,575 - gui.flash_sinter_gui - INFO - Initial voltage: 12.00V, current: 160.00mA
2025-06-26 09:03:56,365 - gui.flash_sinter_gui - INFO - Selected file for saving: C:/Users/user/Desktop/DEVA/flash control_sci_25-06-2025_/data/experiment_data_20250626_090345.txt
2025-06-26 09:03:57,613 - gui.flash_sinter_gui - INFO - Apply Parameters and Change Condition buttons enabled
2025-06-26 09:03:57,613 - gui.flash_sinter_gui - INFO - Neumorphic start button activated
2025-06-26 09:03:57,614 - gui.flash_sinter_gui - INFO - Data will be saved to: C:/Users/user/Desktop/DEVA/flash control_sci_25-06-2025_/data/experiment_data_20250626_090345.txt
2025-06-26 09:03:57,614 - gui.flash_sinter_gui - INFO - Updated parameters: 0.4, 1.6, 1.0, 30.0, 100.0, Flash Time: 60.0s
2025-06-26 09:03:57,614 - gui.flash_sinter_gui - INFO - Calculated voltage: 12.00V, current: 160.00mA
2025-06-26 09:03:59,073 - gui.flash_sinter_gui - INFO - Started process with V=12.0V, I=160.0mA
2025-06-26 09:03:59,074 - gui.flash_sinter_gui - INFO - Started saving data to C:/Users/user/Desktop/DEVA/flash control_sci_25-06-2025_/data/experiment_data_20250626_090345.txt
2025-06-26 09:04:00,051 - gui.flash_sinter_gui - INFO - Added initial origin point (0,0) for clean graph start
2025-06-26 09:04:00,051 - gui.flash_sinter_gui - INFO - Power supply in CV Mode
2025-06-26 09:04:00,149 - gui.flash_sinter_gui - INFO - Power supply in CV Mode
2025-06-26 09:04:00,782 - gui.flash_sinter_gui - INFO - Power supply in CV Mode
2025-06-26 09:04:00,892 - gui.flash_sinter_gui - INFO - Power supply in CV Mode
2025-06-26 09:04:00,990 - gui.flash_sinter_gui - INFO - Power supply in CV Mode
2025-06-26 09:04:01,090 - gui.flash_sinter_gui - INFO - Power supply in CV Mode
2025-06-26 09:04:01,224 - gui.flash_sinter_gui - INFO - Power supply in CV Mode
2025-06-26 09:04:01,333 - gui.flash_sinter_gui - INFO - Power supply in CV Mode
2025-06-26 09:04:01,429 - gui.flash_sinter_gui - INFO - Power supply in CV Mode
2025-06-26 09:04:01,540 - gui.flash_sinter_gui - INFO - Power supply in CV Mode
2025-06-26 09:04:01,640 - gui.flash_sinter_gui - INFO - Power supply in CV Mode
2025-06-26 09:04:01,775 - gui.flash_sinter_gui - INFO - Power supply in CV Mode
2025-06-26 09:04:01,892 - gui.flash_sinter_gui - INFO - Power supply in CV Mode
2025-06-26 09:04:02,003 - gui.flash_sinter_gui - INFO - Power supply in CV Mode
2025-06-26 09:04:02,124 - gui.flash_sinter_gui - INFO - Power supply in CV Mode
2025-06-26 09:04:02,221 - gui.flash_sinter_gui - INFO - Power supply in CV Mode
2025-06-26 09:04:02,343 - gui.flash_sinter_gui - INFO - Power supply in CV Mode
2025-06-26 09:04:02,438 - gui.flash_sinter_gui - INFO - Power supply in CV Mode
2025-06-26 09:04:02,553 - gui.flash_sinter_gui - INFO - Power supply in CV Mode
2025-06-26 09:04:02,660 - gui.flash_sinter_gui - INFO - Power supply in CV Mode
2025-06-26 09:04:02,773 - gui.flash_sinter_gui - INFO - Power supply in CV Mode
2025-06-26 09:04:02,903 - gui.flash_sinter_gui - INFO - Power supply in CV Mode
2025-06-26 09:04:03,007 - gui.flash_sinter_gui - INFO - Power supply in CV Mode
2025-06-26 09:04:03,122 - gui.flash_sinter_gui - INFO - Power supply in CV Mode
2025-06-26 09:04:03,230 - gui.flash_sinter_gui - INFO - Power supply in CV Mode
2025-06-26 09:04:03,332 - gui.flash_sinter_gui - INFO - Power supply in CV Mode
2025-06-26 09:04:03,464 - gui.flash_sinter_gui - INFO - Power supply in CV Mode
2025-06-26 09:04:03,561 - gui.flash_sinter_gui - INFO - Power supply in CV Mode
2025-06-26 09:04:03,655 - gui.flash_sinter_gui - INFO - Power supply in CV Mode
2025-06-26 09:04:03,763 - gui.flash_sinter_gui - INFO - Power supply in CV Mode
2025-06-26 09:04:03,871 - gui.flash_sinter_gui - INFO - Power supply in CV Mode
2025-06-26 09:04:03,996 - gui.flash_sinter_gui - INFO - Power supply in CV Mode
2025-06-26 09:04:04,097 - gui.flash_sinter_gui - INFO - Power supply in CV Mode
2025-06-26 09:04:04,203 - gui.flash_sinter_gui - INFO - Power supply in CV Mode
2025-06-26 09:04:04,310 - gui.flash_sinter_gui - INFO - Power supply in CV Mode
2025-06-26 09:04:04,419 - gui.flash_sinter_gui - INFO - Power supply in CV Mode
2025-06-26 09:04:04,554 - gui.flash_sinter_gui - INFO - Power supply in CV Mode
2025-06-26 09:04:04,663 - gui.flash_sinter_gui - INFO - Power supply in CV Mode
2025-06-26 09:04:04,782 - gui.flash_sinter_gui - INFO - Power supply in CV Mode
2025-06-26 09:04:04,903 - gui.flash_sinter_gui - INFO - Power supply in CV Mode
2025-06-26 09:04:05,011 - gui.flash_sinter_gui - INFO - Power supply in CV Mode
2025-06-26 09:04:05,130 - gui.flash_sinter_gui - INFO - Power supply in CV Mode
2025-06-26 09:04:05,240 - gui.flash_sinter_gui - INFO - Power supply in CV Mode
2025-06-26 09:04:05,353 - gui.flash_sinter_gui - INFO - Power supply in CV Mode
2025-06-26 09:04:05,450 - gui.flash_sinter_gui - INFO - Power supply in CV Mode
2025-06-26 09:04:05,563 - gui.flash_sinter_gui - INFO - Power supply in CV Mode
2025-06-26 09:04:05,683 - gui.flash_sinter_gui - INFO - Power supply in CV Mode
2025-06-26 09:04:05,781 - gui.flash_sinter_gui - INFO - Power supply in CV Mode
2025-06-26 09:04:05,880 - gui.flash_sinter_gui - INFO - Power supply in CV Mode
2025-06-26 09:04:05,992 - gui.flash_sinter_gui - INFO - Power supply in CV Mode
2025-06-26 09:04:06,091 - gui.flash_sinter_gui - INFO - Power supply in CV Mode
2025-06-26 09:04:06,225 - gui.flash_sinter_gui - INFO - Power supply in CV Mode
2025-06-26 09:04:06,332 - gui.flash_sinter_gui - INFO - Power supply in CV Mode
2025-06-26 09:04:06,442 - gui.flash_sinter_gui - INFO - Power supply in CV Mode
2025-06-26 09:04:06,541 - gui.flash_sinter_gui - INFO - Power supply in CV Mode
2025-06-26 09:04:06,652 - gui.flash_sinter_gui - INFO - Power supply in CV Mode
2025-06-26 09:04:06,785 - gui.flash_sinter_gui - INFO - Power supply in CV Mode
2025-06-26 09:04:06,901 - gui.flash_sinter_gui - INFO - Power supply in CV Mode
2025-06-26 09:04:07,011 - gui.flash_sinter_gui - INFO - Power supply in CV Mode
2025-06-26 09:04:07,112 - gui.flash_sinter_gui - INFO - Power supply in CV Mode
2025-06-26 09:04:07,205 - gui.flash_sinter_gui - INFO - Power supply in CV Mode
2025-06-26 09:04:07,335 - gui.flash_sinter_gui - INFO - Power supply in CV Mode
2025-06-26 09:04:07,433 - gui.flash_sinter_gui - INFO - Power supply in CV Mode
2025-06-26 09:04:07,541 - gui.flash_sinter_gui - INFO - Power supply in CV Mode
2025-06-26 09:04:07,641 - gui.flash_sinter_gui - INFO - Power supply in CV Mode
2025-06-26 09:04:07,752 - gui.flash_sinter_gui - INFO - Power supply in CV Mode
2025-06-26 09:04:07,885 - gui.flash_sinter_gui - INFO - Power supply in CV Mode
2025-06-26 09:04:07,991 - gui.flash_sinter_gui - INFO - Power supply in CV Mode
2025-06-26 09:04:08,090 - gui.flash_sinter_gui - INFO - Power supply in CV Mode
2025-06-26 09:04:08,192 - gui.flash_sinter_gui - INFO - Power supply in CV Mode
2025-06-26 09:04:08,303 - gui.flash_sinter_gui - INFO - Power supply in CV Mode
2025-06-26 09:04:08,434 - gui.flash_sinter_gui - INFO - Power supply in CV Mode
2025-06-26 09:04:08,540 - gui.flash_sinter_gui - INFO - Power supply in CV Mode
2025-06-26 09:04:08,651 - gui.flash_sinter_gui - INFO - Power supply in CV Mode
2025-06-26 09:04:08,772 - gui.flash_sinter_gui - INFO - Power supply in CV Mode
2025-06-26 09:04:08,882 - gui.flash_sinter_gui - INFO - Power supply in CV Mode
2025-06-26 09:04:09,025 - gui.flash_sinter_gui - INFO - Power supply in CV Mode
2025-06-26 09:04:09,134 - gui.flash_sinter_gui - INFO - Power supply in CV Mode
2025-06-26 09:04:09,239 - gui.flash_sinter_gui - INFO - Power supply in CV Mode
2025-06-26 09:04:09,342 - gui.flash_sinter_gui - INFO - Power supply in CV Mode
2025-06-26 09:04:09,461 - gui.flash_sinter_gui - INFO - Power supply in CV Mode
2025-06-26 09:04:09,596 - gui.flash_sinter_gui - INFO - Power supply in CV Mode
2025-06-26 09:04:09,702 - gui.flash_sinter_gui - INFO - Power supply in CV Mode
2025-06-26 09:04:09,802 - gui.flash_sinter_gui - INFO - Power supply in CV Mode
2025-06-26 09:04:09,922 - gui.flash_sinter_gui - INFO - Power supply in CV Mode
2025-06-26 09:04:10,033 - gui.flash_sinter_gui - INFO - Power supply in CV Mode
2025-06-26 09:04:10,164 - gui.flash_sinter_gui - INFO - Power supply in CV Mode
2025-06-26 09:04:10,272 - gui.flash_sinter_gui - INFO - Power supply in CV Mode
2025-06-26 09:04:10,367 - gui.flash_sinter_gui - INFO - Power supply in CV Mode
2025-06-26 09:04:10,463 - gui.flash_sinter_gui - INFO - Power supply in CV Mode
2025-06-26 09:04:10,564 - gui.flash_sinter_gui - INFO - Power supply in CV Mode
2025-06-26 09:04:10,695 - gui.flash_sinter_gui - INFO - Power supply in CV Mode
2025-06-26 09:04:10,797 - gui.flash_sinter_gui - INFO - Power supply in CV Mode
2025-06-26 09:04:10,913 - gui.flash_sinter_gui - INFO - Power supply in CV Mode
2025-06-26 09:04:11,024 - gui.flash_sinter_gui - INFO - Power supply in CV Mode
2025-06-26 09:04:11,132 - gui.flash_sinter_gui - INFO - Power supply in CV Mode
2025-06-26 09:04:11,254 - gui.flash_sinter_gui - INFO - Power supply in CV Mode
2025-06-26 09:04:11,346 - gui.flash_sinter_gui - INFO - Power supply in CV Mode
2025-06-26 09:04:11,442 - gui.flash_sinter_gui - INFO - Power supply in CV Mode
2025-06-26 09:04:11,562 - gui.flash_sinter_gui - INFO - Power supply in CV Mode
2025-06-26 09:04:11,659 - gui.flash_sinter_gui - INFO - Power supply in CV Mode
2025-06-26 09:04:11,784 - gui.flash_sinter_gui - INFO - Power supply in CV Mode
2025-06-26 09:04:11,905 - gui.flash_sinter_gui - INFO - Power supply in CV Mode
2025-06-26 09:04:12,014 - gui.flash_sinter_gui - INFO - Power supply in CV Mode
2025-06-26 09:04:12,124 - gui.flash_sinter_gui - INFO - Power supply in CV Mode
2025-06-26 09:04:12,232 - gui.flash_sinter_gui - INFO - Power supply in CV Mode
2025-06-26 09:04:12,352 - gui.flash_sinter_gui - INFO - Power supply in CV Mode
2025-06-26 09:04:12,444 - gui.flash_sinter_gui - INFO - Power supply in CV Mode
2025-06-26 09:04:12,540 - gui.flash_sinter_gui - INFO - Power supply in CV Mode
2025-06-26 09:04:12,653 - gui.flash_sinter_gui - INFO - Power supply in CV Mode
2025-06-26 09:04:12,773 - gui.flash_sinter_gui - INFO - Power supply in CV Mode
2025-06-26 09:04:12,895 - gui.flash_sinter_gui - INFO - Power supply in CV Mode
2025-06-26 09:04:12,995 - gui.flash_sinter_gui - INFO - Power supply in CV Mode
2025-06-26 09:04:13,103 - gui.flash_sinter_gui - INFO - Power supply in CV Mode
2025-06-26 09:04:13,224 - gui.flash_sinter_gui - INFO - Power supply in CV Mode
2025-06-26 09:04:13,317 - gui.flash_sinter_gui - INFO - Power supply in CV Mode
2025-06-26 09:04:13,440 - gui.flash_sinter_gui - INFO - Power supply in CV Mode
2025-06-26 09:04:13,552 - gui.flash_sinter_gui - INFO - Power supply in CV Mode
2025-06-26 09:04:13,685 - gui.flash_sinter_gui - INFO - Power supply in CV Mode
2025-06-26 09:04:13,794 - gui.flash_sinter_gui - INFO - Power supply in CV Mode
2025-06-26 09:04:13,902 - gui.flash_sinter_gui - INFO - Power supply in CV Mode
2025-06-26 09:04:14,037 - gui.flash_sinter_gui - INFO - Power supply in CV Mode
2025-06-26 09:04:14,140 - gui.flash_sinter_gui - INFO - Power supply in CV Mode
2025-06-26 09:04:14,254 - gui.flash_sinter_gui - INFO - Power supply in CV Mode
2025-06-26 09:04:14,361 - gui.flash_sinter_gui - INFO - Power supply in CV Mode
2025-06-26 09:04:14,456 - gui.flash_sinter_gui - INFO - Power supply in CV Mode
2025-06-26 09:04:14,581 - gui.flash_sinter_gui - INFO - Power supply in CV Mode
2025-06-26 09:04:14,693 - gui.flash_sinter_gui - INFO - Power supply in CV Mode
2025-06-26 09:04:14,794 - gui.flash_sinter_gui - INFO - Power supply in CV Mode
2025-06-26 09:04:14,891 - gui.flash_sinter_gui - INFO - Power supply in CV Mode
2025-06-26 09:04:14,990 - gui.flash_sinter_gui - INFO - Power supply in CV Mode
2025-06-26 09:04:15,115 - gui.flash_sinter_gui - INFO - Power supply in CV Mode
2025-06-26 09:04:15,222 - gui.flash_sinter_gui - INFO - Power supply in CV Mode
2025-06-26 09:04:15,330 - gui.flash_sinter_gui - INFO - Power supply in CV Mode
2025-06-26 09:04:15,452 - gui.flash_sinter_gui - INFO - Power supply in CV Mode
2025-06-26 09:04:15,546 - gui.flash_sinter_gui - INFO - Power supply in CV Mode
2025-06-26 09:04:15,674 - gui.flash_sinter_gui - INFO - Power supply in CV Mode
2025-06-26 09:04:15,767 - gui.flash_sinter_gui - INFO - Power supply in CV Mode
2025-06-26 09:04:15,870 - gui.flash_sinter_gui - INFO - Power supply in CV Mode
2025-06-26 09:04:15,972 - gui.flash_sinter_gui - INFO - Power supply in CV Mode
2025-06-26 09:04:16,082 - gui.flash_sinter_gui - INFO - Power supply in CV Mode
2025-06-26 09:04:16,205 - gui.flash_sinter_gui - INFO - Power supply in CV Mode
2025-06-26 09:04:16,313 - gui.flash_sinter_gui - INFO - Power supply in CV Mode
2025-06-26 09:04:16,415 - gui.flash_sinter_gui - INFO - Power supply in CV Mode
2025-06-26 09:04:16,512 - gui.flash_sinter_gui - INFO - Power supply in CV Mode
2025-06-26 09:04:16,610 - gui.flash_sinter_gui - INFO - Power supply in CV Mode
2025-06-26 09:04:16,744 - gui.flash_sinter_gui - INFO - Power supply in CV Mode
2025-06-26 09:04:16,852 - gui.flash_sinter_gui - INFO - Power supply in CV Mode
2025-06-26 09:04:16,986 - gui.flash_sinter_gui - INFO - Power supply in CV Mode
2025-06-26 09:04:17,093 - gui.flash_sinter_gui - INFO - Power supply in CV Mode
2025-06-26 09:04:17,201 - gui.flash_sinter_gui - INFO - Power supply in CV Mode
2025-06-26 09:04:17,336 - gui.flash_sinter_gui - INFO - Power supply in CV Mode
2025-06-26 09:04:17,440 - gui.flash_sinter_gui - INFO - Power supply in CV Mode
2025-06-26 09:04:17,542 - gui.flash_sinter_gui - INFO - Power supply in CV Mode
2025-06-26 09:04:17,663 - gui.flash_sinter_gui - INFO - Power supply in CV Mode
2025-06-26 09:04:17,761 - gui.flash_sinter_gui - INFO - Power supply in CV Mode
2025-06-26 09:04:17,892 - gui.flash_sinter_gui - INFO - Power supply in CV Mode
2025-06-26 09:04:18,002 - gui.flash_sinter_gui - INFO - Power supply in CV Mode
2025-06-26 09:04:18,112 - gui.flash_sinter_gui - INFO - Power supply in CV Mode
2025-06-26 09:04:18,221 - gui.flash_sinter_gui - INFO - Power supply in CV Mode
2025-06-26 09:04:18,321 - gui.flash_sinter_gui - INFO - Power supply in CV Mode
2025-06-26 09:04:18,438 - gui.flash_sinter_gui - INFO - Power supply in CV Mode
2025-06-26 09:04:18,552 - gui.flash_sinter_gui - INFO - Power supply in CV Mode
2025-06-26 09:04:18,660 - gui.flash_sinter_gui - INFO - Power supply in CV Mode
2025-06-26 09:04:18,780 - gui.flash_sinter_gui - INFO - Power supply in CV Mode
2025-06-26 09:04:18,881 - gui.flash_sinter_gui - INFO - Power supply in CV Mode
2025-06-26 09:04:19,000 - gui.flash_sinter_gui - INFO - Power supply in CV Mode
2025-06-26 09:04:19,113 - gui.flash_sinter_gui - INFO - Power supply in CV Mode
2025-06-26 09:04:19,221 - gui.flash_sinter_gui - INFO - Power supply in CV Mode
2025-06-26 09:04:19,323 - gui.flash_sinter_gui - INFO - Power supply in CV Mode
2025-06-26 09:04:19,423 - gui.flash_sinter_gui - INFO - Power supply in CV Mode
2025-06-26 09:04:19,555 - gui.flash_sinter_gui - INFO - Power supply in CV Mode
2025-06-26 09:04:19,662 - gui.flash_sinter_gui - INFO - Power supply in CV Mode
2025-06-26 09:04:19,770 - gui.flash_sinter_gui - INFO - Power supply in CV Mode
2025-06-26 09:04:19,872 - gui.flash_sinter_gui - INFO - Power supply in CV Mode
2025-06-26 09:04:19,960 - gui.flash_sinter_gui - INFO - Power supply in CV Mode
2025-06-26 09:04:20,085 - gui.flash_sinter_gui - INFO - Power supply in CV Mode
2025-06-26 09:04:20,191 - gui.flash_sinter_gui - INFO - Power supply in CV Mode
2025-06-26 09:04:20,299 - gui.flash_sinter_gui - INFO - Power supply in CV Mode
2025-06-26 09:04:20,399 - gui.flash_sinter_gui - INFO - Power supply in CV Mode
2025-06-26 09:04:20,500 - gui.flash_sinter_gui - INFO - Power supply in CV Mode
2025-06-26 09:04:20,624 - gui.flash_sinter_gui - INFO - Power supply in CV Mode
2025-06-26 09:04:20,729 - gui.flash_sinter_gui - INFO - Power supply in CV Mode
2025-06-26 09:04:20,820 - gui.flash_sinter_gui - INFO - Power supply in CV Mode
2025-06-26 09:04:20,942 - gui.flash_sinter_gui - INFO - Power supply in CV Mode
2025-06-26 09:04:21,042 - gui.flash_sinter_gui - INFO - Power supply in CV Mode
2025-06-26 09:04:21,173 - gui.flash_sinter_gui - INFO - Power supply in CV Mode
2025-06-26 09:04:21,282 - gui.flash_sinter_gui - INFO - Power supply in CV Mode
2025-06-26 09:04:21,391 - gui.flash_sinter_gui - INFO - Power supply in CV Mode
2025-06-26 09:04:21,492 - gui.flash_sinter_gui - INFO - Power supply in CV Mode
2025-06-26 09:04:21,591 - gui.flash_sinter_gui - INFO - Power supply in CV Mode
2025-06-26 09:04:21,725 - gui.flash_sinter_gui - INFO - Power supply in CV Mode
2025-06-26 09:04:21,830 - gui.flash_sinter_gui - INFO - Power supply in CV Mode
2025-06-26 09:04:21,931 - gui.flash_sinter_gui - INFO - Power supply in CV Mode
2025-06-26 09:04:22,052 - gui.flash_sinter_gui - INFO - Power supply in CV Mode
2025-06-26 09:04:22,163 - gui.flash_sinter_gui - INFO - Power supply in CV Mode
2025-06-26 09:04:22,295 - gui.flash_sinter_gui - INFO - Power supply in CV Mode
2025-06-26 09:04:22,411 - gui.flash_sinter_gui - INFO - Power supply in CV Mode
2025-06-26 09:04:22,532 - gui.flash_sinter_gui - INFO - Power supply in CV Mode
2025-06-26 09:04:22,643 - gui.flash_sinter_gui - INFO - Power supply in CV Mode
2025-06-26 09:04:22,761 - gui.flash_sinter_gui - INFO - Power supply in CV Mode
2025-06-26 09:04:22,895 - gui.flash_sinter_gui - INFO - Power supply in CV Mode
2025-06-26 09:04:23,013 - gui.flash_sinter_gui - INFO - Power supply in CV Mode
2025-06-26 09:04:23,114 - gui.flash_sinter_gui - INFO - Power supply in CV Mode
2025-06-26 09:04:23,242 - gui.flash_sinter_gui - INFO - Power supply in CV Mode
2025-06-26 09:04:23,363 - gui.flash_sinter_gui - INFO - Power supply in CV Mode
2025-06-26 09:04:23,494 - gui.flash_sinter_gui - INFO - Power supply in CV Mode
2025-06-26 09:04:23,587 - gui.flash_sinter_gui - INFO - Power supply in CV Mode
2025-06-26 09:04:23,691 - gui.flash_sinter_gui - INFO - Power supply in CV Mode
2025-06-26 09:04:23,792 - gui.flash_sinter_gui - INFO - Power supply in CV Mode
2025-06-26 09:04:23,903 - gui.flash_sinter_gui - INFO - Power supply in CV Mode
2025-06-26 09:04:24,046 - gui.flash_sinter_gui - INFO - Power supply in CV Mode
2025-06-26 09:04:24,173 - gui.flash_sinter_gui - INFO - Power supply in CV Mode
2025-06-26 09:04:24,281 - gui.flash_sinter_gui - INFO - Power supply in CV Mode
2025-06-26 09:04:24,402 - gui.flash_sinter_gui - INFO - Power supply in CV Mode
2025-06-26 09:04:24,503 - gui.flash_sinter_gui - INFO - Power supply in CV Mode
2025-06-26 09:04:24,633 - gui.flash_sinter_gui - INFO - Power supply in CV Mode
2025-06-26 09:04:24,742 - gui.flash_sinter_gui - INFO - Power supply in CV Mode
2025-06-26 09:04:24,852 - gui.flash_sinter_gui - INFO - Power supply in CV Mode
2025-06-26 09:04:24,962 - gui.flash_sinter_gui - INFO - Power supply in CV Mode
2025-06-26 09:04:25,071 - gui.flash_sinter_gui - INFO - Power supply in CV Mode
2025-06-26 09:04:25,194 - gui.flash_sinter_gui - INFO - Power supply in CV Mode
2025-06-26 09:04:25,313 - gui.flash_sinter_gui - INFO - Power supply in CV Mode
2025-06-26 09:04:25,419 - gui.flash_sinter_gui - INFO - Power supply in CV Mode
2025-06-26 09:04:25,541 - gui.flash_sinter_gui - INFO - Power supply in CV Mode
2025-06-26 09:04:25,642 - gui.flash_sinter_gui - INFO - Power supply in CV Mode
2025-06-26 09:04:25,785 - gui.flash_sinter_gui - INFO - Power supply in CV Mode
2025-06-26 09:04:25,894 - gui.flash_sinter_gui - INFO - Power supply in CV Mode
2025-06-26 09:04:25,992 - gui.flash_sinter_gui - INFO - Power supply in CV Mode
2025-06-26 09:04:26,086 - gui.flash_sinter_gui - INFO - Power supply in CV Mode
2025-06-26 09:04:26,192 - gui.flash_sinter_gui - INFO - Power supply in CV Mode
2025-06-26 09:04:26,323 - gui.flash_sinter_gui - INFO - Power supply in CV Mode
2025-06-26 09:04:26,431 - gui.flash_sinter_gui - INFO - Power supply in CV Mode
2025-06-26 09:04:26,542 - gui.flash_sinter_gui - INFO - Power supply in CV Mode
2025-06-26 09:04:26,652 - gui.flash_sinter_gui - INFO - Power supply in CV Mode
2025-06-26 09:04:26,753 - gui.flash_sinter_gui - INFO - Power supply in CV Mode
2025-06-26 09:04:26,894 - gui.flash_sinter_gui - INFO - Power supply in CV Mode
2025-06-26 09:04:26,988 - gui.flash_sinter_gui - INFO - Power supply in CV Mode
2025-06-26 09:04:27,101 - gui.flash_sinter_gui - INFO - Power supply in CV Mode
2025-06-26 09:04:27,212 - gui.flash_sinter_gui - INFO - Power supply in CV Mode
2025-06-26 09:04:27,332 - gui.flash_sinter_gui - INFO - Power supply in CV Mode
2025-06-26 09:04:27,448 - gui.flash_sinter_gui - INFO - Power supply in CV Mode
2025-06-26 09:04:27,563 - gui.flash_sinter_gui - INFO - Power supply in CV Mode
2025-06-26 09:04:27,674 - gui.flash_sinter_gui - INFO - Power supply in CV Mode
2025-06-26 09:04:27,783 - gui.flash_sinter_gui - INFO - Power supply in CV Mode
2025-06-26 09:04:27,878 - gui.flash_sinter_gui - INFO - Power supply in CV Mode
2025-06-26 09:04:28,012 - gui.flash_sinter_gui - INFO - Power supply in CV Mode
2025-06-26 09:04:28,122 - gui.flash_sinter_gui - INFO - Power supply in CV Mode
2025-06-26 09:04:28,223 - gui.flash_sinter_gui - INFO - Power supply in CV Mode
2025-06-26 09:04:28,329 - gui.flash_sinter_gui - INFO - Power supply in CV Mode
2025-06-26 09:04:28,453 - gui.flash_sinter_gui - INFO - Power supply in CV Mode
2025-06-26 09:04:28,575 - gui.flash_sinter_gui - INFO - Power supply in CV Mode
2025-06-26 09:04:28,672 - gui.flash_sinter_gui - INFO - Power supply in CV Mode
2025-06-26 09:04:28,780 - gui.flash_sinter_gui - INFO - Power supply in CV Mode
2025-06-26 09:04:28,880 - gui.flash_sinter_gui - INFO - Power supply in CV Mode
2025-06-26 09:04:28,993 - gui.flash_sinter_gui - INFO - Power supply in CV Mode
2025-06-26 09:04:29,135 - gui.flash_sinter_gui - INFO - Power supply in CV Mode
2025-06-26 09:04:29,243 - gui.flash_sinter_gui - INFO - Power supply in CV Mode
2025-06-26 09:04:29,362 - gui.flash_sinter_gui - INFO - Power supply in CV Mode
2025-06-26 09:04:29,460 - gui.flash_sinter_gui - INFO - Power supply in CV Mode
2025-06-26 09:04:29,581 - gui.flash_sinter_gui - INFO - Power supply in CV Mode
2025-06-26 09:04:29,702 - gui.flash_sinter_gui - INFO - Power supply in CV Mode
2025-06-26 09:04:29,822 - gui.flash_sinter_gui - INFO - Power supply in CV Mode
2025-06-26 09:04:29,950 - gui.flash_sinter_gui - INFO - Power supply in CV Mode
2025-06-26 09:04:30,072 - gui.flash_sinter_gui - INFO - Power supply in CV Mode
2025-06-26 09:04:30,195 - gui.flash_sinter_gui - INFO - Power supply in CV Mode
2025-06-26 09:04:30,334 - gui.flash_sinter_gui - INFO - Power supply in CV Mode
2025-06-26 09:04:30,442 - gui.flash_sinter_gui - INFO - Power supply in CV Mode
2025-06-26 09:04:30,565 - gui.flash_sinter_gui - INFO - Power supply in CV Mode
2025-06-26 09:04:30,666 - gui.flash_sinter_gui - INFO - Power supply in CV Mode
2025-06-26 09:04:30,770 - gui.flash_sinter_gui - INFO - Power supply in CV Mode
2025-06-26 09:04:30,884 - gui.flash_sinter_gui - INFO - Power supply in CV Mode
2025-06-26 09:04:30,991 - gui.flash_sinter_gui - INFO - Power supply in CV Mode
2025-06-26 09:04:31,093 - gui.flash_sinter_gui - INFO - Power supply in CV Mode
2025-06-26 09:04:31,212 - gui.flash_sinter_gui - INFO - Power supply in CV Mode
2025-06-26 09:04:31,332 - gui.flash_sinter_gui - INFO - Power supply in CV Mode
2025-06-26 09:04:31,474 - gui.flash_sinter_gui - INFO - Power supply in CV Mode
2025-06-26 09:04:31,584 - gui.flash_sinter_gui - INFO - Power supply in CV Mode
2025-06-26 09:04:31,690 - gui.flash_sinter_gui - INFO - Power supply in CV Mode
2025-06-26 09:04:31,791 - gui.flash_sinter_gui - INFO - Power supply in CV Mode
2025-06-26 09:04:31,911 - gui.flash_sinter_gui - INFO - Power supply in CV Mode
2025-06-26 09:04:32,032 - gui.flash_sinter_gui - INFO - Power supply in CV Mode
2025-06-26 09:04:32,142 - gui.flash_sinter_gui - INFO - Power supply in CV Mode
2025-06-26 09:04:32,234 - gui.flash_sinter_gui - INFO - Power supply in CV Mode
2025-06-26 09:04:32,329 - gui.flash_sinter_gui - INFO - Power supply in CV Mode
2025-06-26 09:04:32,426 - gui.flash_sinter_gui - INFO - Power supply in CV Mode
2025-06-26 09:04:32,552 - gui.flash_sinter_gui - INFO - Power supply in CV Mode
2025-06-26 09:04:32,674 - gui.flash_sinter_gui - INFO - Power supply in CV Mode
2025-06-26 09:04:32,773 - gui.flash_sinter_gui - INFO - Power supply in CV Mode
2025-06-26 09:04:32,882 - gui.flash_sinter_gui - INFO - Power supply in CV Mode
2025-06-26 09:04:32,990 - gui.flash_sinter_gui - INFO - Power supply in CV Mode
2025-06-26 09:04:33,115 - gui.flash_sinter_gui - INFO - Power supply in CV Mode
2025-06-26 09:04:33,221 - gui.flash_sinter_gui - INFO - Power supply in CV Mode
2025-06-26 09:04:33,322 - gui.flash_sinter_gui - INFO - Power supply in CV Mode
2025-06-26 09:04:33,442 - gui.flash_sinter_gui - INFO - Power supply in CV Mode
2025-06-26 09:04:33,562 - gui.flash_sinter_gui - INFO - Power supply in CV Mode
2025-06-26 09:04:33,705 - gui.flash_sinter_gui - INFO - Power supply in CV Mode
2025-06-26 09:04:33,812 - gui.flash_sinter_gui - INFO - Power supply in CV Mode
2025-06-26 09:04:33,911 - gui.flash_sinter_gui - INFO - Power supply in CV Mode
2025-06-26 09:04:34,012 - gui.flash_sinter_gui - INFO - Power supply in CV Mode
2025-06-26 09:04:34,119 - gui.flash_sinter_gui - INFO - Power supply in CV Mode
2025-06-26 09:04:34,244 - gui.flash_sinter_gui - INFO - Power supply in CV Mode
2025-06-26 09:04:34,350 - gui.flash_sinter_gui - INFO - Power supply in CV Mode
2025-06-26 09:04:34,453 - gui.flash_sinter_gui - INFO - Power supply in CV Mode
2025-06-26 09:04:34,549 - gui.flash_sinter_gui - INFO - Power supply in CV Mode
2025-06-26 09:04:34,651 - gui.flash_sinter_gui - INFO - Power supply in CV Mode
2025-06-26 09:04:34,783 - gui.flash_sinter_gui - INFO - Power supply in CV Mode
2025-06-26 09:04:34,894 - gui.flash_sinter_gui - INFO - Power supply in CV Mode
2025-06-26 09:04:34,989 - gui.flash_sinter_gui - INFO - Power supply in CV Mode
2025-06-26 09:04:35,102 - gui.flash_sinter_gui - INFO - Power supply in CV Mode
2025-06-26 09:04:35,211 - gui.flash_sinter_gui - INFO - Power supply in CV Mode
2025-06-26 09:04:35,345 - gui.flash_sinter_gui - INFO - Power supply in CV Mode
2025-06-26 09:04:35,444 - gui.flash_sinter_gui - INFO - Power supply in CV Mode
2025-06-26 09:04:35,554 - gui.flash_sinter_gui - INFO - Power supply in CV Mode
2025-06-26 09:04:35,649 - gui.flash_sinter_gui - INFO - Power supply in CV Mode
2025-06-26 09:04:35,751 - gui.flash_sinter_gui - INFO - Power supply in CV Mode
2025-06-26 09:04:35,872 - gui.flash_sinter_gui - INFO - Power supply in CV Mode
2025-06-26 09:04:35,971 - gui.flash_sinter_gui - INFO - Power supply in CV Mode
2025-06-26 09:04:36,069 - gui.flash_sinter_gui - INFO - Power supply in CV Mode
2025-06-26 09:04:36,173 - gui.flash_sinter_gui - INFO - Power supply in CV Mode
2025-06-26 09:04:36,280 - gui.flash_sinter_gui - INFO - Power supply in CV Mode
2025-06-26 09:04:36,405 - gui.flash_sinter_gui - INFO - Power supply in CV Mode
2025-06-26 09:04:36,508 - gui.flash_sinter_gui - INFO - Power supply in CV Mode
2025-06-26 09:04:36,612 - gui.flash_sinter_gui - INFO - Power supply in CV Mode
2025-06-26 09:04:36,723 - gui.flash_sinter_gui - INFO - Power supply in CV Mode
2025-06-26 09:04:36,820 - gui.flash_sinter_gui - INFO - Power supply in CV Mode
2025-06-26 09:04:36,942 - gui.flash_sinter_gui - INFO - Power supply in CV Mode
2025-06-26 09:04:37,055 - gui.flash_sinter_gui - INFO - Power supply in CV Mode
2025-06-26 09:04:37,159 - gui.flash_sinter_gui - INFO - Power supply in CV Mode
2025-06-26 09:04:37,284 - gui.flash_sinter_gui - INFO - Power supply in CV Mode
2025-06-26 09:04:37,390 - gui.flash_sinter_gui - INFO - Power supply in CV Mode
2025-06-26 09:04:37,512 - gui.flash_sinter_gui - INFO - Power supply in CV Mode
2025-06-26 09:04:37,614 - gui.flash_sinter_gui - INFO - Power supply in CV Mode
2025-06-26 09:04:37,709 - gui.flash_sinter_gui - INFO - Power supply in CV Mode
2025-06-26 09:04:37,819 - gui.flash_sinter_gui - INFO - Power supply in CV Mode
2025-06-26 09:04:37,921 - gui.flash_sinter_gui - INFO - Power supply in CV Mode
2025-06-26 09:04:38,041 - gui.flash_sinter_gui - INFO - Power supply in CV Mode
2025-06-26 09:04:38,152 - gui.flash_sinter_gui - INFO - Power supply in CV Mode
2025-06-26 09:04:38,259 - gui.flash_sinter_gui - INFO - Power supply in CV Mode
2025-06-26 09:04:38,361 - gui.flash_sinter_gui - INFO - Power supply in CV Mode
2025-06-26 09:04:38,469 - gui.flash_sinter_gui - INFO - Power supply in CV Mode
2025-06-26 09:04:38,592 - gui.flash_sinter_gui - INFO - Power supply in CV Mode
2025-06-26 09:04:38,700 - gui.flash_sinter_gui - INFO - Power supply in CV Mode
2025-06-26 09:04:38,810 - gui.flash_sinter_gui - INFO - Power supply in CV Mode
2025-06-26 09:04:38,920 - gui.flash_sinter_gui - INFO - Power supply in CV Mode
2025-06-26 09:04:39,021 - gui.flash_sinter_gui - INFO - Power supply in CV Mode
2025-06-26 09:04:39,151 - gui.flash_sinter_gui - INFO - Power supply in CV Mode
2025-06-26 09:04:39,264 - gui.flash_sinter_gui - INFO - Power supply in CV Mode
2025-06-26 09:04:39,379 - gui.flash_sinter_gui - INFO - Power supply in CV Mode
2025-06-26 09:04:39,483 - gui.flash_sinter_gui - INFO - Power supply in CV Mode
2025-06-26 09:04:39,600 - gui.flash_sinter_gui - INFO - Power supply in CV Mode
2025-06-26 09:04:39,724 - gui.flash_sinter_gui - INFO - Power supply in CV Mode
2025-06-26 09:04:39,839 - gui.flash_sinter_gui - INFO - Power supply in CV Mode
2025-06-26 09:04:39,940 - gui.flash_sinter_gui - INFO - Power supply in CV Mode
2025-06-26 09:04:40,050 - gui.flash_sinter_gui - INFO - Power supply in CV Mode
2025-06-26 09:04:40,140 - gui.flash_sinter_gui - INFO - Power supply in CV Mode
2025-06-26 09:04:40,270 - gui.flash_sinter_gui - INFO - Power supply in CV Mode
2025-06-26 09:04:40,381 - gui.flash_sinter_gui - INFO - Power supply in CV Mode
2025-06-26 09:04:40,500 - gui.flash_sinter_gui - INFO - Power supply in CV Mode
2025-06-26 09:04:40,593 - gui.flash_sinter_gui - INFO - Power supply in CV Mode
2025-06-26 09:04:40,710 - gui.flash_sinter_gui - INFO - Power supply in CV Mode
2025-06-26 09:04:40,844 - gui.flash_sinter_gui - INFO - Power supply in CV Mode
2025-06-26 09:04:40,959 - gui.flash_sinter_gui - INFO - Power supply in CV Mode
2025-06-26 09:04:41,062 - gui.flash_sinter_gui - INFO - Power supply in CV Mode
2025-06-26 09:04:41,169 - gui.flash_sinter_gui - INFO - Power supply in CV Mode
2025-06-26 09:04:41,271 - gui.flash_sinter_gui - INFO - Power supply in CV Mode
2025-06-26 09:04:41,410 - gui.flash_sinter_gui - INFO - Power supply in CV Mode
2025-06-26 09:04:41,507 - gui.flash_sinter_gui - INFO - Power supply in CV Mode
2025-06-26 09:04:41,629 - gui.flash_sinter_gui - INFO - Power supply in CV Mode
2025-06-26 09:04:41,731 - gui.flash_sinter_gui - INFO - Power supply in CV Mode
2025-06-26 09:04:41,852 - gui.flash_sinter_gui - INFO - Power supply in CV Mode
2025-06-26 09:04:41,969 - gui.flash_sinter_gui - INFO - Power supply in CV Mode
2025-06-26 09:04:42,089 - gui.flash_sinter_gui - INFO - Power supply in CV Mode
2025-06-26 09:04:42,182 - gui.flash_sinter_gui - INFO - Power supply in CV Mode
2025-06-26 09:04:42,300 - gui.flash_sinter_gui - INFO - Power supply in CV Mode
2025-06-26 09:04:42,401 - gui.flash_sinter_gui - INFO - Power supply in CV Mode
2025-06-26 09:04:42,553 - gui.flash_sinter_gui - INFO - Power supply in CV Mode
2025-06-26 09:04:42,663 - gui.flash_sinter_gui - INFO - Power supply in CV Mode
2025-06-26 09:04:42,790 - gui.flash_sinter_gui - INFO - Power supply in CV Mode
2025-06-26 09:04:42,902 - gui.flash_sinter_gui - INFO - Power supply in CV Mode
2025-06-26 09:04:43,020 - gui.flash_sinter_gui - INFO - Power supply in CV Mode
2025-06-26 09:04:43,142 - gui.flash_sinter_gui - INFO - Power supply in CV Mode
2025-06-26 09:04:43,271 - gui.flash_sinter_gui - INFO - Power supply in CV Mode
2025-06-26 09:04:43,382 - gui.flash_sinter_gui - INFO - Power supply in CV Mode
2025-06-26 09:04:43,512 - gui.flash_sinter_gui - INFO - Power supply in CV Mode
2025-06-26 09:04:43,623 - gui.flash_sinter_gui - INFO - Power supply in CV Mode
2025-06-26 09:04:43,773 - gui.flash_sinter_gui - INFO - Power supply in CV Mode
2025-06-26 09:04:43,881 - gui.flash_sinter_gui - INFO - Power supply in CV Mode
2025-06-26 09:04:44,010 - gui.flash_sinter_gui - INFO - Power supply in CV Mode
2025-06-26 09:04:44,112 - gui.flash_sinter_gui - INFO - Power supply in CV Mode
2025-06-26 09:04:44,240 - gui.flash_sinter_gui - INFO - Power supply in CV Mode
2025-06-26 09:04:44,362 - gui.flash_sinter_gui - INFO - Power supply in CV Mode
2025-06-26 09:04:44,491 - gui.flash_sinter_gui - INFO - Power supply in CV Mode
2025-06-26 09:04:44,585 - gui.flash_sinter_gui - INFO - Power supply in CV Mode
2025-06-26 09:04:44,710 - gui.flash_sinter_gui - INFO - Power supply in CV Mode
2025-06-26 09:04:44,811 - gui.flash_sinter_gui - INFO - Power supply in CV Mode
2025-06-26 09:04:44,951 - gui.flash_sinter_gui - INFO - Power supply in CV Mode
2025-06-26 09:04:45,052 - gui.flash_sinter_gui - INFO - Power supply in CV Mode
2025-06-26 09:04:45,179 - gui.flash_sinter_gui - INFO - Power supply in CV Mode
2025-06-26 09:04:45,281 - gui.flash_sinter_gui - INFO - Power supply in CV Mode
2025-06-26 09:04:45,421 - gui.flash_sinter_gui - INFO - Power supply in CV Mode
2025-06-26 09:04:45,554 - gui.flash_sinter_gui - INFO - Power supply in CV Mode
2025-06-26 09:04:45,691 - gui.flash_sinter_gui - INFO - Power supply in CV Mode
2025-06-26 09:04:45,791 - gui.flash_sinter_gui - INFO - Power supply in CV Mode
2025-06-26 09:04:45,933 - gui.flash_sinter_gui - INFO - Power supply in CV Mode
2025-06-26 09:04:46,042 - gui.flash_sinter_gui - INFO - Power supply in CV Mode
2025-06-26 09:04:46,193 - gui.flash_sinter_gui - INFO - Power supply in CV Mode
2025-06-26 09:04:46,290 - gui.flash_sinter_gui - INFO - Power supply in CV Mode
2025-06-26 09:04:46,421 - gui.flash_sinter_gui - INFO - Power supply in CV Mode
2025-06-26 09:04:46,424 - gui.flash_sinter_gui - INFO - Apply Parameters and Change Condition buttons disabled
2025-06-26 09:04:46,424 - gui.flash_sinter_gui - INFO - Neumorphic start button reset to inactive state - acquisition stopped
2025-06-26 09:04:46,429 - gui.flash_sinter_gui - INFO - Stopped process
2025-06-26 09:04:46,429 - gui.flash_sinter_gui - INFO - Closed data file: None
2025-06-26 09:04:58,774 - gui.flash_sinter_gui - INFO - Arduino response: Stepper motor control initialized
2025-06-26 09:04:58,775 - gui.flash_sinter_gui - INFO - Loading (forward) command sent
2025-06-26 09:04:59,269 - gui.flash_sinter_gui - INFO - Arduino response: Moving forward
2025-06-26 09:04:59,270 - gui.flash_sinter_gui - INFO - Sliding stage started
2025-06-26 09:05:25,160 - gui.flash_sinter_gui - INFO - Arduino response: RPM set to: 150
2025-06-26 09:05:25,161 - gui.flash_sinter_gui - INFO - Sliding stage stopped
2025-06-26 09:13:40,712 - gui.flash_sinter_gui - INFO - Arduino response: Motor stopped
2025-06-26 09:13:40,781 - gui.flash_sinter_gui - INFO - Application closed and resources cleaned up
